2025-05-06 09:03:29.891 [main] INFO  com.UI.config.ConfigManager - Configuration properties loaded successfully
2025-05-06 09:03:30.245 [main] INFO  com.UI.reports.ExtentReportManager - ExtentReports initialized. Report will be saved to: test-output/reports\TestReport_20250506_090329.html
2025-05-06 09:03:30.246 [main] INFO  com.UI.tests.LoginTest - Test Suite setup completed
2025-05-06 09:03:30.284 [main] INFO  com.UI.tests.LoginTest - Starting test: testSuccessfulLogin
2025-05-06 09:03:30.291 [main] INFO  com.UI.drivers.DriverManager - Initializing WebDriver: Browser=chrome, Mode=local, Headless=false
2025-05-06 09:03:32.873 [main] INFO  com.UI.drivers.DriverManager - WebDriver initialized successfully
2025-05-06 09:03:37.247 [main] INFO  com.UI.pages.LoginPage - Navigated to URL: http://10.119.32.127:8084/da/
2025-05-06 09:03:37.248 [main] INFO  com.UI.pages.LoginPage - Navigated to Login page
2025-05-06 09:03:38.348 [main] INFO  com.UI.pages.LoginPage - Sent Value to User name field
2025-05-06 09:03:38.449 [main] INFO  com.UI.pages.LoginPage - Sent Value to Password field
2025-05-06 09:03:38.540 [main] INFO  com.UI.pages.LoginPage - Clicked user profile link
2025-05-06 09:03:38.598 [main] ERROR com.UI.tests.LoginTest - Test failed: testSuccessfulLogin
2025-05-06 09:03:38.598 [main] ERROR com.UI.tests.LoginTest - Failure reason: expected [2] but found [1]
2025-05-06 09:03:38.767 [main] INFO  com.UI.drivers.DriverManager - WebDriver closed and removed from ThreadLocal
2025-05-06 09:03:39.409 [main] INFO  com.UI.reports.ExtentReportManager - ExtentReports flushed to disk
2025-05-06 09:03:39.409 [main] INFO  com.UI.tests.LoginTest - Test Suite completed
2025-05-06 11:03:35.492 [main] INFO  com.UI.config.ConfigManager - Configuration properties loaded successfully
2025-05-06 11:03:35.775 [main] INFO  com.UI.reports.ExtentReportManager - ExtentReports initialized. Report will be saved to: test-output/reports\TestReport_20250506_110335.html
2025-05-06 11:03:35.775 [main] INFO  com.UI.tests.LoginTest - Test Suite setup completed
2025-05-06 11:03:35.811 [main] INFO  com.UI.tests.LoginTest - Starting test: testSuccessfulLogin
2025-05-06 11:03:35.819 [main] INFO  com.UI.drivers.DriverManager - Initializing WebDriver: Browser=chrome, Mode=local, Headless=false
2025-05-06 11:03:38.336 [main] INFO  com.UI.drivers.DriverManager - WebDriver initialized successfully
2025-05-06 11:03:43.148 [main] INFO  com.UI.pages.LoginPage - Navigated to URL: http://10.119.32.127:8084/da/
2025-05-06 11:03:43.149 [main] INFO  com.UI.pages.LoginPage - Navigated to Login page
2025-05-06 11:03:44.212 [main] INFO  com.UI.pages.LoginPage - Sent Value to User name field
2025-05-06 11:03:44.268 [main] INFO  com.UI.pages.LoginPage - Sent Value to Password field
2025-05-06 11:03:44.316 [main] INFO  com.UI.pages.LoginPage - Clicked user profile link
2025-05-06 11:03:44.358 [main] ERROR com.UI.tests.LoginTest - Test failed: testSuccessfulLogin
2025-05-06 11:03:44.358 [main] ERROR com.UI.tests.LoginTest - Failure reason: expected [2] but found [1]
2025-05-06 11:03:44.535 [main] INFO  com.UI.drivers.DriverManager - WebDriver closed and removed from ThreadLocal
2025-05-06 11:03:44.542 [main] INFO  com.UI.tests.LoginTest - Starting test: testSuccessfulLogin2
2025-05-06 11:03:44.542 [main] INFO  com.UI.drivers.DriverManager - Initializing WebDriver: Browser=chrome, Mode=local, Headless=false
2025-05-06 11:03:45.302 [main] INFO  com.UI.drivers.DriverManager - WebDriver initialized successfully
2025-05-06 11:03:49.835 [main] INFO  com.UI.pages.LoginPage - Navigated to URL: http://10.119.32.127:8084/da/
2025-05-06 11:03:49.835 [main] INFO  com.UI.pages.LoginPage - Navigated to Login page
2025-05-06 11:03:50.552 [main] INFO  com.UI.pages.LoginPage - Sent Value to User name field
2025-05-06 11:03:50.608 [main] INFO  com.UI.pages.LoginPage - Sent Value to Password field
2025-05-06 11:03:50.653 [main] INFO  com.UI.pages.LoginPage - Clicked user profile link
2025-05-06 11:03:50.655 [main] INFO  com.UI.tests.LoginTest - Test passed: testSuccessfulLogin2
2025-05-06 11:03:50.812 [main] INFO  com.UI.drivers.DriverManager - WebDriver closed and removed from ThreadLocal
2025-05-06 11:03:51.085 [main] INFO  com.UI.reports.ExtentReportManager - ExtentReports flushed to disk
2025-05-06 11:03:51.085 [main] INFO  com.UI.tests.LoginTest - Test Suite completed
2025-05-06 11:43:53.565 [main] INFO  com.UI.config.ConfigManager - Configuration properties loaded successfully
2025-05-06 11:43:53.954 [main] INFO  com.UI.reports.ExtentReportManager - ExtentReports initialized. Report will be saved to: test-output/reports\TestReport_20250506_114353.html
2025-05-06 11:43:53.954 [main] INFO  com.UI.tests.LoginTest - Test Suite setup completed
2025-05-06 11:43:53.969 [main] INFO  com.UI.listeners.TestListener - Test Suite started: Dummy Site Tests
2025-05-06 11:43:53.970 [main] INFO  com.UI.listeners.AllureListener - Test Suite started: Dummy Site Tests
2025-05-06 11:43:54.016 [TestNG-test=Dummy Site Tests-1] INFO  com.UI.tests.LoginTest - Starting test: testSuccessfulLogin
2025-05-06 11:43:54.137 [TestNG-test=Dummy Site Tests-1] INFO  com.UI.listeners.TestListener - Test started: testSuccessfulLogin
2025-05-06 11:43:54.137 [TestNG-test=Dummy Site Tests-1] INFO  com.UI.listeners.AllureListener - Starting test: testSuccessfulLogin
2025-05-06 11:43:54.137 [TestNG-test=Dummy Site Tests-1] INFO  com.UI.listeners.AllureListener - Test skipped: testSuccessfulLogin
2025-05-06 11:43:54.137 [TestNG-test=Dummy Site Tests-1] INFO  com.UI.listeners.TestListener - Test skipped: testSuccessfulLogin
2025-05-06 11:43:54.146 [TestNG-test=Dummy Site Tests-1] INFO  com.UI.tests.LoginTest - Starting test: testSuccessfulLogin2
2025-05-06 11:43:54.150 [TestNG-test=Dummy Site Tests-1] INFO  com.UI.listeners.TestListener - Test started: testSuccessfulLogin2
2025-05-06 11:43:54.151 [TestNG-test=Dummy Site Tests-1] INFO  com.UI.listeners.AllureListener - Starting test: testSuccessfulLogin2
2025-05-06 11:43:54.151 [TestNG-test=Dummy Site Tests-1] INFO  com.UI.listeners.AllureListener - Test skipped: testSuccessfulLogin2
2025-05-06 11:43:54.151 [TestNG-test=Dummy Site Tests-1] INFO  com.UI.listeners.TestListener - Test skipped: testSuccessfulLogin2
2025-05-06 11:43:54.154 [main] INFO  com.UI.listeners.AllureListener - Test Suite finished: Dummy Site Tests
2025-05-06 11:43:54.154 [main] INFO  com.UI.listeners.TestListener - Test Suite finished: Dummy Site Tests
2025-05-06 11:43:54.154 [main] INFO  com.UI.listeners.TestListener - Test Results Summary - Passed: 0, Failed: 0, Skipped: 2
2025-05-06 11:43:54.425 [main] INFO  com.UI.reports.ExtentReportManager - ExtentReports flushed to disk
2025-05-06 11:43:54.425 [main] INFO  com.UI.tests.LoginTest - Test Suite completed
2025-05-06 11:53:37.474 [main] INFO  com.UI.config.ConfigManager - Configuration properties loaded successfully
2025-05-06 11:53:37.800 [main] INFO  com.UI.reports.ExtentReportManager - ExtentReports initialized. Report will be saved to: test-output/reports\TestReport_20250506_115337.html
2025-05-06 11:53:37.801 [main] INFO  com.UI.tests.LoginTest - Test Suite setup completed
2025-05-06 11:53:37.815 [main] INFO  com.UI.listeners.TestListener - Test Suite started: Dummy Site Tests
2025-05-06 11:53:37.816 [main] INFO  com.UI.listeners.AllureListener - Test Suite started: Dummy Site Tests
2025-05-06 11:53:37.854 [TestNG-test=Dummy Site Tests-1] INFO  com.UI.tests.LoginTest - Starting test: testSuccessfulLogin
2025-05-06 11:53:37.974 [TestNG-test=Dummy Site Tests-1] INFO  com.UI.listeners.TestListener - Test started: testSuccessfulLogin
2025-05-06 11:53:37.974 [TestNG-test=Dummy Site Tests-1] INFO  com.UI.listeners.AllureListener - Starting test: testSuccessfulLogin
2025-05-06 11:53:37.974 [TestNG-test=Dummy Site Tests-1] INFO  com.UI.listeners.AllureListener - Test skipped: testSuccessfulLogin
2025-05-06 11:53:37.974 [TestNG-test=Dummy Site Tests-1] INFO  com.UI.listeners.TestListener - Test skipped: testSuccessfulLogin
2025-05-06 11:53:37.993 [TestNG-test=Dummy Site Tests-1] INFO  com.UI.tests.LoginTest - Starting test: testSuccessfulLogin2
2025-05-06 11:53:37.997 [TestNG-test=Dummy Site Tests-1] INFO  com.UI.listeners.TestListener - Test started: testSuccessfulLogin2
2025-05-06 11:53:37.997 [TestNG-test=Dummy Site Tests-1] INFO  com.UI.listeners.AllureListener - Starting test: testSuccessfulLogin2
2025-05-06 11:53:37.997 [TestNG-test=Dummy Site Tests-1] INFO  com.UI.listeners.AllureListener - Test skipped: testSuccessfulLogin2
2025-05-06 11:53:37.997 [TestNG-test=Dummy Site Tests-1] INFO  com.UI.listeners.TestListener - Test skipped: testSuccessfulLogin2
2025-05-06 11:53:38.001 [main] INFO  com.UI.listeners.AllureListener - Test Suite finished: Dummy Site Tests
2025-05-06 11:53:38.001 [main] INFO  com.UI.listeners.TestListener - Test Suite finished: Dummy Site Tests
2025-05-06 11:53:38.001 [main] INFO  com.UI.listeners.TestListener - Test Results Summary - Passed: 0, Failed: 0, Skipped: 2
2025-05-06 11:53:38.287 [main] INFO  com.UI.reports.ExtentReportManager - ExtentReports flushed to disk
2025-05-06 11:53:38.287 [main] INFO  com.UI.tests.LoginTest - Test Suite completed
2025-05-06 12:01:05.498 [main] INFO  com.UI.config.ConfigManager - Configuration properties loaded successfully
2025-05-06 12:01:06.157 [main] INFO  com.UI.reports.ExtentReportManager - ExtentReports initialized. Report will be saved to: test-output/reports\TestReport_20250506_120105.html
2025-05-06 12:01:06.158 [main] INFO  com.UI.tests.LoginTest - Test Suite setup completed
2025-05-06 12:01:06.183 [main] INFO  com.UI.listeners.TestListener - Test Suite started: Dummy Site Tests
2025-05-06 12:01:06.184 [main] INFO  com.UI.listeners.AllureListener - Test Suite started: Dummy Site Tests
2025-05-06 12:01:06.297 [TestNG-test=Dummy Site Tests-1] INFO  com.UI.tests.LoginTest - Starting test: testSuccessfulLogin
2025-05-06 12:01:06.765 [TestNG-test=Dummy Site Tests-1] INFO  com.UI.listeners.TestListener - Test started: testSuccessfulLogin
2025-05-06 12:01:06.766 [TestNG-test=Dummy Site Tests-1] INFO  com.UI.listeners.AllureListener - Starting test: testSuccessfulLogin
2025-05-06 12:01:06.767 [TestNG-test=Dummy Site Tests-1] INFO  com.UI.listeners.AllureListener - Test skipped: testSuccessfulLogin
2025-05-06 12:01:06.767 [TestNG-test=Dummy Site Tests-1] INFO  com.UI.listeners.TestListener - Test skipped: testSuccessfulLogin
2025-05-06 12:01:06.799 [TestNG-test=Dummy Site Tests-1] INFO  com.UI.tests.LoginTest - Starting test: testSuccessfulLogin2
2025-05-06 12:01:06.810 [TestNG-test=Dummy Site Tests-1] INFO  com.UI.listeners.TestListener - Test started: testSuccessfulLogin2
2025-05-06 12:01:06.811 [TestNG-test=Dummy Site Tests-1] INFO  com.UI.listeners.AllureListener - Starting test: testSuccessfulLogin2
2025-05-06 12:01:06.811 [TestNG-test=Dummy Site Tests-1] INFO  com.UI.listeners.AllureListener - Test skipped: testSuccessfulLogin2
2025-05-06 12:01:06.812 [TestNG-test=Dummy Site Tests-1] INFO  com.UI.listeners.TestListener - Test skipped: testSuccessfulLogin2
2025-05-06 12:01:06.825 [main] INFO  com.UI.listeners.AllureListener - Test Suite finished: Dummy Site Tests
2025-05-06 12:01:06.826 [main] INFO  com.UI.listeners.TestListener - Test Suite finished: Dummy Site Tests
2025-05-06 12:01:06.826 [main] INFO  com.UI.listeners.TestListener - Test Results Summary - Passed: 0, Failed: 0, Skipped: 2
2025-05-06 12:01:07.750 [main] INFO  com.UI.reports.ExtentReportManager - ExtentReports flushed to disk
2025-05-06 12:01:07.750 [main] INFO  com.UI.tests.LoginTest - Test Suite completed
2025-05-06 12:05:12.975 [main] INFO  com.UI.config.ConfigManager - Configuration properties loaded successfully
2025-05-06 12:05:13.340 [main] INFO  com.UI.reports.ExtentReportManager - ExtentReports initialized. Report will be saved to: test-output/reports\TestReport_20250506_120513.html
2025-05-06 12:05:13.340 [main] INFO  com.UI.tests.LoginTest - Test Suite setup completed
2025-05-06 12:05:13.353 [main] INFO  com.UI.listeners.TestListener - Test Suite started: Dummy Site Tests
2025-05-06 12:05:13.354 [main] INFO  com.UI.listeners.AllureListener - Test Suite started: Dummy Site Tests
2025-05-06 12:05:13.388 [TestNG-test=Dummy Site Tests-1] INFO  com.UI.tests.LoginTest - Starting test: testSuccessfulLogin
2025-05-06 12:05:13.520 [TestNG-test=Dummy Site Tests-1] INFO  com.UI.listeners.TestListener - Test started: testSuccessfulLogin
2025-05-06 12:05:13.520 [TestNG-test=Dummy Site Tests-1] INFO  com.UI.listeners.AllureListener - Starting test: testSuccessfulLogin
2025-05-06 12:05:13.520 [TestNG-test=Dummy Site Tests-1] INFO  com.UI.listeners.AllureListener - Test skipped: testSuccessfulLogin
2025-05-06 12:05:13.520 [TestNG-test=Dummy Site Tests-1] INFO  com.UI.listeners.TestListener - Test skipped: testSuccessfulLogin
2025-05-06 12:05:13.528 [TestNG-test=Dummy Site Tests-1] INFO  com.UI.tests.LoginTest - Starting test: testSuccessfulLogin2
2025-05-06 12:05:13.534 [TestNG-test=Dummy Site Tests-1] INFO  com.UI.listeners.TestListener - Test started: testSuccessfulLogin2
2025-05-06 12:05:13.535 [TestNG-test=Dummy Site Tests-1] INFO  com.UI.listeners.AllureListener - Starting test: testSuccessfulLogin2
2025-05-06 12:05:13.535 [TestNG-test=Dummy Site Tests-1] INFO  com.UI.listeners.AllureListener - Test skipped: testSuccessfulLogin2
2025-05-06 12:05:13.535 [TestNG-test=Dummy Site Tests-1] INFO  com.UI.listeners.TestListener - Test skipped: testSuccessfulLogin2
2025-05-06 12:05:13.539 [main] INFO  com.UI.listeners.AllureListener - Test Suite finished: Dummy Site Tests
2025-05-06 12:05:13.539 [main] INFO  com.UI.listeners.TestListener - Test Suite finished: Dummy Site Tests
2025-05-06 12:05:13.540 [main] INFO  com.UI.listeners.TestListener - Test Results Summary - Passed: 0, Failed: 0, Skipped: 2
2025-05-06 12:05:13.835 [main] INFO  com.UI.reports.ExtentReportManager - ExtentReports flushed to disk
2025-05-06 12:05:13.835 [main] INFO  com.UI.tests.LoginTest - Test Suite completed
2025-05-06 12:05:47.394 [main] INFO  com.UI.config.ConfigManager - Configuration properties loaded successfully
2025-05-06 12:05:47.730 [main] INFO  com.UI.reports.ExtentReportManager - ExtentReports initialized. Report will be saved to: test-output/reports\TestReport_20250506_120547.html
2025-05-06 12:05:47.730 [main] INFO  com.UI.tests.LoginTest - Test Suite setup completed
2025-05-06 12:05:47.752 [main] INFO  com.UI.listeners.TestListener - Test Suite started: Dummy Site Tests
2025-05-06 12:05:47.752 [main] INFO  com.UI.listeners.AllureListener - Test Suite started: Dummy Site Tests
2025-05-06 12:05:47.786 [TestNG-test=Dummy Site Tests-1] INFO  com.UI.tests.LoginTest - Starting test: testSuccessfulLogin
2025-05-06 12:05:47.912 [TestNG-test=Dummy Site Tests-1] INFO  com.UI.listeners.TestListener - Test started: testSuccessfulLogin
2025-05-06 12:05:47.912 [TestNG-test=Dummy Site Tests-1] INFO  com.UI.listeners.AllureListener - Starting test: testSuccessfulLogin
2025-05-06 12:05:47.912 [TestNG-test=Dummy Site Tests-1] INFO  com.UI.listeners.AllureListener - Test skipped: testSuccessfulLogin
2025-05-06 12:05:47.912 [TestNG-test=Dummy Site Tests-1] INFO  com.UI.listeners.TestListener - Test skipped: testSuccessfulLogin
2025-05-06 12:05:47.931 [TestNG-test=Dummy Site Tests-1] INFO  com.UI.tests.LoginTest - Starting test: testSuccessfulLogin2
2025-05-06 12:05:47.937 [TestNG-test=Dummy Site Tests-1] INFO  com.UI.listeners.TestListener - Test started: testSuccessfulLogin2
2025-05-06 12:05:47.937 [TestNG-test=Dummy Site Tests-1] INFO  com.UI.listeners.AllureListener - Starting test: testSuccessfulLogin2
2025-05-06 12:05:47.937 [TestNG-test=Dummy Site Tests-1] INFO  com.UI.listeners.AllureListener - Test skipped: testSuccessfulLogin2
2025-05-06 12:05:47.937 [TestNG-test=Dummy Site Tests-1] INFO  com.UI.listeners.TestListener - Test skipped: testSuccessfulLogin2
2025-05-06 12:05:47.939 [main] INFO  com.UI.listeners.AllureListener - Test Suite finished: Dummy Site Tests
2025-05-06 12:05:47.939 [main] INFO  com.UI.listeners.TestListener - Test Suite finished: Dummy Site Tests
2025-05-06 12:05:47.939 [main] INFO  com.UI.listeners.TestListener - Test Results Summary - Passed: 0, Failed: 0, Skipped: 2
2025-05-06 12:05:48.231 [main] INFO  com.UI.reports.ExtentReportManager - ExtentReports flushed to disk
2025-05-06 12:05:48.232 [main] INFO  com.UI.tests.LoginTest - Test Suite completed
2025-05-06 12:21:34.525 [main] INFO  com.UI.config.ConfigManager - Configuration properties loaded successfully
2025-05-06 12:21:34.905 [main] INFO  com.UI.reports.ExtentReportManager - ExtentReports initialized. Report will be saved to: test-output/reports\TestReport_20250506_122134.html
2025-05-06 12:21:34.905 [main] INFO  com.UI.tests.LoginTest - Test Suite setup completed
2025-05-06 12:21:34.922 [main] INFO  com.UI.listeners.TestListener - Test Suite started: Dummy Site Tests
2025-05-06 12:21:34.922 [main] INFO  com.UI.listeners.AllureListener - Test Suite started: Dummy Site Tests
2025-05-06 12:21:34.948 [TestNG-test=Dummy Site Tests-1] INFO  com.UI.tests.LoginTest - Starting test: testSuccessfulLogin
2025-05-06 12:21:35.070 [TestNG-test=Dummy Site Tests-1] INFO  com.UI.listeners.TestListener - Test started: testSuccessfulLogin
2025-05-06 12:21:35.070 [TestNG-test=Dummy Site Tests-1] INFO  com.UI.listeners.AllureListener - Starting test: testSuccessfulLogin
2025-05-06 12:21:35.070 [TestNG-test=Dummy Site Tests-1] INFO  com.UI.listeners.AllureListener - Test skipped: testSuccessfulLogin
2025-05-06 12:21:35.070 [TestNG-test=Dummy Site Tests-1] INFO  com.UI.listeners.TestListener - Test skipped: testSuccessfulLogin
2025-05-06 12:21:35.078 [TestNG-test=Dummy Site Tests-1] INFO  com.UI.tests.LoginTest - Starting test: testSuccessfulLogin2
2025-05-06 12:21:35.078 [TestNG-test=Dummy Site Tests-1] INFO  com.UI.listeners.TestListener - Test started: testSuccessfulLogin2
2025-05-06 12:21:35.078 [TestNG-test=Dummy Site Tests-1] INFO  com.UI.listeners.AllureListener - Starting test: testSuccessfulLogin2
2025-05-06 12:21:35.078 [TestNG-test=Dummy Site Tests-1] INFO  com.UI.listeners.AllureListener - Test skipped: testSuccessfulLogin2
2025-05-06 12:21:35.078 [TestNG-test=Dummy Site Tests-1] INFO  com.UI.listeners.TestListener - Test skipped: testSuccessfulLogin2
2025-05-06 12:21:35.078 [main] INFO  com.UI.listeners.AllureListener - Test Suite finished: Dummy Site Tests
2025-05-06 12:21:35.078 [main] INFO  com.UI.listeners.TestListener - Test Suite finished: Dummy Site Tests
2025-05-06 12:21:35.078 [main] INFO  com.UI.listeners.TestListener - Test Results Summary - Passed: 0, Failed: 0, Skipped: 2
2025-05-06 12:21:35.365 [main] INFO  com.UI.reports.ExtentReportManager - ExtentReports flushed to disk
2025-05-06 12:21:35.365 [main] INFO  com.UI.tests.LoginTest - Test Suite completed
2025-05-06 12:23:01.057 [main] INFO  com.UI.config.ConfigManager - Configuration properties loaded successfully
2025-05-06 12:23:01.412 [main] INFO  com.UI.reports.ExtentReportManager - ExtentReports initialized. Report will be saved to: test-output/reports\TestReport_20250506_122301.html
2025-05-06 12:23:01.412 [main] INFO  com.UI.tests.LoginTest - Test Suite setup completed
2025-05-06 12:23:01.427 [main] INFO  com.UI.listeners.TestListener - Test Suite started: Dummy Site Tests
2025-05-06 12:23:01.427 [main] INFO  com.UI.listeners.AllureListener - Test Suite started: Dummy Site Tests
2025-05-06 12:23:01.466 [TestNG-test=Dummy Site Tests-1] INFO  com.UI.tests.LoginTest - Starting test: testSuccessfulLogin
2025-05-06 12:23:01.575 [TestNG-test=Dummy Site Tests-1] INFO  com.UI.listeners.TestListener - Test started: testSuccessfulLogin
2025-05-06 12:23:01.575 [TestNG-test=Dummy Site Tests-1] INFO  com.UI.listeners.AllureListener - Starting test: testSuccessfulLogin
2025-05-06 12:23:01.576 [TestNG-test=Dummy Site Tests-1] INFO  com.UI.listeners.AllureListener - Test skipped: testSuccessfulLogin
2025-05-06 12:23:01.576 [TestNG-test=Dummy Site Tests-1] INFO  com.UI.listeners.TestListener - Test skipped: testSuccessfulLogin
2025-05-06 12:23:01.583 [TestNG-test=Dummy Site Tests-1] INFO  com.UI.tests.LoginTest - Starting test: testSuccessfulLogin2
2025-05-06 12:23:01.587 [TestNG-test=Dummy Site Tests-1] INFO  com.UI.listeners.TestListener - Test started: testSuccessfulLogin2
2025-05-06 12:23:01.587 [TestNG-test=Dummy Site Tests-1] INFO  com.UI.listeners.AllureListener - Starting test: testSuccessfulLogin2
2025-05-06 12:23:01.588 [TestNG-test=Dummy Site Tests-1] INFO  com.UI.listeners.AllureListener - Test skipped: testSuccessfulLogin2
2025-05-06 12:23:01.588 [TestNG-test=Dummy Site Tests-1] INFO  com.UI.listeners.TestListener - Test skipped: testSuccessfulLogin2
2025-05-06 12:23:01.591 [main] INFO  com.UI.listeners.AllureListener - Test Suite finished: Dummy Site Tests
2025-05-06 12:23:01.591 [main] INFO  com.UI.listeners.TestListener - Test Suite finished: Dummy Site Tests
2025-05-06 12:23:01.591 [main] INFO  com.UI.listeners.TestListener - Test Results Summary - Passed: 0, Failed: 0, Skipped: 2
2025-05-06 12:23:01.867 [main] INFO  com.UI.reports.ExtentReportManager - ExtentReports flushed to disk
2025-05-06 12:23:01.867 [main] INFO  com.UI.tests.LoginTest - Test Suite completed
2025-05-06 12:24:12.938 [main] INFO  com.UI.config.ConfigManager - Configuration properties loaded successfully
2025-05-06 12:24:13.454 [main] INFO  com.UI.reports.ExtentReportManager - ExtentReports initialized. Report will be saved to: test-output/reports\TestReport_20250506_122413.html
2025-05-06 12:24:13.454 [main] INFO  com.UI.tests.LoginTest - Test Suite setup completed
2025-05-06 12:24:13.469 [main] INFO  com.UI.listeners.TestListener - Test Suite started: Dummy Site Tests
2025-05-06 12:24:13.469 [main] INFO  com.UI.listeners.AllureListener - Test Suite started: Dummy Site Tests
2025-05-06 12:24:13.515 [TestNG-test=Dummy Site Tests-1] INFO  com.UI.tests.LoginTest - Starting test: testSuccessfulLogin
2025-05-06 12:24:13.677 [TestNG-test=Dummy Site Tests-1] INFO  com.UI.listeners.TestListener - Test started: testSuccessfulLogin
2025-05-06 12:24:13.683 [TestNG-test=Dummy Site Tests-1] INFO  com.UI.listeners.AllureListener - Starting test: testSuccessfulLogin
2025-05-06 12:24:13.683 [TestNG-test=Dummy Site Tests-1] INFO  com.UI.listeners.AllureListener - Test skipped: testSuccessfulLogin
2025-05-06 12:24:13.683 [TestNG-test=Dummy Site Tests-1] INFO  com.UI.listeners.TestListener - Test skipped: testSuccessfulLogin
2025-05-06 12:24:13.694 [TestNG-test=Dummy Site Tests-1] INFO  com.UI.tests.LoginTest - Starting test: testSuccessfulLogin2
2025-05-06 12:24:13.700 [TestNG-test=Dummy Site Tests-1] INFO  com.UI.listeners.TestListener - Test started: testSuccessfulLogin2
2025-05-06 12:24:13.700 [TestNG-test=Dummy Site Tests-1] INFO  com.UI.listeners.AllureListener - Starting test: testSuccessfulLogin2
2025-05-06 12:24:13.700 [TestNG-test=Dummy Site Tests-1] INFO  com.UI.listeners.AllureListener - Test skipped: testSuccessfulLogin2
2025-05-06 12:24:13.701 [TestNG-test=Dummy Site Tests-1] INFO  com.UI.listeners.TestListener - Test skipped: testSuccessfulLogin2
2025-05-06 12:24:13.705 [main] INFO  com.UI.listeners.AllureListener - Test Suite finished: Dummy Site Tests
2025-05-06 12:24:13.705 [main] INFO  com.UI.listeners.TestListener - Test Suite finished: Dummy Site Tests
2025-05-06 12:24:13.705 [main] INFO  com.UI.listeners.TestListener - Test Results Summary - Passed: 0, Failed: 0, Skipped: 2
2025-05-06 12:24:14.008 [main] INFO  com.UI.reports.ExtentReportManager - ExtentReports flushed to disk
2025-05-06 12:24:14.008 [main] INFO  com.UI.tests.LoginTest - Test Suite completed
2025-05-06 14:35:09.266 [main] INFO  com.UI.config.ConfigManager - Configuration properties loaded successfully
2025-05-06 14:35:09.426 [main] INFO  com.UI.reports.ExtentReportManager - ExtentReports initialized. Report will be saved to: test-output/reports\TestReport_20250506_143509.html
2025-05-06 14:35:09.426 [main] INFO  com.UI.tests.LoginTest - Test Suite setup completed
2025-05-06 14:35:09.434 [main] INFO  com.UI.listeners.TestListener - Test Suite started: Dummy Site Tests
2025-05-06 14:35:09.434 [main] INFO  com.UI.listeners.AllureListener - Test Suite started: Dummy Site Tests
2025-05-06 14:35:09.454 [TestNG-test=Dummy Site Tests-1] INFO  com.UI.tests.LoginTest - Starting test: testSuccessfulLogin
2025-05-06 14:35:09.525 [TestNG-test=Dummy Site Tests-1] INFO  com.UI.listeners.TestListener - Test started: testSuccessfulLogin
2025-05-06 14:35:09.525 [TestNG-test=Dummy Site Tests-1] INFO  com.UI.listeners.AllureListener - Starting test: testSuccessfulLogin
2025-05-06 14:35:09.525 [TestNG-test=Dummy Site Tests-1] INFO  com.UI.listeners.AllureListener - Test skipped: testSuccessfulLogin
2025-05-06 14:35:09.525 [TestNG-test=Dummy Site Tests-1] INFO  com.UI.listeners.TestListener - Test skipped: testSuccessfulLogin
2025-05-06 14:35:09.531 [TestNG-test=Dummy Site Tests-1] INFO  com.UI.tests.LoginTest - Starting test: testSuccessfulLogin2
2025-05-06 14:35:09.535 [TestNG-test=Dummy Site Tests-1] INFO  com.UI.listeners.TestListener - Test started: testSuccessfulLogin2
2025-05-06 14:35:09.535 [TestNG-test=Dummy Site Tests-1] INFO  com.UI.listeners.AllureListener - Starting test: testSuccessfulLogin2
2025-05-06 14:35:09.535 [TestNG-test=Dummy Site Tests-1] INFO  com.UI.listeners.AllureListener - Test skipped: testSuccessfulLogin2
2025-05-06 14:35:09.535 [TestNG-test=Dummy Site Tests-1] INFO  com.UI.listeners.TestListener - Test skipped: testSuccessfulLogin2
2025-05-06 14:35:09.538 [main] INFO  com.UI.listeners.AllureListener - Test Suite finished: Dummy Site Tests
2025-05-06 14:35:09.538 [main] INFO  com.UI.listeners.TestListener - Test Suite finished: Dummy Site Tests
2025-05-06 14:35:09.538 [main] INFO  com.UI.listeners.TestListener - Test Results Summary - Passed: 0, Failed: 0, Skipped: 2
2025-05-06 14:35:09.732 [main] INFO  com.UI.reports.ExtentReportManager - ExtentReports flushed to disk
2025-05-06 14:35:09.732 [main] INFO  com.UI.tests.LoginTest - Test Suite completed
2025-05-06 14:35:34.207 [main] INFO  com.UI.config.ConfigManager - Configuration properties loaded successfully
2025-05-06 14:35:34.367 [main] INFO  com.UI.reports.ExtentReportManager - ExtentReports initialized. Report will be saved to: test-output/reports\TestReport_20250506_143534.html
2025-05-06 14:35:34.367 [main] INFO  com.UI.tests.LoginTest - Test Suite setup completed
2025-05-06 14:35:34.374 [main] INFO  com.UI.listeners.TestListener - Test Suite started: Dummy Site Tests
2025-05-06 14:35:34.375 [main] INFO  com.UI.listeners.AllureListener - Test Suite started: Dummy Site Tests
2025-05-06 14:35:34.394 [TestNG-test=Dummy Site Tests-1] INFO  com.UI.tests.LoginTest - Starting test: testSuccessfulLogin
2025-05-06 14:35:34.461 [TestNG-test=Dummy Site Tests-1] INFO  com.UI.listeners.TestListener - Test started: testSuccessfulLogin
2025-05-06 14:35:34.462 [TestNG-test=Dummy Site Tests-1] INFO  com.UI.listeners.AllureListener - Starting test: testSuccessfulLogin
2025-05-06 14:35:34.462 [TestNG-test=Dummy Site Tests-1] INFO  com.UI.listeners.AllureListener - Test skipped: testSuccessfulLogin
2025-05-06 14:35:34.462 [TestNG-test=Dummy Site Tests-1] INFO  com.UI.listeners.TestListener - Test skipped: testSuccessfulLogin
2025-05-06 14:35:34.479 [TestNG-test=Dummy Site Tests-1] INFO  com.UI.tests.LoginTest - Starting test: testSuccessfulLogin2
2025-05-06 14:35:34.483 [TestNG-test=Dummy Site Tests-1] INFO  com.UI.listeners.TestListener - Test started: testSuccessfulLogin2
2025-05-06 14:35:34.483 [TestNG-test=Dummy Site Tests-1] INFO  com.UI.listeners.AllureListener - Starting test: testSuccessfulLogin2
2025-05-06 14:35:34.483 [TestNG-test=Dummy Site Tests-1] INFO  com.UI.listeners.AllureListener - Test skipped: testSuccessfulLogin2
2025-05-06 14:35:34.483 [TestNG-test=Dummy Site Tests-1] INFO  com.UI.listeners.TestListener - Test skipped: testSuccessfulLogin2
2025-05-06 14:35:34.486 [main] INFO  com.UI.listeners.AllureListener - Test Suite finished: Dummy Site Tests
2025-05-06 14:35:34.487 [main] INFO  com.UI.listeners.TestListener - Test Suite finished: Dummy Site Tests
2025-05-06 14:35:34.487 [main] INFO  com.UI.listeners.TestListener - Test Results Summary - Passed: 0, Failed: 0, Skipped: 2
2025-05-06 14:35:34.680 [main] INFO  com.UI.reports.ExtentReportManager - ExtentReports flushed to disk
2025-05-06 14:35:34.680 [main] INFO  com.UI.tests.LoginTest - Test Suite completed
2025-05-06 14:36:27.909 [main] INFO  com.UI.config.ConfigManager - Configuration properties loaded successfully
2025-05-06 14:36:28.216 [main] INFO  com.UI.reports.ExtentReportManager - ExtentReports initialized. Report will be saved to: test-output/reports\TestReport_20250506_143627.html
2025-05-06 14:36:28.216 [main] INFO  com.UI.tests.LoginTest - Test Suite setup completed
2025-05-06 14:36:28.224 [main] INFO  com.UI.listeners.TestListener - Test Suite started: Dummy Site Tests
2025-05-06 14:36:28.224 [main] INFO  com.UI.listeners.AllureListener - Test Suite started: Dummy Site Tests
2025-05-06 14:36:28.273 [TestNG-test=Dummy Site Tests-1] INFO  com.UI.tests.LoginTest - Starting test: testSuccessfulLogin
2025-05-06 14:36:28.424 [TestNG-test=Dummy Site Tests-1] INFO  com.UI.listeners.TestListener - Test started: testSuccessfulLogin
2025-05-06 14:36:28.425 [TestNG-test=Dummy Site Tests-1] INFO  com.UI.listeners.AllureListener - Starting test: testSuccessfulLogin
2025-05-06 14:36:28.425 [TestNG-test=Dummy Site Tests-1] INFO  com.UI.listeners.AllureListener - Test skipped: testSuccessfulLogin
2025-05-06 14:36:28.425 [TestNG-test=Dummy Site Tests-1] INFO  com.UI.listeners.TestListener - Test skipped: testSuccessfulLogin
2025-05-06 14:36:28.436 [TestNG-test=Dummy Site Tests-1] INFO  com.UI.tests.LoginTest - Starting test: testSuccessfulLogin2
2025-05-06 14:36:28.440 [TestNG-test=Dummy Site Tests-1] INFO  com.UI.listeners.TestListener - Test started: testSuccessfulLogin2
2025-05-06 14:36:28.440 [TestNG-test=Dummy Site Tests-1] INFO  com.UI.listeners.AllureListener - Starting test: testSuccessfulLogin2
2025-05-06 14:36:28.440 [TestNG-test=Dummy Site Tests-1] INFO  com.UI.listeners.AllureListener - Test skipped: testSuccessfulLogin2
2025-05-06 14:36:28.440 [TestNG-test=Dummy Site Tests-1] INFO  com.UI.listeners.TestListener - Test skipped: testSuccessfulLogin2
2025-05-06 14:36:28.444 [main] INFO  com.UI.listeners.AllureListener - Test Suite finished: Dummy Site Tests
2025-05-06 14:36:28.444 [main] INFO  com.UI.listeners.TestListener - Test Suite finished: Dummy Site Tests
2025-05-06 14:36:28.444 [main] INFO  com.UI.listeners.TestListener - Test Results Summary - Passed: 0, Failed: 0, Skipped: 2
2025-05-06 14:36:28.676 [main] INFO  com.UI.reports.ExtentReportManager - ExtentReports flushed to disk
2025-05-06 14:36:28.676 [main] INFO  com.UI.tests.LoginTest - Test Suite completed
2025-05-06 14:37:22.591 [main] INFO  com.UI.config.ConfigManager - Configuration properties loaded successfully
2025-05-06 14:37:22.893 [main] INFO  com.UI.reports.ExtentReportManager - ExtentReports initialized. Report will be saved to: test-output/reports\TestReport_20250506_143722.html
2025-05-06 14:37:22.893 [main] INFO  com.UI.tests.LoginTest - Test Suite setup completed
2025-05-06 14:37:22.901 [main] INFO  com.UI.listeners.AllureListener - Test Suite started: Dummy Site Tests
2025-05-06 14:37:22.949 [TestNG-test=Dummy Site Tests-1] INFO  com.UI.tests.LoginTest - Starting test: testSuccessfulLogin
2025-05-06 14:37:23.049 [TestNG-test=Dummy Site Tests-1] INFO  com.UI.listeners.AllureListener - Starting test: testSuccessfulLogin
2025-05-06 14:37:23.049 [TestNG-test=Dummy Site Tests-1] INFO  com.UI.listeners.AllureListener - Test skipped: testSuccessfulLogin
2025-05-06 14:37:23.063 [TestNG-test=Dummy Site Tests-1] INFO  com.UI.tests.LoginTest - Starting test: testSuccessfulLogin2
2025-05-06 14:37:23.067 [TestNG-test=Dummy Site Tests-1] INFO  com.UI.listeners.AllureListener - Starting test: testSuccessfulLogin2
2025-05-06 14:37:23.068 [TestNG-test=Dummy Site Tests-1] INFO  com.UI.listeners.AllureListener - Test skipped: testSuccessfulLogin2
2025-05-06 14:37:23.071 [main] INFO  com.UI.listeners.AllureListener - Test Suite finished: Dummy Site Tests
2025-05-06 14:37:23.317 [main] INFO  com.UI.reports.ExtentReportManager - ExtentReports flushed to disk
2025-05-06 14:37:23.317 [main] INFO  com.UI.tests.LoginTest - Test Suite completed
2025-05-06 14:39:15.508 [main] INFO  com.UI.config.ConfigManager - Configuration properties loaded successfully
2025-05-06 14:39:15.820 [main] INFO  com.UI.reports.ExtentReportManager - ExtentReports initialized. Report will be saved to: test-output/reports\TestReport_20250506_143915.html
2025-05-06 14:39:15.820 [main] INFO  com.UI.tests.LoginTest - Test Suite setup completed
2025-05-06 14:39:15.872 [TestNG-test=Dummy Site Tests-1] INFO  com.UI.tests.LoginTest - Starting test: testSuccessfulLogin
2025-05-06 14:39:15.988 [TestNG-test=Dummy Site Tests-1] INFO  com.UI.tests.LoginTest - Starting test: testSuccessfulLogin2
2025-05-06 14:39:16.234 [main] INFO  com.UI.reports.ExtentReportManager - ExtentReports flushed to disk
2025-05-06 14:39:16.234 [main] INFO  com.UI.tests.LoginTest - Test Suite completed
2025-05-06 14:46:31.464 [main] INFO  com.UI.listeners.TestListener - Test Suite started: Dummy Site Tests
2025-05-06 14:46:31.469 [main] INFO  com.UI.listeners.AllureListener - Test Suite started: Dummy Site Tests
2025-05-06 14:46:31.476 [main] INFO  com.UI.listeners.AllureListener - Test Suite finished: Dummy Site Tests
2025-05-06 14:46:31.477 [main] INFO  com.UI.listeners.TestListener - Test Suite finished: Dummy Site Tests
2025-05-06 14:46:31.477 [main] INFO  com.UI.listeners.TestListener - Test Results Summary - Passed: 0, Failed: 0, Skipped: 0
2025-05-06 14:47:02.802 [main] INFO  com.UI.config.ConfigManager - Configuration properties loaded successfully
2025-05-06 14:47:03.130 [main] INFO  com.UI.reports.ExtentReportManager - ExtentReports initialized. Report will be saved to: test-output/reports\TestReport_20250506_144702.html
2025-05-06 14:47:03.130 [main] INFO  com.UI.tests.LoginTest - Test Suite setup completed
2025-05-06 14:47:03.138 [main] INFO  com.UI.listeners.TestListener - Test Suite started: Dummy Site Tests
2025-05-06 14:47:03.138 [main] INFO  com.UI.listeners.AllureListener - Test Suite started: Dummy Site Tests
2025-05-06 14:47:03.186 [TestNG-test=Dummy Site Tests-1] INFO  com.UI.tests.LoginTest - Starting test: testSuccessfulLogin
2025-05-06 14:47:03.302 [TestNG-test=Dummy Site Tests-1] INFO  com.UI.listeners.TestListener - Test started: testSuccessfulLogin
2025-05-06 14:47:03.302 [TestNG-test=Dummy Site Tests-1] INFO  com.UI.listeners.AllureListener - Starting test: testSuccessfulLogin
2025-05-06 14:47:03.302 [TestNG-test=Dummy Site Tests-1] INFO  com.UI.listeners.AllureListener - Test skipped: testSuccessfulLogin
2025-05-06 14:47:03.302 [TestNG-test=Dummy Site Tests-1] INFO  com.UI.listeners.TestListener - Test skipped: testSuccessfulLogin
2025-05-06 14:47:03.310 [TestNG-test=Dummy Site Tests-1] INFO  com.UI.tests.LoginTest - Starting test: testSuccessfulLogin2
2025-05-06 14:47:03.326 [TestNG-test=Dummy Site Tests-1] INFO  com.UI.listeners.TestListener - Test started: testSuccessfulLogin2
2025-05-06 14:47:03.327 [TestNG-test=Dummy Site Tests-1] INFO  com.UI.listeners.AllureListener - Starting test: testSuccessfulLogin2
2025-05-06 14:47:03.327 [TestNG-test=Dummy Site Tests-1] INFO  com.UI.listeners.AllureListener - Test skipped: testSuccessfulLogin2
2025-05-06 14:47:03.327 [TestNG-test=Dummy Site Tests-1] INFO  com.UI.listeners.TestListener - Test skipped: testSuccessfulLogin2
2025-05-06 14:47:03.330 [main] INFO  com.UI.listeners.AllureListener - Test Suite finished: Dummy Site Tests
2025-05-06 14:47:03.330 [main] INFO  com.UI.listeners.TestListener - Test Suite finished: Dummy Site Tests
2025-05-06 14:47:03.331 [main] INFO  com.UI.listeners.TestListener - Test Results Summary - Passed: 0, Failed: 0, Skipped: 2
2025-05-06 14:47:03.573 [main] INFO  com.UI.reports.ExtentReportManager - ExtentReports flushed to disk
2025-05-06 14:47:03.573 [main] INFO  com.UI.tests.LoginTest - Test Suite completed
2025-05-06 14:52:04.246 [main] INFO  com.UI.config.ConfigManager - Configuration properties loaded successfully
2025-05-06 14:52:04.570 [main] INFO  com.UI.reports.ExtentReportManager - ExtentReports initialized. Report will be saved to: test-output/reports\TestReport_20250506_145204.html
2025-05-06 14:52:04.570 [main] INFO  com.UI.tests.LoginTest - Test Suite setup completed
2025-05-06 14:52:04.581 [main] INFO  com.UI.listeners.TestListener - Test Suite started: Dummy Site Tests
2025-05-06 14:52:04.581 [main] INFO  com.UI.listeners.AllureListener - Test Suite started: Dummy Site Tests
2025-05-06 14:52:04.628 [TestNG-test=Dummy Site Tests-1] INFO  com.UI.tests.LoginTest - Starting test: testSuccessfulLogin
2025-05-06 14:52:04.638 [TestNG-test=Dummy Site Tests-1] INFO  com.UI.drivers.DriverManager - Initializing WebDriver: Browser=chrome, Mode=local, Headless=false
2025-05-06 14:52:07.621 [TestNG-test=Dummy Site Tests-1] ERROR com.UI.drivers.DriverManager - Failed to initialize WebDriver
java.lang.NullPointerException: null
	at com.UI.config.ConfigManager.getProperty(ConfigManager.java:55) ~[classes/:?]
	at com.UI.config.ConfigManager.getIntProperty(ConfigManager.java:74) ~[classes/:?]
	at com.UI.drivers.DriverManager.configureDriverTimeouts(DriverManager.java:160) ~[classes/:?]
	at com.UI.drivers.DriverManager.initializeDriver(DriverManager.java:59) [classes/:?]
	at com.UI.base.BaseTest.setup(BaseTest.java:49) [test-classes/:?]
	at jdk.internal.reflect.NativeMethodAccessorImpl.invoke0(Native Method) ~[?:?]
	at jdk.internal.reflect.NativeMethodAccessorImpl.invoke(NativeMethodAccessorImpl.java:62) ~[?:?]
	at jdk.internal.reflect.DelegatingMethodAccessorImpl.invoke(DelegatingMethodAccessorImpl.java:43) ~[?:?]
	at java.lang.reflect.Method.invoke(Method.java:566) ~[?:?]
	at org.testng.internal.invokers.MethodInvocationHelper.invokeMethod(MethodInvocationHelper.java:139) [testng-7.8.0.jar:7.8.0]
	at org.testng.internal.invokers.MethodInvocationHelper.invokeMethodConsideringTimeout(MethodInvocationHelper.java:69) [testng-7.8.0.jar:7.8.0]
	at org.testng.internal.invokers.ConfigInvoker.invokeConfigurationMethod(ConfigInvoker.java:390) [testng-7.8.0.jar:7.8.0]
	at org.testng.internal.invokers.ConfigInvoker.invokeConfigurations(ConfigInvoker.java:325) [testng-7.8.0.jar:7.8.0]
	at org.testng.internal.invokers.TestInvoker.runConfigMethods(TestInvoker.java:810) [testng-7.8.0.jar:7.8.0]
	at org.testng.internal.invokers.TestInvoker.invokeMethod(TestInvoker.java:577) [testng-7.8.0.jar:7.8.0]
	at org.testng.internal.invokers.TestInvoker.invokeTestMethod(TestInvoker.java:227) [testng-7.8.0.jar:7.8.0]
	at org.testng.internal.invokers.MethodRunner.runInSequence(MethodRunner.java:50) [testng-7.8.0.jar:7.8.0]
	at org.testng.internal.invokers.TestInvoker$MethodInvocationAgent.invoke(TestInvoker.java:957) [testng-7.8.0.jar:7.8.0]
	at org.testng.internal.invokers.TestInvoker.invokeTestMethods(TestInvoker.java:200) [testng-7.8.0.jar:7.8.0]
	at org.testng.internal.invokers.TestMethodWorker.invokeTestMethods(TestMethodWorker.java:148) [testng-7.8.0.jar:7.8.0]
	at org.testng.internal.invokers.TestMethodWorker.run(TestMethodWorker.java:128) [testng-7.8.0.jar:7.8.0]
	at java.util.concurrent.ThreadPoolExecutor.runWorker(ThreadPoolExecutor.java:1128) [?:?]
	at java.util.concurrent.ThreadPoolExecutor$Worker.run(ThreadPoolExecutor.java:628) [?:?]
	at java.lang.Thread.run(Thread.java:834) [?:?]
2025-05-06 14:52:07.711 [TestNG-test=Dummy Site Tests-1] INFO  com.UI.listeners.TestListener - Test started: testSuccessfulLogin
2025-05-06 14:52:07.712 [TestNG-test=Dummy Site Tests-1] INFO  com.UI.listeners.AllureListener - Starting test: testSuccessfulLogin
2025-05-06 14:52:07.712 [TestNG-test=Dummy Site Tests-1] INFO  com.UI.listeners.AllureListener - Test skipped: testSuccessfulLogin
2025-05-06 14:52:07.712 [TestNG-test=Dummy Site Tests-1] INFO  com.UI.listeners.TestListener - Test skipped: testSuccessfulLogin
2025-05-06 14:52:07.719 [TestNG-test=Dummy Site Tests-1] INFO  com.UI.tests.LoginTest - Starting test: testSuccessfulLogin2
2025-05-06 14:52:07.719 [TestNG-test=Dummy Site Tests-1] INFO  com.UI.drivers.DriverManager - Initializing WebDriver: Browser=chrome, Mode=local, Headless=false
2025-05-06 14:52:08.289 [TestNG-test=Dummy Site Tests-1] ERROR com.UI.drivers.DriverManager - Failed to initialize WebDriver
java.lang.NullPointerException: null
	at com.UI.config.ConfigManager.getProperty(ConfigManager.java:55) ~[classes/:?]
	at com.UI.config.ConfigManager.getIntProperty(ConfigManager.java:74) ~[classes/:?]
	at com.UI.drivers.DriverManager.configureDriverTimeouts(DriverManager.java:160) ~[classes/:?]
	at com.UI.drivers.DriverManager.initializeDriver(DriverManager.java:59) [classes/:?]
	at com.UI.base.BaseTest.setup(BaseTest.java:49) [test-classes/:?]
	at jdk.internal.reflect.NativeMethodAccessorImpl.invoke0(Native Method) ~[?:?]
	at jdk.internal.reflect.NativeMethodAccessorImpl.invoke(NativeMethodAccessorImpl.java:62) ~[?:?]
	at jdk.internal.reflect.DelegatingMethodAccessorImpl.invoke(DelegatingMethodAccessorImpl.java:43) ~[?:?]
	at java.lang.reflect.Method.invoke(Method.java:566) ~[?:?]
	at org.testng.internal.invokers.MethodInvocationHelper.invokeMethod(MethodInvocationHelper.java:139) [testng-7.8.0.jar:7.8.0]
	at org.testng.internal.invokers.MethodInvocationHelper.invokeMethodConsideringTimeout(MethodInvocationHelper.java:69) [testng-7.8.0.jar:7.8.0]
	at org.testng.internal.invokers.ConfigInvoker.invokeConfigurationMethod(ConfigInvoker.java:390) [testng-7.8.0.jar:7.8.0]
	at org.testng.internal.invokers.ConfigInvoker.invokeConfigurations(ConfigInvoker.java:325) [testng-7.8.0.jar:7.8.0]
	at org.testng.internal.invokers.TestInvoker.runConfigMethods(TestInvoker.java:810) [testng-7.8.0.jar:7.8.0]
	at org.testng.internal.invokers.TestInvoker.invokeMethod(TestInvoker.java:577) [testng-7.8.0.jar:7.8.0]
	at org.testng.internal.invokers.TestInvoker.invokeTestMethod(TestInvoker.java:227) [testng-7.8.0.jar:7.8.0]
	at org.testng.internal.invokers.MethodRunner.runInSequence(MethodRunner.java:50) [testng-7.8.0.jar:7.8.0]
	at org.testng.internal.invokers.TestInvoker$MethodInvocationAgent.invoke(TestInvoker.java:957) [testng-7.8.0.jar:7.8.0]
	at org.testng.internal.invokers.TestInvoker.invokeTestMethods(TestInvoker.java:200) [testng-7.8.0.jar:7.8.0]
	at org.testng.internal.invokers.TestMethodWorker.invokeTestMethods(TestMethodWorker.java:148) [testng-7.8.0.jar:7.8.0]
	at org.testng.internal.invokers.TestMethodWorker.run(TestMethodWorker.java:128) [testng-7.8.0.jar:7.8.0]
	at java.util.concurrent.ThreadPoolExecutor.runWorker(ThreadPoolExecutor.java:1128) [?:?]
	at java.util.concurrent.ThreadPoolExecutor$Worker.run(ThreadPoolExecutor.java:628) [?:?]
	at java.lang.Thread.run(Thread.java:834) [?:?]
2025-05-06 14:52:08.300 [TestNG-test=Dummy Site Tests-1] INFO  com.UI.listeners.TestListener - Test started: testSuccessfulLogin2
2025-05-06 14:52:08.301 [TestNG-test=Dummy Site Tests-1] INFO  com.UI.listeners.AllureListener - Starting test: testSuccessfulLogin2
2025-05-06 14:52:08.302 [TestNG-test=Dummy Site Tests-1] INFO  com.UI.listeners.AllureListener - Test skipped: testSuccessfulLogin2
2025-05-06 14:52:08.302 [TestNG-test=Dummy Site Tests-1] INFO  com.UI.listeners.TestListener - Test skipped: testSuccessfulLogin2
2025-05-06 14:52:08.309 [main] INFO  com.UI.listeners.AllureListener - Test Suite finished: Dummy Site Tests
2025-05-06 14:52:08.309 [main] INFO  com.UI.listeners.TestListener - Test Suite finished: Dummy Site Tests
2025-05-06 14:52:08.309 [main] INFO  com.UI.listeners.TestListener - Test Results Summary - Passed: 0, Failed: 0, Skipped: 2
2025-05-06 14:52:08.531 [main] INFO  com.UI.reports.ExtentReportManager - ExtentReports flushed to disk
2025-05-06 14:52:08.531 [main] INFO  com.UI.tests.LoginTest - Test Suite completed
2025-05-06 14:54:48.433 [main] INFO  com.UI.config.ConfigManager - Configuration properties loaded successfully
2025-05-06 14:54:48.767 [main] INFO  com.UI.reports.ExtentReportManager - ExtentReports initialized. Report will be saved to: test-output/reports\TestReport_20250506_145448.html
2025-05-06 14:54:48.767 [main] INFO  com.UI.tests.LoginTest - Test Suite setup completed
2025-05-06 14:54:48.775 [main] INFO  com.UI.listeners.TestListener - Test Suite started: Dummy Site Tests
2025-05-06 14:54:48.775 [main] INFO  com.UI.listeners.AllureListener - Test Suite started: Dummy Site Tests
2025-05-06 14:54:48.830 [TestNG-test=Dummy Site Tests-1] INFO  com.UI.tests.LoginTest - Starting test: testSuccessfulLogin
2025-05-06 14:54:48.840 [TestNG-test=Dummy Site Tests-1] INFO  com.UI.drivers.DriverManager - Initializing WebDriver: Browser=chrome, Mode=local, Headless=false
2025-05-06 14:54:50.562 [TestNG-test=Dummy Site Tests-1] INFO  com.UI.drivers.DriverManager - WebDriver initialized successfully
2025-05-06 14:54:50.633 [TestNG-test=Dummy Site Tests-1] INFO  com.UI.listeners.TestListener - Test started: testSuccessfulLogin
2025-05-06 14:54:50.633 [TestNG-test=Dummy Site Tests-1] INFO  com.UI.listeners.AllureListener - Starting test: testSuccessfulLogin
2025-05-06 14:54:50.639 [TestNG-test=Dummy Site Tests-1] ERROR com.UI.listeners.AllureListener - Test failed: testSuccessfulLogin
2025-05-06 14:54:50.639 [TestNG-test=Dummy Site Tests-1] ERROR com.UI.listeners.AllureListener - Failure reason: null
2025-05-06 14:54:50.740 [TestNG-test=Dummy Site Tests-1] ERROR com.UI.listeners.AllureListener - Failed to attach screenshot to Allure report
java.nio.file.NoSuchFileException: screenshots\failure_LoginTest_testSuccessfulLogin_20250506_145450.png
	at sun.nio.fs.WindowsException.translateToIOException(WindowsException.java:85) ~[?:?]
	at sun.nio.fs.WindowsException.rethrowAsIOException(WindowsException.java:103) ~[?:?]
	at sun.nio.fs.WindowsException.rethrowAsIOException(WindowsException.java:108) ~[?:?]
	at sun.nio.fs.WindowsFileSystemProvider.newByteChannel(WindowsFileSystemProvider.java:235) ~[?:?]
	at java.nio.file.Files.newByteChannel(Files.java:371) ~[?:?]
	at java.nio.file.Files.newByteChannel(Files.java:422) ~[?:?]
	at java.nio.file.Files.readAllBytes(Files.java:3206) ~[?:?]
	at com.UI.listeners.AllureListener.onTestFailure(AllureListener.java:37) [classes/:?]
	at org.testng.internal.TestListenerHelper.runTestListeners(TestListenerHelper.java:108) [testng-7.8.0.jar:7.8.0]
	at org.testng.internal.invokers.TestInvoker.runTestResultListener(TestInvoker.java:262) [testng-7.8.0.jar:7.8.0]
	at org.testng.internal.invokers.TestInvoker.invokeMethod(TestInvoker.java:751) [testng-7.8.0.jar:7.8.0]
	at org.testng.internal.invokers.TestInvoker.invokeTestMethod(TestInvoker.java:227) [testng-7.8.0.jar:7.8.0]
	at org.testng.internal.invokers.MethodRunner.runInSequence(MethodRunner.java:50) [testng-7.8.0.jar:7.8.0]
	at org.testng.internal.invokers.TestInvoker$MethodInvocationAgent.invoke(TestInvoker.java:957) [testng-7.8.0.jar:7.8.0]
	at org.testng.internal.invokers.TestInvoker.invokeTestMethods(TestInvoker.java:200) [testng-7.8.0.jar:7.8.0]
	at org.testng.internal.invokers.TestMethodWorker.invokeTestMethods(TestMethodWorker.java:148) [testng-7.8.0.jar:7.8.0]
	at org.testng.internal.invokers.TestMethodWorker.run(TestMethodWorker.java:128) [testng-7.8.0.jar:7.8.0]
	at java.util.concurrent.ThreadPoolExecutor.runWorker(ThreadPoolExecutor.java:1128) [?:?]
	at java.util.concurrent.ThreadPoolExecutor$Worker.run(ThreadPoolExecutor.java:628) [?:?]
	at java.lang.Thread.run(Thread.java:834) [?:?]
2025-05-06 14:54:50.746 [TestNG-test=Dummy Site Tests-1] ERROR com.UI.listeners.TestListener - Test failed: testSuccessfulLogin
2025-05-06 14:54:50.746 [TestNG-test=Dummy Site Tests-1] ERROR com.UI.listeners.TestListener - Failure reason: null
2025-05-06 14:54:50.847 [TestNG-test=Dummy Site Tests-1] ERROR com.UI.tests.LoginTest - Test failed: testSuccessfulLogin
2025-05-06 14:54:50.848 [TestNG-test=Dummy Site Tests-1] ERROR com.UI.tests.LoginTest - Failure reason: null
2025-05-06 14:54:50.993 [TestNG-test=Dummy Site Tests-1] INFO  com.UI.drivers.DriverManager - WebDriver closed and removed from ThreadLocal
2025-05-06 14:54:50.996 [TestNG-test=Dummy Site Tests-1] INFO  com.UI.tests.LoginTest - Starting test: testSuccessfulLogin2
2025-05-06 14:54:50.996 [TestNG-test=Dummy Site Tests-1] INFO  com.UI.drivers.DriverManager - Initializing WebDriver: Browser=chrome, Mode=local, Headless=false
2025-05-06 14:54:51.619 [TestNG-test=Dummy Site Tests-1] INFO  com.UI.drivers.DriverManager - WebDriver initialized successfully
2025-05-06 14:54:51.622 [TestNG-test=Dummy Site Tests-1] INFO  com.UI.listeners.TestListener - Test started: testSuccessfulLogin2
2025-05-06 14:54:51.622 [TestNG-test=Dummy Site Tests-1] INFO  com.UI.listeners.AllureListener - Starting test: testSuccessfulLogin2
2025-05-06 14:54:51.623 [TestNG-test=Dummy Site Tests-1] ERROR com.UI.listeners.AllureListener - Test failed: testSuccessfulLogin2
2025-05-06 14:54:51.623 [TestNG-test=Dummy Site Tests-1] ERROR com.UI.listeners.AllureListener - Failure reason: null
2025-05-06 14:54:51.703 [TestNG-test=Dummy Site Tests-1] ERROR com.UI.listeners.AllureListener - Failed to attach screenshot to Allure report
java.nio.file.NoSuchFileException: screenshots\failure_LoginTest_testSuccessfulLogin2_20250506_145451.png
	at sun.nio.fs.WindowsException.translateToIOException(WindowsException.java:85) ~[?:?]
	at sun.nio.fs.WindowsException.rethrowAsIOException(WindowsException.java:103) ~[?:?]
	at sun.nio.fs.WindowsException.rethrowAsIOException(WindowsException.java:108) ~[?:?]
	at sun.nio.fs.WindowsFileSystemProvider.newByteChannel(WindowsFileSystemProvider.java:235) ~[?:?]
	at java.nio.file.Files.newByteChannel(Files.java:371) ~[?:?]
	at java.nio.file.Files.newByteChannel(Files.java:422) ~[?:?]
	at java.nio.file.Files.readAllBytes(Files.java:3206) ~[?:?]
	at com.UI.listeners.AllureListener.onTestFailure(AllureListener.java:37) [classes/:?]
	at org.testng.internal.TestListenerHelper.runTestListeners(TestListenerHelper.java:108) [testng-7.8.0.jar:7.8.0]
	at org.testng.internal.invokers.TestInvoker.runTestResultListener(TestInvoker.java:262) [testng-7.8.0.jar:7.8.0]
	at org.testng.internal.invokers.TestInvoker.invokeMethod(TestInvoker.java:751) [testng-7.8.0.jar:7.8.0]
	at org.testng.internal.invokers.TestInvoker.invokeTestMethod(TestInvoker.java:227) [testng-7.8.0.jar:7.8.0]
	at org.testng.internal.invokers.MethodRunner.runInSequence(MethodRunner.java:50) [testng-7.8.0.jar:7.8.0]
	at org.testng.internal.invokers.TestInvoker$MethodInvocationAgent.invoke(TestInvoker.java:957) [testng-7.8.0.jar:7.8.0]
	at org.testng.internal.invokers.TestInvoker.invokeTestMethods(TestInvoker.java:200) [testng-7.8.0.jar:7.8.0]
	at org.testng.internal.invokers.TestMethodWorker.invokeTestMethods(TestMethodWorker.java:148) [testng-7.8.0.jar:7.8.0]
	at org.testng.internal.invokers.TestMethodWorker.run(TestMethodWorker.java:128) [testng-7.8.0.jar:7.8.0]
	at java.util.concurrent.ThreadPoolExecutor.runWorker(ThreadPoolExecutor.java:1128) [?:?]
	at java.util.concurrent.ThreadPoolExecutor$Worker.run(ThreadPoolExecutor.java:628) [?:?]
	at java.lang.Thread.run(Thread.java:834) [?:?]
2025-05-06 14:54:51.703 [TestNG-test=Dummy Site Tests-1] ERROR com.UI.listeners.TestListener - Test failed: testSuccessfulLogin2
2025-05-06 14:54:51.703 [TestNG-test=Dummy Site Tests-1] ERROR com.UI.listeners.TestListener - Failure reason: null
2025-05-06 14:54:51.787 [TestNG-test=Dummy Site Tests-1] ERROR com.UI.tests.LoginTest - Test failed: testSuccessfulLogin2
2025-05-06 14:54:51.787 [TestNG-test=Dummy Site Tests-1] ERROR com.UI.tests.LoginTest - Failure reason: null
2025-05-06 14:54:51.963 [TestNG-test=Dummy Site Tests-1] INFO  com.UI.drivers.DriverManager - WebDriver closed and removed from ThreadLocal
2025-05-06 14:54:51.969 [main] INFO  com.UI.listeners.AllureListener - Test Suite finished: Dummy Site Tests
2025-05-06 14:54:51.969 [main] INFO  com.UI.listeners.TestListener - Test Suite finished: Dummy Site Tests
2025-05-06 14:54:51.970 [main] INFO  com.UI.listeners.TestListener - Test Results Summary - Passed: 0, Failed: 2, Skipped: 0
2025-05-06 14:54:52.373 [main] INFO  com.UI.reports.ExtentReportManager - ExtentReports flushed to disk
2025-05-06 14:54:52.373 [main] INFO  com.UI.tests.LoginTest - Test Suite completed
2025-05-06 14:56:35.862 [main] INFO  com.UI.config.ConfigManager - Configuration properties loaded successfully
2025-05-06 14:56:36.201 [main] INFO  com.UI.reports.ExtentReportManager - ExtentReports initialized. Report will be saved to: test-output/reports\TestReport_20250506_145635.html
2025-05-06 14:56:36.202 [main] INFO  com.UI.tests.LoginTest - Test Suite setup completed
2025-05-06 14:56:36.211 [main] INFO  com.UI.listeners.TestListener - Test Suite started: Dummy Site Tests
2025-05-06 14:56:36.211 [main] INFO  com.UI.listeners.AllureListener - Test Suite started: Dummy Site Tests
2025-05-06 14:56:36.263 [TestNG-test=Dummy Site Tests-1] INFO  com.UI.tests.LoginTest - Starting test: testSuccessfulLogin
2025-05-06 14:56:36.274 [TestNG-test=Dummy Site Tests-1] INFO  com.UI.drivers.DriverManager - Initializing WebDriver: Browser=chrome, Mode=local, Headless=false
2025-05-06 14:56:37.992 [TestNG-test=Dummy Site Tests-1] INFO  com.UI.drivers.DriverManager - WebDriver initialized successfully
2025-05-06 14:56:38.066 [TestNG-test=Dummy Site Tests-1] INFO  com.UI.listeners.TestListener - Test started: testSuccessfulLogin
2025-05-06 14:56:38.066 [TestNG-test=Dummy Site Tests-1] INFO  com.UI.listeners.AllureListener - Starting test: testSuccessfulLogin
2025-05-06 14:56:44.277 [TestNG-test=Dummy Site Tests-1] ERROR com.UI.listeners.AllureListener - Test failed: testSuccessfulLogin
2025-05-06 14:56:44.279 [TestNG-test=Dummy Site Tests-1] ERROR com.UI.listeners.AllureListener - Failure reason: null
2025-05-06 14:56:44.423 [TestNG-test=Dummy Site Tests-1] ERROR com.UI.listeners.AllureListener - Failed to attach screenshot to Allure report
java.nio.file.NoSuchFileException: screenshots\failure_LoginTest_testSuccessfulLogin_20250506_145644.png
	at sun.nio.fs.WindowsException.translateToIOException(WindowsException.java:85) ~[?:?]
	at sun.nio.fs.WindowsException.rethrowAsIOException(WindowsException.java:103) ~[?:?]
	at sun.nio.fs.WindowsException.rethrowAsIOException(WindowsException.java:108) ~[?:?]
	at sun.nio.fs.WindowsFileSystemProvider.newByteChannel(WindowsFileSystemProvider.java:235) ~[?:?]
	at java.nio.file.Files.newByteChannel(Files.java:371) ~[?:?]
	at java.nio.file.Files.newByteChannel(Files.java:422) ~[?:?]
	at java.nio.file.Files.readAllBytes(Files.java:3206) ~[?:?]
	at com.UI.listeners.AllureListener.onTestFailure(AllureListener.java:37) [classes/:?]
	at org.testng.internal.TestListenerHelper.runTestListeners(TestListenerHelper.java:108) [testng-7.8.0.jar:7.8.0]
	at org.testng.internal.invokers.TestInvoker.runTestResultListener(TestInvoker.java:262) [testng-7.8.0.jar:7.8.0]
	at org.testng.internal.invokers.TestInvoker.invokeMethod(TestInvoker.java:751) [testng-7.8.0.jar:7.8.0]
	at org.testng.internal.invokers.TestInvoker.invokeTestMethod(TestInvoker.java:227) [testng-7.8.0.jar:7.8.0]
	at org.testng.internal.invokers.MethodRunner.runInSequence(MethodRunner.java:50) [testng-7.8.0.jar:7.8.0]
	at org.testng.internal.invokers.TestInvoker$MethodInvocationAgent.invoke(TestInvoker.java:957) [testng-7.8.0.jar:7.8.0]
	at org.testng.internal.invokers.TestInvoker.invokeTestMethods(TestInvoker.java:200) [testng-7.8.0.jar:7.8.0]
	at org.testng.internal.invokers.TestMethodWorker.invokeTestMethods(TestMethodWorker.java:148) [testng-7.8.0.jar:7.8.0]
	at org.testng.internal.invokers.TestMethodWorker.run(TestMethodWorker.java:128) [testng-7.8.0.jar:7.8.0]
	at java.util.concurrent.ThreadPoolExecutor.runWorker(ThreadPoolExecutor.java:1128) [?:?]
	at java.util.concurrent.ThreadPoolExecutor$Worker.run(ThreadPoolExecutor.java:628) [?:?]
	at java.lang.Thread.run(Thread.java:834) [?:?]
2025-05-06 14:56:44.439 [TestNG-test=Dummy Site Tests-1] ERROR com.UI.listeners.TestListener - Test failed: testSuccessfulLogin
2025-05-06 14:56:44.439 [TestNG-test=Dummy Site Tests-1] ERROR com.UI.listeners.TestListener - Failure reason: null
2025-05-06 14:56:44.602 [TestNG-test=Dummy Site Tests-1] ERROR com.UI.tests.LoginTest - Test failed: testSuccessfulLogin
2025-05-06 14:56:44.603 [TestNG-test=Dummy Site Tests-1] ERROR com.UI.tests.LoginTest - Failure reason: null
2025-05-06 14:56:44.805 [TestNG-test=Dummy Site Tests-1] INFO  com.UI.drivers.DriverManager - WebDriver closed and removed from ThreadLocal
2025-05-06 14:56:44.811 [TestNG-test=Dummy Site Tests-1] INFO  com.UI.tests.LoginTest - Starting test: testSuccessfulLogin2
2025-05-06 14:56:44.812 [TestNG-test=Dummy Site Tests-1] INFO  com.UI.drivers.DriverManager - Initializing WebDriver: Browser=chrome, Mode=local, Headless=false
2025-05-06 14:56:45.580 [TestNG-test=Dummy Site Tests-1] INFO  com.UI.drivers.DriverManager - WebDriver initialized successfully
2025-05-06 14:56:45.585 [TestNG-test=Dummy Site Tests-1] INFO  com.UI.listeners.TestListener - Test started: testSuccessfulLogin2
2025-05-06 14:56:45.585 [TestNG-test=Dummy Site Tests-1] INFO  com.UI.listeners.AllureListener - Starting test: testSuccessfulLogin2
2025-05-06 14:56:50.194 [TestNG-test=Dummy Site Tests-1] ERROR com.UI.listeners.AllureListener - Test failed: testSuccessfulLogin2
2025-05-06 14:56:50.194 [TestNG-test=Dummy Site Tests-1] ERROR com.UI.listeners.AllureListener - Failure reason: Could not initialize class com.UI.utils.WaitUtil
2025-05-06 14:56:50.303 [TestNG-test=Dummy Site Tests-1] ERROR com.UI.listeners.AllureListener - Failed to attach screenshot to Allure report
java.nio.file.NoSuchFileException: screenshots\failure_LoginTest_testSuccessfulLogin2_20250506_145650.png
	at sun.nio.fs.WindowsException.translateToIOException(WindowsException.java:85) ~[?:?]
	at sun.nio.fs.WindowsException.rethrowAsIOException(WindowsException.java:103) ~[?:?]
	at sun.nio.fs.WindowsException.rethrowAsIOException(WindowsException.java:108) ~[?:?]
	at sun.nio.fs.WindowsFileSystemProvider.newByteChannel(WindowsFileSystemProvider.java:235) ~[?:?]
	at java.nio.file.Files.newByteChannel(Files.java:371) ~[?:?]
	at java.nio.file.Files.newByteChannel(Files.java:422) ~[?:?]
	at java.nio.file.Files.readAllBytes(Files.java:3206) ~[?:?]
	at com.UI.listeners.AllureListener.onTestFailure(AllureListener.java:37) [classes/:?]
	at org.testng.internal.TestListenerHelper.runTestListeners(TestListenerHelper.java:108) [testng-7.8.0.jar:7.8.0]
	at org.testng.internal.invokers.TestInvoker.runTestResultListener(TestInvoker.java:262) [testng-7.8.0.jar:7.8.0]
	at org.testng.internal.invokers.TestInvoker.invokeMethod(TestInvoker.java:751) [testng-7.8.0.jar:7.8.0]
	at org.testng.internal.invokers.TestInvoker.invokeTestMethod(TestInvoker.java:227) [testng-7.8.0.jar:7.8.0]
	at org.testng.internal.invokers.MethodRunner.runInSequence(MethodRunner.java:50) [testng-7.8.0.jar:7.8.0]
	at org.testng.internal.invokers.TestInvoker$MethodInvocationAgent.invoke(TestInvoker.java:957) [testng-7.8.0.jar:7.8.0]
	at org.testng.internal.invokers.TestInvoker.invokeTestMethods(TestInvoker.java:200) [testng-7.8.0.jar:7.8.0]
	at org.testng.internal.invokers.TestMethodWorker.invokeTestMethods(TestMethodWorker.java:148) [testng-7.8.0.jar:7.8.0]
	at org.testng.internal.invokers.TestMethodWorker.run(TestMethodWorker.java:128) [testng-7.8.0.jar:7.8.0]
	at java.util.concurrent.ThreadPoolExecutor.runWorker(ThreadPoolExecutor.java:1128) [?:?]
	at java.util.concurrent.ThreadPoolExecutor$Worker.run(ThreadPoolExecutor.java:628) [?:?]
	at java.lang.Thread.run(Thread.java:834) [?:?]
2025-05-06 14:56:50.303 [TestNG-test=Dummy Site Tests-1] ERROR com.UI.listeners.TestListener - Test failed: testSuccessfulLogin2
2025-05-06 14:56:50.303 [TestNG-test=Dummy Site Tests-1] ERROR com.UI.listeners.TestListener - Failure reason: Could not initialize class com.UI.utils.WaitUtil
2025-05-06 14:56:50.409 [TestNG-test=Dummy Site Tests-1] ERROR com.UI.tests.LoginTest - Test failed: testSuccessfulLogin2
2025-05-06 14:56:50.409 [TestNG-test=Dummy Site Tests-1] ERROR com.UI.tests.LoginTest - Failure reason: Could not initialize class com.UI.utils.WaitUtil
2025-05-06 14:56:50.595 [TestNG-test=Dummy Site Tests-1] INFO  com.UI.drivers.DriverManager - WebDriver closed and removed from ThreadLocal
2025-05-06 14:56:50.599 [main] INFO  com.UI.listeners.AllureListener - Test Suite finished: Dummy Site Tests
2025-05-06 14:56:50.599 [main] INFO  com.UI.listeners.TestListener - Test Suite finished: Dummy Site Tests
2025-05-06 14:56:50.600 [main] INFO  com.UI.listeners.TestListener - Test Results Summary - Passed: 0, Failed: 2, Skipped: 0
2025-05-06 14:56:50.908 [main] INFO  com.UI.reports.ExtentReportManager - ExtentReports flushed to disk
2025-05-06 14:56:50.908 [main] INFO  com.UI.tests.LoginTest - Test Suite completed
2025-05-06 14:57:53.930 [main] INFO  com.UI.config.ConfigManager - Configuration properties loaded successfully
2025-05-06 14:57:54.093 [main] INFO  com.UI.reports.ExtentReportManager - ExtentReports initialized. Report will be saved to: test-output/reports\TestReport_20250506_145753.html
2025-05-06 14:57:54.093 [main] INFO  com.UI.tests.LoginTest - Test Suite setup completed
2025-05-06 14:57:54.101 [main] INFO  com.UI.listeners.TestListener - Test Suite started: Dummy Site Tests
2025-05-06 14:57:54.101 [main] INFO  com.UI.listeners.AllureListener - Test Suite started: Dummy Site Tests
2025-05-06 14:57:54.122 [TestNG-test=Dummy Site Tests-1] INFO  com.UI.tests.LoginTest - Starting test: testSuccessfulLogin
2025-05-06 14:57:54.130 [TestNG-test=Dummy Site Tests-1] INFO  com.UI.drivers.DriverManager - Initializing WebDriver: Browser=chrome, Mode=local, Headless=false
2025-05-06 14:57:55.604 [TestNG-test=Dummy Site Tests-1] INFO  com.UI.drivers.DriverManager - WebDriver initialized successfully
2025-05-06 14:57:55.656 [TestNG-test=Dummy Site Tests-1] INFO  com.UI.listeners.TestListener - Test started: testSuccessfulLogin
2025-05-06 14:57:55.656 [TestNG-test=Dummy Site Tests-1] INFO  com.UI.listeners.AllureListener - Starting test: testSuccessfulLogin
2025-05-06 14:58:04.313 [TestNG-test=Dummy Site Tests-1] ERROR com.UI.listeners.AllureListener - Test failed: testSuccessfulLogin
2025-05-06 14:58:04.313 [TestNG-test=Dummy Site Tests-1] ERROR com.UI.listeners.AllureListener - Failure reason: null
2025-05-06 14:58:04.437 [TestNG-test=Dummy Site Tests-1] ERROR com.UI.listeners.AllureListener - Failed to attach screenshot to Allure report
java.nio.file.NoSuchFileException: screenshots\failure_LoginTest_testSuccessfulLogin_20250506_145804.png
	at sun.nio.fs.WindowsException.translateToIOException(WindowsException.java:85) ~[?:?]
	at sun.nio.fs.WindowsException.rethrowAsIOException(WindowsException.java:103) ~[?:?]
	at sun.nio.fs.WindowsException.rethrowAsIOException(WindowsException.java:108) ~[?:?]
	at sun.nio.fs.WindowsFileSystemProvider.newByteChannel(WindowsFileSystemProvider.java:235) ~[?:?]
	at java.nio.file.Files.newByteChannel(Files.java:371) ~[?:?]
	at java.nio.file.Files.newByteChannel(Files.java:422) ~[?:?]
	at java.nio.file.Files.readAllBytes(Files.java:3206) ~[?:?]
	at com.UI.listeners.AllureListener.onTestFailure(AllureListener.java:37) [classes/:?]
	at org.testng.internal.TestListenerHelper.runTestListeners(TestListenerHelper.java:108) [testng-7.8.0.jar:7.8.0]
	at org.testng.internal.invokers.TestInvoker.runTestResultListener(TestInvoker.java:262) [testng-7.8.0.jar:7.8.0]
	at org.testng.internal.invokers.TestInvoker.invokeMethod(TestInvoker.java:751) [testng-7.8.0.jar:7.8.0]
	at org.testng.internal.invokers.TestInvoker.invokeTestMethod(TestInvoker.java:227) [testng-7.8.0.jar:7.8.0]
	at org.testng.internal.invokers.MethodRunner.runInSequence(MethodRunner.java:50) [testng-7.8.0.jar:7.8.0]
	at org.testng.internal.invokers.TestInvoker$MethodInvocationAgent.invoke(TestInvoker.java:957) [testng-7.8.0.jar:7.8.0]
	at org.testng.internal.invokers.TestInvoker.invokeTestMethods(TestInvoker.java:200) [testng-7.8.0.jar:7.8.0]
	at org.testng.internal.invokers.TestMethodWorker.invokeTestMethods(TestMethodWorker.java:148) [testng-7.8.0.jar:7.8.0]
	at org.testng.internal.invokers.TestMethodWorker.run(TestMethodWorker.java:128) [testng-7.8.0.jar:7.8.0]
	at java.util.concurrent.ThreadPoolExecutor.runWorker(ThreadPoolExecutor.java:1128) [?:?]
	at java.util.concurrent.ThreadPoolExecutor$Worker.run(ThreadPoolExecutor.java:628) [?:?]
	at java.lang.Thread.run(Thread.java:834) [?:?]
2025-05-06 14:58:04.443 [TestNG-test=Dummy Site Tests-1] ERROR com.UI.listeners.TestListener - Test failed: testSuccessfulLogin
2025-05-06 14:58:04.443 [TestNG-test=Dummy Site Tests-1] ERROR com.UI.listeners.TestListener - Failure reason: null
2025-05-06 14:58:04.587 [TestNG-test=Dummy Site Tests-1] ERROR com.UI.tests.LoginTest - Test failed: testSuccessfulLogin
2025-05-06 14:58:04.588 [TestNG-test=Dummy Site Tests-1] ERROR com.UI.tests.LoginTest - Failure reason: null
2025-05-06 14:58:04.782 [TestNG-test=Dummy Site Tests-1] INFO  com.UI.drivers.DriverManager - WebDriver closed and removed from ThreadLocal
2025-05-06 14:58:04.788 [TestNG-test=Dummy Site Tests-1] INFO  com.UI.tests.LoginTest - Starting test: testSuccessfulLogin2
2025-05-06 14:58:04.788 [TestNG-test=Dummy Site Tests-1] INFO  com.UI.drivers.DriverManager - Initializing WebDriver: Browser=chrome, Mode=local, Headless=false
2025-05-06 14:58:05.524 [TestNG-test=Dummy Site Tests-1] INFO  com.UI.drivers.DriverManager - WebDriver initialized successfully
2025-05-06 14:58:05.529 [TestNG-test=Dummy Site Tests-1] INFO  com.UI.listeners.TestListener - Test started: testSuccessfulLogin2
2025-05-06 14:58:05.529 [TestNG-test=Dummy Site Tests-1] INFO  com.UI.listeners.AllureListener - Starting test: testSuccessfulLogin2
2025-05-06 14:58:10.231 [TestNG-test=Dummy Site Tests-1] ERROR com.UI.listeners.AllureListener - Test failed: testSuccessfulLogin2
2025-05-06 14:58:10.231 [TestNG-test=Dummy Site Tests-1] ERROR com.UI.listeners.AllureListener - Failure reason: Could not initialize class com.UI.utils.WaitUtil
2025-05-06 14:58:10.339 [TestNG-test=Dummy Site Tests-1] ERROR com.UI.listeners.AllureListener - Failed to attach screenshot to Allure report
java.nio.file.NoSuchFileException: screenshots\failure_LoginTest_testSuccessfulLogin2_20250506_145810.png
	at sun.nio.fs.WindowsException.translateToIOException(WindowsException.java:85) ~[?:?]
	at sun.nio.fs.WindowsException.rethrowAsIOException(WindowsException.java:103) ~[?:?]
	at sun.nio.fs.WindowsException.rethrowAsIOException(WindowsException.java:108) ~[?:?]
	at sun.nio.fs.WindowsFileSystemProvider.newByteChannel(WindowsFileSystemProvider.java:235) ~[?:?]
	at java.nio.file.Files.newByteChannel(Files.java:371) ~[?:?]
	at java.nio.file.Files.newByteChannel(Files.java:422) ~[?:?]
	at java.nio.file.Files.readAllBytes(Files.java:3206) ~[?:?]
	at com.UI.listeners.AllureListener.onTestFailure(AllureListener.java:37) [classes/:?]
	at org.testng.internal.TestListenerHelper.runTestListeners(TestListenerHelper.java:108) [testng-7.8.0.jar:7.8.0]
	at org.testng.internal.invokers.TestInvoker.runTestResultListener(TestInvoker.java:262) [testng-7.8.0.jar:7.8.0]
	at org.testng.internal.invokers.TestInvoker.invokeMethod(TestInvoker.java:751) [testng-7.8.0.jar:7.8.0]
	at org.testng.internal.invokers.TestInvoker.invokeTestMethod(TestInvoker.java:227) [testng-7.8.0.jar:7.8.0]
	at org.testng.internal.invokers.MethodRunner.runInSequence(MethodRunner.java:50) [testng-7.8.0.jar:7.8.0]
	at org.testng.internal.invokers.TestInvoker$MethodInvocationAgent.invoke(TestInvoker.java:957) [testng-7.8.0.jar:7.8.0]
	at org.testng.internal.invokers.TestInvoker.invokeTestMethods(TestInvoker.java:200) [testng-7.8.0.jar:7.8.0]
	at org.testng.internal.invokers.TestMethodWorker.invokeTestMethods(TestMethodWorker.java:148) [testng-7.8.0.jar:7.8.0]
	at org.testng.internal.invokers.TestMethodWorker.run(TestMethodWorker.java:128) [testng-7.8.0.jar:7.8.0]
	at java.util.concurrent.ThreadPoolExecutor.runWorker(ThreadPoolExecutor.java:1128) [?:?]
	at java.util.concurrent.ThreadPoolExecutor$Worker.run(ThreadPoolExecutor.java:628) [?:?]
	at java.lang.Thread.run(Thread.java:834) [?:?]
2025-05-06 14:58:10.340 [TestNG-test=Dummy Site Tests-1] ERROR com.UI.listeners.TestListener - Test failed: testSuccessfulLogin2
2025-05-06 14:58:10.340 [TestNG-test=Dummy Site Tests-1] ERROR com.UI.listeners.TestListener - Failure reason: Could not initialize class com.UI.utils.WaitUtil
2025-05-06 14:58:10.451 [TestNG-test=Dummy Site Tests-1] ERROR com.UI.tests.LoginTest - Test failed: testSuccessfulLogin2
2025-05-06 14:58:10.451 [TestNG-test=Dummy Site Tests-1] ERROR com.UI.tests.LoginTest - Failure reason: Could not initialize class com.UI.utils.WaitUtil
2025-05-06 14:58:10.647 [TestNG-test=Dummy Site Tests-1] INFO  com.UI.drivers.DriverManager - WebDriver closed and removed from ThreadLocal
2025-05-06 14:58:10.652 [main] INFO  com.UI.listeners.AllureListener - Test Suite finished: Dummy Site Tests
2025-05-06 14:58:10.652 [main] INFO  com.UI.listeners.TestListener - Test Suite finished: Dummy Site Tests
2025-05-06 14:58:10.652 [main] INFO  com.UI.listeners.TestListener - Test Results Summary - Passed: 0, Failed: 2, Skipped: 0
2025-05-06 14:58:10.859 [main] INFO  com.UI.reports.ExtentReportManager - ExtentReports flushed to disk
2025-05-06 14:58:10.859 [main] INFO  com.UI.tests.LoginTest - Test Suite completed
2025-05-06 15:15:17.524 [main] INFO  com.UI.config.ConfigManager - Configuration properties loaded successfully
2025-05-06 15:15:17.836 [main] INFO  com.UI.reports.ExtentReportManager - ExtentReports initialized. Report will be saved to: test-output/reports\TestReport_20250506_151517.html
2025-05-06 15:15:17.836 [main] INFO  com.UI.tests.LoginTest - Test Suite setup completed
2025-05-06 15:15:17.844 [main] INFO  com.UI.listeners.TestListener - Test Suite started: Dummy Site Tests
2025-05-06 15:15:17.844 [main] INFO  com.UI.listeners.AllureListener - Test Suite started: Dummy Site Tests
2025-05-06 15:15:17.892 [TestNG-test=Dummy Site Tests-1] INFO  com.UI.tests.LoginTest - Starting test: testSuccessfulLogin
2025-05-06 15:15:18.003 [TestNG-test=Dummy Site Tests-1] INFO  com.UI.listeners.TestListener - Test started: testSuccessfulLogin
2025-05-06 15:15:18.003 [TestNG-test=Dummy Site Tests-1] INFO  com.UI.listeners.AllureListener - Starting test: testSuccessfulLogin
2025-05-06 15:15:18.003 [TestNG-test=Dummy Site Tests-1] INFO  com.UI.listeners.AllureListener - Test skipped: testSuccessfulLogin
2025-05-06 15:15:18.003 [TestNG-test=Dummy Site Tests-1] INFO  com.UI.listeners.TestListener - Test skipped: testSuccessfulLogin
2025-05-06 15:15:18.011 [TestNG-test=Dummy Site Tests-1] INFO  com.UI.tests.LoginTest - Starting test: testSuccessfulLogin2
2025-05-06 15:15:18.015 [TestNG-test=Dummy Site Tests-1] INFO  com.UI.listeners.TestListener - Test started: testSuccessfulLogin2
2025-05-06 15:15:18.016 [TestNG-test=Dummy Site Tests-1] INFO  com.UI.listeners.AllureListener - Starting test: testSuccessfulLogin2
2025-05-06 15:15:18.016 [TestNG-test=Dummy Site Tests-1] INFO  com.UI.listeners.AllureListener - Test skipped: testSuccessfulLogin2
2025-05-06 15:15:18.016 [TestNG-test=Dummy Site Tests-1] INFO  com.UI.listeners.TestListener - Test skipped: testSuccessfulLogin2
2025-05-06 15:15:18.020 [main] INFO  com.UI.listeners.AllureListener - Test Suite finished: Dummy Site Tests
2025-05-06 15:15:18.020 [main] INFO  com.UI.listeners.TestListener - Test Suite finished: Dummy Site Tests
2025-05-06 15:15:18.020 [main] INFO  com.UI.listeners.TestListener - Test Results Summary - Passed: 0, Failed: 0, Skipped: 2
2025-05-06 15:15:18.267 [main] INFO  com.UI.reports.ExtentReportManager - ExtentReports flushed to disk
2025-05-06 15:15:18.267 [main] INFO  com.UI.tests.LoginTest - Test Suite completed
2025-05-06 15:18:26.473 [main] INFO  com.UI.config.ConfigManager - Configuration properties loaded successfully
2025-05-06 15:18:26.643 [main] INFO  com.UI.reports.ExtentReportManager - ExtentReports initialized. Report will be saved to: test-output/reports\TestReport_20250506_151826.html
2025-05-06 15:18:26.643 [main] INFO  com.UI.tests.LoginTest - Test Suite setup completed
2025-05-06 15:18:26.651 [main] INFO  com.UI.listeners.TestListener - Test Suite started: Dummy Site Tests
2025-05-06 15:18:26.651 [main] INFO  com.UI.listeners.AllureListener - Test Suite started: Dummy Site Tests
2025-05-06 15:18:26.672 [TestNG-test=Dummy Site Tests-1] INFO  com.UI.tests.LoginTest - Starting test: testSuccessfulLogin
2025-05-06 15:18:26.741 [TestNG-test=Dummy Site Tests-1] INFO  com.UI.listeners.TestListener - Test started: testSuccessfulLogin
2025-05-06 15:18:26.741 [TestNG-test=Dummy Site Tests-1] INFO  com.UI.listeners.AllureListener - Starting test: testSuccessfulLogin
2025-05-06 15:18:26.741 [TestNG-test=Dummy Site Tests-1] INFO  com.UI.listeners.AllureListener - Test skipped: testSuccessfulLogin
2025-05-06 15:18:26.742 [TestNG-test=Dummy Site Tests-1] INFO  com.UI.listeners.TestListener - Test skipped: testSuccessfulLogin
2025-05-06 15:18:26.747 [TestNG-test=Dummy Site Tests-1] INFO  com.UI.tests.LoginTest - Starting test: testSuccessfulLogin2
2025-05-06 15:18:26.751 [TestNG-test=Dummy Site Tests-1] INFO  com.UI.listeners.TestListener - Test started: testSuccessfulLogin2
2025-05-06 15:18:26.751 [TestNG-test=Dummy Site Tests-1] INFO  com.UI.listeners.AllureListener - Starting test: testSuccessfulLogin2
2025-05-06 15:18:26.751 [TestNG-test=Dummy Site Tests-1] INFO  com.UI.listeners.AllureListener - Test skipped: testSuccessfulLogin2
2025-05-06 15:18:26.751 [TestNG-test=Dummy Site Tests-1] INFO  com.UI.listeners.TestListener - Test skipped: testSuccessfulLogin2
2025-05-06 15:18:26.755 [main] INFO  com.UI.listeners.AllureListener - Test Suite finished: Dummy Site Tests
2025-05-06 15:18:26.755 [main] INFO  com.UI.listeners.TestListener - Test Suite finished: Dummy Site Tests
2025-05-06 15:18:26.755 [main] INFO  com.UI.listeners.TestListener - Test Results Summary - Passed: 0, Failed: 0, Skipped: 2
2025-05-06 15:18:26.933 [main] INFO  com.UI.reports.ExtentReportManager - ExtentReports flushed to disk
2025-05-06 15:18:26.933 [main] INFO  com.UI.tests.LoginTest - Test Suite completed
2025-05-06 15:22:02.059 [main] INFO  com.UI.config.ConfigManager - Configuration properties loaded successfully
2025-05-06 15:22:02.223 [main] INFO  com.UI.reports.ExtentReportManager - ExtentReports initialized. Report will be saved to: test-output/reports\TestReport_20250506_152202.html
2025-05-06 15:22:02.223 [main] INFO  com.UI.tests.LoginTest - Test Suite setup completed
2025-05-06 15:22:02.231 [main] INFO  com.UI.listeners.TestListener - Test Suite started: Dummy Site Tests
2025-05-06 15:22:02.231 [main] INFO  com.UI.listeners.AllureListener - Test Suite started: Dummy Site Tests
2025-05-06 15:22:02.252 [TestNG-test=Dummy Site Tests-1] INFO  com.UI.tests.LoginTest - Starting test: testSuccessfulLogin
2025-05-06 15:22:02.257 [TestNG-test=Dummy Site Tests-1] INFO  com.UI.drivers.DriverManager - Initializing WebDriver: Browser=chrome, Mode=local, Headless=false
2025-05-06 15:22:03.741 [TestNG-test=Dummy Site Tests-1] INFO  com.UI.drivers.DriverManager - WebDriver initialized successfully
2025-05-06 15:22:03.793 [TestNG-test=Dummy Site Tests-1] INFO  com.UI.listeners.TestListener - Test started: testSuccessfulLogin
2025-05-06 15:22:03.793 [TestNG-test=Dummy Site Tests-1] INFO  com.UI.listeners.AllureListener - Starting test: testSuccessfulLogin
2025-05-06 15:22:07.952 [TestNG-test=Dummy Site Tests-1] INFO  com.UI.pages.LoginPage - Navigated to URL: http://10.119.32.127:8084/da/
2025-05-06 15:22:07.952 [TestNG-test=Dummy Site Tests-1] INFO  com.UI.pages.LoginPage - Navigated to Login page
2025-05-06 15:22:08.985 [TestNG-test=Dummy Site Tests-1] INFO  com.UI.pages.LoginPage - Sent Value to User name field
2025-05-06 15:22:09.043 [TestNG-test=Dummy Site Tests-1] INFO  com.UI.pages.LoginPage - Sent Value to Password field
2025-05-06 15:22:09.091 [TestNG-test=Dummy Site Tests-1] INFO  com.UI.pages.LoginPage - Clicked user profile link
2025-05-06 15:22:09.097 [TestNG-test=Dummy Site Tests-1] ERROR com.UI.listeners.AllureListener - Test failed: testSuccessfulLogin
2025-05-06 15:22:09.097 [TestNG-test=Dummy Site Tests-1] ERROR com.UI.listeners.AllureListener - Failure reason: expected [2] but found [1]
2025-05-06 15:22:19.129 [TestNG-test=Dummy Site Tests-1] ERROR com.UI.listeners.AllureListener - Test failed: testSuccessfulLogin
2025-05-06 15:22:19.129 [TestNG-test=Dummy Site Tests-1] ERROR com.UI.listeners.AllureListener - Failure reason: timeout: Timed out receiving message from renderer: 10.000
  (Session info: chrome=135.0.7049.115)
Build info: version: '4.11.0', revision: '040bc5406b'
System info: os.name: 'Windows 11', os.arch: 'amd64', os.version: '10.0', java.version: '11.0.22'
Driver info: org.openqa.selenium.chrome.ChromeDriver
Command: [4ea24dd67ec338339b452b0c54aafa37, screenshot {}]
Capabilities {acceptInsecureCerts: false, browserName: chrome, browserVersion: 135.0.7049.115, chrome: {chromedriverVersion: 135.0.7049.114 (63fd8a7d9d0..., userDataDir: C:\Users\rbarik\AppData\Loc...}, fedcm:accounts: true, goog:chromeOptions: {debuggerAddress: localhost:54052}, networkConnectionEnabled: false, pageLoadStrategy: normal, platformName: windows, proxy: Proxy(), se:cdp: ws://localhost:54052/devtoo..., se:cdpVersion: 135.0.7049.115, setWindowRect: true, strictFileInteractability: false, timeouts: {implicit: 0, pageLoad: 300000, script: 30000}, unhandledPromptBehavior: dismiss and notify, webauthn:extension:credBlob: true, webauthn:extension:largeBlob: true, webauthn:extension:minPinLength: true, webauthn:extension:prf: true, webauthn:virtualAuthenticators: true}
Session ID: 4ea24dd67ec338339b452b0c54aafa37
2025-05-06 15:22:19.291 [TestNG-test=Dummy Site Tests-1] ERROR com.UI.listeners.AllureListener - Failed to attach screenshot to Allure report
java.nio.file.NoSuchFileException: screenshots\failure_LoginTest_testSuccessfulLogin_20250506_152219.png
	at sun.nio.fs.WindowsException.translateToIOException(WindowsException.java:85) ~[?:?]
	at sun.nio.fs.WindowsException.rethrowAsIOException(WindowsException.java:103) ~[?:?]
	at sun.nio.fs.WindowsException.rethrowAsIOException(WindowsException.java:108) ~[?:?]
	at sun.nio.fs.WindowsFileSystemProvider.newByteChannel(WindowsFileSystemProvider.java:235) ~[?:?]
	at java.nio.file.Files.newByteChannel(Files.java:371) ~[?:?]
	at java.nio.file.Files.newByteChannel(Files.java:422) ~[?:?]
	at java.nio.file.Files.readAllBytes(Files.java:3206) ~[?:?]
	at com.UI.listeners.AllureListener.onTestFailure(AllureListener.java:37) [classes/:?]
	at org.testng.internal.TestListenerHelper.runTestListeners(TestListenerHelper.java:108) [testng-7.8.0.jar:7.8.0]
	at org.testng.internal.invokers.TestInvoker.runTestResultListener(TestInvoker.java:262) [testng-7.8.0.jar:7.8.0]
	at org.testng.internal.invokers.TestInvoker$MethodInvocationAgent.invoke(TestInvoker.java:973) [testng-7.8.0.jar:7.8.0]
	at org.testng.internal.invokers.TestInvoker.invokeTestMethods(TestInvoker.java:200) [testng-7.8.0.jar:7.8.0]
	at org.testng.internal.invokers.TestMethodWorker.invokeTestMethods(TestMethodWorker.java:148) [testng-7.8.0.jar:7.8.0]
	at org.testng.internal.invokers.TestMethodWorker.run(TestMethodWorker.java:128) [testng-7.8.0.jar:7.8.0]
	at java.util.concurrent.ThreadPoolExecutor.runWorker(ThreadPoolExecutor.java:1128) [?:?]
	at java.util.concurrent.ThreadPoolExecutor$Worker.run(ThreadPoolExecutor.java:628) [?:?]
	at java.lang.Thread.run(Thread.java:834) [?:?]
2025-05-06 15:22:19.311 [TestNG-test=Dummy Site Tests-1] ERROR com.UI.listeners.TestListener - Test failed: testSuccessfulLogin
2025-05-06 15:22:19.311 [TestNG-test=Dummy Site Tests-1] ERROR com.UI.listeners.TestListener - Failure reason: timeout: Timed out receiving message from renderer: 10.000
  (Session info: chrome=135.0.7049.115)
Build info: version: '4.11.0', revision: '040bc5406b'
System info: os.name: 'Windows 11', os.arch: 'amd64', os.version: '10.0', java.version: '11.0.22'
Driver info: org.openqa.selenium.chrome.ChromeDriver
Command: [4ea24dd67ec338339b452b0c54aafa37, screenshot {}]
Capabilities {acceptInsecureCerts: false, browserName: chrome, browserVersion: 135.0.7049.115, chrome: {chromedriverVersion: 135.0.7049.114 (63fd8a7d9d0..., userDataDir: C:\Users\rbarik\AppData\Loc...}, fedcm:accounts: true, goog:chromeOptions: {debuggerAddress: localhost:54052}, networkConnectionEnabled: false, pageLoadStrategy: normal, platformName: windows, proxy: Proxy(), se:cdp: ws://localhost:54052/devtoo..., se:cdpVersion: 135.0.7049.115, setWindowRect: true, strictFileInteractability: false, timeouts: {implicit: 0, pageLoad: 300000, script: 30000}, unhandledPromptBehavior: dismiss and notify, webauthn:extension:credBlob: true, webauthn:extension:largeBlob: true, webauthn:extension:minPinLength: true, webauthn:extension:prf: true, webauthn:virtualAuthenticators: true}
Session ID: 4ea24dd67ec338339b452b0c54aafa37
2025-05-06 15:22:19.475 [TestNG-test=Dummy Site Tests-1] INFO  com.UI.tests.LoginTest - Starting test: testSuccessfulLogin2
2025-05-06 15:22:19.475 [TestNG-test=Dummy Site Tests-1] INFO  com.UI.drivers.DriverManager - Initializing WebDriver: Browser=chrome, Mode=local, Headless=false
2025-05-06 15:22:20.231 [TestNG-test=Dummy Site Tests-1] INFO  com.UI.drivers.DriverManager - WebDriver initialized successfully
2025-05-06 15:22:20.240 [TestNG-test=Dummy Site Tests-1] INFO  com.UI.listeners.TestListener - Test started: testSuccessfulLogin2
2025-05-06 15:22:20.241 [TestNG-test=Dummy Site Tests-1] INFO  com.UI.listeners.AllureListener - Starting test: testSuccessfulLogin2
2025-05-06 15:22:30.259 [TestNG-test=Dummy Site Tests-1] ERROR com.UI.listeners.AllureListener - Test failed: testSuccessfulLogin2
2025-05-06 15:22:30.259 [TestNG-test=Dummy Site Tests-1] ERROR com.UI.listeners.AllureListener - Failure reason: timeout: Timed out receiving message from renderer: 8.758
  (Session info: chrome=135.0.7049.115)
Build info: version: '4.11.0', revision: '040bc5406b'
System info: os.name: 'Windows 11', os.arch: 'amd64', os.version: '10.0', java.version: '11.0.22'
Driver info: org.openqa.selenium.chrome.ChromeDriver
Command: [5f2763e716e7cf2b9ab87fc6904e7a74, get {url=http://10.119.32.127:8084/da/}]
Capabilities {acceptInsecureCerts: false, browserName: chrome, browserVersion: 135.0.7049.115, chrome: {chromedriverVersion: 135.0.7049.114 (63fd8a7d9d0..., userDataDir: C:\Users\rbarik\AppData\Loc...}, fedcm:accounts: true, goog:chromeOptions: {debuggerAddress: localhost:54083}, networkConnectionEnabled: false, pageLoadStrategy: normal, platformName: windows, proxy: Proxy(), se:cdp: ws://localhost:54083/devtoo..., se:cdpVersion: 135.0.7049.115, setWindowRect: true, strictFileInteractability: false, timeouts: {implicit: 0, pageLoad: 300000, script: 30000}, unhandledPromptBehavior: dismiss and notify, webauthn:extension:credBlob: true, webauthn:extension:largeBlob: true, webauthn:extension:minPinLength: true, webauthn:extension:prf: true, webauthn:virtualAuthenticators: true}
Session ID: 5f2763e716e7cf2b9ab87fc6904e7a74
2025-05-06 15:22:30.391 [TestNG-test=Dummy Site Tests-1] ERROR com.UI.listeners.AllureListener - Failed to attach screenshot to Allure report
java.nio.file.NoSuchFileException: screenshots\failure_LoginTest_testSuccessfulLogin2_20250506_152230.png
	at sun.nio.fs.WindowsException.translateToIOException(WindowsException.java:85) ~[?:?]
	at sun.nio.fs.WindowsException.rethrowAsIOException(WindowsException.java:103) ~[?:?]
	at sun.nio.fs.WindowsException.rethrowAsIOException(WindowsException.java:108) ~[?:?]
	at sun.nio.fs.WindowsFileSystemProvider.newByteChannel(WindowsFileSystemProvider.java:235) ~[?:?]
	at java.nio.file.Files.newByteChannel(Files.java:371) ~[?:?]
	at java.nio.file.Files.newByteChannel(Files.java:422) ~[?:?]
	at java.nio.file.Files.readAllBytes(Files.java:3206) ~[?:?]
	at com.UI.listeners.AllureListener.onTestFailure(AllureListener.java:37) [classes/:?]
	at org.testng.internal.TestListenerHelper.runTestListeners(TestListenerHelper.java:108) [testng-7.8.0.jar:7.8.0]
	at org.testng.internal.invokers.TestInvoker.runTestResultListener(TestInvoker.java:262) [testng-7.8.0.jar:7.8.0]
	at org.testng.internal.invokers.TestInvoker.invokeMethod(TestInvoker.java:751) [testng-7.8.0.jar:7.8.0]
	at org.testng.internal.invokers.TestInvoker.invokeTestMethod(TestInvoker.java:227) [testng-7.8.0.jar:7.8.0]
	at org.testng.internal.invokers.MethodRunner.runInSequence(MethodRunner.java:50) [testng-7.8.0.jar:7.8.0]
	at org.testng.internal.invokers.TestInvoker$MethodInvocationAgent.invoke(TestInvoker.java:957) [testng-7.8.0.jar:7.8.0]
	at org.testng.internal.invokers.TestInvoker.invokeTestMethods(TestInvoker.java:200) [testng-7.8.0.jar:7.8.0]
	at org.testng.internal.invokers.TestMethodWorker.invokeTestMethods(TestMethodWorker.java:148) [testng-7.8.0.jar:7.8.0]
	at org.testng.internal.invokers.TestMethodWorker.run(TestMethodWorker.java:128) [testng-7.8.0.jar:7.8.0]
	at java.util.concurrent.ThreadPoolExecutor.runWorker(ThreadPoolExecutor.java:1128) [?:?]
	at java.util.concurrent.ThreadPoolExecutor$Worker.run(ThreadPoolExecutor.java:628) [?:?]
	at java.lang.Thread.run(Thread.java:834) [?:?]
2025-05-06 15:22:30.391 [TestNG-test=Dummy Site Tests-1] ERROR com.UI.listeners.TestListener - Test failed: testSuccessfulLogin2
2025-05-06 15:22:30.391 [TestNG-test=Dummy Site Tests-1] ERROR com.UI.listeners.TestListener - Failure reason: timeout: Timed out receiving message from renderer: 8.758
  (Session info: chrome=135.0.7049.115)
Build info: version: '4.11.0', revision: '040bc5406b'
System info: os.name: 'Windows 11', os.arch: 'amd64', os.version: '10.0', java.version: '11.0.22'
Driver info: org.openqa.selenium.chrome.ChromeDriver
Command: [5f2763e716e7cf2b9ab87fc6904e7a74, get {url=http://10.119.32.127:8084/da/}]
Capabilities {acceptInsecureCerts: false, browserName: chrome, browserVersion: 135.0.7049.115, chrome: {chromedriverVersion: 135.0.7049.114 (63fd8a7d9d0..., userDataDir: C:\Users\rbarik\AppData\Loc...}, fedcm:accounts: true, goog:chromeOptions: {debuggerAddress: localhost:54083}, networkConnectionEnabled: false, pageLoadStrategy: normal, platformName: windows, proxy: Proxy(), se:cdp: ws://localhost:54083/devtoo..., se:cdpVersion: 135.0.7049.115, setWindowRect: true, strictFileInteractability: false, timeouts: {implicit: 0, pageLoad: 300000, script: 30000}, unhandledPromptBehavior: dismiss and notify, webauthn:extension:credBlob: true, webauthn:extension:largeBlob: true, webauthn:extension:minPinLength: true, webauthn:extension:prf: true, webauthn:virtualAuthenticators: true}
Session ID: 5f2763e716e7cf2b9ab87fc6904e7a74
2025-05-06 15:22:30.544 [TestNG-test=Dummy Site Tests-1] ERROR com.UI.tests.LoginTest - Test failed: testSuccessfulLogin2
2025-05-06 15:22:30.544 [TestNG-test=Dummy Site Tests-1] ERROR com.UI.tests.LoginTest - Failure reason: timeout: Timed out receiving message from renderer: 8.758
  (Session info: chrome=135.0.7049.115)
Build info: version: '4.11.0', revision: '040bc5406b'
System info: os.name: 'Windows 11', os.arch: 'amd64', os.version: '10.0', java.version: '11.0.22'
Driver info: org.openqa.selenium.chrome.ChromeDriver
Command: [5f2763e716e7cf2b9ab87fc6904e7a74, get {url=http://10.119.32.127:8084/da/}]
Capabilities {acceptInsecureCerts: false, browserName: chrome, browserVersion: 135.0.7049.115, chrome: {chromedriverVersion: 135.0.7049.114 (63fd8a7d9d0..., userDataDir: C:\Users\rbarik\AppData\Loc...}, fedcm:accounts: true, goog:chromeOptions: {debuggerAddress: localhost:54083}, networkConnectionEnabled: false, pageLoadStrategy: normal, platformName: windows, proxy: Proxy(), se:cdp: ws://localhost:54083/devtoo..., se:cdpVersion: 135.0.7049.115, setWindowRect: true, strictFileInteractability: false, timeouts: {implicit: 0, pageLoad: 300000, script: 30000}, unhandledPromptBehavior: dismiss and notify, webauthn:extension:credBlob: true, webauthn:extension:largeBlob: true, webauthn:extension:minPinLength: true, webauthn:extension:prf: true, webauthn:virtualAuthenticators: true}
Session ID: 5f2763e716e7cf2b9ab87fc6904e7a74
2025-05-06 15:22:30.801 [TestNG-test=Dummy Site Tests-1] INFO  com.UI.drivers.DriverManager - WebDriver closed and removed from ThreadLocal
2025-05-06 15:22:30.801 [main] INFO  com.UI.listeners.AllureListener - Test Suite finished: Dummy Site Tests
2025-05-06 15:22:30.801 [main] INFO  com.UI.listeners.TestListener - Test Suite finished: Dummy Site Tests
2025-05-06 15:22:30.801 [main] INFO  com.UI.listeners.TestListener - Test Results Summary - Passed: 0, Failed: 2, Skipped: 0
2025-05-06 15:22:31.229 [main] INFO  com.UI.reports.ExtentReportManager - ExtentReports flushed to disk
2025-05-06 15:22:31.229 [main] INFO  com.UI.tests.LoginTest - Test Suite completed
2025-05-06 15:24:05.843 [main] INFO  com.UI.config.ConfigManager - Configuration properties loaded successfully
2025-05-06 15:24:06.002 [main] INFO  com.UI.reports.ExtentReportManager - ExtentReports initialized. Report will be saved to: test-output/reports\TestReport_20250506_152405.html
2025-05-06 15:24:06.002 [main] INFO  com.UI.tests.LoginTest - Test Suite setup completed
2025-05-06 15:24:06.010 [main] INFO  com.UI.listeners.TestListener - Test Suite started: Dummy Site Tests
2025-05-06 15:24:06.010 [main] INFO  com.UI.listeners.AllureListener - Test Suite started: Dummy Site Tests
2025-05-06 15:24:06.033 [TestNG-test=Dummy Site Tests-1] INFO  com.UI.tests.LoginTest - Starting test: testSuccessfulLogin
2025-05-06 15:24:06.039 [TestNG-test=Dummy Site Tests-1] INFO  com.UI.drivers.DriverManager - Initializing WebDriver: Browser=chrome, Mode=local, Headless=false
2025-05-06 15:24:07.470 [TestNG-test=Dummy Site Tests-1] INFO  com.UI.drivers.DriverManager - WebDriver initialized successfully
2025-05-06 15:24:07.523 [TestNG-test=Dummy Site Tests-1] INFO  com.UI.listeners.TestListener - Test started: testSuccessfulLogin
2025-05-06 15:24:07.523 [TestNG-test=Dummy Site Tests-1] INFO  com.UI.listeners.AllureListener - Starting test: testSuccessfulLogin
2025-05-06 15:24:11.232 [TestNG-test=Dummy Site Tests-1] INFO  com.UI.pages.LoginPage - Navigated to URL: http://10.119.32.127:8084/da/
2025-05-06 15:24:11.233 [TestNG-test=Dummy Site Tests-1] INFO  com.UI.pages.LoginPage - Navigated to Login page
2025-05-06 15:24:12.343 [TestNG-test=Dummy Site Tests-1] INFO  com.UI.pages.LoginPage - Sent Value to User name field
2025-05-06 15:24:12.409 [TestNG-test=Dummy Site Tests-1] INFO  com.UI.pages.LoginPage - Sent Value to Password field
2025-05-06 15:24:12.458 [TestNG-test=Dummy Site Tests-1] INFO  com.UI.pages.LoginPage - Clicked user profile link
2025-05-06 15:24:12.470 [TestNG-test=Dummy Site Tests-1] ERROR com.UI.listeners.AllureListener - Test failed: testSuccessfulLogin
2025-05-06 15:24:12.470 [TestNG-test=Dummy Site Tests-1] ERROR com.UI.listeners.AllureListener - Failure reason: expected [2] but found [1]
2025-05-06 15:24:22.512 [TestNG-test=Dummy Site Tests-1] ERROR com.UI.listeners.AllureListener - Test failed: testSuccessfulLogin
2025-05-06 15:24:22.512 [TestNG-test=Dummy Site Tests-1] ERROR com.UI.listeners.AllureListener - Failure reason: timeout: Timed out receiving message from renderer: 10.000
  (Session info: chrome=135.0.7049.115)
Build info: version: '4.11.0', revision: '040bc5406b'
System info: os.name: 'Windows 11', os.arch: 'amd64', os.version: '10.0', java.version: '11.0.22'
Driver info: org.openqa.selenium.chrome.ChromeDriver
Command: [f43390fd08dc8df021c714d53536296a, screenshot {}]
Capabilities {acceptInsecureCerts: false, browserName: chrome, browserVersion: 135.0.7049.115, chrome: {chromedriverVersion: 135.0.7049.114 (63fd8a7d9d0..., userDataDir: C:\Users\rbarik\AppData\Loc...}, fedcm:accounts: true, goog:chromeOptions: {debuggerAddress: localhost:54271}, networkConnectionEnabled: false, pageLoadStrategy: normal, platformName: windows, proxy: Proxy(), se:cdp: ws://localhost:54271/devtoo..., se:cdpVersion: 135.0.7049.115, setWindowRect: true, strictFileInteractability: false, timeouts: {implicit: 0, pageLoad: 300000, script: 30000}, unhandledPromptBehavior: dismiss and notify, webauthn:extension:credBlob: true, webauthn:extension:largeBlob: true, webauthn:extension:minPinLength: true, webauthn:extension:prf: true, webauthn:virtualAuthenticators: true}
Session ID: f43390fd08dc8df021c714d53536296a
2025-05-06 15:24:22.693 [TestNG-test=Dummy Site Tests-1] ERROR com.UI.listeners.AllureListener - Failed to attach screenshot to Allure report
java.nio.file.NoSuchFileException: screenshots\failure_LoginTest_testSuccessfulLogin_20250506_152422.png
	at sun.nio.fs.WindowsException.translateToIOException(WindowsException.java:85) ~[?:?]
	at sun.nio.fs.WindowsException.rethrowAsIOException(WindowsException.java:103) ~[?:?]
	at sun.nio.fs.WindowsException.rethrowAsIOException(WindowsException.java:108) ~[?:?]
	at sun.nio.fs.WindowsFileSystemProvider.newByteChannel(WindowsFileSystemProvider.java:235) ~[?:?]
	at java.nio.file.Files.newByteChannel(Files.java:371) ~[?:?]
	at java.nio.file.Files.newByteChannel(Files.java:422) ~[?:?]
	at java.nio.file.Files.readAllBytes(Files.java:3206) ~[?:?]
	at com.UI.listeners.AllureListener.onTestFailure(AllureListener.java:37) [classes/:?]
	at org.testng.internal.TestListenerHelper.runTestListeners(TestListenerHelper.java:108) [testng-7.8.0.jar:7.8.0]
	at org.testng.internal.invokers.TestInvoker.runTestResultListener(TestInvoker.java:262) [testng-7.8.0.jar:7.8.0]
	at org.testng.internal.invokers.TestInvoker$MethodInvocationAgent.invoke(TestInvoker.java:973) [testng-7.8.0.jar:7.8.0]
	at org.testng.internal.invokers.TestInvoker.invokeTestMethods(TestInvoker.java:200) [testng-7.8.0.jar:7.8.0]
	at org.testng.internal.invokers.TestMethodWorker.invokeTestMethods(TestMethodWorker.java:148) [testng-7.8.0.jar:7.8.0]
	at org.testng.internal.invokers.TestMethodWorker.run(TestMethodWorker.java:128) [testng-7.8.0.jar:7.8.0]
	at java.util.concurrent.ThreadPoolExecutor.runWorker(ThreadPoolExecutor.java:1128) [?:?]
	at java.util.concurrent.ThreadPoolExecutor$Worker.run(ThreadPoolExecutor.java:628) [?:?]
	at java.lang.Thread.run(Thread.java:834) [?:?]
2025-05-06 15:24:22.708 [TestNG-test=Dummy Site Tests-1] ERROR com.UI.listeners.TestListener - Test failed: testSuccessfulLogin
2025-05-06 15:24:22.710 [TestNG-test=Dummy Site Tests-1] ERROR com.UI.listeners.TestListener - Failure reason: timeout: Timed out receiving message from renderer: 10.000
  (Session info: chrome=135.0.7049.115)
Build info: version: '4.11.0', revision: '040bc5406b'
System info: os.name: 'Windows 11', os.arch: 'amd64', os.version: '10.0', java.version: '11.0.22'
Driver info: org.openqa.selenium.chrome.ChromeDriver
Command: [f43390fd08dc8df021c714d53536296a, screenshot {}]
Capabilities {acceptInsecureCerts: false, browserName: chrome, browserVersion: 135.0.7049.115, chrome: {chromedriverVersion: 135.0.7049.114 (63fd8a7d9d0..., userDataDir: C:\Users\rbarik\AppData\Loc...}, fedcm:accounts: true, goog:chromeOptions: {debuggerAddress: localhost:54271}, networkConnectionEnabled: false, pageLoadStrategy: normal, platformName: windows, proxy: Proxy(), se:cdp: ws://localhost:54271/devtoo..., se:cdpVersion: 135.0.7049.115, setWindowRect: true, strictFileInteractability: false, timeouts: {implicit: 0, pageLoad: 300000, script: 30000}, unhandledPromptBehavior: dismiss and notify, webauthn:extension:credBlob: true, webauthn:extension:largeBlob: true, webauthn:extension:minPinLength: true, webauthn:extension:prf: true, webauthn:virtualAuthenticators: true}
Session ID: f43390fd08dc8df021c714d53536296a
2025-05-06 15:24:22.910 [main] INFO  com.UI.listeners.AllureListener - Test Suite finished: Dummy Site Tests
2025-05-06 15:24:22.910 [main] INFO  com.UI.listeners.TestListener - Test Suite finished: Dummy Site Tests
2025-05-06 15:24:22.910 [main] INFO  com.UI.listeners.TestListener - Test Results Summary - Passed: 0, Failed: 1, Skipped: 0
2025-05-06 15:24:23.359 [main] INFO  com.UI.reports.ExtentReportManager - ExtentReports flushed to disk
2025-05-06 15:24:23.359 [main] INFO  com.UI.tests.LoginTest - Test Suite completed
2025-05-06 15:26:32.863 [main] INFO  com.UI.config.ConfigManager - Configuration properties loaded successfully
2025-05-06 15:26:33.186 [main] INFO  com.UI.reports.ExtentReportManager - ExtentReports initialized. Report will be saved to: test-output/reports\TestReport_20250506_152632.html
2025-05-06 15:26:33.187 [main] INFO  com.UI.tests.LoginTest - Test Suite setup completed
2025-05-06 15:26:33.196 [main] INFO  com.UI.listeners.TestListener - Test Suite started: Dummy Site Tests
2025-05-06 15:26:33.196 [main] INFO  com.UI.listeners.AllureListener - Test Suite started: Dummy Site Tests
2025-05-06 15:26:33.272 [TestNG-test=Dummy Site Tests-1] INFO  com.UI.tests.LoginTest - Starting test: testSuccessfulLogin
2025-05-06 15:26:33.286 [TestNG-test=Dummy Site Tests-1] INFO  com.UI.drivers.DriverManager - Initializing WebDriver: Browser=chrome, Mode=local, Headless=false
2025-05-06 15:26:35.126 [TestNG-test=Dummy Site Tests-1] INFO  com.UI.drivers.DriverManager - WebDriver initialized successfully
2025-05-06 15:26:35.193 [TestNG-test=Dummy Site Tests-1] INFO  com.UI.listeners.TestListener - Test started: testSuccessfulLogin
2025-05-06 15:26:35.193 [TestNG-test=Dummy Site Tests-1] INFO  com.UI.listeners.AllureListener - Starting test: testSuccessfulLogin
2025-05-06 15:26:39.412 [TestNG-test=Dummy Site Tests-1] INFO  com.UI.pages.LoginPage - Navigated to URL: http://10.119.32.127:8084/da/
2025-05-06 15:26:39.412 [TestNG-test=Dummy Site Tests-1] INFO  com.UI.pages.LoginPage - Navigated to Login page
2025-05-06 15:26:40.209 [TestNG-test=Dummy Site Tests-1] INFO  com.UI.pages.LoginPage - Sent Value to User name field
2025-05-06 15:26:40.309 [TestNG-test=Dummy Site Tests-1] INFO  com.UI.pages.LoginPage - Sent Value to Password field
2025-05-06 15:26:40.409 [TestNG-test=Dummy Site Tests-1] INFO  com.UI.pages.LoginPage - Clicked user profile link
2025-05-06 15:26:40.423 [TestNG-test=Dummy Site Tests-1] INFO  com.UI.listeners.AllureListener - Test passed: testSuccessfulLogin
2025-05-06 15:26:40.423 [TestNG-test=Dummy Site Tests-1] INFO  com.UI.listeners.TestListener - Test passed: testSuccessfulLogin
2025-05-06 15:26:40.441 [TestNG-test=Dummy Site Tests-1] INFO  com.UI.tests.LoginTest - Test passed: testSuccessfulLogin
2025-05-06 15:26:40.645 [TestNG-test=Dummy Site Tests-1] INFO  com.UI.drivers.DriverManager - WebDriver closed and removed from ThreadLocal
2025-05-06 15:26:40.645 [main] INFO  com.UI.listeners.AllureListener - Test Suite finished: Dummy Site Tests
2025-05-06 15:26:40.645 [main] INFO  com.UI.listeners.TestListener - Test Suite finished: Dummy Site Tests
2025-05-06 15:26:40.645 [main] INFO  com.UI.listeners.TestListener - Test Results Summary - Passed: 1, Failed: 0, Skipped: 0
2025-05-06 15:26:41.359 [main] INFO  com.UI.reports.ExtentReportManager - ExtentReports flushed to disk
2025-05-06 15:26:41.359 [main] INFO  com.UI.tests.LoginTest - Test Suite completed
2025-05-06 15:27:26.899 [main] INFO  com.UI.config.ConfigManager - Configuration properties loaded successfully
2025-05-06 15:27:27.217 [main] INFO  com.UI.reports.ExtentReportManager - ExtentReports initialized. Report will be saved to: test-output/reports\TestReport_20250506_152726.html
2025-05-06 15:27:27.217 [main] INFO  com.UI.tests.LoginTest - Test Suite setup completed
2025-05-06 15:27:27.228 [main] INFO  com.UI.listeners.TestListener - Test Suite started: Dummy Site Tests
2025-05-06 15:27:27.229 [main] INFO  com.UI.listeners.AllureListener - Test Suite started: Dummy Site Tests
2025-05-06 15:27:27.280 [TestNG-test=Dummy Site Tests-1] INFO  com.UI.tests.LoginTest - Starting test: testSuccessfulLogin
2025-05-06 15:27:27.292 [TestNG-test=Dummy Site Tests-1] INFO  com.UI.drivers.DriverManager - Initializing WebDriver: Browser=chrome, Mode=local, Headless=false
2025-05-06 15:27:29.040 [TestNG-test=Dummy Site Tests-1] INFO  com.UI.drivers.DriverManager - WebDriver initialized successfully
2025-05-06 15:27:29.109 [TestNG-test=Dummy Site Tests-1] INFO  com.UI.listeners.TestListener - Test started: testSuccessfulLogin
2025-05-06 15:27:29.109 [TestNG-test=Dummy Site Tests-1] INFO  com.UI.listeners.AllureListener - Starting test: testSuccessfulLogin
2025-05-06 15:27:33.454 [TestNG-test=Dummy Site Tests-1] INFO  com.UI.pages.LoginPage - Navigated to URL: http://10.119.32.127:8084/da/
2025-05-06 15:27:33.454 [TestNG-test=Dummy Site Tests-1] INFO  com.UI.pages.LoginPage - Navigated to Login page
2025-05-06 15:27:34.259 [TestNG-test=Dummy Site Tests-1] INFO  com.UI.pages.LoginPage - Sent Value to User name field
2025-05-06 15:27:34.392 [TestNG-test=Dummy Site Tests-1] INFO  com.UI.pages.LoginPage - Sent Value to Password field
2025-05-06 15:27:34.493 [TestNG-test=Dummy Site Tests-1] INFO  com.UI.pages.LoginPage - Clicked user profile link
2025-05-06 15:27:34.508 [TestNG-test=Dummy Site Tests-1] INFO  com.UI.listeners.AllureListener - Test passed: testSuccessfulLogin
2025-05-06 15:27:34.514 [TestNG-test=Dummy Site Tests-1] INFO  com.UI.listeners.TestListener - Test passed: testSuccessfulLogin
2025-05-06 15:27:34.537 [TestNG-test=Dummy Site Tests-1] INFO  com.UI.tests.LoginTest - Test passed: testSuccessfulLogin
2025-05-06 15:27:34.726 [TestNG-test=Dummy Site Tests-1] INFO  com.UI.drivers.DriverManager - WebDriver closed and removed from ThreadLocal
2025-05-06 15:27:34.726 [TestNG-test=Dummy Site Tests-1] INFO  com.UI.tests.LoginTest - Starting test: testSuccessfulLogin2
2025-05-06 15:27:34.726 [TestNG-test=Dummy Site Tests-1] INFO  com.UI.drivers.DriverManager - Initializing WebDriver: Browser=chrome, Mode=local, Headless=false
2025-05-06 15:27:35.544 [TestNG-test=Dummy Site Tests-1] INFO  com.UI.drivers.DriverManager - WebDriver initialized successfully
2025-05-06 15:27:35.548 [TestNG-test=Dummy Site Tests-1] INFO  com.UI.listeners.TestListener - Test started: testSuccessfulLogin2
2025-05-06 15:27:35.549 [TestNG-test=Dummy Site Tests-1] INFO  com.UI.listeners.AllureListener - Starting test: testSuccessfulLogin2
2025-05-06 15:27:39.892 [TestNG-test=Dummy Site Tests-1] INFO  com.UI.pages.LoginPage - Navigated to URL: http://10.119.32.127:8084/da/
2025-05-06 15:27:39.892 [TestNG-test=Dummy Site Tests-1] INFO  com.UI.pages.LoginPage - Navigated to Login page
2025-05-06 15:27:40.665 [TestNG-test=Dummy Site Tests-1] INFO  com.UI.pages.LoginPage - Sent Value to User name field
2025-05-06 15:27:40.720 [TestNG-test=Dummy Site Tests-1] INFO  com.UI.pages.LoginPage - Sent Value to Password field
2025-05-06 15:27:40.835 [TestNG-test=Dummy Site Tests-1] INFO  com.UI.pages.LoginPage - Clicked user profile link
2025-05-06 15:27:40.835 [TestNG-test=Dummy Site Tests-1] INFO  com.UI.listeners.AllureListener - Test passed: testSuccessfulLogin2
2025-05-06 15:27:40.836 [TestNG-test=Dummy Site Tests-1] INFO  com.UI.listeners.TestListener - Test passed: testSuccessfulLogin2
2025-05-06 15:27:40.839 [TestNG-test=Dummy Site Tests-1] INFO  com.UI.tests.LoginTest - Test passed: testSuccessfulLogin2
2025-05-06 15:27:41.024 [TestNG-test=Dummy Site Tests-1] INFO  com.UI.drivers.DriverManager - WebDriver closed and removed from ThreadLocal
2025-05-06 15:27:41.026 [main] INFO  com.UI.listeners.AllureListener - Test Suite finished: Dummy Site Tests
2025-05-06 15:27:41.026 [main] INFO  com.UI.listeners.TestListener - Test Suite finished: Dummy Site Tests
2025-05-06 15:27:41.026 [main] INFO  com.UI.listeners.TestListener - Test Results Summary - Passed: 2, Failed: 0, Skipped: 0
2025-05-06 15:27:41.312 [main] INFO  com.UI.reports.ExtentReportManager - ExtentReports flushed to disk
2025-05-06 15:27:41.312 [main] INFO  com.UI.tests.LoginTest - Test Suite completed
2025-05-06 15:46:24.793 [main] INFO  com.UI.config.ConfigManager - Configuration properties loaded successfully
2025-05-06 15:46:25.132 [main] INFO  com.UI.reports.ExtentReportManager - ExtentReports initialized. Report will be saved to: test-output/reports\TestReport_20250506_154624.html
2025-05-06 15:46:25.132 [main] INFO  com.UI.tests.LoginTest - Test Suite setup completed
2025-05-06 15:46:25.140 [main] INFO  com.UI.listeners.TestListener - Test Suite started: Dummy Site Tests
2025-05-06 15:46:25.140 [main] INFO  com.UI.listeners.AllureListener - Test Suite started: Dummy Site Tests
2025-05-06 15:46:25.191 [TestNG-test=Dummy Site Tests-1] INFO  com.UI.tests.LoginTest - Starting test: testSuccessfulLogin
2025-05-06 15:46:25.201 [TestNG-test=Dummy Site Tests-1] INFO  com.UI.drivers.DriverManager - Initializing WebDriver: Browser=chrome, Mode=local, Headless=false
2025-05-06 15:46:26.934 [TestNG-test=Dummy Site Tests-1] INFO  com.UI.drivers.DriverManager - WebDriver initialized successfully
2025-05-06 15:46:27.008 [TestNG-test=Dummy Site Tests-1] INFO  com.UI.listeners.TestListener - Test started: testSuccessfulLogin
2025-05-06 15:46:27.008 [TestNG-test=Dummy Site Tests-1] INFO  com.UI.listeners.AllureListener - Starting test: testSuccessfulLogin
2025-05-06 15:46:31.376 [TestNG-test=Dummy Site Tests-1] INFO  com.UI.pages.LoginPage - Navigated to URL: http://10.119.32.127:8084/da/
2025-05-06 15:46:31.376 [TestNG-test=Dummy Site Tests-1] INFO  com.UI.pages.LoginPage - Navigated to Login page
2025-05-06 15:46:32.151 [TestNG-test=Dummy Site Tests-1] INFO  com.UI.pages.LoginPage - Sent Value to User name field
2025-05-06 15:46:32.258 [TestNG-test=Dummy Site Tests-1] INFO  com.UI.pages.LoginPage - Sent Value to Password field
2025-05-06 15:46:32.354 [TestNG-test=Dummy Site Tests-1] INFO  com.UI.pages.LoginPage - Clicked user profile link
2025-05-06 15:46:32.378 [TestNG-test=Dummy Site Tests-1] ERROR com.UI.listeners.AllureListener - Test failed: testSuccessfulLogin
2025-05-06 15:46:32.378 [TestNG-test=Dummy Site Tests-1] ERROR com.UI.listeners.AllureListener - Failure reason: expected [2] but found [1]
2025-05-06 15:46:42.425 [TestNG-test=Dummy Site Tests-1] ERROR com.UI.listeners.AllureListener - Test failed: testSuccessfulLogin
2025-05-06 15:46:42.425 [TestNG-test=Dummy Site Tests-1] ERROR com.UI.listeners.AllureListener - Failure reason: timeout: Timed out receiving message from renderer: 10.000
  (Session info: chrome=135.0.7049.115)
Build info: version: '4.11.0', revision: '040bc5406b'
System info: os.name: 'Windows 11', os.arch: 'amd64', os.version: '10.0', java.version: '11.0.22'
Driver info: org.openqa.selenium.chrome.ChromeDriver
Command: [67e745024d074f9d37abc668f5493c9c, screenshot {}]
Capabilities {acceptInsecureCerts: false, browserName: chrome, browserVersion: 135.0.7049.115, chrome: {chromedriverVersion: 135.0.7049.114 (63fd8a7d9d0..., userDataDir: C:\Users\rbarik\AppData\Loc...}, fedcm:accounts: true, goog:chromeOptions: {debuggerAddress: localhost:55585}, networkConnectionEnabled: false, pageLoadStrategy: normal, platformName: windows, proxy: Proxy(), se:cdp: ws://localhost:55585/devtoo..., se:cdpVersion: 135.0.7049.115, setWindowRect: true, strictFileInteractability: false, timeouts: {implicit: 0, pageLoad: 300000, script: 30000}, unhandledPromptBehavior: dismiss and notify, webauthn:extension:credBlob: true, webauthn:extension:largeBlob: true, webauthn:extension:minPinLength: true, webauthn:extension:prf: true, webauthn:virtualAuthenticators: true}
Session ID: 67e745024d074f9d37abc668f5493c9c
2025-05-06 15:46:42.576 [TestNG-test=Dummy Site Tests-1] ERROR com.UI.listeners.AllureListener - Failed to attach screenshot to Allure report
java.nio.file.NoSuchFileException: screenshots\failure_LoginTest_testSuccessfulLogin_20250506_154642.png
	at sun.nio.fs.WindowsException.translateToIOException(WindowsException.java:85) ~[?:?]
	at sun.nio.fs.WindowsException.rethrowAsIOException(WindowsException.java:103) ~[?:?]
	at sun.nio.fs.WindowsException.rethrowAsIOException(WindowsException.java:108) ~[?:?]
	at sun.nio.fs.WindowsFileSystemProvider.newByteChannel(WindowsFileSystemProvider.java:235) ~[?:?]
	at java.nio.file.Files.newByteChannel(Files.java:371) ~[?:?]
	at java.nio.file.Files.newByteChannel(Files.java:422) ~[?:?]
	at java.nio.file.Files.readAllBytes(Files.java:3206) ~[?:?]
	at com.UI.listeners.AllureListener.onTestFailure(AllureListener.java:37) [classes/:?]
	at org.testng.internal.TestListenerHelper.runTestListeners(TestListenerHelper.java:108) [testng-7.8.0.jar:7.8.0]
	at org.testng.internal.invokers.TestInvoker.runTestResultListener(TestInvoker.java:262) [testng-7.8.0.jar:7.8.0]
	at org.testng.internal.invokers.TestInvoker$MethodInvocationAgent.invoke(TestInvoker.java:973) [testng-7.8.0.jar:7.8.0]
	at org.testng.internal.invokers.TestInvoker.invokeTestMethods(TestInvoker.java:200) [testng-7.8.0.jar:7.8.0]
	at org.testng.internal.invokers.TestMethodWorker.invokeTestMethods(TestMethodWorker.java:148) [testng-7.8.0.jar:7.8.0]
	at org.testng.internal.invokers.TestMethodWorker.run(TestMethodWorker.java:128) [testng-7.8.0.jar:7.8.0]
	at java.util.concurrent.ThreadPoolExecutor.runWorker(ThreadPoolExecutor.java:1128) [?:?]
	at java.util.concurrent.ThreadPoolExecutor$Worker.run(ThreadPoolExecutor.java:628) [?:?]
	at java.lang.Thread.run(Thread.java:834) [?:?]
2025-05-06 15:46:42.593 [TestNG-test=Dummy Site Tests-1] ERROR com.UI.listeners.TestListener - Test failed: testSuccessfulLogin
2025-05-06 15:46:42.593 [TestNG-test=Dummy Site Tests-1] ERROR com.UI.listeners.TestListener - Failure reason: timeout: Timed out receiving message from renderer: 10.000
  (Session info: chrome=135.0.7049.115)
Build info: version: '4.11.0', revision: '040bc5406b'
System info: os.name: 'Windows 11', os.arch: 'amd64', os.version: '10.0', java.version: '11.0.22'
Driver info: org.openqa.selenium.chrome.ChromeDriver
Command: [67e745024d074f9d37abc668f5493c9c, screenshot {}]
Capabilities {acceptInsecureCerts: false, browserName: chrome, browserVersion: 135.0.7049.115, chrome: {chromedriverVersion: 135.0.7049.114 (63fd8a7d9d0..., userDataDir: C:\Users\rbarik\AppData\Loc...}, fedcm:accounts: true, goog:chromeOptions: {debuggerAddress: localhost:55585}, networkConnectionEnabled: false, pageLoadStrategy: normal, platformName: windows, proxy: Proxy(), se:cdp: ws://localhost:55585/devtoo..., se:cdpVersion: 135.0.7049.115, setWindowRect: true, strictFileInteractability: false, timeouts: {implicit: 0, pageLoad: 300000, script: 30000}, unhandledPromptBehavior: dismiss and notify, webauthn:extension:credBlob: true, webauthn:extension:largeBlob: true, webauthn:extension:minPinLength: true, webauthn:extension:prf: true, webauthn:virtualAuthenticators: true}
Session ID: 67e745024d074f9d37abc668f5493c9c
2025-05-06 15:46:42.759 [TestNG-test=Dummy Site Tests-1] INFO  com.UI.tests.LoginTest - Starting test: testSuccessfulLogin2
2025-05-06 15:46:42.759 [TestNG-test=Dummy Site Tests-1] INFO  com.UI.drivers.DriverManager - Initializing WebDriver: Browser=chrome, Mode=local, Headless=false
2025-05-06 15:46:43.534 [TestNG-test=Dummy Site Tests-1] INFO  com.UI.drivers.DriverManager - WebDriver initialized successfully
2025-05-06 15:46:43.542 [TestNG-test=Dummy Site Tests-1] INFO  com.UI.listeners.TestListener - Test started: testSuccessfulLogin2
2025-05-06 15:46:43.542 [TestNG-test=Dummy Site Tests-1] INFO  com.UI.listeners.AllureListener - Starting test: testSuccessfulLogin2
2025-05-06 15:46:47.562 [TestNG-test=Dummy Site Tests-1] INFO  com.UI.pages.LoginPage - Navigated to URL: http://10.119.32.127:8084/da/
2025-05-06 15:46:47.562 [TestNG-test=Dummy Site Tests-1] INFO  com.UI.pages.LoginPage - Navigated to Login page
2025-05-06 15:46:48.271 [TestNG-test=Dummy Site Tests-1] INFO  com.UI.pages.LoginPage - Sent Value to User name field
2025-05-06 15:46:48.325 [TestNG-test=Dummy Site Tests-1] INFO  com.UI.pages.LoginPage - Sent Value to Password field
2025-05-06 15:46:48.410 [TestNG-test=Dummy Site Tests-1] INFO  com.UI.pages.LoginPage - Clicked user profile link
2025-05-06 15:46:48.410 [TestNG-test=Dummy Site Tests-1] INFO  com.UI.listeners.AllureListener - Test passed: testSuccessfulLogin2
2025-05-06 15:46:48.410 [TestNG-test=Dummy Site Tests-1] INFO  com.UI.listeners.TestListener - Test passed: testSuccessfulLogin2
2025-05-06 15:46:48.425 [TestNG-test=Dummy Site Tests-1] INFO  com.UI.tests.LoginTest - Test passed: testSuccessfulLogin2
2025-05-06 15:46:48.645 [TestNG-test=Dummy Site Tests-1] INFO  com.UI.drivers.DriverManager - WebDriver closed and removed from ThreadLocal
2025-05-06 15:46:48.645 [main] INFO  com.UI.listeners.AllureListener - Test Suite finished: Dummy Site Tests
2025-05-06 15:46:48.645 [main] INFO  com.UI.listeners.TestListener - Test Suite finished: Dummy Site Tests
2025-05-06 15:46:48.645 [main] INFO  com.UI.listeners.TestListener - Test Results Summary - Passed: 1, Failed: 1, Skipped: 0
2025-05-06 15:46:49.301 [main] INFO  com.UI.reports.ExtentReportManager - ExtentReports flushed to disk
2025-05-06 15:46:49.301 [main] INFO  com.UI.tests.LoginTest - Test Suite completed
2025-05-06 15:52:59.750 [main] INFO  com.UI.config.ConfigManager - Configuration properties loaded successfully
2025-05-06 15:53:00.104 [main] INFO  com.UI.reports.ExtentReportManager - ExtentReports initialized. Report will be saved to: test-output/reports\TestReport_20250506_155259.html
2025-05-06 15:53:00.104 [main] INFO  com.UI.tests.LoginTest - Test Suite setup completed
2025-05-06 15:53:00.113 [main] INFO  com.UI.listeners.TestListener - Test Suite started: Dummy Site Tests
2025-05-06 15:53:00.113 [main] INFO  com.UI.listeners.AllureListener - Test Suite started: Dummy Site Tests
2025-05-06 15:53:00.167 [TestNG-test=Dummy Site Tests-1] INFO  com.UI.tests.LoginTest - Starting test: testSuccessfulLogin
2025-05-06 15:53:00.178 [TestNG-test=Dummy Site Tests-1] INFO  com.UI.drivers.DriverManager - Initializing WebDriver: Browser=chrome, Mode=local, Headless=false
2025-05-06 15:53:02.462 [TestNG-test=Dummy Site Tests-1] INFO  com.UI.drivers.DriverManager - WebDriver initialized successfully
2025-05-06 15:53:02.532 [TestNG-test=Dummy Site Tests-1] INFO  com.UI.listeners.TestListener - Test started: testSuccessfulLogin
2025-05-06 15:53:02.532 [TestNG-test=Dummy Site Tests-1] INFO  com.UI.listeners.AllureListener - Starting test: testSuccessfulLogin
2025-05-06 15:53:06.706 [TestNG-test=Dummy Site Tests-1] INFO  com.UI.pages.LoginPage - Navigated to URL: http://10.119.32.127:8084/da/
2025-05-06 15:53:06.706 [TestNG-test=Dummy Site Tests-1] INFO  com.UI.pages.LoginPage - Navigated to Login page
2025-05-06 15:53:07.810 [TestNG-test=Dummy Site Tests-1] INFO  com.UI.pages.LoginPage - Sent Value to User name field
2025-05-06 15:53:07.909 [TestNG-test=Dummy Site Tests-1] INFO  com.UI.pages.LoginPage - Sent Value to Password field
2025-05-06 15:53:07.975 [TestNG-test=Dummy Site Tests-1] INFO  com.UI.pages.LoginPage - Clicked user profile link
2025-05-06 15:53:08.006 [TestNG-test=Dummy Site Tests-1] ERROR com.UI.listeners.AllureListener - Test failed: testSuccessfulLogin
2025-05-06 15:53:08.007 [TestNG-test=Dummy Site Tests-1] ERROR com.UI.listeners.AllureListener - Failure reason: expected [2] but found [1]
2025-05-06 15:53:20.217 [TestNG-test=Dummy Site Tests-1] ERROR com.UI.listeners.AllureListener - Failed to attach screenshot to Allure report
java.nio.file.NoSuchFileException: screenshots\failure_LoginTest_testSuccessfulLogin_20250506_155308.png
	at sun.nio.fs.WindowsException.translateToIOException(WindowsException.java:85) ~[?:?]
	at sun.nio.fs.WindowsException.rethrowAsIOException(WindowsException.java:103) ~[?:?]
	at sun.nio.fs.WindowsException.rethrowAsIOException(WindowsException.java:108) ~[?:?]
	at sun.nio.fs.WindowsFileSystemProvider.newByteChannel(WindowsFileSystemProvider.java:235) ~[?:?]
	at java.nio.file.Files.newByteChannel(Files.java:371) ~[?:?]
	at java.nio.file.Files.newByteChannel(Files.java:422) ~[?:?]
	at java.nio.file.Files.readAllBytes(Files.java:3206) ~[?:?]
	at com.UI.listeners.AllureListener.onTestFailure(AllureListener.java:37) [classes/:?]
	at org.testng.internal.TestListenerHelper.runTestListeners(TestListenerHelper.java:108) [testng-7.8.0.jar:7.8.0]
	at org.testng.internal.invokers.TestInvoker.runTestResultListener(TestInvoker.java:262) [testng-7.8.0.jar:7.8.0]
	at org.testng.internal.invokers.TestInvoker.invokeMethod(TestInvoker.java:751) [testng-7.8.0.jar:7.8.0]
	at org.testng.internal.invokers.TestInvoker.invokeTestMethod(TestInvoker.java:227) [testng-7.8.0.jar:7.8.0]
	at org.testng.internal.invokers.MethodRunner.runInSequence(MethodRunner.java:50) [testng-7.8.0.jar:7.8.0]
	at org.testng.internal.invokers.TestInvoker$MethodInvocationAgent.invoke(TestInvoker.java:957) [testng-7.8.0.jar:7.8.0]
	at org.testng.internal.invokers.TestInvoker.invokeTestMethods(TestInvoker.java:200) [testng-7.8.0.jar:7.8.0]
	at org.testng.internal.invokers.TestMethodWorker.invokeTestMethods(TestMethodWorker.java:148) [testng-7.8.0.jar:7.8.0]
	at org.testng.internal.invokers.TestMethodWorker.run(TestMethodWorker.java:128) [testng-7.8.0.jar:7.8.0]
	at java.util.concurrent.ThreadPoolExecutor.runWorker(ThreadPoolExecutor.java:1128) [?:?]
	at java.util.concurrent.ThreadPoolExecutor$Worker.run(ThreadPoolExecutor.java:628) [?:?]
	at java.lang.Thread.run(Thread.java:834) [?:?]
2025-05-06 15:53:20.226 [TestNG-test=Dummy Site Tests-1] ERROR com.UI.listeners.TestListener - Test failed: testSuccessfulLogin
2025-05-06 15:53:20.226 [TestNG-test=Dummy Site Tests-1] ERROR com.UI.listeners.TestListener - Failure reason: expected [2] but found [1]
2025-05-06 15:53:20.417 [TestNG-test=Dummy Site Tests-1] ERROR com.UI.tests.LoginTest - Test failed: testSuccessfulLogin
2025-05-06 15:53:20.417 [TestNG-test=Dummy Site Tests-1] ERROR com.UI.tests.LoginTest - Failure reason: expected [2] but found [1]
2025-05-06 15:53:20.672 [TestNG-test=Dummy Site Tests-1] INFO  com.UI.drivers.DriverManager - WebDriver closed and removed from ThreadLocal
2025-05-06 15:53:20.672 [TestNG-test=Dummy Site Tests-1] INFO  com.UI.tests.LoginTest - Starting test: testSuccessfulLogin2
2025-05-06 15:53:20.672 [TestNG-test=Dummy Site Tests-1] INFO  com.UI.drivers.DriverManager - Initializing WebDriver: Browser=chrome, Mode=local, Headless=false
2025-05-06 15:53:21.462 [TestNG-test=Dummy Site Tests-1] INFO  com.UI.drivers.DriverManager - WebDriver initialized successfully
2025-05-06 15:53:21.466 [TestNG-test=Dummy Site Tests-1] INFO  com.UI.listeners.TestListener - Test started: testSuccessfulLogin2
2025-05-06 15:53:21.466 [TestNG-test=Dummy Site Tests-1] INFO  com.UI.listeners.AllureListener - Starting test: testSuccessfulLogin2
2025-05-06 15:53:25.325 [TestNG-test=Dummy Site Tests-1] INFO  com.UI.pages.LoginPage - Navigated to URL: http://10.119.32.127:8084/da/
2025-05-06 15:53:25.325 [TestNG-test=Dummy Site Tests-1] INFO  com.UI.pages.LoginPage - Navigated to Login page
2025-05-06 15:53:26.037 [TestNG-test=Dummy Site Tests-1] INFO  com.UI.pages.LoginPage - Sent Value to User name field
2025-05-06 15:53:26.100 [TestNG-test=Dummy Site Tests-1] INFO  com.UI.pages.LoginPage - Sent Value to Password field
2025-05-06 15:53:26.149 [TestNG-test=Dummy Site Tests-1] INFO  com.UI.pages.LoginPage - Clicked user profile link
2025-05-06 15:53:26.149 [TestNG-test=Dummy Site Tests-1] INFO  com.UI.listeners.AllureListener - Test passed: testSuccessfulLogin2
2025-05-06 15:53:26.150 [TestNG-test=Dummy Site Tests-1] INFO  com.UI.listeners.TestListener - Test passed: testSuccessfulLogin2
2025-05-06 15:53:26.151 [TestNG-test=Dummy Site Tests-1] INFO  com.UI.tests.LoginTest - Test passed: testSuccessfulLogin2
2025-05-06 15:53:26.286 [TestNG-test=Dummy Site Tests-1] INFO  com.UI.drivers.DriverManager - WebDriver closed and removed from ThreadLocal
2025-05-06 15:53:26.287 [main] INFO  com.UI.listeners.AllureListener - Test Suite finished: Dummy Site Tests
2025-05-06 15:53:26.287 [main] INFO  com.UI.listeners.TestListener - Test Suite finished: Dummy Site Tests
2025-05-06 15:53:26.287 [main] INFO  com.UI.listeners.TestListener - Test Results Summary - Passed: 1, Failed: 1, Skipped: 0
2025-05-06 15:53:26.502 [main] INFO  com.UI.reports.ExtentReportManager - ExtentReports flushed to disk
2025-05-06 15:53:26.503 [main] INFO  com.UI.tests.LoginTest - Test Suite completed
2025-05-06 17:15:39.104 [main] INFO  com.UI.config.ConfigManager - Configuration properties loaded successfully
2025-05-06 17:15:39.435 [main] INFO  com.UI.reports.ExtentReportManager - ExtentReports initialized. Report will be saved to: test-output/reports\TestReport_20250506_171539.html
2025-05-06 17:15:39.435 [main] INFO  com.UI.tests.LoginTest - Test Suite setup completed
2025-05-06 17:15:39.444 [main] INFO  com.UI.listeners.TestListener - Test Suite started: Dummy Site Tests
2025-05-06 17:15:39.444 [main] INFO  com.UI.listeners.AllureListener - Test Suite started: Dummy Site Tests
2025-05-06 17:15:39.497 [TestNG-test=Dummy Site Tests-1] INFO  com.UI.tests.LoginTest - Starting test: testSuccessfulLogin
2025-05-06 17:15:39.511 [TestNG-test=Dummy Site Tests-1] INFO  com.UI.drivers.DriverManager - Initializing WebDriver: Browser=chrome, Mode=grid, Headless=false
2025-05-06 17:15:41.049 [TestNG-test=Dummy Site Tests-1] INFO  com.UI.drivers.DriverManager - WebDriver initialized successfully
2025-05-06 17:15:41.127 [TestNG-test=Dummy Site Tests-1] INFO  com.UI.listeners.TestListener - Test started: testSuccessfulLogin
2025-05-06 17:15:41.128 [TestNG-test=Dummy Site Tests-1] INFO  com.UI.listeners.AllureListener - Starting test: testSuccessfulLogin
2025-05-06 17:15:43.811 [TestNG-test=Dummy Site Tests-1] INFO  com.UI.pages.LoginPage - Navigated to URL: http://10.119.32.127:8084/da/
2025-05-06 17:15:43.811 [TestNG-test=Dummy Site Tests-1] INFO  com.UI.pages.LoginPage - Navigated to Login page
2025-05-06 17:15:44.434 [TestNG-test=Dummy Site Tests-1] INFO  com.UI.pages.LoginPage - Sent Value to User name field
2025-05-06 17:15:44.533 [TestNG-test=Dummy Site Tests-1] INFO  com.UI.pages.LoginPage - Sent Value to Password field
2025-05-06 17:15:44.624 [TestNG-test=Dummy Site Tests-1] INFO  com.UI.pages.LoginPage - Clicked user profile link
2025-05-06 17:15:44.626 [TestNG-test=Dummy Site Tests-1] INFO  com.UI.listeners.AllureListener - Test passed: testSuccessfulLogin
2025-05-06 17:15:44.626 [TestNG-test=Dummy Site Tests-1] INFO  com.UI.listeners.TestListener - Test passed: testSuccessfulLogin
2025-05-06 17:15:44.631 [TestNG-test=Dummy Site Tests-1] INFO  com.UI.tests.LoginTest - Test passed: testSuccessfulLogin
2025-05-06 17:15:44.719 [TestNG-test=Dummy Site Tests-1] INFO  com.UI.drivers.DriverManager - WebDriver closed and removed from ThreadLocal
2025-05-06 17:15:44.723 [TestNG-test=Dummy Site Tests-1] INFO  com.UI.tests.LoginTest - Starting test: testSuccessfulLogin2
2025-05-06 17:15:44.723 [TestNG-test=Dummy Site Tests-1] INFO  com.UI.drivers.DriverManager - Initializing WebDriver: Browser=chrome, Mode=grid, Headless=false
2025-05-06 17:15:45.036 [TestNG-test=Dummy Site Tests-1] INFO  com.UI.drivers.DriverManager - WebDriver initialized successfully
2025-05-06 17:15:45.039 [TestNG-test=Dummy Site Tests-1] INFO  com.UI.listeners.TestListener - Test started: testSuccessfulLogin2
2025-05-06 17:15:45.039 [TestNG-test=Dummy Site Tests-1] INFO  com.UI.listeners.AllureListener - Starting test: testSuccessfulLogin2
2025-05-06 17:15:47.985 [TestNG-test=Dummy Site Tests-1] INFO  com.UI.pages.LoginPage - Navigated to URL: http://10.119.32.127:8084/da/
2025-05-06 17:15:47.985 [TestNG-test=Dummy Site Tests-1] INFO  com.UI.pages.LoginPage - Navigated to Login page
2025-05-06 17:15:48.608 [TestNG-test=Dummy Site Tests-1] INFO  com.UI.pages.LoginPage - Sent Value to User name field
2025-05-06 17:15:48.702 [TestNG-test=Dummy Site Tests-1] INFO  com.UI.pages.LoginPage - Sent Value to Password field
2025-05-06 17:15:48.788 [TestNG-test=Dummy Site Tests-1] INFO  com.UI.pages.LoginPage - Clicked user profile link
2025-05-06 17:15:48.788 [TestNG-test=Dummy Site Tests-1] INFO  com.UI.listeners.AllureListener - Test passed: testSuccessfulLogin2
2025-05-06 17:15:48.788 [TestNG-test=Dummy Site Tests-1] INFO  com.UI.listeners.TestListener - Test passed: testSuccessfulLogin2
2025-05-06 17:15:48.790 [TestNG-test=Dummy Site Tests-1] INFO  com.UI.tests.LoginTest - Test passed: testSuccessfulLogin2
2025-05-06 17:15:48.874 [TestNG-test=Dummy Site Tests-1] INFO  com.UI.drivers.DriverManager - WebDriver closed and removed from ThreadLocal
2025-05-06 17:15:48.877 [main] INFO  com.UI.listeners.AllureListener - Test Suite finished: Dummy Site Tests
2025-05-06 17:15:48.877 [main] INFO  com.UI.listeners.TestListener - Test Suite finished: Dummy Site Tests
2025-05-06 17:15:48.877 [main] INFO  com.UI.listeners.TestListener - Test Results Summary - Passed: 2, Failed: 0, Skipped: 0
2025-05-06 17:15:49.098 [main] INFO  com.UI.reports.ExtentReportManager - ExtentReports flushed to disk
2025-05-06 17:15:49.098 [main] INFO  com.UI.tests.LoginTest - Test Suite completed
2025-05-06 17:18:37.334 [main] INFO  com.UI.config.ConfigManager - Configuration properties loaded successfully
2025-05-06 17:18:37.671 [main] INFO  com.UI.reports.ExtentReportManager - ExtentReports initialized. Report will be saved to: test-output/reports\TestReport_20250506_171837.html
2025-05-06 17:18:37.671 [main] INFO  com.UI.tests.LoginTest - Test Suite setup completed
2025-05-06 17:18:37.678 [main] INFO  com.UI.listeners.TestListener - Test Suite started: Dummy Site Tests
2025-05-06 17:18:37.679 [main] INFO  com.UI.listeners.AllureListener - Test Suite started: Dummy Site Tests
2025-05-06 17:18:37.731 [TestNG-test=Dummy Site Tests-1] INFO  com.UI.tests.LoginTest - Starting test: testSuccessfulLogin
2025-05-06 17:18:37.741 [TestNG-test=Dummy Site Tests-1] INFO  com.UI.drivers.DriverManager - Initializing WebDriver: Browser=chrome, Mode=grid, Headless=false
2025-05-06 17:18:39.055 [TestNG-test=Dummy Site Tests-1] INFO  com.UI.drivers.DriverManager - WebDriver initialized successfully
2025-05-06 17:18:39.125 [TestNG-test=Dummy Site Tests-1] INFO  com.UI.listeners.TestListener - Test started: testSuccessfulLogin
2025-05-06 17:18:39.125 [TestNG-test=Dummy Site Tests-1] INFO  com.UI.listeners.AllureListener - Starting test: testSuccessfulLogin
2025-05-06 17:18:49.965 [TestNG-test=Dummy Site Tests-1] INFO  com.UI.pages.LoginPage - Navigated to URL: http://10.119.32.127:8084/da/
2025-05-06 17:18:49.965 [TestNG-test=Dummy Site Tests-1] INFO  com.UI.pages.LoginPage - Navigated to Login page
2025-05-06 17:18:51.092 [TestNG-test=Dummy Site Tests-1] INFO  com.UI.pages.LoginPage - Sent Value to User name field
2025-05-06 17:18:51.202 [TestNG-test=Dummy Site Tests-1] INFO  com.UI.pages.LoginPage - Sent Value to Password field
2025-05-06 17:18:51.327 [TestNG-test=Dummy Site Tests-1] INFO  com.UI.pages.LoginPage - Clicked user profile link
2025-05-06 17:18:51.328 [TestNG-test=Dummy Site Tests-1] INFO  com.UI.listeners.AllureListener - Test passed: testSuccessfulLogin
2025-05-06 17:18:51.329 [TestNG-test=Dummy Site Tests-1] INFO  com.UI.listeners.TestListener - Test passed: testSuccessfulLogin
2025-05-06 17:18:51.340 [TestNG-test=Dummy Site Tests-1] INFO  com.UI.tests.LoginTest - Test passed: testSuccessfulLogin
2025-05-06 17:18:51.435 [TestNG-test=Dummy Site Tests-1] INFO  com.UI.drivers.DriverManager - WebDriver closed and removed from ThreadLocal
2025-05-06 17:18:51.443 [TestNG-test=Dummy Site Tests-1] INFO  com.UI.tests.LoginTest - Starting test: testSuccessfulLogin2
2025-05-06 17:18:51.444 [TestNG-test=Dummy Site Tests-1] INFO  com.UI.drivers.DriverManager - Initializing WebDriver: Browser=chrome, Mode=grid, Headless=false
2025-05-06 17:18:51.757 [TestNG-test=Dummy Site Tests-1] INFO  com.UI.drivers.DriverManager - WebDriver initialized successfully
2025-05-06 17:18:51.761 [TestNG-test=Dummy Site Tests-1] INFO  com.UI.listeners.TestListener - Test started: testSuccessfulLogin2
2025-05-06 17:18:51.762 [TestNG-test=Dummy Site Tests-1] INFO  com.UI.listeners.AllureListener - Starting test: testSuccessfulLogin2
2025-05-06 17:18:54.745 [TestNG-test=Dummy Site Tests-1] INFO  com.UI.pages.LoginPage - Navigated to URL: http://10.119.32.127:8084/da/
2025-05-06 17:18:54.745 [TestNG-test=Dummy Site Tests-1] INFO  com.UI.pages.LoginPage - Navigated to Login page
2025-05-06 17:18:55.376 [TestNG-test=Dummy Site Tests-1] INFO  com.UI.pages.LoginPage - Sent Value to User name field
2025-05-06 17:18:55.475 [TestNG-test=Dummy Site Tests-1] INFO  com.UI.pages.LoginPage - Sent Value to Password field
2025-05-06 17:18:55.569 [TestNG-test=Dummy Site Tests-1] INFO  com.UI.pages.LoginPage - Clicked user profile link
2025-05-06 17:18:55.570 [TestNG-test=Dummy Site Tests-1] INFO  com.UI.listeners.AllureListener - Test passed: testSuccessfulLogin2
2025-05-06 17:18:55.570 [TestNG-test=Dummy Site Tests-1] INFO  com.UI.listeners.TestListener - Test passed: testSuccessfulLogin2
2025-05-06 17:18:55.574 [TestNG-test=Dummy Site Tests-1] INFO  com.UI.tests.LoginTest - Test passed: testSuccessfulLogin2
2025-05-06 17:18:55.714 [TestNG-test=Dummy Site Tests-1] INFO  com.UI.drivers.DriverManager - WebDriver closed and removed from ThreadLocal
2025-05-06 17:18:55.720 [main] INFO  com.UI.listeners.AllureListener - Test Suite finished: Dummy Site Tests
2025-05-06 17:18:55.721 [main] INFO  com.UI.listeners.TestListener - Test Suite finished: Dummy Site Tests
2025-05-06 17:18:55.721 [main] INFO  com.UI.listeners.TestListener - Test Results Summary - Passed: 2, Failed: 0, Skipped: 0
2025-05-06 17:18:56.184 [main] INFO  com.UI.reports.ExtentReportManager - ExtentReports flushed to disk
2025-05-06 17:18:56.184 [main] INFO  com.UI.tests.LoginTest - Test Suite completed
2025-05-06 17:24:16.791 [main] INFO  com.UI.config.ConfigManager - Configuration properties loaded successfully
2025-05-06 17:24:17.134 [main] INFO  com.UI.reports.ExtentReportManager - ExtentReports initialized. Report will be saved to: test-output/reports\TestReport_20250506_172416.html
2025-05-06 17:24:17.134 [main] INFO  com.UI.tests.LoginTest - Test Suite setup completed
2025-05-06 17:24:17.141 [main] INFO  com.UI.listeners.TestListener - Test Suite started: Dummy Site Tests
2025-05-06 17:24:17.141 [main] INFO  com.UI.listeners.AllureListener - Test Suite started: Dummy Site Tests
2025-05-06 17:24:17.189 [TestNG-test=Dummy Site Tests-1] INFO  com.UI.tests.LoginTest - Starting test: testSuccessfulLogin
2025-05-06 17:24:17.199 [TestNG-test=Dummy Site Tests-1] INFO  com.UI.drivers.DriverManager - Initializing WebDriver: Browser=chrome, Mode=grid, Headless=false
2025-05-06 17:24:18.673 [TestNG-test=Dummy Site Tests-1] INFO  com.UI.drivers.DriverManager - WebDriver initialized successfully
2025-05-06 17:24:18.744 [TestNG-test=Dummy Site Tests-1] INFO  com.UI.listeners.TestListener - Test started: testSuccessfulLogin
2025-05-06 17:24:18.744 [TestNG-test=Dummy Site Tests-1] INFO  com.UI.listeners.AllureListener - Starting test: testSuccessfulLogin
2025-05-06 17:24:21.723 [TestNG-test=Dummy Site Tests-1] INFO  com.UI.pages.LoginPage - Navigated to URL: http://10.119.32.127:8084/da/
2025-05-06 17:24:21.723 [TestNG-test=Dummy Site Tests-1] INFO  com.UI.pages.LoginPage - Navigated to Login page
2025-05-06 17:24:22.367 [TestNG-test=Dummy Site Tests-1] INFO  com.UI.pages.LoginPage - Sent Value to User name field
2025-05-06 17:24:22.472 [TestNG-test=Dummy Site Tests-1] INFO  com.UI.pages.LoginPage - Sent Value to Password field
2025-05-06 17:24:22.574 [TestNG-test=Dummy Site Tests-1] INFO  com.UI.pages.LoginPage - Clicked user profile link
2025-05-06 17:24:22.577 [TestNG-test=Dummy Site Tests-1] INFO  com.UI.listeners.AllureListener - Test passed: testSuccessfulLogin
2025-05-06 17:24:22.577 [TestNG-test=Dummy Site Tests-1] INFO  com.UI.listeners.TestListener - Test passed: testSuccessfulLogin
2025-05-06 17:24:22.586 [TestNG-test=Dummy Site Tests-1] INFO  com.UI.tests.LoginTest - Test passed: testSuccessfulLogin
2025-05-06 17:24:22.731 [TestNG-test=Dummy Site Tests-1] INFO  com.UI.drivers.DriverManager - WebDriver closed and removed from ThreadLocal
2025-05-06 17:24:22.737 [TestNG-test=Dummy Site Tests-1] INFO  com.UI.tests.LoginTest - Starting test: testSuccessfulLogin2
2025-05-06 17:24:22.738 [TestNG-test=Dummy Site Tests-1] INFO  com.UI.drivers.DriverManager - Initializing WebDriver: Browser=chrome, Mode=grid, Headless=false
2025-05-06 17:24:23.053 [TestNG-test=Dummy Site Tests-1] INFO  com.UI.drivers.DriverManager - WebDriver initialized successfully
2025-05-06 17:24:23.056 [TestNG-test=Dummy Site Tests-1] INFO  com.UI.listeners.TestListener - Test started: testSuccessfulLogin2
2025-05-06 17:24:23.056 [TestNG-test=Dummy Site Tests-1] INFO  com.UI.listeners.AllureListener - Starting test: testSuccessfulLogin2
2025-05-06 17:24:26.073 [TestNG-test=Dummy Site Tests-1] INFO  com.UI.pages.LoginPage - Navigated to URL: http://10.119.32.127:8084/da/
2025-05-06 17:24:26.073 [TestNG-test=Dummy Site Tests-1] INFO  com.UI.pages.LoginPage - Navigated to Login page
2025-05-06 17:24:26.784 [TestNG-test=Dummy Site Tests-1] INFO  com.UI.pages.LoginPage - Sent Value to User name field
2025-05-06 17:24:26.880 [TestNG-test=Dummy Site Tests-1] INFO  com.UI.pages.LoginPage - Sent Value to Password field
2025-05-06 17:24:26.969 [TestNG-test=Dummy Site Tests-1] INFO  com.UI.pages.LoginPage - Clicked user profile link
2025-05-06 17:24:26.969 [TestNG-test=Dummy Site Tests-1] INFO  com.UI.listeners.AllureListener - Test passed: testSuccessfulLogin2
2025-05-06 17:24:26.970 [TestNG-test=Dummy Site Tests-1] INFO  com.UI.listeners.TestListener - Test passed: testSuccessfulLogin2
2025-05-06 17:24:26.972 [TestNG-test=Dummy Site Tests-1] INFO  com.UI.tests.LoginTest - Test passed: testSuccessfulLogin2
2025-05-06 17:24:27.107 [TestNG-test=Dummy Site Tests-1] INFO  com.UI.drivers.DriverManager - WebDriver closed and removed from ThreadLocal
2025-05-06 17:24:27.112 [main] INFO  com.UI.listeners.AllureListener - Test Suite finished: Dummy Site Tests
2025-05-06 17:24:27.112 [main] INFO  com.UI.listeners.TestListener - Test Suite finished: Dummy Site Tests
2025-05-06 17:24:27.113 [main] INFO  com.UI.listeners.TestListener - Test Results Summary - Passed: 2, Failed: 0, Skipped: 0
2025-05-06 17:24:27.335 [main] INFO  com.UI.reports.ExtentReportManager - ExtentReports flushed to disk
2025-05-06 17:24:27.335 [main] INFO  com.UI.tests.LoginTest - Test Suite completed
2025-05-06 17:28:26.406 [main] INFO  com.UI.config.ConfigManager - Configuration properties loaded successfully
2025-05-06 17:28:26.755 [main] INFO  com.UI.reports.ExtentReportManager - ExtentReports initialized. Report will be saved to: test-output/reports\TestReport_20250506_172826.html
2025-05-06 17:28:26.755 [main] INFO  com.UI.tests.LoginTest - Test Suite setup completed
2025-05-06 17:28:26.763 [main] INFO  com.UI.listeners.TestListener - Test Suite started: Dummy Site Tests
2025-05-06 17:28:26.763 [main] INFO  com.UI.listeners.AllureListener - Test Suite started: Dummy Site Tests
2025-05-06 17:28:26.817 [TestNG-test=Dummy Site Tests-1] INFO  com.UI.tests.LoginTest - Starting test: testSuccessfulLogin
2025-05-06 17:28:26.828 [TestNG-test=Dummy Site Tests-1] INFO  com.UI.drivers.DriverManager - Initializing WebDriver: Browser=chrome, Mode=grid, Headless=false
2025-05-06 17:28:28.314 [TestNG-test=Dummy Site Tests-1] INFO  com.UI.drivers.DriverManager - WebDriver initialized successfully
2025-05-06 17:28:28.394 [TestNG-test=Dummy Site Tests-1] INFO  com.UI.listeners.TestListener - Test started: testSuccessfulLogin
2025-05-06 17:28:28.394 [TestNG-test=Dummy Site Tests-1] INFO  com.UI.listeners.AllureListener - Starting test: testSuccessfulLogin
2025-05-06 17:28:31.571 [TestNG-test=Dummy Site Tests-1] INFO  com.UI.pages.LoginPage - Navigated to URL: http://10.119.32.127:8084/da/
2025-05-06 17:28:31.572 [TestNG-test=Dummy Site Tests-1] INFO  com.UI.pages.LoginPage - Navigated to Login page
2025-05-06 17:28:32.312 [TestNG-test=Dummy Site Tests-1] INFO  com.UI.pages.LoginPage - Sent Value to User name field
2025-05-06 17:28:32.447 [TestNG-test=Dummy Site Tests-1] INFO  com.UI.pages.LoginPage - Sent Value to Password field
2025-05-06 17:28:32.584 [TestNG-test=Dummy Site Tests-1] INFO  com.UI.pages.LoginPage - Clicked user profile link
2025-05-06 17:28:32.590 [TestNG-test=Dummy Site Tests-1] INFO  com.UI.listeners.AllureListener - Test passed: testSuccessfulLogin
2025-05-06 17:28:32.590 [TestNG-test=Dummy Site Tests-1] INFO  com.UI.listeners.TestListener - Test passed: testSuccessfulLogin
2025-05-06 17:28:32.604 [TestNG-test=Dummy Site Tests-1] INFO  com.UI.tests.LoginTest - Test passed: testSuccessfulLogin
2025-05-06 17:28:32.701 [TestNG-test=Dummy Site Tests-1] INFO  com.UI.drivers.DriverManager - WebDriver closed and removed from ThreadLocal
2025-05-06 17:28:32.710 [TestNG-test=Dummy Site Tests-1] INFO  com.UI.tests.LoginTest - Starting test: testSuccessfulLogin2
2025-05-06 17:28:32.711 [TestNG-test=Dummy Site Tests-1] INFO  com.UI.drivers.DriverManager - Initializing WebDriver: Browser=chrome, Mode=grid, Headless=false
2025-05-06 17:28:33.034 [TestNG-test=Dummy Site Tests-1] INFO  com.UI.drivers.DriverManager - WebDriver initialized successfully
2025-05-06 17:28:33.042 [TestNG-test=Dummy Site Tests-1] INFO  com.UI.listeners.TestListener - Test started: testSuccessfulLogin2
2025-05-06 17:28:33.043 [TestNG-test=Dummy Site Tests-1] INFO  com.UI.listeners.AllureListener - Starting test: testSuccessfulLogin2
2025-05-06 17:28:37.689 [TestNG-test=Dummy Site Tests-1] INFO  com.UI.pages.LoginPage - Navigated to URL: http://10.119.32.127:8084/da/
2025-05-06 17:28:37.689 [TestNG-test=Dummy Site Tests-1] INFO  com.UI.pages.LoginPage - Navigated to Login page
2025-05-06 17:28:38.471 [TestNG-test=Dummy Site Tests-1] INFO  com.UI.pages.LoginPage - Sent Value to User name field
2025-05-06 17:28:38.589 [TestNG-test=Dummy Site Tests-1] INFO  com.UI.pages.LoginPage - Sent Value to Password field
2025-05-06 17:28:38.687 [TestNG-test=Dummy Site Tests-1] INFO  com.UI.pages.LoginPage - Clicked user profile link
2025-05-06 17:28:38.688 [TestNG-test=Dummy Site Tests-1] INFO  com.UI.listeners.AllureListener - Test passed: testSuccessfulLogin2
2025-05-06 17:28:38.688 [TestNG-test=Dummy Site Tests-1] INFO  com.UI.listeners.TestListener - Test passed: testSuccessfulLogin2
2025-05-06 17:28:38.692 [TestNG-test=Dummy Site Tests-1] INFO  com.UI.tests.LoginTest - Test passed: testSuccessfulLogin2
2025-05-06 17:28:38.768 [TestNG-test=Dummy Site Tests-1] INFO  com.UI.drivers.DriverManager - WebDriver closed and removed from ThreadLocal
2025-05-06 17:28:38.773 [main] INFO  com.UI.listeners.AllureListener - Test Suite finished: Dummy Site Tests
2025-05-06 17:28:38.773 [main] INFO  com.UI.listeners.TestListener - Test Suite finished: Dummy Site Tests
2025-05-06 17:28:38.773 [main] INFO  com.UI.listeners.TestListener - Test Results Summary - Passed: 2, Failed: 0, Skipped: 0
2025-05-06 17:28:39.246 [main] INFO  com.UI.reports.ExtentReportManager - ExtentReports flushed to disk
2025-05-06 17:28:39.247 [main] INFO  com.UI.tests.LoginTest - Test Suite completed
