2025-05-07 10:45:16.622 [main] INFO  com.UI.config.ConfigManager - Configuration properties loaded successfully
2025-05-07 10:45:16.839 [main] INFO  com.UI.reports.ExtentReportManager - ExtentReports initialized. Report will be saved to: test-output/reports\TestReport_20250507_104516.html
2025-05-07 10:45:16.839 [main] INFO  com.UI.tests.LoginTest - Test Suite setup completed
2025-05-07 10:45:16.845 [main] INFO  com.UI.listeners.TestListener - Test Suite started: Dummy Site Tests
2025-05-07 10:45:16.845 [main] INFO  com.UI.listeners.AllureListener - Test Suite started: Dummy Site Tests
2025-05-07 10:45:16.868 [TestNG-test=Dummy Site Tests-1] INFO  com.UI.tests.LoginTest - Starting test: testSuccessfulLogin
2025-05-07 10:45:16.870 [TestNG-test=Dummy Site Tests-1] INFO  com.UI.drivers.DriverManager - Initializing WebDriver: Browser=chrome, Mode=local, Headless=false
2025-05-07 10:45:19.116 [TestNG-test=Dummy Site Tests-1] INFO  com.UI.drivers.DriverManager - WebDriver initialized successfully
2025-05-07 10:45:19.177 [TestNG-test=Dummy Site Tests-1] INFO  com.UI.listeners.TestListener - Test started: testSuccessfulLogin
2025-05-07 10:45:19.177 [TestNG-test=Dummy Site Tests-1] INFO  com.UI.listeners.AllureListener - Starting test: testSuccessfulLogin
2025-05-07 10:45:23.028 [TestNG-test=Dummy Site Tests-1] INFO  com.UI.pages.LoginPage - Navigated to URL: http://10.119.32.127:8084/da/
2025-05-07 10:45:23.028 [TestNG-test=Dummy Site Tests-1] INFO  com.UI.pages.LoginPage - Navigated to Login page
2025-05-07 10:45:23.784 [TestNG-test=Dummy Site Tests-1] INFO  com.UI.pages.LoginPage - Sent Value to User name field
2025-05-07 10:45:23.887 [TestNG-test=Dummy Site Tests-1] INFO  com.UI.pages.LoginPage - Sent Value to Password field
2025-05-07 10:45:23.935 [TestNG-test=Dummy Site Tests-1] INFO  com.UI.pages.LoginPage - Clicked user profile link
2025-05-07 10:45:23.936 [TestNG-test=Dummy Site Tests-1] INFO  com.UI.listeners.AllureListener - Test passed: testSuccessfulLogin
2025-05-07 10:45:23.936 [TestNG-test=Dummy Site Tests-1] INFO  com.UI.listeners.TestListener - Test passed: testSuccessfulLogin
2025-05-07 10:45:23.950 [TestNG-test=Dummy Site Tests-1] INFO  com.UI.tests.LoginTest - Test passed: testSuccessfulLogin
2025-05-07 10:45:24.163 [TestNG-test=Dummy Site Tests-1] INFO  com.UI.drivers.DriverManager - WebDriver closed and removed from ThreadLocal
2025-05-07 10:45:24.169 [TestNG-test=Dummy Site Tests-1] INFO  com.UI.tests.LoginTest - Starting test: testSuccessfulLogin2
2025-05-07 10:45:24.169 [TestNG-test=Dummy Site Tests-1] INFO  com.UI.drivers.DriverManager - Initializing WebDriver: Browser=chrome, Mode=local, Headless=false
2025-05-07 10:45:24.891 [TestNG-test=Dummy Site Tests-1] INFO  com.UI.drivers.DriverManager - WebDriver initialized successfully
2025-05-07 10:45:24.896 [TestNG-test=Dummy Site Tests-1] INFO  com.UI.listeners.TestListener - Test started: testSuccessfulLogin2
2025-05-07 10:45:24.896 [TestNG-test=Dummy Site Tests-1] INFO  com.UI.listeners.AllureListener - Starting test: testSuccessfulLogin2
2025-05-07 10:45:29.139 [TestNG-test=Dummy Site Tests-1] INFO  com.UI.pages.LoginPage - Navigated to URL: http://10.119.32.127:8084/da/
2025-05-07 10:45:29.139 [TestNG-test=Dummy Site Tests-1] INFO  com.UI.pages.LoginPage - Navigated to Login page
2025-05-07 10:45:29.871 [TestNG-test=Dummy Site Tests-1] INFO  com.UI.pages.LoginPage - Sent Value to User name field
2025-05-07 10:45:29.938 [TestNG-test=Dummy Site Tests-1] INFO  com.UI.pages.LoginPage - Sent Value to Password field
2025-05-07 10:45:29.995 [TestNG-test=Dummy Site Tests-1] INFO  com.UI.pages.LoginPage - Clicked user profile link
2025-05-07 10:45:29.996 [TestNG-test=Dummy Site Tests-1] INFO  com.UI.listeners.AllureListener - Test passed: testSuccessfulLogin2
2025-05-07 10:45:29.996 [TestNG-test=Dummy Site Tests-1] INFO  com.UI.listeners.TestListener - Test passed: testSuccessfulLogin2
2025-05-07 10:45:29.998 [TestNG-test=Dummy Site Tests-1] INFO  com.UI.tests.LoginTest - Test passed: testSuccessfulLogin2
2025-05-07 10:45:30.207 [TestNG-test=Dummy Site Tests-1] INFO  com.UI.drivers.DriverManager - WebDriver closed and removed from ThreadLocal
2025-05-07 10:45:30.213 [main] INFO  com.UI.listeners.AllureListener - Test Suite finished: Dummy Site Tests
2025-05-07 10:45:30.213 [main] INFO  com.UI.listeners.TestListener - Test Suite finished: Dummy Site Tests
2025-05-07 10:45:30.214 [main] INFO  com.UI.listeners.TestListener - Test Results Summary - Passed: 2, Failed: 0, Skipped: 0
2025-05-07 10:45:30.433 [main] INFO  com.UI.reports.ExtentReportManager - ExtentReports flushed to disk
2025-05-07 10:45:30.433 [main] INFO  com.UI.tests.LoginTest - Test Suite completed
2025-05-07 11:02:52.940 [main] INFO  com.UI.config.ConfigManager - Configuration properties loaded successfully
2025-05-07 11:02:53.087 [main] INFO  com.UI.reports.ExtentReportManager - ExtentReports initialized. Report will be saved to: test-output/reports\TestReport_20250507_110252.html
2025-05-07 11:02:53.087 [main] INFO  com.UI.tests.ExcelDrivenLoginTest - Test Suite setup completed
2025-05-07 11:02:53.497 [main] INFO  com.UI.utils.ExcelUtil - Successfully read 2 rows from Excel file: src/test/resources/testdata/login_test_data.xlsx
2025-05-07 11:02:53.507 [main] INFO  com.UI.tests.ExcelDrivenLoginTest - Starting test: testLoginWithExcelData
2025-05-07 11:02:53.508 [main] INFO  com.UI.tests.ExcelDrivenLoginTest - Test Parameters: {password=admin, expectedError=, shouldSucceed=true, username=admin}
2025-05-07 11:02:53.510 [main] INFO  com.UI.drivers.DriverManager - Initializing WebDriver: Browser=chrome, Mode=local, Headless=false
2025-05-07 11:02:54.859 [main] INFO  com.UI.drivers.DriverManager - WebDriver initialized successfully
2025-05-07 11:02:54.914 [main] INFO  com.UI.tests.ExcelDrivenLoginTest - Testing login with username: admin
2025-05-07 11:02:59.749 [main] INFO  com.UI.pages.LoginPage - Navigated to URL: http://10.119.32.127:8084/da/
2025-05-07 11:02:59.749 [main] INFO  com.UI.pages.LoginPage - Navigated to Login page
2025-05-07 11:03:00.546 [main] INFO  com.UI.pages.LoginPage - Sent Value to User name field
2025-05-07 11:03:00.664 [main] INFO  com.UI.pages.LoginPage - Sent Value to Password field
2025-05-07 11:03:00.749 [main] INFO  com.UI.pages.LoginPage - Clicked user profile link
2025-05-07 11:03:00.749 [main] INFO  com.UI.tests.ExcelDrivenLoginTest - Successfully logged in
2025-05-07 11:03:00.777 [main] INFO  com.UI.tests.ExcelDrivenLoginTest - Test passed: testLoginWithExcelData
2025-05-07 11:03:00.928 [main] INFO  com.UI.drivers.DriverManager - WebDriver closed and removed from ThreadLocal
2025-05-07 11:03:00.928 [main] INFO  com.UI.tests.ExcelDrivenLoginTest - Starting test: testLoginWithExcelData
2025-05-07 11:03:00.928 [main] INFO  com.UI.tests.ExcelDrivenLoginTest - Test Parameters: {password=12234.0, expectedError=, shouldSucceed=false, username=admin}
2025-05-07 11:03:00.928 [main] INFO  com.UI.drivers.DriverManager - Initializing WebDriver: Browser=chrome, Mode=local, Headless=false
2025-05-07 11:03:01.743 [main] INFO  com.UI.drivers.DriverManager - WebDriver initialized successfully
2025-05-07 11:03:01.754 [main] INFO  com.UI.tests.ExcelDrivenLoginTest - Testing login with username: admin
2025-05-07 11:03:05.929 [main] INFO  com.UI.pages.LoginPage - Navigated to URL: http://10.119.32.127:8084/da/
2025-05-07 11:03:05.929 [main] INFO  com.UI.pages.LoginPage - Navigated to Login page
2025-05-07 11:03:06.966 [main] INFO  com.UI.pages.LoginPage - Sent Value to User name field
2025-05-07 11:03:07.020 [main] INFO  com.UI.pages.LoginPage - Sent Value to Password field
2025-05-07 11:03:07.066 [main] INFO  com.UI.pages.LoginPage - Clicked user profile link
2025-05-07 11:03:07.067 [main] INFO  com.UI.tests.ExcelDrivenLoginTest - Failed to log in
2025-05-07 11:03:07.069 [main] INFO  com.UI.tests.ExcelDrivenLoginTest - Test passed: testLoginWithExcelData
2025-05-07 11:03:07.250 [main] INFO  com.UI.drivers.DriverManager - WebDriver closed and removed from ThreadLocal
2025-05-07 11:03:07.441 [main] INFO  com.UI.reports.ExtentReportManager - ExtentReports flushed to disk
2025-05-07 11:03:07.441 [main] INFO  com.UI.tests.ExcelDrivenLoginTest - Test Suite completed
2025-05-07 11:03:38.020 [main] INFO  com.UI.config.ConfigManager - Configuration properties loaded successfully
2025-05-07 11:03:38.177 [main] INFO  com.UI.reports.ExtentReportManager - ExtentReports initialized. Report will be saved to: test-output/reports\TestReport_20250507_110338.html
2025-05-07 11:03:38.178 [main] INFO  com.UI.tests.ExcelDrivenLoginTest - Test Suite setup completed
2025-05-07 11:03:38.185 [main] INFO  com.UI.listeners.TestListener - Test Suite started: Dummy Site Tests
2025-05-07 11:03:38.185 [main] INFO  com.UI.listeners.AllureListener - Test Suite started: Dummy Site Tests
2025-05-07 11:03:38.214 [TestNG-test=Dummy Site Tests-2] INFO  com.UI.tests.LoginTest - Starting test: testSuccessfulLogin
2025-05-07 11:03:38.216 [TestNG-test=Dummy Site Tests-2] INFO  com.UI.drivers.DriverManager - Initializing WebDriver: Browser=chrome, Mode=local, Headless=false
2025-05-07 11:03:38.572 [TestNG-test=Dummy Site Tests-1] INFO  com.UI.utils.ExcelUtil - Successfully read 2 rows from Excel file: src/test/resources/testdata/login_test_data.xlsx
2025-05-07 11:03:38.575 [TestNG-test=Dummy Site Tests-1] INFO  com.UI.tests.ExcelDrivenLoginTest - Starting test: testLoginWithExcelData
2025-05-07 11:03:38.575 [TestNG-test=Dummy Site Tests-1] INFO  com.UI.tests.ExcelDrivenLoginTest - Test Parameters: {password=admin, expectedError=, shouldSucceed=true, username=admin}
2025-05-07 11:03:38.575 [TestNG-test=Dummy Site Tests-1] INFO  com.UI.drivers.DriverManager - Initializing WebDriver: Browser=chrome, Mode=local, Headless=false
2025-05-07 11:03:39.656 [TestNG-test=Dummy Site Tests-1] INFO  com.UI.drivers.DriverManager - WebDriver initialized successfully
2025-05-07 11:03:39.656 [TestNG-test=Dummy Site Tests-2] INFO  com.UI.drivers.DriverManager - WebDriver initialized successfully
2025-05-07 11:03:39.712 [TestNG-test=Dummy Site Tests-2] INFO  com.UI.listeners.TestListener - Test started: testSuccessfulLogin
2025-05-07 11:03:39.712 [TestNG-test=Dummy Site Tests-1] INFO  com.UI.listeners.TestListener - Test started: testLoginWithExcelData
2025-05-07 11:03:39.713 [TestNG-test=Dummy Site Tests-2] INFO  com.UI.listeners.AllureListener - Starting test: testSuccessfulLogin
2025-05-07 11:03:39.713 [TestNG-test=Dummy Site Tests-1] INFO  com.UI.listeners.TestListener - Test parameters: {password=admin, expectedError=, shouldSucceed=true, username=admin}
2025-05-07 11:03:39.713 [TestNG-test=Dummy Site Tests-1] INFO  com.UI.listeners.AllureListener - Starting test: testLoginWithExcelData
2025-05-07 11:03:39.713 [TestNG-test=Dummy Site Tests-1] INFO  com.UI.tests.ExcelDrivenLoginTest - Testing login with username: admin
2025-05-07 11:03:43.411 [TestNG-test=Dummy Site Tests-1] INFO  com.UI.pages.LoginPage - Navigated to URL: http://10.119.32.127:8084/da/
2025-05-07 11:03:43.412 [TestNG-test=Dummy Site Tests-1] INFO  com.UI.pages.LoginPage - Navigated to Login page
2025-05-07 11:03:44.092 [TestNG-test=Dummy Site Tests-2] INFO  com.UI.pages.LoginPage - Navigated to URL: http://10.119.32.127:8084/da/
2025-05-07 11:03:44.092 [TestNG-test=Dummy Site Tests-2] INFO  com.UI.pages.LoginPage - Navigated to Login page
2025-05-07 11:03:44.160 [TestNG-test=Dummy Site Tests-1] INFO  com.UI.pages.LoginPage - Sent Value to User name field
2025-05-07 11:03:44.237 [TestNG-test=Dummy Site Tests-1] INFO  com.UI.pages.LoginPage - Sent Value to Password field
2025-05-07 11:03:44.280 [TestNG-test=Dummy Site Tests-1] INFO  com.UI.pages.LoginPage - Clicked user profile link
2025-05-07 11:03:44.280 [TestNG-test=Dummy Site Tests-1] INFO  com.UI.tests.ExcelDrivenLoginTest - Successfully logged in
2025-05-07 11:03:44.288 [TestNG-test=Dummy Site Tests-1] INFO  com.UI.listeners.AllureListener - Test passed: testLoginWithExcelData
2025-05-07 11:03:44.288 [TestNG-test=Dummy Site Tests-1] INFO  com.UI.listeners.TestListener - Test passed: testLoginWithExcelData
2025-05-07 11:03:44.294 [TestNG-test=Dummy Site Tests-1] INFO  com.UI.tests.ExcelDrivenLoginTest - Test passed: testLoginWithExcelData
2025-05-07 11:03:44.411 [TestNG-test=Dummy Site Tests-1] INFO  com.UI.drivers.DriverManager - WebDriver closed and removed from ThreadLocal
2025-05-07 11:03:44.411 [TestNG-test=Dummy Site Tests-1] INFO  com.UI.tests.ExcelDrivenLoginTest - Starting test: testLoginWithExcelData
2025-05-07 11:03:44.411 [TestNG-test=Dummy Site Tests-1] INFO  com.UI.tests.ExcelDrivenLoginTest - Test Parameters: {password=12234.0, expectedError=, shouldSucceed=false, username=admin}
2025-05-07 11:03:44.411 [TestNG-test=Dummy Site Tests-1] INFO  com.UI.drivers.DriverManager - Initializing WebDriver: Browser=chrome, Mode=local, Headless=false
2025-05-07 11:03:44.841 [TestNG-test=Dummy Site Tests-2] INFO  com.UI.pages.LoginPage - Sent Value to User name field
2025-05-07 11:03:44.918 [TestNG-test=Dummy Site Tests-2] INFO  com.UI.pages.LoginPage - Sent Value to Password field
2025-05-07 11:03:45.031 [TestNG-test=Dummy Site Tests-2] INFO  com.UI.pages.LoginPage - Clicked user profile link
2025-05-07 11:03:45.032 [TestNG-test=Dummy Site Tests-2] INFO  com.UI.listeners.AllureListener - Test passed: testSuccessfulLogin
2025-05-07 11:03:45.032 [TestNG-test=Dummy Site Tests-2] INFO  com.UI.listeners.TestListener - Test passed: testSuccessfulLogin
2025-05-07 11:03:45.041 [TestNG-test=Dummy Site Tests-2] INFO  com.UI.tests.LoginTest - Test passed: testSuccessfulLogin
2025-05-07 11:03:45.153 [TestNG-test=Dummy Site Tests-1] INFO  com.UI.drivers.DriverManager - WebDriver initialized successfully
2025-05-07 11:03:45.165 [TestNG-test=Dummy Site Tests-1] INFO  com.UI.listeners.TestListener - Test started: testLoginWithExcelData
2025-05-07 11:03:45.166 [TestNG-test=Dummy Site Tests-1] INFO  com.UI.listeners.TestListener - Test parameters: {password=12234.0, expectedError=, shouldSucceed=false, username=admin}
2025-05-07 11:03:45.166 [TestNG-test=Dummy Site Tests-1] INFO  com.UI.listeners.AllureListener - Starting test: testLoginWithExcelData
2025-05-07 11:03:45.167 [TestNG-test=Dummy Site Tests-1] INFO  com.UI.tests.ExcelDrivenLoginTest - Testing login with username: admin
2025-05-07 11:03:45.281 [TestNG-test=Dummy Site Tests-2] INFO  com.UI.drivers.DriverManager - WebDriver closed and removed from ThreadLocal
2025-05-07 11:03:45.288 [TestNG-test=Dummy Site Tests-2] INFO  com.UI.tests.LoginTest - Starting test: testSuccessfulLogin2
2025-05-07 11:03:45.288 [TestNG-test=Dummy Site Tests-2] INFO  com.UI.drivers.DriverManager - Initializing WebDriver: Browser=chrome, Mode=local, Headless=false
2025-05-07 11:03:45.952 [TestNG-test=Dummy Site Tests-2] INFO  com.UI.drivers.DriverManager - WebDriver initialized successfully
2025-05-07 11:03:45.958 [TestNG-test=Dummy Site Tests-2] INFO  com.UI.listeners.TestListener - Test started: testSuccessfulLogin2
2025-05-07 11:03:45.959 [TestNG-test=Dummy Site Tests-2] INFO  com.UI.listeners.AllureListener - Starting test: testSuccessfulLogin2
2025-05-07 11:03:49.243 [TestNG-test=Dummy Site Tests-1] INFO  com.UI.pages.LoginPage - Navigated to URL: http://10.119.32.127:8084/da/
2025-05-07 11:03:49.243 [TestNG-test=Dummy Site Tests-1] INFO  com.UI.pages.LoginPage - Navigated to Login page
2025-05-07 11:03:49.904 [TestNG-test=Dummy Site Tests-2] INFO  com.UI.pages.LoginPage - Navigated to URL: http://10.119.32.127:8084/da/
2025-05-07 11:03:49.904 [TestNG-test=Dummy Site Tests-2] INFO  com.UI.pages.LoginPage - Navigated to Login page
2025-05-07 11:03:49.999 [TestNG-test=Dummy Site Tests-1] INFO  com.UI.pages.LoginPage - Sent Value to User name field
2025-05-07 11:03:50.094 [TestNG-test=Dummy Site Tests-1] INFO  com.UI.pages.LoginPage - Sent Value to Password field
2025-05-07 11:03:50.648 [TestNG-test=Dummy Site Tests-2] INFO  com.UI.pages.LoginPage - Sent Value to User name field
2025-05-07 11:03:50.714 [TestNG-test=Dummy Site Tests-2] INFO  com.UI.pages.LoginPage - Sent Value to Password field
2025-05-07 11:03:50.770 [TestNG-test=Dummy Site Tests-2] INFO  com.UI.pages.LoginPage - Clicked user profile link
2025-05-07 11:03:50.771 [TestNG-test=Dummy Site Tests-2] INFO  com.UI.listeners.AllureListener - Test passed: testSuccessfulLogin2
2025-05-07 11:03:50.771 [TestNG-test=Dummy Site Tests-2] INFO  com.UI.listeners.TestListener - Test passed: testSuccessfulLogin2
2025-05-07 11:03:50.774 [TestNG-test=Dummy Site Tests-2] INFO  com.UI.tests.LoginTest - Test passed: testSuccessfulLogin2
2025-05-07 11:03:50.988 [TestNG-test=Dummy Site Tests-2] INFO  com.UI.drivers.DriverManager - WebDriver closed and removed from ThreadLocal
2025-05-07 11:03:51.365 [TestNG-test=Dummy Site Tests-1] INFO  com.UI.pages.LoginPage - Clicked user profile link
2025-05-07 11:03:51.365 [TestNG-test=Dummy Site Tests-1] INFO  com.UI.tests.ExcelDrivenLoginTest - Failed to log in
2025-05-07 11:03:51.365 [TestNG-test=Dummy Site Tests-1] INFO  com.UI.listeners.AllureListener - Test passed: testLoginWithExcelData
2025-05-07 11:03:51.365 [TestNG-test=Dummy Site Tests-1] INFO  com.UI.listeners.TestListener - Test passed: testLoginWithExcelData
2025-05-07 11:03:51.370 [TestNG-test=Dummy Site Tests-1] INFO  com.UI.tests.ExcelDrivenLoginTest - Test passed: testLoginWithExcelData
2025-05-07 11:03:51.519 [TestNG-test=Dummy Site Tests-1] INFO  com.UI.drivers.DriverManager - WebDriver closed and removed from ThreadLocal
2025-05-07 11:03:51.519 [main] INFO  com.UI.listeners.AllureListener - Test Suite finished: Dummy Site Tests
2025-05-07 11:03:51.519 [main] INFO  com.UI.listeners.TestListener - Test Suite finished: Dummy Site Tests
2025-05-07 11:03:51.519 [main] INFO  com.UI.listeners.TestListener - Test Results Summary - Passed: 4, Failed: 0, Skipped: 0
2025-05-07 11:03:51.964 [main] INFO  com.UI.reports.ExtentReportManager - ExtentReports flushed to disk
2025-05-07 11:03:51.965 [main] INFO  com.UI.tests.ExcelDrivenLoginTest - Test Suite completed
2025-05-07 11:18:14.705 [main] INFO  com.UI.config.ConfigManager - Configuration properties loaded successfully
2025-05-07 11:18:14.867 [main] INFO  com.UI.reports.ExtentReportManager - ExtentReports initialized. Report will be saved to: test-output/reports\TestReport_20250507_111814.html
2025-05-07 11:18:14.867 [main] INFO  com.UI.tests.ExcelDrivenLoginTest - Test Suite setup completed
2025-05-07 11:18:14.874 [main] INFO  com.UI.listeners.TestListener - Test Suite started: Dummy Site Tests
2025-05-07 11:18:14.874 [main] INFO  com.UI.listeners.AllureListener - Test Suite started: Dummy Site Tests
2025-05-07 11:18:14.899 [TestNG-test=Dummy Site Tests-2] INFO  com.UI.tests.LoginTest - Starting test: testSuccessfulLogin
2025-05-07 11:18:14.900 [TestNG-test=Dummy Site Tests-2] INFO  com.UI.drivers.DriverManager - Initializing WebDriver: Browser=chrome, Mode=local, Headless=false
2025-05-07 11:18:15.253 [TestNG-test=Dummy Site Tests-1] INFO  com.UI.utils.ExcelUtil - Successfully read 2 rows from Excel file: src/test/resources/testdata/login_test_data.xlsx
2025-05-07 11:18:15.256 [TestNG-test=Dummy Site Tests-1] INFO  com.UI.tests.ExcelDrivenLoginTest - Starting test: testLoginWithExcelData
2025-05-07 11:18:15.256 [TestNG-test=Dummy Site Tests-1] INFO  com.UI.tests.ExcelDrivenLoginTest - Test Parameters: {password=admin, expectedError=, shouldSucceed=true, username=admin}
2025-05-07 11:18:15.256 [TestNG-test=Dummy Site Tests-1] INFO  com.UI.drivers.DriverManager - Initializing WebDriver: Browser=chrome, Mode=local, Headless=false
2025-05-07 11:18:16.452 [TestNG-test=Dummy Site Tests-1] INFO  com.UI.drivers.DriverManager - WebDriver initialized successfully
2025-05-07 11:18:16.452 [TestNG-test=Dummy Site Tests-2] INFO  com.UI.drivers.DriverManager - WebDriver initialized successfully
2025-05-07 11:18:16.515 [TestNG-test=Dummy Site Tests-2] INFO  com.UI.listeners.TestListener - Test started: testSuccessfulLogin
2025-05-07 11:18:16.515 [TestNG-test=Dummy Site Tests-1] INFO  com.UI.listeners.TestListener - Test started: testLoginWithExcelData
2025-05-07 11:18:16.515 [TestNG-test=Dummy Site Tests-2] INFO  com.UI.listeners.AllureListener - Starting test: testSuccessfulLogin
2025-05-07 11:18:16.516 [TestNG-test=Dummy Site Tests-1] INFO  com.UI.listeners.TestListener - Test parameters: {password=admin, expectedError=, shouldSucceed=true, username=admin}
2025-05-07 11:18:16.516 [TestNG-test=Dummy Site Tests-1] INFO  com.UI.listeners.AllureListener - Starting test: testLoginWithExcelData
2025-05-07 11:18:16.516 [TestNG-test=Dummy Site Tests-1] INFO  com.UI.tests.ExcelDrivenLoginTest - Testing login with username: admin
2025-05-07 11:18:20.351 [TestNG-test=Dummy Site Tests-2] INFO  com.UI.pages.LoginPage - Navigated to URL: http://10.119.32.127:8084/da/
2025-05-07 11:18:20.352 [TestNG-test=Dummy Site Tests-2] INFO  com.UI.pages.LoginPage - Navigated to Login page
2025-05-07 11:18:21.113 [TestNG-test=Dummy Site Tests-2] INFO  com.UI.pages.LoginPage - Sent Value to User name field
2025-05-07 11:18:21.148 [TestNG-test=Dummy Site Tests-1] INFO  com.UI.pages.LoginPage - Navigated to URL: http://10.119.32.127:8084/da/
2025-05-07 11:18:21.148 [TestNG-test=Dummy Site Tests-1] INFO  com.UI.pages.LoginPage - Navigated to Login page
2025-05-07 11:18:21.176 [TestNG-test=Dummy Site Tests-2] INFO  com.UI.pages.LoginPage - Sent Value to Password field
2025-05-07 11:18:21.216 [TestNG-test=Dummy Site Tests-2] INFO  com.UI.pages.LoginPage - Clicked user profile link
2025-05-07 11:18:21.226 [TestNG-test=Dummy Site Tests-2] INFO  com.UI.listeners.AllureListener - Test passed: testSuccessfulLogin
2025-05-07 11:18:21.226 [TestNG-test=Dummy Site Tests-2] INFO  com.UI.listeners.TestListener - Test passed: testSuccessfulLogin
2025-05-07 11:18:21.233 [TestNG-test=Dummy Site Tests-2] INFO  com.UI.tests.LoginTest - Test passed: testSuccessfulLogin
2025-05-07 11:18:21.396 [TestNG-test=Dummy Site Tests-2] INFO  com.UI.drivers.DriverManager - WebDriver closed and removed from ThreadLocal
2025-05-07 11:18:21.401 [TestNG-test=Dummy Site Tests-2] INFO  com.UI.tests.LoginTest - Starting test: testSuccessfulLogin2
2025-05-07 11:18:21.401 [TestNG-test=Dummy Site Tests-2] INFO  com.UI.drivers.DriverManager - Initializing WebDriver: Browser=chrome, Mode=local, Headless=false
2025-05-07 11:18:22.150 [TestNG-test=Dummy Site Tests-2] INFO  com.UI.drivers.DriverManager - WebDriver initialized successfully
2025-05-07 11:18:22.155 [TestNG-test=Dummy Site Tests-2] INFO  com.UI.listeners.TestListener - Test started: testSuccessfulLogin2
2025-05-07 11:18:22.156 [TestNG-test=Dummy Site Tests-2] INFO  com.UI.listeners.AllureListener - Starting test: testSuccessfulLogin2
2025-05-07 11:18:22.273 [TestNG-test=Dummy Site Tests-1] INFO  com.UI.pages.LoginPage - Sent Value to User name field
2025-05-07 11:18:22.366 [TestNG-test=Dummy Site Tests-1] INFO  com.UI.pages.LoginPage - Sent Value to Password field
2025-05-07 11:18:26.645 [TestNG-test=Dummy Site Tests-2] INFO  com.UI.pages.LoginPage - Navigated to URL: http://10.119.32.127:8084/da/
2025-05-07 11:18:26.645 [TestNG-test=Dummy Site Tests-2] INFO  com.UI.pages.LoginPage - Navigated to Login page
2025-05-07 11:18:27.716 [TestNG-test=Dummy Site Tests-2] INFO  com.UI.pages.LoginPage - Sent Value to User name field
2025-05-07 11:18:27.782 [TestNG-test=Dummy Site Tests-2] INFO  com.UI.pages.LoginPage - Sent Value to Password field
2025-05-07 11:18:27.836 [TestNG-test=Dummy Site Tests-2] INFO  com.UI.pages.LoginPage - Clicked user profile link
2025-05-07 11:18:27.836 [TestNG-test=Dummy Site Tests-2] INFO  com.UI.listeners.AllureListener - Test passed: testSuccessfulLogin2
2025-05-07 11:18:27.836 [TestNG-test=Dummy Site Tests-2] INFO  com.UI.listeners.TestListener - Test passed: testSuccessfulLogin2
2025-05-07 11:18:27.847 [TestNG-test=Dummy Site Tests-2] INFO  com.UI.tests.LoginTest - Test passed: testSuccessfulLogin2
2025-05-07 11:18:28.013 [TestNG-test=Dummy Site Tests-2] INFO  com.UI.drivers.DriverManager - WebDriver closed and removed from ThreadLocal
2025-05-07 11:18:40.766 [TestNG-test=Dummy Site Tests-1] INFO  com.UI.pages.LoginPage - Clicked user profile link
2025-05-07 11:18:40.766 [TestNG-test=Dummy Site Tests-1] INFO  com.UI.tests.ExcelDrivenLoginTest - Successfully logged in
2025-05-07 11:18:40.766 [TestNG-test=Dummy Site Tests-1] INFO  com.UI.listeners.AllureListener - Test passed: testLoginWithExcelData
2025-05-07 11:18:40.766 [TestNG-test=Dummy Site Tests-1] INFO  com.UI.listeners.TestListener - Test passed: testLoginWithExcelData
2025-05-07 11:18:40.770 [TestNG-test=Dummy Site Tests-1] INFO  com.UI.tests.ExcelDrivenLoginTest - Test passed: testLoginWithExcelData
2025-05-07 11:18:40.955 [TestNG-test=Dummy Site Tests-1] INFO  com.UI.drivers.DriverManager - WebDriver closed and removed from ThreadLocal
2025-05-07 11:18:40.956 [TestNG-test=Dummy Site Tests-1] INFO  com.UI.tests.ExcelDrivenLoginTest - Starting test: testLoginWithExcelData
2025-05-07 11:18:40.956 [TestNG-test=Dummy Site Tests-1] INFO  com.UI.tests.ExcelDrivenLoginTest - Test Parameters: {password=12234.0, expectedError=, shouldSucceed=false, username=admin}
2025-05-07 11:18:40.956 [TestNG-test=Dummy Site Tests-1] INFO  com.UI.drivers.DriverManager - Initializing WebDriver: Browser=chrome, Mode=local, Headless=false
2025-05-07 11:18:41.750 [TestNG-test=Dummy Site Tests-1] INFO  com.UI.drivers.DriverManager - WebDriver initialized successfully
2025-05-07 11:18:41.756 [TestNG-test=Dummy Site Tests-1] INFO  com.UI.listeners.TestListener - Test started: testLoginWithExcelData
2025-05-07 11:18:41.756 [TestNG-test=Dummy Site Tests-1] INFO  com.UI.listeners.TestListener - Test parameters: {password=12234.0, expectedError=, shouldSucceed=false, username=admin}
2025-05-07 11:18:41.756 [TestNG-test=Dummy Site Tests-1] INFO  com.UI.listeners.AllureListener - Starting test: testLoginWithExcelData
2025-05-07 11:18:41.756 [TestNG-test=Dummy Site Tests-1] INFO  com.UI.tests.ExcelDrivenLoginTest - Testing login with username: admin
2025-05-07 11:18:46.032 [TestNG-test=Dummy Site Tests-1] INFO  com.UI.pages.LoginPage - Navigated to URL: http://10.119.32.127:8084/da/
2025-05-07 11:18:46.032 [TestNG-test=Dummy Site Tests-1] INFO  com.UI.pages.LoginPage - Navigated to Login page
2025-05-07 11:18:47.139 [TestNG-test=Dummy Site Tests-1] INFO  com.UI.pages.LoginPage - Sent Value to User name field
2025-05-07 11:18:47.194 [TestNG-test=Dummy Site Tests-1] INFO  com.UI.pages.LoginPage - Sent Value to Password field
2025-05-07 11:18:47.238 [TestNG-test=Dummy Site Tests-1] INFO  com.UI.pages.LoginPage - Clicked user profile link
2025-05-07 11:18:47.238 [TestNG-test=Dummy Site Tests-1] INFO  com.UI.tests.ExcelDrivenLoginTest - Failed to log in
2025-05-07 11:18:47.238 [TestNG-test=Dummy Site Tests-1] INFO  com.UI.listeners.AllureListener - Test passed: testLoginWithExcelData
2025-05-07 11:18:47.238 [TestNG-test=Dummy Site Tests-1] INFO  com.UI.listeners.TestListener - Test passed: testLoginWithExcelData
2025-05-07 11:18:47.239 [TestNG-test=Dummy Site Tests-1] INFO  com.UI.tests.ExcelDrivenLoginTest - Test passed: testLoginWithExcelData
2025-05-07 11:18:47.417 [TestNG-test=Dummy Site Tests-1] INFO  com.UI.drivers.DriverManager - WebDriver closed and removed from ThreadLocal
2025-05-07 11:18:47.419 [main] INFO  com.UI.listeners.AllureListener - Test Suite finished: Dummy Site Tests
2025-05-07 11:18:47.419 [main] INFO  com.UI.listeners.TestListener - Test Suite finished: Dummy Site Tests
2025-05-07 11:18:47.419 [main] INFO  com.UI.listeners.TestListener - Test Results Summary - Passed: 4, Failed: 0, Skipped: 0
2025-05-07 11:18:47.594 [main] INFO  com.UI.reports.ExtentReportManager - ExtentReports flushed to disk
2025-05-07 11:18:47.594 [main] INFO  com.UI.tests.ExcelDrivenLoginTest - Test Suite completed
2025-05-07 14:13:36.363 [main] INFO  com.UI.config.ConfigManager - Configuration properties loaded successfully
2025-05-07 14:13:36.523 [main] INFO  com.UI.reports.ExtentReportManager - ExtentReports initialized. Report will be saved to: test-output/reports\TestReport_20250507_141336.html
2025-05-07 14:13:36.523 [main] INFO  com.UI.tests.ExcelDrivenLoginTest - Test Suite setup completed
2025-05-07 14:13:36.531 [main] INFO  com.UI.listeners.TestListener - Test Suite started: Dummy Site Tests
2025-05-07 14:13:36.531 [main] INFO  com.UI.listeners.AllureListener - Test Suite started: Dummy Site Tests
2025-05-07 14:13:36.561 [TestNG-test=Dummy Site Tests-2] INFO  com.UI.tests.LoginTest - Starting test: testSuccessfulLogin
2025-05-07 14:13:36.563 [TestNG-test=Dummy Site Tests-2] INFO  com.UI.drivers.DriverManager - Initializing WebDriver: Browser=chrome, Mode=local, Headless=false
2025-05-07 14:13:36.910 [TestNG-test=Dummy Site Tests-1] INFO  com.UI.utils.ExcelUtil - Successfully read 2 rows from Excel file: src/test/resources/testdata/login_test_data.xlsx
2025-05-07 14:13:36.913 [TestNG-test=Dummy Site Tests-1] INFO  com.UI.tests.ExcelDrivenLoginTest - Starting test: testLoginWithExcelData
2025-05-07 14:13:36.913 [TestNG-test=Dummy Site Tests-1] INFO  com.UI.tests.ExcelDrivenLoginTest - Test Parameters: {password=admin, expectedError=, shouldSucceed=true, username=admin}
2025-05-07 14:13:36.913 [TestNG-test=Dummy Site Tests-1] INFO  com.UI.drivers.DriverManager - Initializing WebDriver: Browser=chrome, Mode=local, Headless=false
2025-05-07 14:13:38.598 [TestNG-test=Dummy Site Tests-1] INFO  com.UI.drivers.DriverManager - WebDriver initialized successfully
2025-05-07 14:13:38.598 [TestNG-test=Dummy Site Tests-2] INFO  com.UI.drivers.DriverManager - WebDriver initialized successfully
2025-05-07 14:13:38.656 [TestNG-test=Dummy Site Tests-2] INFO  com.UI.listeners.TestListener - Test started: testSuccessfulLogin
2025-05-07 14:13:38.656 [TestNG-test=Dummy Site Tests-1] INFO  com.UI.listeners.TestListener - Test started: testLoginWithExcelData
2025-05-07 14:13:38.656 [TestNG-test=Dummy Site Tests-2] INFO  com.UI.listeners.AllureListener - Starting test: testSuccessfulLogin
2025-05-07 14:13:38.656 [TestNG-test=Dummy Site Tests-1] INFO  com.UI.listeners.TestListener - Test parameters: {password=admin, expectedError=, shouldSucceed=true, username=admin}
2025-05-07 14:13:38.656 [TestNG-test=Dummy Site Tests-1] INFO  com.UI.listeners.AllureListener - Starting test: testLoginWithExcelData
2025-05-07 14:13:38.657 [TestNG-test=Dummy Site Tests-1] INFO  com.UI.tests.ExcelDrivenLoginTest - Testing login with username: admin
2025-05-07 14:13:42.534 [TestNG-test=Dummy Site Tests-2] INFO  com.UI.pages.LoginPage - Navigated to URL: http://10.119.32.127:8084/da/
2025-05-07 14:13:42.534 [TestNG-test=Dummy Site Tests-2] INFO  com.UI.pages.LoginPage - Navigated to Login page
2025-05-07 14:13:42.961 [TestNG-test=Dummy Site Tests-1] INFO  com.UI.pages.LoginPage - Navigated to URL: http://10.119.32.127:8084/da/
2025-05-07 14:13:42.962 [TestNG-test=Dummy Site Tests-1] INFO  com.UI.pages.LoginPage - Navigated to Login page
2025-05-07 14:13:43.270 [TestNG-test=Dummy Site Tests-2] INFO  com.UI.pages.LoginPage - Sent Value to User name field
2025-05-07 14:13:43.332 [TestNG-test=Dummy Site Tests-2] INFO  com.UI.pages.LoginPage - Sent Value to Password field
2025-05-07 14:13:43.410 [TestNG-test=Dummy Site Tests-2] INFO  com.UI.pages.LoginPage - Clicked user profile link
2025-05-07 14:13:43.426 [TestNG-test=Dummy Site Tests-2] INFO  com.UI.listeners.AllureListener - Test passed: testSuccessfulLogin
2025-05-07 14:13:43.427 [TestNG-test=Dummy Site Tests-2] INFO  com.UI.listeners.TestListener - Test passed: testSuccessfulLogin
2025-05-07 14:13:43.445 [TestNG-test=Dummy Site Tests-2] INFO  com.UI.tests.LoginTest - Test passed: testSuccessfulLogin
2025-05-07 14:13:43.625 [TestNG-test=Dummy Site Tests-2] INFO  com.UI.drivers.DriverManager - WebDriver closed and removed from ThreadLocal
2025-05-07 14:13:43.633 [TestNG-test=Dummy Site Tests-2] INFO  com.UI.tests.LoginTest - Starting test: testSuccessfulLogin2
2025-05-07 14:13:43.633 [TestNG-test=Dummy Site Tests-2] INFO  com.UI.drivers.DriverManager - Initializing WebDriver: Browser=chrome, Mode=local, Headless=false
2025-05-07 14:13:44.069 [TestNG-test=Dummy Site Tests-1] INFO  com.UI.pages.LoginPage - Sent Value to User name field
2025-05-07 14:13:44.144 [TestNG-test=Dummy Site Tests-1] INFO  com.UI.pages.LoginPage - Sent Value to Password field
2025-05-07 14:13:44.234 [TestNG-test=Dummy Site Tests-1] INFO  com.UI.pages.LoginPage - Clicked user profile link
2025-05-07 14:13:44.234 [TestNG-test=Dummy Site Tests-1] INFO  com.UI.tests.ExcelDrivenLoginTest - Successfully logged in
2025-05-07 14:13:44.234 [TestNG-test=Dummy Site Tests-1] INFO  com.UI.listeners.AllureListener - Test passed: testLoginWithExcelData
2025-05-07 14:13:44.234 [TestNG-test=Dummy Site Tests-1] INFO  com.UI.listeners.TestListener - Test passed: testLoginWithExcelData
2025-05-07 14:13:44.234 [TestNG-test=Dummy Site Tests-1] INFO  com.UI.tests.ExcelDrivenLoginTest - Test passed: testLoginWithExcelData
2025-05-07 14:13:44.365 [TestNG-test=Dummy Site Tests-2] INFO  com.UI.drivers.DriverManager - WebDriver initialized successfully
2025-05-07 14:13:44.373 [TestNG-test=Dummy Site Tests-2] INFO  com.UI.listeners.TestListener - Test started: testSuccessfulLogin2
2025-05-07 14:13:44.373 [TestNG-test=Dummy Site Tests-2] INFO  com.UI.listeners.AllureListener - Starting test: testSuccessfulLogin2
2025-05-07 14:13:44.378 [TestNG-test=Dummy Site Tests-1] INFO  com.UI.drivers.DriverManager - WebDriver closed and removed from ThreadLocal
2025-05-07 14:13:44.384 [TestNG-test=Dummy Site Tests-1] INFO  com.UI.tests.ExcelDrivenLoginTest - Starting test: testLoginWithExcelData
2025-05-07 14:13:44.385 [TestNG-test=Dummy Site Tests-1] INFO  com.UI.tests.ExcelDrivenLoginTest - Test Parameters: {password=12234.0, expectedError=, shouldSucceed=false, username=admin}
2025-05-07 14:13:44.385 [TestNG-test=Dummy Site Tests-1] INFO  com.UI.drivers.DriverManager - Initializing WebDriver: Browser=chrome, Mode=local, Headless=false
2025-05-07 14:13:45.084 [TestNG-test=Dummy Site Tests-1] INFO  com.UI.drivers.DriverManager - WebDriver initialized successfully
2025-05-07 14:13:45.094 [TestNG-test=Dummy Site Tests-1] INFO  com.UI.listeners.TestListener - Test started: testLoginWithExcelData
2025-05-07 14:13:45.094 [TestNG-test=Dummy Site Tests-1] INFO  com.UI.listeners.TestListener - Test parameters: {password=12234.0, expectedError=, shouldSucceed=false, username=admin}
2025-05-07 14:13:45.094 [TestNG-test=Dummy Site Tests-1] INFO  com.UI.listeners.AllureListener - Starting test: testLoginWithExcelData
2025-05-07 14:13:45.095 [TestNG-test=Dummy Site Tests-1] INFO  com.UI.tests.ExcelDrivenLoginTest - Testing login with username: admin
2025-05-07 14:13:48.843 [TestNG-test=Dummy Site Tests-2] INFO  com.UI.pages.LoginPage - Navigated to URL: http://10.119.32.127:8084/da/
2025-05-07 14:13:48.843 [TestNG-test=Dummy Site Tests-2] INFO  com.UI.pages.LoginPage - Navigated to Login page
2025-05-07 14:13:49.307 [TestNG-test=Dummy Site Tests-1] INFO  com.UI.pages.LoginPage - Navigated to URL: http://10.119.32.127:8084/da/
2025-05-07 14:13:49.308 [TestNG-test=Dummy Site Tests-1] INFO  com.UI.pages.LoginPage - Navigated to Login page
2025-05-07 14:13:49.597 [TestNG-test=Dummy Site Tests-2] INFO  com.UI.pages.LoginPage - Sent Value to User name field
2025-05-07 14:13:49.661 [TestNG-test=Dummy Site Tests-2] INFO  com.UI.pages.LoginPage - Sent Value to Password field
2025-05-07 14:13:49.728 [TestNG-test=Dummy Site Tests-2] INFO  com.UI.pages.LoginPage - Clicked user profile link
2025-05-07 14:13:49.728 [TestNG-test=Dummy Site Tests-2] INFO  com.UI.listeners.AllureListener - Test passed: testSuccessfulLogin2
2025-05-07 14:13:49.728 [TestNG-test=Dummy Site Tests-2] INFO  com.UI.listeners.TestListener - Test passed: testSuccessfulLogin2
2025-05-07 14:13:49.728 [TestNG-test=Dummy Site Tests-2] INFO  com.UI.tests.LoginTest - Test passed: testSuccessfulLogin2
2025-05-07 14:13:49.893 [TestNG-test=Dummy Site Tests-2] INFO  com.UI.drivers.DriverManager - WebDriver closed and removed from ThreadLocal
2025-05-07 14:13:50.327 [TestNG-test=Dummy Site Tests-1] INFO  com.UI.pages.LoginPage - Sent Value to User name field
2025-05-07 14:13:50.394 [TestNG-test=Dummy Site Tests-1] INFO  com.UI.pages.LoginPage - Sent Value to Password field
2025-05-07 14:13:50.477 [TestNG-test=Dummy Site Tests-1] INFO  com.UI.pages.LoginPage - Clicked user profile link
2025-05-07 14:13:50.477 [TestNG-test=Dummy Site Tests-1] INFO  com.UI.tests.ExcelDrivenLoginTest - Failed to log in
2025-05-07 14:13:50.477 [TestNG-test=Dummy Site Tests-1] INFO  com.UI.listeners.AllureListener - Test passed: testLoginWithExcelData
2025-05-07 14:13:50.477 [TestNG-test=Dummy Site Tests-1] INFO  com.UI.listeners.TestListener - Test passed: testLoginWithExcelData
2025-05-07 14:13:50.493 [TestNG-test=Dummy Site Tests-1] INFO  com.UI.tests.ExcelDrivenLoginTest - Test passed: testLoginWithExcelData
2025-05-07 14:13:50.636 [TestNG-test=Dummy Site Tests-1] INFO  com.UI.drivers.DriverManager - WebDriver closed and removed from ThreadLocal
2025-05-07 14:13:50.636 [main] INFO  com.UI.listeners.AllureListener - Test Suite finished: Dummy Site Tests
2025-05-07 14:13:50.636 [main] INFO  com.UI.listeners.TestListener - Test Suite finished: Dummy Site Tests
2025-05-07 14:13:50.636 [main] INFO  com.UI.listeners.TestListener - Test Results Summary - Passed: 4, Failed: 0, Skipped: 0
2025-05-07 14:13:51.180 [main] INFO  com.UI.reports.ExtentReportManager - ExtentReports flushed to disk
2025-05-07 14:13:51.180 [main] INFO  com.UI.tests.ExcelDrivenLoginTest - Test Suite completed
2025-05-07 14:15:23.170 [main] INFO  com.UI.config.ConfigManager - Configuration properties loaded successfully
2025-05-07 14:15:23.332 [main] INFO  com.UI.reports.ExtentReportManager - ExtentReports initialized. Report will be saved to: test-output/reports\TestReport_20250507_141523.html
2025-05-07 14:15:23.332 [main] INFO  com.UI.tests.ExcelDrivenLoginTest - Test Suite setup completed
2025-05-07 14:15:23.339 [main] INFO  com.UI.listeners.TestListener - Test Suite started: Dummy Site Tests
2025-05-07 14:15:23.339 [main] INFO  com.UI.listeners.AllureListener - Test Suite started: Dummy Site Tests
2025-05-07 14:15:23.366 [TestNG-test=Dummy Site Tests-2] INFO  com.UI.tests.LoginTest - Starting test: testSuccessfulLogin
2025-05-07 14:15:23.368 [TestNG-test=Dummy Site Tests-2] INFO  com.UI.drivers.DriverManager - Initializing WebDriver: Browser=chrome, Mode=grid, Headless=false
2025-05-07 14:15:23.729 [TestNG-test=Dummy Site Tests-1] INFO  com.UI.utils.ExcelUtil - Successfully read 2 rows from Excel file: src/test/resources/testdata/login_test_data.xlsx
2025-05-07 14:15:23.731 [TestNG-test=Dummy Site Tests-1] INFO  com.UI.tests.ExcelDrivenLoginTest - Starting test: testLoginWithExcelData
2025-05-07 14:15:23.732 [TestNG-test=Dummy Site Tests-1] INFO  com.UI.tests.ExcelDrivenLoginTest - Test Parameters: {password=admin, expectedError=, shouldSucceed=true, username=admin}
2025-05-07 14:15:23.732 [TestNG-test=Dummy Site Tests-1] INFO  com.UI.drivers.DriverManager - Initializing WebDriver: Browser=chrome, Mode=grid, Headless=false
2025-05-07 14:15:25.330 [TestNG-test=Dummy Site Tests-1] INFO  com.UI.drivers.DriverManager - WebDriver initialized successfully
2025-05-07 14:15:25.330 [TestNG-test=Dummy Site Tests-2] INFO  com.UI.drivers.DriverManager - WebDriver initialized successfully
2025-05-07 14:15:25.396 [TestNG-test=Dummy Site Tests-2] INFO  com.UI.listeners.TestListener - Test started: testSuccessfulLogin
2025-05-07 14:15:25.396 [TestNG-test=Dummy Site Tests-2] INFO  com.UI.listeners.AllureListener - Starting test: testSuccessfulLogin
2025-05-07 14:15:25.396 [TestNG-test=Dummy Site Tests-1] INFO  com.UI.listeners.TestListener - Test started: testLoginWithExcelData
2025-05-07 14:15:25.396 [TestNG-test=Dummy Site Tests-1] INFO  com.UI.listeners.TestListener - Test parameters: {password=admin, expectedError=, shouldSucceed=true, username=admin}
2025-05-07 14:15:25.397 [TestNG-test=Dummy Site Tests-1] INFO  com.UI.listeners.AllureListener - Starting test: testLoginWithExcelData
2025-05-07 14:15:25.397 [TestNG-test=Dummy Site Tests-1] INFO  com.UI.tests.ExcelDrivenLoginTest - Testing login with username: admin
2025-05-07 14:15:29.290 [TestNG-test=Dummy Site Tests-2] INFO  com.UI.pages.LoginPage - Navigated to URL: http://10.119.32.127:8084/da/
2025-05-07 14:15:29.290 [TestNG-test=Dummy Site Tests-2] INFO  com.UI.pages.LoginPage - Navigated to Login page
2025-05-07 14:15:29.567 [TestNG-test=Dummy Site Tests-1] INFO  com.UI.pages.LoginPage - Navigated to URL: http://10.119.32.127:8084/da/
2025-05-07 14:15:29.567 [TestNG-test=Dummy Site Tests-1] INFO  com.UI.pages.LoginPage - Navigated to Login page
2025-05-07 14:15:30.148 [TestNG-test=Dummy Site Tests-2] INFO  com.UI.pages.LoginPage - Sent Value to User name field
2025-05-07 14:15:30.256 [TestNG-test=Dummy Site Tests-2] INFO  com.UI.pages.LoginPage - Sent Value to Password field
2025-05-07 14:15:30.352 [TestNG-test=Dummy Site Tests-2] INFO  com.UI.pages.LoginPage - Clicked user profile link
2025-05-07 14:15:30.354 [TestNG-test=Dummy Site Tests-2] INFO  com.UI.listeners.AllureListener - Test passed: testSuccessfulLogin
2025-05-07 14:15:30.355 [TestNG-test=Dummy Site Tests-2] INFO  com.UI.listeners.TestListener - Test passed: testSuccessfulLogin
2025-05-07 14:15:30.360 [TestNG-test=Dummy Site Tests-2] INFO  com.UI.tests.LoginTest - Test passed: testSuccessfulLogin
2025-05-07 14:15:30.451 [TestNG-test=Dummy Site Tests-2] INFO  com.UI.drivers.DriverManager - WebDriver closed and removed from ThreadLocal
2025-05-07 14:15:30.456 [TestNG-test=Dummy Site Tests-2] INFO  com.UI.tests.LoginTest - Starting test: testSuccessfulLogin2
2025-05-07 14:15:30.456 [TestNG-test=Dummy Site Tests-2] INFO  com.UI.drivers.DriverManager - Initializing WebDriver: Browser=chrome, Mode=grid, Headless=false
2025-05-07 14:15:30.653 [TestNG-test=Dummy Site Tests-1] INFO  com.UI.pages.LoginPage - Sent Value to User name field
2025-05-07 14:15:30.777 [TestNG-test=Dummy Site Tests-1] INFO  com.UI.pages.LoginPage - Sent Value to Password field
2025-05-07 14:15:30.803 [TestNG-test=Dummy Site Tests-2] INFO  com.UI.drivers.DriverManager - WebDriver initialized successfully
2025-05-07 14:15:30.807 [TestNG-test=Dummy Site Tests-2] INFO  com.UI.listeners.TestListener - Test started: testSuccessfulLogin2
2025-05-07 14:15:30.807 [TestNG-test=Dummy Site Tests-2] INFO  com.UI.listeners.AllureListener - Starting test: testSuccessfulLogin2
2025-05-07 14:15:30.881 [TestNG-test=Dummy Site Tests-1] INFO  com.UI.pages.LoginPage - Clicked user profile link
2025-05-07 14:15:30.882 [TestNG-test=Dummy Site Tests-1] INFO  com.UI.tests.ExcelDrivenLoginTest - Successfully logged in
2025-05-07 14:15:30.882 [TestNG-test=Dummy Site Tests-1] INFO  com.UI.listeners.AllureListener - Test passed: testLoginWithExcelData
2025-05-07 14:15:30.882 [TestNG-test=Dummy Site Tests-1] INFO  com.UI.listeners.TestListener - Test passed: testLoginWithExcelData
2025-05-07 14:15:30.884 [TestNG-test=Dummy Site Tests-1] INFO  com.UI.tests.ExcelDrivenLoginTest - Test passed: testLoginWithExcelData
2025-05-07 14:15:30.972 [TestNG-test=Dummy Site Tests-1] INFO  com.UI.drivers.DriverManager - WebDriver closed and removed from ThreadLocal
2025-05-07 14:15:30.981 [TestNG-test=Dummy Site Tests-1] INFO  com.UI.tests.ExcelDrivenLoginTest - Starting test: testLoginWithExcelData
2025-05-07 14:15:30.982 [TestNG-test=Dummy Site Tests-1] INFO  com.UI.tests.ExcelDrivenLoginTest - Test Parameters: {password=12234.0, expectedError=, shouldSucceed=false, username=admin}
2025-05-07 14:15:30.982 [TestNG-test=Dummy Site Tests-1] INFO  com.UI.drivers.DriverManager - Initializing WebDriver: Browser=chrome, Mode=grid, Headless=false
2025-05-07 14:15:31.335 [TestNG-test=Dummy Site Tests-1] INFO  com.UI.drivers.DriverManager - WebDriver initialized successfully
2025-05-07 14:15:31.338 [TestNG-test=Dummy Site Tests-1] INFO  com.UI.listeners.TestListener - Test started: testLoginWithExcelData
2025-05-07 14:15:31.338 [TestNG-test=Dummy Site Tests-1] INFO  com.UI.listeners.TestListener - Test parameters: {password=12234.0, expectedError=, shouldSucceed=false, username=admin}
2025-05-07 14:15:31.338 [TestNG-test=Dummy Site Tests-1] INFO  com.UI.listeners.AllureListener - Starting test: testLoginWithExcelData
2025-05-07 14:15:31.338 [TestNG-test=Dummy Site Tests-1] INFO  com.UI.tests.ExcelDrivenLoginTest - Testing login with username: admin
2025-05-07 14:15:34.749 [TestNG-test=Dummy Site Tests-2] INFO  com.UI.pages.LoginPage - Navigated to URL: http://10.119.32.127:8084/da/
2025-05-07 14:15:34.750 [TestNG-test=Dummy Site Tests-2] INFO  com.UI.pages.LoginPage - Navigated to Login page
2025-05-07 14:15:35.539 [TestNG-test=Dummy Site Tests-2] INFO  com.UI.pages.LoginPage - Sent Value to User name field
2025-05-07 14:15:35.632 [TestNG-test=Dummy Site Tests-2] INFO  com.UI.pages.LoginPage - Sent Value to Password field
2025-05-07 14:15:35.718 [TestNG-test=Dummy Site Tests-2] INFO  com.UI.pages.LoginPage - Clicked user profile link
2025-05-07 14:15:35.720 [TestNG-test=Dummy Site Tests-2] INFO  com.UI.listeners.AllureListener - Test passed: testSuccessfulLogin2
2025-05-07 14:15:35.720 [TestNG-test=Dummy Site Tests-2] INFO  com.UI.listeners.TestListener - Test passed: testSuccessfulLogin2
2025-05-07 14:15:35.724 [TestNG-test=Dummy Site Tests-2] INFO  com.UI.tests.LoginTest - Test passed: testSuccessfulLogin2
2025-05-07 14:15:35.811 [TestNG-test=Dummy Site Tests-2] INFO  com.UI.drivers.DriverManager - WebDriver closed and removed from ThreadLocal
2025-05-07 14:15:35.895 [TestNG-test=Dummy Site Tests-1] INFO  com.UI.pages.LoginPage - Navigated to URL: http://10.119.32.127:8084/da/
2025-05-07 14:15:35.895 [TestNG-test=Dummy Site Tests-1] INFO  com.UI.pages.LoginPage - Navigated to Login page
2025-05-07 14:15:36.967 [TestNG-test=Dummy Site Tests-1] INFO  com.UI.pages.LoginPage - Sent Value to User name field
2025-05-07 14:15:37.087 [TestNG-test=Dummy Site Tests-1] INFO  com.UI.pages.LoginPage - Sent Value to Password field
2025-05-07 14:15:38.209 [TestNG-test=Dummy Site Tests-1] INFO  com.UI.pages.LoginPage - Clicked user profile link
2025-05-07 14:15:38.209 [TestNG-test=Dummy Site Tests-1] INFO  com.UI.tests.ExcelDrivenLoginTest - Failed to log in
2025-05-07 14:15:38.210 [TestNG-test=Dummy Site Tests-1] INFO  com.UI.listeners.AllureListener - Test passed: testLoginWithExcelData
2025-05-07 14:15:38.210 [TestNG-test=Dummy Site Tests-1] INFO  com.UI.listeners.TestListener - Test passed: testLoginWithExcelData
2025-05-07 14:15:38.214 [TestNG-test=Dummy Site Tests-1] INFO  com.UI.tests.ExcelDrivenLoginTest - Test passed: testLoginWithExcelData
2025-05-07 14:15:38.350 [TestNG-test=Dummy Site Tests-1] INFO  com.UI.drivers.DriverManager - WebDriver closed and removed from ThreadLocal
2025-05-07 14:15:38.355 [main] INFO  com.UI.listeners.AllureListener - Test Suite finished: Dummy Site Tests
2025-05-07 14:15:38.355 [main] INFO  com.UI.listeners.TestListener - Test Suite finished: Dummy Site Tests
2025-05-07 14:15:38.356 [main] INFO  com.UI.listeners.TestListener - Test Results Summary - Passed: 4, Failed: 0, Skipped: 0
2025-05-07 14:15:38.835 [main] INFO  com.UI.reports.ExtentReportManager - ExtentReports flushed to disk
2025-05-07 14:15:38.835 [main] INFO  com.UI.tests.ExcelDrivenLoginTest - Test Suite completed
2025-05-07 14:29:51.431 [main] INFO  com.UI.config.ConfigManager - Configuration properties loaded successfully
2025-05-07 14:29:51.627 [main] INFO  com.UI.reports.ExtentReportManager - ExtentReports initialized. Report will be saved to: test-output/reports\TestReport_20250507_142951.html
2025-05-07 14:29:51.627 [main] INFO  com.UI.tests.ExcelDrivenLoginTest - Test Suite setup completed
2025-05-07 14:29:51.636 [main] INFO  com.UI.listeners.TestListener - Test Suite started: Dummy Site Tests
2025-05-07 14:29:51.636 [main] INFO  com.UI.listeners.AllureListener - Test Suite started: Dummy Site Tests
2025-05-07 14:29:51.668 [TestNG-test=Dummy Site Tests-2] INFO  com.UI.tests.LoginTest - Starting test: testSuccessfulLogin
2025-05-07 14:29:51.670 [TestNG-test=Dummy Site Tests-2] INFO  com.UI.drivers.DriverManager - Initializing WebDriver: Browser=chrome, Mode=grid, Headless=false
2025-05-07 14:29:52.087 [TestNG-test=Dummy Site Tests-1] INFO  com.UI.utils.ExcelUtil - Successfully read 2 rows from Excel file: src/test/resources/testdata/login_test_data.xlsx
2025-05-07 14:29:52.091 [TestNG-test=Dummy Site Tests-1] INFO  com.UI.tests.ExcelDrivenLoginTest - Starting test: testLoginWithExcelData
2025-05-07 14:29:52.091 [TestNG-test=Dummy Site Tests-1] INFO  com.UI.tests.ExcelDrivenLoginTest - Test Parameters: {password=admin, expectedError=, shouldSucceed=true, username=admin}
2025-05-07 14:29:52.092 [TestNG-test=Dummy Site Tests-1] INFO  com.UI.drivers.DriverManager - Initializing WebDriver: Browser=chrome, Mode=grid, Headless=false
2025-05-07 14:29:52.428 [TestNG-test=Dummy Site Tests-2] ERROR com.UI.drivers.DriverManager - Failed to initialize WebDriver
org.openqa.selenium.SessionNotCreatedException: Could not start a new session. Possible causes are invalid address of the remote server or browser start-up failure. 
Host info: host: 'OTX-G2FKLX3', ip: '10.96.177.236'
Build info: version: '4.11.0', revision: '040bc5406b'
System info: os.name: 'Windows 11', os.arch: 'amd64', os.version: '10.0', java.version: '11.0.22'
Driver info: org.openqa.selenium.remote.RemoteWebDriver
Command: [null, newSession {capabilities=[Capabilities {browserName: chrome, goog:chromeOptions: {args: [--remote-allow-origins=*, --no-sandbox, --disable-dev-shm-usage], extensions: []}}]}]
Capabilities {browserName: chrome, goog:chromeOptions: {args: [--remote-allow-origins=*, --no-sandbox, --disable-dev-shm-usage], extensions: []}}
	at org.openqa.selenium.remote.RemoteWebDriver.execute(RemoteWebDriver.java:536) ~[selenium-remote-driver-4.11.0.jar:?]
	at org.openqa.selenium.remote.RemoteWebDriver.startSession(RemoteWebDriver.java:232) ~[selenium-remote-driver-4.11.0.jar:?]
	at org.openqa.selenium.remote.RemoteWebDriver.<init>(RemoteWebDriver.java:159) ~[selenium-remote-driver-4.11.0.jar:?]
	at org.openqa.selenium.remote.RemoteWebDriver.<init>(RemoteWebDriver.java:139) ~[selenium-remote-driver-4.11.0.jar:?]
	at com.UI.drivers.DriverManager.initializeRemoteDriver(DriverManager.java:132) ~[classes/:?]
	at com.UI.drivers.DriverManager.initializeDriver(DriverManager.java:53) [classes/:?]
	at com.UI.base.BaseTest.setup(BaseTest.java:56) [test-classes/:?]
	at jdk.internal.reflect.NativeMethodAccessorImpl.invoke0(Native Method) ~[?:?]
	at jdk.internal.reflect.NativeMethodAccessorImpl.invoke(NativeMethodAccessorImpl.java:62) ~[?:?]
	at jdk.internal.reflect.DelegatingMethodAccessorImpl.invoke(DelegatingMethodAccessorImpl.java:43) ~[?:?]
	at java.lang.reflect.Method.invoke(Method.java:566) ~[?:?]
	at org.testng.internal.invokers.MethodInvocationHelper.invokeMethod(MethodInvocationHelper.java:139) [testng-7.8.0.jar:7.8.0]
	at org.testng.internal.invokers.MethodInvocationHelper.invokeMethodConsideringTimeout(MethodInvocationHelper.java:69) [testng-7.8.0.jar:7.8.0]
	at org.testng.internal.invokers.ConfigInvoker.invokeConfigurationMethod(ConfigInvoker.java:390) [testng-7.8.0.jar:7.8.0]
	at org.testng.internal.invokers.ConfigInvoker.invokeConfigurations(ConfigInvoker.java:325) [testng-7.8.0.jar:7.8.0]
	at org.testng.internal.invokers.TestInvoker.runConfigMethods(TestInvoker.java:810) [testng-7.8.0.jar:7.8.0]
	at org.testng.internal.invokers.TestInvoker.invokeMethod(TestInvoker.java:577) [testng-7.8.0.jar:7.8.0]
	at org.testng.internal.invokers.TestInvoker.invokeTestMethod(TestInvoker.java:227) [testng-7.8.0.jar:7.8.0]
	at org.testng.internal.invokers.MethodRunner.runInSequence(MethodRunner.java:50) [testng-7.8.0.jar:7.8.0]
	at org.testng.internal.invokers.TestInvoker$MethodInvocationAgent.invoke(TestInvoker.java:957) [testng-7.8.0.jar:7.8.0]
	at org.testng.internal.invokers.TestInvoker.invokeTestMethods(TestInvoker.java:200) [testng-7.8.0.jar:7.8.0]
	at org.testng.internal.invokers.TestMethodWorker.invokeTestMethods(TestMethodWorker.java:148) [testng-7.8.0.jar:7.8.0]
	at org.testng.internal.invokers.TestMethodWorker.run(TestMethodWorker.java:128) [testng-7.8.0.jar:7.8.0]
	at java.util.concurrent.ThreadPoolExecutor.runWorker(ThreadPoolExecutor.java:1128) [?:?]
	at java.util.concurrent.ThreadPoolExecutor$Worker.run(ThreadPoolExecutor.java:628) [?:?]
	at java.lang.Thread.run(Thread.java:834) [?:?]
Caused by: java.io.UncheckedIOException: java.net.ConnectException: Connection refused: no further information: localhost/0:0:0:0:0:0:0:1:4444
	at org.openqa.selenium.remote.http.netty.NettyHttpHandler.makeCall(NettyHttpHandler.java:73) ~[selenium-remote-driver-4.11.0.jar:?]
	at org.openqa.selenium.remote.http.AddSeleniumUserAgent.lambda$apply$0(AddSeleniumUserAgent.java:42) ~[selenium-http-4.11.0.jar:?]
	at org.openqa.selenium.remote.http.Filter.lambda$andFinally$1(Filter.java:55) ~[selenium-http-4.11.0.jar:?]
	at org.openqa.selenium.remote.http.netty.NettyHttpHandler.execute(NettyHttpHandler.java:48) ~[selenium-remote-driver-4.11.0.jar:?]
	at org.openqa.selenium.remote.http.netty.NettyClient.execute(NettyClient.java:96) ~[selenium-remote-driver-4.11.0.jar:?]
	at org.openqa.selenium.remote.tracing.TracedHttpClient.execute(TracedHttpClient.java:54) ~[selenium-remote-driver-4.11.0.jar:?]
	at org.openqa.selenium.remote.ProtocolHandshake.createSession(ProtocolHandshake.java:115) ~[selenium-remote-driver-4.11.0.jar:?]
	at org.openqa.selenium.remote.ProtocolHandshake.createSession(ProtocolHandshake.java:96) ~[selenium-remote-driver-4.11.0.jar:?]
	at org.openqa.selenium.remote.ProtocolHandshake.createSession(ProtocolHandshake.java:68) ~[selenium-remote-driver-4.11.0.jar:?]
	at org.openqa.selenium.remote.HttpCommandExecutor.execute(HttpCommandExecutor.java:163) ~[selenium-remote-driver-4.11.0.jar:?]
	at org.openqa.selenium.remote.TracedCommandExecutor.execute(TracedCommandExecutor.java:51) ~[selenium-remote-driver-4.11.0.jar:?]
	at org.openqa.selenium.remote.RemoteWebDriver.execute(RemoteWebDriver.java:518) ~[selenium-remote-driver-4.11.0.jar:?]
	... 25 more
Caused by: java.net.ConnectException: Connection refused: no further information: localhost/0:0:0:0:0:0:0:1:4444
	at org.asynchttpclient.netty.channel.NettyConnectListener.onFailure(NettyConnectListener.java:179) ~[async-http-client-2.12.3.jar:?]
	at org.asynchttpclient.netty.channel.NettyChannelConnector$1.onFailure(NettyChannelConnector.java:108) ~[async-http-client-2.12.3.jar:?]
	at org.asynchttpclient.netty.SimpleChannelFutureListener.operationComplete(SimpleChannelFutureListener.java:28) ~[async-http-client-2.12.3.jar:?]
	at org.asynchttpclient.netty.SimpleChannelFutureListener.operationComplete(SimpleChannelFutureListener.java:20) ~[async-http-client-2.12.3.jar:?]
	at io.netty.util.concurrent.DefaultPromise.notifyListener0(DefaultPromise.java:590) ~[netty-common-4.1.92.Final.jar:4.1.92.Final]
	at io.netty.util.concurrent.DefaultPromise.notifyListeners0(DefaultPromise.java:583) ~[netty-common-4.1.92.Final.jar:4.1.92.Final]
	at io.netty.util.concurrent.DefaultPromise.notifyListenersNow(DefaultPromise.java:559) ~[netty-common-4.1.92.Final.jar:4.1.92.Final]
	at io.netty.util.concurrent.DefaultPromise.notifyListeners(DefaultPromise.java:492) ~[netty-common-4.1.92.Final.jar:4.1.92.Final]
	at io.netty.util.concurrent.DefaultPromise.setValue0(DefaultPromise.java:636) ~[netty-common-4.1.92.Final.jar:4.1.92.Final]
	at io.netty.util.concurrent.DefaultPromise.setFailure0(DefaultPromise.java:629) ~[netty-common-4.1.92.Final.jar:4.1.92.Final]
	at io.netty.util.concurrent.DefaultPromise.tryFailure(DefaultPromise.java:118) ~[netty-common-4.1.92.Final.jar:4.1.92.Final]
	at io.netty.channel.nio.AbstractNioChannel$AbstractNioUnsafe.fulfillConnectPromise(AbstractNioChannel.java:321) ~[netty-transport-4.1.92.Final.jar:4.1.92.Final]
	at io.netty.channel.nio.AbstractNioChannel$AbstractNioUnsafe.finishConnect(AbstractNioChannel.java:337) ~[netty-transport-4.1.92.Final.jar:4.1.92.Final]
	at io.netty.channel.nio.NioEventLoop.processSelectedKey(NioEventLoop.java:776) ~[netty-transport-4.1.92.Final.jar:4.1.92.Final]
	at io.netty.channel.nio.NioEventLoop.processSelectedKeysOptimized(NioEventLoop.java:724) ~[netty-transport-4.1.92.Final.jar:4.1.92.Final]
	at io.netty.channel.nio.NioEventLoop.processSelectedKeys(NioEventLoop.java:650) ~[netty-transport-4.1.92.Final.jar:4.1.92.Final]
	at io.netty.channel.nio.NioEventLoop.run(NioEventLoop.java:562) ~[netty-transport-4.1.92.Final.jar:4.1.92.Final]
	at io.netty.util.concurrent.SingleThreadEventExecutor$4.run(SingleThreadEventExecutor.java:997) ~[netty-common-4.1.92.Final.jar:4.1.92.Final]
	at io.netty.util.internal.ThreadExecutorMap$2.run(ThreadExecutorMap.java:74) ~[netty-common-4.1.92.Final.jar:4.1.92.Final]
	at io.netty.util.concurrent.FastThreadLocalRunnable.run(FastThreadLocalRunnable.java:30) ~[netty-common-4.1.92.Final.jar:4.1.92.Final]
	... 1 more
Caused by: io.netty.channel.AbstractChannel$AnnotatedConnectException: Connection refused: no further information: localhost/0:0:0:0:0:0:0:1:4444
Caused by: java.net.ConnectException: Connection refused: no further information
	at sun.nio.ch.SocketChannelImpl.checkConnect(Native Method) ~[?:?]
	at sun.nio.ch.SocketChannelImpl.finishConnect(SocketChannelImpl.java:779) ~[?:?]
	at io.netty.channel.socket.nio.NioSocketChannel.doFinishConnect(NioSocketChannel.java:337) ~[netty-transport-4.1.92.Final.jar:4.1.92.Final]
	at io.netty.channel.nio.AbstractNioChannel$AbstractNioUnsafe.finishConnect(AbstractNioChannel.java:334) ~[netty-transport-4.1.92.Final.jar:4.1.92.Final]
	at io.netty.channel.nio.NioEventLoop.processSelectedKey(NioEventLoop.java:776) ~[netty-transport-4.1.92.Final.jar:4.1.92.Final]
	at io.netty.channel.nio.NioEventLoop.processSelectedKeysOptimized(NioEventLoop.java:724) ~[netty-transport-4.1.92.Final.jar:4.1.92.Final]
	at io.netty.channel.nio.NioEventLoop.processSelectedKeys(NioEventLoop.java:650) ~[netty-transport-4.1.92.Final.jar:4.1.92.Final]
	at io.netty.channel.nio.NioEventLoop.run(NioEventLoop.java:562) ~[netty-transport-4.1.92.Final.jar:4.1.92.Final]
	at io.netty.util.concurrent.SingleThreadEventExecutor$4.run(SingleThreadEventExecutor.java:997) ~[netty-common-4.1.92.Final.jar:4.1.92.Final]
	at io.netty.util.internal.ThreadExecutorMap$2.run(ThreadExecutorMap.java:74) ~[netty-common-4.1.92.Final.jar:4.1.92.Final]
	at io.netty.util.concurrent.FastThreadLocalRunnable.run(FastThreadLocalRunnable.java:30) ~[netty-common-4.1.92.Final.jar:4.1.92.Final]
	... 1 more
2025-05-07 14:29:52.428 [TestNG-test=Dummy Site Tests-1] ERROR com.UI.drivers.DriverManager - Failed to initialize WebDriver
org.openqa.selenium.SessionNotCreatedException: Could not start a new session. Possible causes are invalid address of the remote server or browser start-up failure. 
Host info: host: 'OTX-G2FKLX3', ip: '10.96.177.236'
Build info: version: '4.11.0', revision: '040bc5406b'
System info: os.name: 'Windows 11', os.arch: 'amd64', os.version: '10.0', java.version: '11.0.22'
Driver info: org.openqa.selenium.remote.RemoteWebDriver
Command: [null, newSession {capabilities=[Capabilities {browserName: chrome, goog:chromeOptions: {args: [--remote-allow-origins=*, --no-sandbox, --disable-dev-shm-usage], extensions: []}}]}]
Capabilities {browserName: chrome, goog:chromeOptions: {args: [--remote-allow-origins=*, --no-sandbox, --disable-dev-shm-usage], extensions: []}}
	at org.openqa.selenium.remote.RemoteWebDriver.execute(RemoteWebDriver.java:536) ~[selenium-remote-driver-4.11.0.jar:?]
	at org.openqa.selenium.remote.RemoteWebDriver.startSession(RemoteWebDriver.java:232) ~[selenium-remote-driver-4.11.0.jar:?]
	at org.openqa.selenium.remote.RemoteWebDriver.<init>(RemoteWebDriver.java:159) ~[selenium-remote-driver-4.11.0.jar:?]
	at org.openqa.selenium.remote.RemoteWebDriver.<init>(RemoteWebDriver.java:139) ~[selenium-remote-driver-4.11.0.jar:?]
	at com.UI.drivers.DriverManager.initializeRemoteDriver(DriverManager.java:132) ~[classes/:?]
	at com.UI.drivers.DriverManager.initializeDriver(DriverManager.java:53) [classes/:?]
	at com.UI.base.BaseTest.setup(BaseTest.java:56) [test-classes/:?]
	at jdk.internal.reflect.NativeMethodAccessorImpl.invoke0(Native Method) ~[?:?]
	at jdk.internal.reflect.NativeMethodAccessorImpl.invoke(NativeMethodAccessorImpl.java:62) ~[?:?]
	at jdk.internal.reflect.DelegatingMethodAccessorImpl.invoke(DelegatingMethodAccessorImpl.java:43) ~[?:?]
	at java.lang.reflect.Method.invoke(Method.java:566) ~[?:?]
	at org.testng.internal.invokers.MethodInvocationHelper.invokeMethod(MethodInvocationHelper.java:139) [testng-7.8.0.jar:7.8.0]
	at org.testng.internal.invokers.MethodInvocationHelper.invokeMethodConsideringTimeout(MethodInvocationHelper.java:69) [testng-7.8.0.jar:7.8.0]
	at org.testng.internal.invokers.ConfigInvoker.invokeConfigurationMethod(ConfigInvoker.java:390) [testng-7.8.0.jar:7.8.0]
	at org.testng.internal.invokers.ConfigInvoker.invokeConfigurations(ConfigInvoker.java:325) [testng-7.8.0.jar:7.8.0]
	at org.testng.internal.invokers.TestInvoker.runConfigMethods(TestInvoker.java:810) [testng-7.8.0.jar:7.8.0]
	at org.testng.internal.invokers.TestInvoker.invokeMethod(TestInvoker.java:577) [testng-7.8.0.jar:7.8.0]
	at org.testng.internal.invokers.TestInvoker.invokeTestMethod(TestInvoker.java:227) [testng-7.8.0.jar:7.8.0]
	at org.testng.internal.invokers.MethodRunner.runInSequence(MethodRunner.java:50) [testng-7.8.0.jar:7.8.0]
	at org.testng.internal.invokers.TestInvoker$MethodInvocationAgent.invoke(TestInvoker.java:957) [testng-7.8.0.jar:7.8.0]
	at org.testng.internal.invokers.TestInvoker.invokeTestMethods(TestInvoker.java:200) [testng-7.8.0.jar:7.8.0]
	at org.testng.internal.invokers.TestMethodWorker.invokeTestMethods(TestMethodWorker.java:148) [testng-7.8.0.jar:7.8.0]
	at org.testng.internal.invokers.TestMethodWorker.run(TestMethodWorker.java:128) [testng-7.8.0.jar:7.8.0]
	at java.util.concurrent.ThreadPoolExecutor.runWorker(ThreadPoolExecutor.java:1128) [?:?]
	at java.util.concurrent.ThreadPoolExecutor$Worker.run(ThreadPoolExecutor.java:628) [?:?]
	at java.lang.Thread.run(Thread.java:834) [?:?]
Caused by: java.io.UncheckedIOException: java.net.ConnectException: Connection refused: no further information: localhost/0:0:0:0:0:0:0:1:4444
	at org.openqa.selenium.remote.http.netty.NettyHttpHandler.makeCall(NettyHttpHandler.java:73) ~[selenium-remote-driver-4.11.0.jar:?]
	at org.openqa.selenium.remote.http.AddSeleniumUserAgent.lambda$apply$0(AddSeleniumUserAgent.java:42) ~[selenium-http-4.11.0.jar:?]
	at org.openqa.selenium.remote.http.Filter.lambda$andFinally$1(Filter.java:55) ~[selenium-http-4.11.0.jar:?]
	at org.openqa.selenium.remote.http.netty.NettyHttpHandler.execute(NettyHttpHandler.java:48) ~[selenium-remote-driver-4.11.0.jar:?]
	at org.openqa.selenium.remote.http.netty.NettyClient.execute(NettyClient.java:96) ~[selenium-remote-driver-4.11.0.jar:?]
	at org.openqa.selenium.remote.tracing.TracedHttpClient.execute(TracedHttpClient.java:54) ~[selenium-remote-driver-4.11.0.jar:?]
	at org.openqa.selenium.remote.ProtocolHandshake.createSession(ProtocolHandshake.java:115) ~[selenium-remote-driver-4.11.0.jar:?]
	at org.openqa.selenium.remote.ProtocolHandshake.createSession(ProtocolHandshake.java:96) ~[selenium-remote-driver-4.11.0.jar:?]
	at org.openqa.selenium.remote.ProtocolHandshake.createSession(ProtocolHandshake.java:68) ~[selenium-remote-driver-4.11.0.jar:?]
	at org.openqa.selenium.remote.HttpCommandExecutor.execute(HttpCommandExecutor.java:163) ~[selenium-remote-driver-4.11.0.jar:?]
	at org.openqa.selenium.remote.TracedCommandExecutor.execute(TracedCommandExecutor.java:51) ~[selenium-remote-driver-4.11.0.jar:?]
	at org.openqa.selenium.remote.RemoteWebDriver.execute(RemoteWebDriver.java:518) ~[selenium-remote-driver-4.11.0.jar:?]
	... 25 more
Caused by: java.net.ConnectException: Connection refused: no further information: localhost/0:0:0:0:0:0:0:1:4444
	at org.asynchttpclient.netty.channel.NettyConnectListener.onFailure(NettyConnectListener.java:179) ~[async-http-client-2.12.3.jar:?]
	at org.asynchttpclient.netty.channel.NettyChannelConnector$1.onFailure(NettyChannelConnector.java:108) ~[async-http-client-2.12.3.jar:?]
	at org.asynchttpclient.netty.SimpleChannelFutureListener.operationComplete(SimpleChannelFutureListener.java:28) ~[async-http-client-2.12.3.jar:?]
	at org.asynchttpclient.netty.SimpleChannelFutureListener.operationComplete(SimpleChannelFutureListener.java:20) ~[async-http-client-2.12.3.jar:?]
	at io.netty.util.concurrent.DefaultPromise.notifyListener0(DefaultPromise.java:590) ~[netty-common-4.1.92.Final.jar:4.1.92.Final]
	at io.netty.util.concurrent.DefaultPromise.notifyListeners0(DefaultPromise.java:583) ~[netty-common-4.1.92.Final.jar:4.1.92.Final]
	at io.netty.util.concurrent.DefaultPromise.notifyListenersNow(DefaultPromise.java:559) ~[netty-common-4.1.92.Final.jar:4.1.92.Final]
	at io.netty.util.concurrent.DefaultPromise.notifyListeners(DefaultPromise.java:492) ~[netty-common-4.1.92.Final.jar:4.1.92.Final]
	at io.netty.util.concurrent.DefaultPromise.setValue0(DefaultPromise.java:636) ~[netty-common-4.1.92.Final.jar:4.1.92.Final]
	at io.netty.util.concurrent.DefaultPromise.setFailure0(DefaultPromise.java:629) ~[netty-common-4.1.92.Final.jar:4.1.92.Final]
	at io.netty.util.concurrent.DefaultPromise.tryFailure(DefaultPromise.java:118) ~[netty-common-4.1.92.Final.jar:4.1.92.Final]
	at io.netty.channel.nio.AbstractNioChannel$AbstractNioUnsafe.fulfillConnectPromise(AbstractNioChannel.java:321) ~[netty-transport-4.1.92.Final.jar:4.1.92.Final]
	at io.netty.channel.nio.AbstractNioChannel$AbstractNioUnsafe.finishConnect(AbstractNioChannel.java:337) ~[netty-transport-4.1.92.Final.jar:4.1.92.Final]
	at io.netty.channel.nio.NioEventLoop.processSelectedKey(NioEventLoop.java:776) ~[netty-transport-4.1.92.Final.jar:4.1.92.Final]
	at io.netty.channel.nio.NioEventLoop.processSelectedKeysOptimized(NioEventLoop.java:724) ~[netty-transport-4.1.92.Final.jar:4.1.92.Final]
	at io.netty.channel.nio.NioEventLoop.processSelectedKeys(NioEventLoop.java:650) ~[netty-transport-4.1.92.Final.jar:4.1.92.Final]
	at io.netty.channel.nio.NioEventLoop.run(NioEventLoop.java:562) ~[netty-transport-4.1.92.Final.jar:4.1.92.Final]
	at io.netty.util.concurrent.SingleThreadEventExecutor$4.run(SingleThreadEventExecutor.java:997) ~[netty-common-4.1.92.Final.jar:4.1.92.Final]
	at io.netty.util.internal.ThreadExecutorMap$2.run(ThreadExecutorMap.java:74) ~[netty-common-4.1.92.Final.jar:4.1.92.Final]
	at io.netty.util.concurrent.FastThreadLocalRunnable.run(FastThreadLocalRunnable.java:30) ~[netty-common-4.1.92.Final.jar:4.1.92.Final]
	... 1 more
Caused by: io.netty.channel.AbstractChannel$AnnotatedConnectException: Connection refused: no further information: localhost/0:0:0:0:0:0:0:1:4444
Caused by: java.net.ConnectException: Connection refused: no further information
	at sun.nio.ch.SocketChannelImpl.checkConnect(Native Method) ~[?:?]
	at sun.nio.ch.SocketChannelImpl.finishConnect(SocketChannelImpl.java:779) ~[?:?]
	at io.netty.channel.socket.nio.NioSocketChannel.doFinishConnect(NioSocketChannel.java:337) ~[netty-transport-4.1.92.Final.jar:4.1.92.Final]
	at io.netty.channel.nio.AbstractNioChannel$AbstractNioUnsafe.finishConnect(AbstractNioChannel.java:334) ~[netty-transport-4.1.92.Final.jar:4.1.92.Final]
	at io.netty.channel.nio.NioEventLoop.processSelectedKey(NioEventLoop.java:776) ~[netty-transport-4.1.92.Final.jar:4.1.92.Final]
	at io.netty.channel.nio.NioEventLoop.processSelectedKeysOptimized(NioEventLoop.java:724) ~[netty-transport-4.1.92.Final.jar:4.1.92.Final]
	at io.netty.channel.nio.NioEventLoop.processSelectedKeys(NioEventLoop.java:650) ~[netty-transport-4.1.92.Final.jar:4.1.92.Final]
	at io.netty.channel.nio.NioEventLoop.run(NioEventLoop.java:562) ~[netty-transport-4.1.92.Final.jar:4.1.92.Final]
	at io.netty.util.concurrent.SingleThreadEventExecutor$4.run(SingleThreadEventExecutor.java:997) ~[netty-common-4.1.92.Final.jar:4.1.92.Final]
	at io.netty.util.internal.ThreadExecutorMap$2.run(ThreadExecutorMap.java:74) ~[netty-common-4.1.92.Final.jar:4.1.92.Final]
	at io.netty.util.concurrent.FastThreadLocalRunnable.run(FastThreadLocalRunnable.java:30) ~[netty-common-4.1.92.Final.jar:4.1.92.Final]
	... 1 more
2025-05-07 14:29:52.510 [TestNG-test=Dummy Site Tests-1] INFO  com.UI.listeners.TestListener - Test started: testLoginWithExcelData
2025-05-07 14:29:52.510 [TestNG-test=Dummy Site Tests-2] INFO  com.UI.listeners.TestListener - Test started: testSuccessfulLogin
2025-05-07 14:29:52.510 [TestNG-test=Dummy Site Tests-1] INFO  com.UI.listeners.TestListener - Test parameters: {password=admin, expectedError=, shouldSucceed=true, username=admin}
2025-05-07 14:29:52.510 [TestNG-test=Dummy Site Tests-2] INFO  com.UI.listeners.AllureListener - Starting test: testSuccessfulLogin
2025-05-07 14:29:52.510 [TestNG-test=Dummy Site Tests-1] INFO  com.UI.listeners.AllureListener - Starting test: testLoginWithExcelData
2025-05-07 14:29:52.511 [TestNG-test=Dummy Site Tests-2] INFO  com.UI.listeners.AllureListener - Test skipped: testSuccessfulLogin
2025-05-07 14:29:52.511 [TestNG-test=Dummy Site Tests-1] INFO  com.UI.listeners.AllureListener - Test skipped: testLoginWithExcelData
2025-05-07 14:29:52.511 [TestNG-test=Dummy Site Tests-2] INFO  com.UI.listeners.TestListener - Test skipped: testSuccessfulLogin
2025-05-07 14:29:52.511 [TestNG-test=Dummy Site Tests-1] INFO  com.UI.listeners.TestListener - Test skipped: testLoginWithExcelData
2025-05-07 14:29:52.516 [TestNG-test=Dummy Site Tests-2] WARN  com.UI.tests.LoginTest - Unexpected test status for test: testSuccessfulLogin
2025-05-07 14:29:52.516 [TestNG-test=Dummy Site Tests-1] WARN  com.UI.tests.ExcelDrivenLoginTest - Unexpected test status for test: testLoginWithExcelData
2025-05-07 14:29:52.519 [TestNG-test=Dummy Site Tests-1] INFO  com.UI.tests.ExcelDrivenLoginTest - Starting test: testLoginWithExcelData
2025-05-07 14:29:52.519 [TestNG-test=Dummy Site Tests-1] INFO  com.UI.tests.ExcelDrivenLoginTest - Test Parameters: {password=12234.0, expectedError=, shouldSucceed=false, username=admin}
2025-05-07 14:29:52.519 [TestNG-test=Dummy Site Tests-1] INFO  com.UI.drivers.DriverManager - Initializing WebDriver: Browser=chrome, Mode=grid, Headless=false
2025-05-07 14:29:52.520 [TestNG-test=Dummy Site Tests-2] INFO  com.UI.tests.LoginTest - Starting test: testSuccessfulLogin2
2025-05-07 14:29:52.520 [TestNG-test=Dummy Site Tests-2] INFO  com.UI.drivers.DriverManager - Initializing WebDriver: Browser=chrome, Mode=grid, Headless=false
2025-05-07 14:29:52.530 [TestNG-test=Dummy Site Tests-1] ERROR com.UI.drivers.DriverManager - Failed to initialize WebDriver
org.openqa.selenium.SessionNotCreatedException: Could not start a new session. Possible causes are invalid address of the remote server or browser start-up failure. 
Host info: host: 'OTX-G2FKLX3', ip: '10.96.177.236'
Build info: version: '4.11.0', revision: '040bc5406b'
System info: os.name: 'Windows 11', os.arch: 'amd64', os.version: '10.0', java.version: '11.0.22'
Driver info: org.openqa.selenium.remote.RemoteWebDriver
Command: [null, newSession {capabilities=[Capabilities {browserName: chrome, goog:chromeOptions: {args: [--remote-allow-origins=*, --no-sandbox, --disable-dev-shm-usage], extensions: []}}]}]
Capabilities {browserName: chrome, goog:chromeOptions: {args: [--remote-allow-origins=*, --no-sandbox, --disable-dev-shm-usage], extensions: []}}
	at org.openqa.selenium.remote.RemoteWebDriver.execute(RemoteWebDriver.java:536) ~[selenium-remote-driver-4.11.0.jar:?]
	at org.openqa.selenium.remote.RemoteWebDriver.startSession(RemoteWebDriver.java:232) ~[selenium-remote-driver-4.11.0.jar:?]
	at org.openqa.selenium.remote.RemoteWebDriver.<init>(RemoteWebDriver.java:159) ~[selenium-remote-driver-4.11.0.jar:?]
	at org.openqa.selenium.remote.RemoteWebDriver.<init>(RemoteWebDriver.java:139) ~[selenium-remote-driver-4.11.0.jar:?]
	at com.UI.drivers.DriverManager.initializeRemoteDriver(DriverManager.java:132) ~[classes/:?]
	at com.UI.drivers.DriverManager.initializeDriver(DriverManager.java:53) [classes/:?]
	at com.UI.base.BaseTest.setup(BaseTest.java:56) [test-classes/:?]
	at jdk.internal.reflect.NativeMethodAccessorImpl.invoke0(Native Method) ~[?:?]
	at jdk.internal.reflect.NativeMethodAccessorImpl.invoke(NativeMethodAccessorImpl.java:62) ~[?:?]
	at jdk.internal.reflect.DelegatingMethodAccessorImpl.invoke(DelegatingMethodAccessorImpl.java:43) ~[?:?]
	at java.lang.reflect.Method.invoke(Method.java:566) ~[?:?]
	at org.testng.internal.invokers.MethodInvocationHelper.invokeMethod(MethodInvocationHelper.java:139) [testng-7.8.0.jar:7.8.0]
	at org.testng.internal.invokers.MethodInvocationHelper.invokeMethodConsideringTimeout(MethodInvocationHelper.java:69) [testng-7.8.0.jar:7.8.0]
	at org.testng.internal.invokers.ConfigInvoker.invokeConfigurationMethod(ConfigInvoker.java:390) [testng-7.8.0.jar:7.8.0]
	at org.testng.internal.invokers.ConfigInvoker.invokeConfigurations(ConfigInvoker.java:325) [testng-7.8.0.jar:7.8.0]
	at org.testng.internal.invokers.TestInvoker.runConfigMethods(TestInvoker.java:810) [testng-7.8.0.jar:7.8.0]
	at org.testng.internal.invokers.TestInvoker.invokeMethod(TestInvoker.java:577) [testng-7.8.0.jar:7.8.0]
	at org.testng.internal.invokers.TestInvoker.invokeTestMethod(TestInvoker.java:227) [testng-7.8.0.jar:7.8.0]
	at org.testng.internal.invokers.MethodRunner.runInSequence(MethodRunner.java:50) [testng-7.8.0.jar:7.8.0]
	at org.testng.internal.invokers.TestInvoker$MethodInvocationAgent.invoke(TestInvoker.java:957) [testng-7.8.0.jar:7.8.0]
	at org.testng.internal.invokers.TestInvoker.invokeTestMethods(TestInvoker.java:200) [testng-7.8.0.jar:7.8.0]
	at org.testng.internal.invokers.TestMethodWorker.invokeTestMethods(TestMethodWorker.java:148) [testng-7.8.0.jar:7.8.0]
	at org.testng.internal.invokers.TestMethodWorker.run(TestMethodWorker.java:128) [testng-7.8.0.jar:7.8.0]
	at java.util.concurrent.ThreadPoolExecutor.runWorker(ThreadPoolExecutor.java:1128) [?:?]
	at java.util.concurrent.ThreadPoolExecutor$Worker.run(ThreadPoolExecutor.java:628) [?:?]
	at java.lang.Thread.run(Thread.java:834) [?:?]
Caused by: java.io.UncheckedIOException: java.net.ConnectException: Connection refused: no further information: localhost/0:0:0:0:0:0:0:1:4444
	at org.openqa.selenium.remote.http.netty.NettyHttpHandler.makeCall(NettyHttpHandler.java:73) ~[selenium-remote-driver-4.11.0.jar:?]
	at org.openqa.selenium.remote.http.AddSeleniumUserAgent.lambda$apply$0(AddSeleniumUserAgent.java:42) ~[selenium-http-4.11.0.jar:?]
	at org.openqa.selenium.remote.http.Filter.lambda$andFinally$1(Filter.java:55) ~[selenium-http-4.11.0.jar:?]
	at org.openqa.selenium.remote.http.netty.NettyHttpHandler.execute(NettyHttpHandler.java:48) ~[selenium-remote-driver-4.11.0.jar:?]
	at org.openqa.selenium.remote.http.netty.NettyClient.execute(NettyClient.java:96) ~[selenium-remote-driver-4.11.0.jar:?]
	at org.openqa.selenium.remote.tracing.TracedHttpClient.execute(TracedHttpClient.java:54) ~[selenium-remote-driver-4.11.0.jar:?]
	at org.openqa.selenium.remote.ProtocolHandshake.createSession(ProtocolHandshake.java:115) ~[selenium-remote-driver-4.11.0.jar:?]
	at org.openqa.selenium.remote.ProtocolHandshake.createSession(ProtocolHandshake.java:96) ~[selenium-remote-driver-4.11.0.jar:?]
	at org.openqa.selenium.remote.ProtocolHandshake.createSession(ProtocolHandshake.java:68) ~[selenium-remote-driver-4.11.0.jar:?]
	at org.openqa.selenium.remote.HttpCommandExecutor.execute(HttpCommandExecutor.java:163) ~[selenium-remote-driver-4.11.0.jar:?]
	at org.openqa.selenium.remote.TracedCommandExecutor.execute(TracedCommandExecutor.java:51) ~[selenium-remote-driver-4.11.0.jar:?]
	at org.openqa.selenium.remote.RemoteWebDriver.execute(RemoteWebDriver.java:518) ~[selenium-remote-driver-4.11.0.jar:?]
	... 25 more
Caused by: java.net.ConnectException: Connection refused: no further information: localhost/0:0:0:0:0:0:0:1:4444
	at org.asynchttpclient.netty.channel.NettyConnectListener.onFailure(NettyConnectListener.java:179) ~[async-http-client-2.12.3.jar:?]
	at org.asynchttpclient.netty.channel.NettyChannelConnector$1.onFailure(NettyChannelConnector.java:108) ~[async-http-client-2.12.3.jar:?]
	at org.asynchttpclient.netty.SimpleChannelFutureListener.operationComplete(SimpleChannelFutureListener.java:28) ~[async-http-client-2.12.3.jar:?]
	at org.asynchttpclient.netty.SimpleChannelFutureListener.operationComplete(SimpleChannelFutureListener.java:20) ~[async-http-client-2.12.3.jar:?]
	at io.netty.util.concurrent.DefaultPromise.notifyListener0(DefaultPromise.java:590) ~[netty-common-4.1.92.Final.jar:4.1.92.Final]
	at io.netty.util.concurrent.DefaultPromise.notifyListeners0(DefaultPromise.java:583) ~[netty-common-4.1.92.Final.jar:4.1.92.Final]
	at io.netty.util.concurrent.DefaultPromise.notifyListenersNow(DefaultPromise.java:559) ~[netty-common-4.1.92.Final.jar:4.1.92.Final]
	at io.netty.util.concurrent.DefaultPromise.notifyListeners(DefaultPromise.java:492) ~[netty-common-4.1.92.Final.jar:4.1.92.Final]
	at io.netty.util.concurrent.DefaultPromise.setValue0(DefaultPromise.java:636) ~[netty-common-4.1.92.Final.jar:4.1.92.Final]
	at io.netty.util.concurrent.DefaultPromise.setFailure0(DefaultPromise.java:629) ~[netty-common-4.1.92.Final.jar:4.1.92.Final]
	at io.netty.util.concurrent.DefaultPromise.tryFailure(DefaultPromise.java:118) ~[netty-common-4.1.92.Final.jar:4.1.92.Final]
	at io.netty.channel.nio.AbstractNioChannel$AbstractNioUnsafe.fulfillConnectPromise(AbstractNioChannel.java:321) ~[netty-transport-4.1.92.Final.jar:4.1.92.Final]
	at io.netty.channel.nio.AbstractNioChannel$AbstractNioUnsafe.finishConnect(AbstractNioChannel.java:337) ~[netty-transport-4.1.92.Final.jar:4.1.92.Final]
	at io.netty.channel.nio.NioEventLoop.processSelectedKey(NioEventLoop.java:776) ~[netty-transport-4.1.92.Final.jar:4.1.92.Final]
	at io.netty.channel.nio.NioEventLoop.processSelectedKeysOptimized(NioEventLoop.java:724) ~[netty-transport-4.1.92.Final.jar:4.1.92.Final]
	at io.netty.channel.nio.NioEventLoop.processSelectedKeys(NioEventLoop.java:650) ~[netty-transport-4.1.92.Final.jar:4.1.92.Final]
	at io.netty.channel.nio.NioEventLoop.run(NioEventLoop.java:562) ~[netty-transport-4.1.92.Final.jar:4.1.92.Final]
	at io.netty.util.concurrent.SingleThreadEventExecutor$4.run(SingleThreadEventExecutor.java:997) ~[netty-common-4.1.92.Final.jar:4.1.92.Final]
	at io.netty.util.internal.ThreadExecutorMap$2.run(ThreadExecutorMap.java:74) ~[netty-common-4.1.92.Final.jar:4.1.92.Final]
	at io.netty.util.concurrent.FastThreadLocalRunnable.run(FastThreadLocalRunnable.java:30) ~[netty-common-4.1.92.Final.jar:4.1.92.Final]
	... 1 more
Caused by: io.netty.channel.AbstractChannel$AnnotatedConnectException: Connection refused: no further information: localhost/0:0:0:0:0:0:0:1:4444
Caused by: java.net.ConnectException: Connection refused: no further information
	at sun.nio.ch.SocketChannelImpl.checkConnect(Native Method) ~[?:?]
	at sun.nio.ch.SocketChannelImpl.finishConnect(SocketChannelImpl.java:779) ~[?:?]
	at io.netty.channel.socket.nio.NioSocketChannel.doFinishConnect(NioSocketChannel.java:337) ~[netty-transport-4.1.92.Final.jar:4.1.92.Final]
	at io.netty.channel.nio.AbstractNioChannel$AbstractNioUnsafe.finishConnect(AbstractNioChannel.java:334) ~[netty-transport-4.1.92.Final.jar:4.1.92.Final]
	at io.netty.channel.nio.NioEventLoop.processSelectedKey(NioEventLoop.java:776) ~[netty-transport-4.1.92.Final.jar:4.1.92.Final]
	at io.netty.channel.nio.NioEventLoop.processSelectedKeysOptimized(NioEventLoop.java:724) ~[netty-transport-4.1.92.Final.jar:4.1.92.Final]
	at io.netty.channel.nio.NioEventLoop.processSelectedKeys(NioEventLoop.java:650) ~[netty-transport-4.1.92.Final.jar:4.1.92.Final]
	at io.netty.channel.nio.NioEventLoop.run(NioEventLoop.java:562) ~[netty-transport-4.1.92.Final.jar:4.1.92.Final]
	at io.netty.util.concurrent.SingleThreadEventExecutor$4.run(SingleThreadEventExecutor.java:997) ~[netty-common-4.1.92.Final.jar:4.1.92.Final]
	at io.netty.util.internal.ThreadExecutorMap$2.run(ThreadExecutorMap.java:74) ~[netty-common-4.1.92.Final.jar:4.1.92.Final]
	at io.netty.util.concurrent.FastThreadLocalRunnable.run(FastThreadLocalRunnable.java:30) ~[netty-common-4.1.92.Final.jar:4.1.92.Final]
	... 1 more
2025-05-07 14:29:52.530 [TestNG-test=Dummy Site Tests-2] ERROR com.UI.drivers.DriverManager - Failed to initialize WebDriver
org.openqa.selenium.SessionNotCreatedException: Could not start a new session. Possible causes are invalid address of the remote server or browser start-up failure. 
Host info: host: 'OTX-G2FKLX3', ip: '10.96.177.236'
Build info: version: '4.11.0', revision: '040bc5406b'
System info: os.name: 'Windows 11', os.arch: 'amd64', os.version: '10.0', java.version: '11.0.22'
Driver info: org.openqa.selenium.remote.RemoteWebDriver
Command: [null, newSession {capabilities=[Capabilities {browserName: chrome, goog:chromeOptions: {args: [--remote-allow-origins=*, --no-sandbox, --disable-dev-shm-usage], extensions: []}}]}]
Capabilities {browserName: chrome, goog:chromeOptions: {args: [--remote-allow-origins=*, --no-sandbox, --disable-dev-shm-usage], extensions: []}}
	at org.openqa.selenium.remote.RemoteWebDriver.execute(RemoteWebDriver.java:536) ~[selenium-remote-driver-4.11.0.jar:?]
	at org.openqa.selenium.remote.RemoteWebDriver.startSession(RemoteWebDriver.java:232) ~[selenium-remote-driver-4.11.0.jar:?]
	at org.openqa.selenium.remote.RemoteWebDriver.<init>(RemoteWebDriver.java:159) ~[selenium-remote-driver-4.11.0.jar:?]
	at org.openqa.selenium.remote.RemoteWebDriver.<init>(RemoteWebDriver.java:139) ~[selenium-remote-driver-4.11.0.jar:?]
	at com.UI.drivers.DriverManager.initializeRemoteDriver(DriverManager.java:132) ~[classes/:?]
	at com.UI.drivers.DriverManager.initializeDriver(DriverManager.java:53) [classes/:?]
	at com.UI.base.BaseTest.setup(BaseTest.java:56) [test-classes/:?]
	at jdk.internal.reflect.NativeMethodAccessorImpl.invoke0(Native Method) ~[?:?]
	at jdk.internal.reflect.NativeMethodAccessorImpl.invoke(NativeMethodAccessorImpl.java:62) ~[?:?]
	at jdk.internal.reflect.DelegatingMethodAccessorImpl.invoke(DelegatingMethodAccessorImpl.java:43) ~[?:?]
	at java.lang.reflect.Method.invoke(Method.java:566) ~[?:?]
	at org.testng.internal.invokers.MethodInvocationHelper.invokeMethod(MethodInvocationHelper.java:139) [testng-7.8.0.jar:7.8.0]
	at org.testng.internal.invokers.MethodInvocationHelper.invokeMethodConsideringTimeout(MethodInvocationHelper.java:69) [testng-7.8.0.jar:7.8.0]
	at org.testng.internal.invokers.ConfigInvoker.invokeConfigurationMethod(ConfigInvoker.java:390) [testng-7.8.0.jar:7.8.0]
	at org.testng.internal.invokers.ConfigInvoker.invokeConfigurations(ConfigInvoker.java:325) [testng-7.8.0.jar:7.8.0]
	at org.testng.internal.invokers.TestInvoker.runConfigMethods(TestInvoker.java:810) [testng-7.8.0.jar:7.8.0]
	at org.testng.internal.invokers.TestInvoker.invokeMethod(TestInvoker.java:577) [testng-7.8.0.jar:7.8.0]
	at org.testng.internal.invokers.TestInvoker.invokeTestMethod(TestInvoker.java:227) [testng-7.8.0.jar:7.8.0]
	at org.testng.internal.invokers.MethodRunner.runInSequence(MethodRunner.java:50) [testng-7.8.0.jar:7.8.0]
	at org.testng.internal.invokers.TestInvoker$MethodInvocationAgent.invoke(TestInvoker.java:957) [testng-7.8.0.jar:7.8.0]
	at org.testng.internal.invokers.TestInvoker.invokeTestMethods(TestInvoker.java:200) [testng-7.8.0.jar:7.8.0]
	at org.testng.internal.invokers.TestMethodWorker.invokeTestMethods(TestMethodWorker.java:148) [testng-7.8.0.jar:7.8.0]
	at org.testng.internal.invokers.TestMethodWorker.run(TestMethodWorker.java:128) [testng-7.8.0.jar:7.8.0]
	at java.util.concurrent.ThreadPoolExecutor.runWorker(ThreadPoolExecutor.java:1128) [?:?]
	at java.util.concurrent.ThreadPoolExecutor$Worker.run(ThreadPoolExecutor.java:628) [?:?]
	at java.lang.Thread.run(Thread.java:834) [?:?]
Caused by: java.io.UncheckedIOException: java.net.ConnectException: Connection refused: no further information: localhost/0:0:0:0:0:0:0:1:4444
	at org.openqa.selenium.remote.http.netty.NettyHttpHandler.makeCall(NettyHttpHandler.java:73) ~[selenium-remote-driver-4.11.0.jar:?]
	at org.openqa.selenium.remote.http.AddSeleniumUserAgent.lambda$apply$0(AddSeleniumUserAgent.java:42) ~[selenium-http-4.11.0.jar:?]
	at org.openqa.selenium.remote.http.Filter.lambda$andFinally$1(Filter.java:55) ~[selenium-http-4.11.0.jar:?]
	at org.openqa.selenium.remote.http.netty.NettyHttpHandler.execute(NettyHttpHandler.java:48) ~[selenium-remote-driver-4.11.0.jar:?]
	at org.openqa.selenium.remote.http.netty.NettyClient.execute(NettyClient.java:96) ~[selenium-remote-driver-4.11.0.jar:?]
	at org.openqa.selenium.remote.tracing.TracedHttpClient.execute(TracedHttpClient.java:54) ~[selenium-remote-driver-4.11.0.jar:?]
	at org.openqa.selenium.remote.ProtocolHandshake.createSession(ProtocolHandshake.java:115) ~[selenium-remote-driver-4.11.0.jar:?]
	at org.openqa.selenium.remote.ProtocolHandshake.createSession(ProtocolHandshake.java:96) ~[selenium-remote-driver-4.11.0.jar:?]
	at org.openqa.selenium.remote.ProtocolHandshake.createSession(ProtocolHandshake.java:68) ~[selenium-remote-driver-4.11.0.jar:?]
	at org.openqa.selenium.remote.HttpCommandExecutor.execute(HttpCommandExecutor.java:163) ~[selenium-remote-driver-4.11.0.jar:?]
	at org.openqa.selenium.remote.TracedCommandExecutor.execute(TracedCommandExecutor.java:51) ~[selenium-remote-driver-4.11.0.jar:?]
	at org.openqa.selenium.remote.RemoteWebDriver.execute(RemoteWebDriver.java:518) ~[selenium-remote-driver-4.11.0.jar:?]
	... 25 more
Caused by: java.net.ConnectException: Connection refused: no further information: localhost/0:0:0:0:0:0:0:1:4444
	at org.asynchttpclient.netty.channel.NettyConnectListener.onFailure(NettyConnectListener.java:179) ~[async-http-client-2.12.3.jar:?]
	at org.asynchttpclient.netty.channel.NettyChannelConnector$1.onFailure(NettyChannelConnector.java:108) ~[async-http-client-2.12.3.jar:?]
	at org.asynchttpclient.netty.SimpleChannelFutureListener.operationComplete(SimpleChannelFutureListener.java:28) ~[async-http-client-2.12.3.jar:?]
	at org.asynchttpclient.netty.SimpleChannelFutureListener.operationComplete(SimpleChannelFutureListener.java:20) ~[async-http-client-2.12.3.jar:?]
	at io.netty.util.concurrent.DefaultPromise.notifyListener0(DefaultPromise.java:590) ~[netty-common-4.1.92.Final.jar:4.1.92.Final]
	at io.netty.util.concurrent.DefaultPromise.notifyListeners0(DefaultPromise.java:583) ~[netty-common-4.1.92.Final.jar:4.1.92.Final]
	at io.netty.util.concurrent.DefaultPromise.notifyListenersNow(DefaultPromise.java:559) ~[netty-common-4.1.92.Final.jar:4.1.92.Final]
	at io.netty.util.concurrent.DefaultPromise.notifyListeners(DefaultPromise.java:492) ~[netty-common-4.1.92.Final.jar:4.1.92.Final]
	at io.netty.util.concurrent.DefaultPromise.setValue0(DefaultPromise.java:636) ~[netty-common-4.1.92.Final.jar:4.1.92.Final]
	at io.netty.util.concurrent.DefaultPromise.setFailure0(DefaultPromise.java:629) ~[netty-common-4.1.92.Final.jar:4.1.92.Final]
	at io.netty.util.concurrent.DefaultPromise.tryFailure(DefaultPromise.java:118) ~[netty-common-4.1.92.Final.jar:4.1.92.Final]
	at io.netty.channel.nio.AbstractNioChannel$AbstractNioUnsafe.fulfillConnectPromise(AbstractNioChannel.java:321) ~[netty-transport-4.1.92.Final.jar:4.1.92.Final]
	at io.netty.channel.nio.AbstractNioChannel$AbstractNioUnsafe.finishConnect(AbstractNioChannel.java:337) ~[netty-transport-4.1.92.Final.jar:4.1.92.Final]
	at io.netty.channel.nio.NioEventLoop.processSelectedKey(NioEventLoop.java:776) ~[netty-transport-4.1.92.Final.jar:4.1.92.Final]
	at io.netty.channel.nio.NioEventLoop.processSelectedKeysOptimized(NioEventLoop.java:724) ~[netty-transport-4.1.92.Final.jar:4.1.92.Final]
	at io.netty.channel.nio.NioEventLoop.processSelectedKeys(NioEventLoop.java:650) ~[netty-transport-4.1.92.Final.jar:4.1.92.Final]
	at io.netty.channel.nio.NioEventLoop.run(NioEventLoop.java:562) ~[netty-transport-4.1.92.Final.jar:4.1.92.Final]
	at io.netty.util.concurrent.SingleThreadEventExecutor$4.run(SingleThreadEventExecutor.java:997) ~[netty-common-4.1.92.Final.jar:4.1.92.Final]
	at io.netty.util.internal.ThreadExecutorMap$2.run(ThreadExecutorMap.java:74) ~[netty-common-4.1.92.Final.jar:4.1.92.Final]
	at io.netty.util.concurrent.FastThreadLocalRunnable.run(FastThreadLocalRunnable.java:30) ~[netty-common-4.1.92.Final.jar:4.1.92.Final]
	... 1 more
Caused by: io.netty.channel.AbstractChannel$AnnotatedConnectException: Connection refused: no further information: localhost/0:0:0:0:0:0:0:1:4444
Caused by: java.net.ConnectException: Connection refused: no further information
	at sun.nio.ch.SocketChannelImpl.checkConnect(Native Method) ~[?:?]
	at sun.nio.ch.SocketChannelImpl.finishConnect(SocketChannelImpl.java:779) ~[?:?]
	at io.netty.channel.socket.nio.NioSocketChannel.doFinishConnect(NioSocketChannel.java:337) ~[netty-transport-4.1.92.Final.jar:4.1.92.Final]
	at io.netty.channel.nio.AbstractNioChannel$AbstractNioUnsafe.finishConnect(AbstractNioChannel.java:334) ~[netty-transport-4.1.92.Final.jar:4.1.92.Final]
	at io.netty.channel.nio.NioEventLoop.processSelectedKey(NioEventLoop.java:776) ~[netty-transport-4.1.92.Final.jar:4.1.92.Final]
	at io.netty.channel.nio.NioEventLoop.processSelectedKeysOptimized(NioEventLoop.java:724) ~[netty-transport-4.1.92.Final.jar:4.1.92.Final]
	at io.netty.channel.nio.NioEventLoop.processSelectedKeys(NioEventLoop.java:650) ~[netty-transport-4.1.92.Final.jar:4.1.92.Final]
	at io.netty.channel.nio.NioEventLoop.run(NioEventLoop.java:562) ~[netty-transport-4.1.92.Final.jar:4.1.92.Final]
	at io.netty.util.concurrent.SingleThreadEventExecutor$4.run(SingleThreadEventExecutor.java:997) ~[netty-common-4.1.92.Final.jar:4.1.92.Final]
	at io.netty.util.internal.ThreadExecutorMap$2.run(ThreadExecutorMap.java:74) ~[netty-common-4.1.92.Final.jar:4.1.92.Final]
	at io.netty.util.concurrent.FastThreadLocalRunnable.run(FastThreadLocalRunnable.java:30) ~[netty-common-4.1.92.Final.jar:4.1.92.Final]
	... 1 more
2025-05-07 14:29:52.537 [TestNG-test=Dummy Site Tests-2] INFO  com.UI.listeners.TestListener - Test started: testSuccessfulLogin2
2025-05-07 14:29:52.538 [TestNG-test=Dummy Site Tests-2] INFO  com.UI.listeners.AllureListener - Starting test: testSuccessfulLogin2
2025-05-07 14:29:52.538 [TestNG-test=Dummy Site Tests-2] INFO  com.UI.listeners.AllureListener - Test skipped: testSuccessfulLogin2
2025-05-07 14:29:52.538 [TestNG-test=Dummy Site Tests-2] INFO  com.UI.listeners.TestListener - Test skipped: testSuccessfulLogin2
2025-05-07 14:29:52.538 [TestNG-test=Dummy Site Tests-1] INFO  com.UI.listeners.TestListener - Test started: testLoginWithExcelData
2025-05-07 14:29:52.539 [TestNG-test=Dummy Site Tests-1] INFO  com.UI.listeners.TestListener - Test parameters: {password=12234.0, expectedError=, shouldSucceed=false, username=admin}
2025-05-07 14:29:52.539 [TestNG-test=Dummy Site Tests-1] INFO  com.UI.listeners.AllureListener - Starting test: testLoginWithExcelData
2025-05-07 14:29:52.539 [TestNG-test=Dummy Site Tests-1] INFO  com.UI.listeners.AllureListener - Test skipped: testLoginWithExcelData
2025-05-07 14:29:52.539 [TestNG-test=Dummy Site Tests-1] INFO  com.UI.listeners.TestListener - Test skipped: testLoginWithExcelData
2025-05-07 14:29:52.541 [TestNG-test=Dummy Site Tests-2] WARN  com.UI.tests.LoginTest - Unexpected test status for test: testSuccessfulLogin2
2025-05-07 14:29:52.541 [TestNG-test=Dummy Site Tests-1] WARN  com.UI.tests.ExcelDrivenLoginTest - Unexpected test status for test: testLoginWithExcelData
2025-05-07 14:29:52.544 [main] INFO  com.UI.listeners.AllureListener - Test Suite finished: Dummy Site Tests
2025-05-07 14:29:52.544 [main] INFO  com.UI.listeners.TestListener - Test Suite finished: Dummy Site Tests
2025-05-07 14:29:52.544 [main] INFO  com.UI.listeners.TestListener - Test Results Summary - Passed: 0, Failed: 0, Skipped: 4
2025-05-07 14:29:52.764 [main] INFO  com.UI.reports.ExtentReportManager - ExtentReports flushed to disk
2025-05-07 14:29:52.764 [main] INFO  com.UI.tests.ExcelDrivenLoginTest - Test Suite completed
2025-05-07 15:03:13.966 [main] INFO  com.UI.config.ConfigManager - Configuration properties loaded successfully
2025-05-07 15:03:14.168 [main] INFO  com.UI.reports.ExtentReportManager - ExtentReports initialized. Report will be saved to: test-output/reports\TestReport_20250507_150314.html
2025-05-07 15:03:14.168 [main] INFO  com.UI.tests.ExcelDrivenLoginTest - Test Suite setup completed
2025-05-07 15:03:14.175 [main] INFO  com.UI.listeners.TestListener - Test Suite started: Dummy Site Tests
2025-05-07 15:03:14.175 [main] INFO  com.UI.listeners.AllureListener - Test Suite started: Dummy Site Tests
2025-05-07 15:03:14.208 [TestNG-test=Dummy Site Tests-2] INFO  com.UI.tests.LoginTest - Starting test: testSuccessfulLogin
2025-05-07 15:03:14.210 [TestNG-test=Dummy Site Tests-2] INFO  com.UI.drivers.DriverManager - Initializing WebDriver: Browser=chrome, Mode=remote, Headless=false
2025-05-07 15:03:14.566 [TestNG-test=Dummy Site Tests-1] INFO  com.UI.utils.ExcelUtil - Successfully read 2 rows from Excel file: src/test/resources/testdata/login_test_data.xlsx
2025-05-07 15:03:14.568 [TestNG-test=Dummy Site Tests-1] INFO  com.UI.tests.ExcelDrivenLoginTest - Starting test: testLoginWithExcelData
2025-05-07 15:03:14.569 [TestNG-test=Dummy Site Tests-1] INFO  com.UI.tests.ExcelDrivenLoginTest - Test Parameters: {password=admin, expectedError=, shouldSucceed=true, username=admin}
2025-05-07 15:03:14.569 [TestNG-test=Dummy Site Tests-1] INFO  com.UI.drivers.DriverManager - Initializing WebDriver: Browser=chrome, Mode=remote, Headless=false
2025-05-07 15:03:14.936 [TestNG-test=Dummy Site Tests-1] ERROR com.UI.drivers.DriverManager - Failed to initialize WebDriver
org.openqa.selenium.SessionNotCreatedException: Could not start a new session. Unable to parse remote response: Unable to find resource, invalid path in url. 
Host info: host: 'OTX-G2FKLX3', ip: '10.96.177.236'
	at org.openqa.selenium.remote.ProtocolHandshake.createSession(ProtocolHandshake.java:126) ~[selenium-remote-driver-4.11.0.jar:?]
	at org.openqa.selenium.remote.ProtocolHandshake.createSession(ProtocolHandshake.java:96) ~[selenium-remote-driver-4.11.0.jar:?]
	at org.openqa.selenium.remote.ProtocolHandshake.createSession(ProtocolHandshake.java:68) ~[selenium-remote-driver-4.11.0.jar:?]
	at org.openqa.selenium.remote.HttpCommandExecutor.execute(HttpCommandExecutor.java:163) ~[selenium-remote-driver-4.11.0.jar:?]
	at org.openqa.selenium.remote.TracedCommandExecutor.execute(TracedCommandExecutor.java:51) ~[selenium-remote-driver-4.11.0.jar:?]
	at org.openqa.selenium.remote.RemoteWebDriver.execute(RemoteWebDriver.java:518) ~[selenium-remote-driver-4.11.0.jar:?]
	at org.openqa.selenium.remote.RemoteWebDriver.startSession(RemoteWebDriver.java:232) ~[selenium-remote-driver-4.11.0.jar:?]
	at org.openqa.selenium.remote.RemoteWebDriver.<init>(RemoteWebDriver.java:159) ~[selenium-remote-driver-4.11.0.jar:?]
	at org.openqa.selenium.remote.RemoteWebDriver.<init>(RemoteWebDriver.java:139) ~[selenium-remote-driver-4.11.0.jar:?]
	at com.UI.drivers.DriverManager.initializeRemoteDriver(DriverManager.java:132) ~[classes/:?]
	at com.UI.drivers.DriverManager.initializeDriver(DriverManager.java:53) [classes/:?]
	at com.UI.base.BaseTest.setup(BaseTest.java:56) [test-classes/:?]
	at jdk.internal.reflect.NativeMethodAccessorImpl.invoke0(Native Method) ~[?:?]
	at jdk.internal.reflect.NativeMethodAccessorImpl.invoke(NativeMethodAccessorImpl.java:62) ~[?:?]
	at jdk.internal.reflect.DelegatingMethodAccessorImpl.invoke(DelegatingMethodAccessorImpl.java:43) ~[?:?]
	at java.lang.reflect.Method.invoke(Method.java:566) ~[?:?]
	at org.testng.internal.invokers.MethodInvocationHelper.invokeMethod(MethodInvocationHelper.java:139) [testng-7.8.0.jar:7.8.0]
	at org.testng.internal.invokers.MethodInvocationHelper.invokeMethodConsideringTimeout(MethodInvocationHelper.java:69) [testng-7.8.0.jar:7.8.0]
	at org.testng.internal.invokers.ConfigInvoker.invokeConfigurationMethod(ConfigInvoker.java:390) [testng-7.8.0.jar:7.8.0]
	at org.testng.internal.invokers.ConfigInvoker.invokeConfigurations(ConfigInvoker.java:325) [testng-7.8.0.jar:7.8.0]
	at org.testng.internal.invokers.TestInvoker.runConfigMethods(TestInvoker.java:810) [testng-7.8.0.jar:7.8.0]
	at org.testng.internal.invokers.TestInvoker.invokeMethod(TestInvoker.java:577) [testng-7.8.0.jar:7.8.0]
	at org.testng.internal.invokers.TestInvoker.invokeTestMethod(TestInvoker.java:227) [testng-7.8.0.jar:7.8.0]
	at org.testng.internal.invokers.MethodRunner.runInSequence(MethodRunner.java:50) [testng-7.8.0.jar:7.8.0]
	at org.testng.internal.invokers.TestInvoker$MethodInvocationAgent.invoke(TestInvoker.java:957) [testng-7.8.0.jar:7.8.0]
	at org.testng.internal.invokers.TestInvoker.invokeTestMethods(TestInvoker.java:200) [testng-7.8.0.jar:7.8.0]
	at org.testng.internal.invokers.TestMethodWorker.invokeTestMethods(TestMethodWorker.java:148) [testng-7.8.0.jar:7.8.0]
	at org.testng.internal.invokers.TestMethodWorker.run(TestMethodWorker.java:128) [testng-7.8.0.jar:7.8.0]
	at java.util.concurrent.ThreadPoolExecutor.runWorker(ThreadPoolExecutor.java:1128) [?:?]
	at java.util.concurrent.ThreadPoolExecutor$Worker.run(ThreadPoolExecutor.java:628) [?:?]
	at java.lang.Thread.run(Thread.java:834) [?:?]
Caused by: org.openqa.selenium.json.JsonException: Unable to parse: Unable to find resource, invalid path in url.
	at org.openqa.selenium.json.Json.toType(Json.java:62) ~[selenium-json-4.11.0.jar:?]
	at org.openqa.selenium.json.Json.toType(Json.java:55) ~[selenium-json-4.11.0.jar:?]
	at org.openqa.selenium.remote.ProtocolHandshake.createSession(ProtocolHandshake.java:122) ~[selenium-remote-driver-4.11.0.jar:?]
	... 30 more
Caused by: org.openqa.selenium.json.JsonException: Unable to determine type from: U. Last 1 characters read: U
Build info: version: '4.11.0', revision: '040bc5406b'
System info: os.name: 'Windows 11', os.arch: 'amd64', os.version: '10.0', java.version: '11.0.22'
Driver info: driver.version: RemoteWebDriver
	at org.openqa.selenium.json.JsonInput.peek(JsonInput.java:133) ~[selenium-json-4.11.0.jar:?]
	at org.openqa.selenium.json.JsonTypeCoercer.lambda$buildCoercer$6(JsonTypeCoercer.java:159) ~[selenium-json-4.11.0.jar:?]
	at org.openqa.selenium.json.JsonTypeCoercer.coerce(JsonTypeCoercer.java:145) ~[selenium-json-4.11.0.jar:?]
	at org.openqa.selenium.json.Json.toType(Json.java:76) ~[selenium-json-4.11.0.jar:?]
	at org.openqa.selenium.json.Json.toType(Json.java:60) ~[selenium-json-4.11.0.jar:?]
	at org.openqa.selenium.json.Json.toType(Json.java:55) ~[selenium-json-4.11.0.jar:?]
	at org.openqa.selenium.remote.ProtocolHandshake.createSession(ProtocolHandshake.java:122) ~[selenium-remote-driver-4.11.0.jar:?]
	... 30 more
2025-05-07 15:03:14.936 [TestNG-test=Dummy Site Tests-2] ERROR com.UI.drivers.DriverManager - Failed to initialize WebDriver
org.openqa.selenium.SessionNotCreatedException: Could not start a new session. Unable to parse remote response: Unable to find resource, invalid path in url. 
Host info: host: 'OTX-G2FKLX3', ip: '10.96.177.236'
	at org.openqa.selenium.remote.ProtocolHandshake.createSession(ProtocolHandshake.java:126) ~[selenium-remote-driver-4.11.0.jar:?]
	at org.openqa.selenium.remote.ProtocolHandshake.createSession(ProtocolHandshake.java:96) ~[selenium-remote-driver-4.11.0.jar:?]
	at org.openqa.selenium.remote.ProtocolHandshake.createSession(ProtocolHandshake.java:68) ~[selenium-remote-driver-4.11.0.jar:?]
	at org.openqa.selenium.remote.HttpCommandExecutor.execute(HttpCommandExecutor.java:163) ~[selenium-remote-driver-4.11.0.jar:?]
	at org.openqa.selenium.remote.TracedCommandExecutor.execute(TracedCommandExecutor.java:51) ~[selenium-remote-driver-4.11.0.jar:?]
	at org.openqa.selenium.remote.RemoteWebDriver.execute(RemoteWebDriver.java:518) ~[selenium-remote-driver-4.11.0.jar:?]
	at org.openqa.selenium.remote.RemoteWebDriver.startSession(RemoteWebDriver.java:232) ~[selenium-remote-driver-4.11.0.jar:?]
	at org.openqa.selenium.remote.RemoteWebDriver.<init>(RemoteWebDriver.java:159) ~[selenium-remote-driver-4.11.0.jar:?]
	at org.openqa.selenium.remote.RemoteWebDriver.<init>(RemoteWebDriver.java:139) ~[selenium-remote-driver-4.11.0.jar:?]
	at com.UI.drivers.DriverManager.initializeRemoteDriver(DriverManager.java:132) ~[classes/:?]
	at com.UI.drivers.DriverManager.initializeDriver(DriverManager.java:53) [classes/:?]
	at com.UI.base.BaseTest.setup(BaseTest.java:56) [test-classes/:?]
	at jdk.internal.reflect.NativeMethodAccessorImpl.invoke0(Native Method) ~[?:?]
	at jdk.internal.reflect.NativeMethodAccessorImpl.invoke(NativeMethodAccessorImpl.java:62) ~[?:?]
	at jdk.internal.reflect.DelegatingMethodAccessorImpl.invoke(DelegatingMethodAccessorImpl.java:43) ~[?:?]
	at java.lang.reflect.Method.invoke(Method.java:566) ~[?:?]
	at org.testng.internal.invokers.MethodInvocationHelper.invokeMethod(MethodInvocationHelper.java:139) [testng-7.8.0.jar:7.8.0]
	at org.testng.internal.invokers.MethodInvocationHelper.invokeMethodConsideringTimeout(MethodInvocationHelper.java:69) [testng-7.8.0.jar:7.8.0]
	at org.testng.internal.invokers.ConfigInvoker.invokeConfigurationMethod(ConfigInvoker.java:390) [testng-7.8.0.jar:7.8.0]
	at org.testng.internal.invokers.ConfigInvoker.invokeConfigurations(ConfigInvoker.java:325) [testng-7.8.0.jar:7.8.0]
	at org.testng.internal.invokers.TestInvoker.runConfigMethods(TestInvoker.java:810) [testng-7.8.0.jar:7.8.0]
	at org.testng.internal.invokers.TestInvoker.invokeMethod(TestInvoker.java:577) [testng-7.8.0.jar:7.8.0]
	at org.testng.internal.invokers.TestInvoker.invokeTestMethod(TestInvoker.java:227) [testng-7.8.0.jar:7.8.0]
	at org.testng.internal.invokers.MethodRunner.runInSequence(MethodRunner.java:50) [testng-7.8.0.jar:7.8.0]
	at org.testng.internal.invokers.TestInvoker$MethodInvocationAgent.invoke(TestInvoker.java:957) [testng-7.8.0.jar:7.8.0]
	at org.testng.internal.invokers.TestInvoker.invokeTestMethods(TestInvoker.java:200) [testng-7.8.0.jar:7.8.0]
	at org.testng.internal.invokers.TestMethodWorker.invokeTestMethods(TestMethodWorker.java:148) [testng-7.8.0.jar:7.8.0]
	at org.testng.internal.invokers.TestMethodWorker.run(TestMethodWorker.java:128) [testng-7.8.0.jar:7.8.0]
	at java.util.concurrent.ThreadPoolExecutor.runWorker(ThreadPoolExecutor.java:1128) [?:?]
	at java.util.concurrent.ThreadPoolExecutor$Worker.run(ThreadPoolExecutor.java:628) [?:?]
	at java.lang.Thread.run(Thread.java:834) [?:?]
Caused by: org.openqa.selenium.json.JsonException: Unable to parse: Unable to find resource, invalid path in url.
	at org.openqa.selenium.json.Json.toType(Json.java:62) ~[selenium-json-4.11.0.jar:?]
	at org.openqa.selenium.json.Json.toType(Json.java:55) ~[selenium-json-4.11.0.jar:?]
	at org.openqa.selenium.remote.ProtocolHandshake.createSession(ProtocolHandshake.java:122) ~[selenium-remote-driver-4.11.0.jar:?]
	... 30 more
Caused by: org.openqa.selenium.json.JsonException: Unable to determine type from: U. Last 1 characters read: U
Build info: version: '4.11.0', revision: '040bc5406b'
System info: os.name: 'Windows 11', os.arch: 'amd64', os.version: '10.0', java.version: '11.0.22'
Driver info: driver.version: RemoteWebDriver
	at org.openqa.selenium.json.JsonInput.peek(JsonInput.java:133) ~[selenium-json-4.11.0.jar:?]
	at org.openqa.selenium.json.JsonTypeCoercer.lambda$buildCoercer$6(JsonTypeCoercer.java:159) ~[selenium-json-4.11.0.jar:?]
	at org.openqa.selenium.json.JsonTypeCoercer.coerce(JsonTypeCoercer.java:145) ~[selenium-json-4.11.0.jar:?]
	at org.openqa.selenium.json.Json.toType(Json.java:76) ~[selenium-json-4.11.0.jar:?]
	at org.openqa.selenium.json.Json.toType(Json.java:60) ~[selenium-json-4.11.0.jar:?]
	at org.openqa.selenium.json.Json.toType(Json.java:55) ~[selenium-json-4.11.0.jar:?]
	at org.openqa.selenium.remote.ProtocolHandshake.createSession(ProtocolHandshake.java:122) ~[selenium-remote-driver-4.11.0.jar:?]
	... 30 more
2025-05-07 15:03:15.013 [TestNG-test=Dummy Site Tests-2] INFO  com.UI.listeners.TestListener - Test started: testSuccessfulLogin
2025-05-07 15:03:15.013 [TestNG-test=Dummy Site Tests-2] INFO  com.UI.listeners.AllureListener - Starting test: testSuccessfulLogin
2025-05-07 15:03:15.013 [TestNG-test=Dummy Site Tests-1] INFO  com.UI.listeners.TestListener - Test started: testLoginWithExcelData
2025-05-07 15:03:15.013 [TestNG-test=Dummy Site Tests-2] INFO  com.UI.listeners.AllureListener - Test skipped: testSuccessfulLogin
2025-05-07 15:03:15.013 [TestNG-test=Dummy Site Tests-1] INFO  com.UI.listeners.TestListener - Test parameters: {password=admin, expectedError=, shouldSucceed=true, username=admin}
2025-05-07 15:03:15.013 [TestNG-test=Dummy Site Tests-2] INFO  com.UI.listeners.TestListener - Test skipped: testSuccessfulLogin
2025-05-07 15:03:15.013 [TestNG-test=Dummy Site Tests-1] INFO  com.UI.listeners.AllureListener - Starting test: testLoginWithExcelData
2025-05-07 15:03:15.014 [TestNG-test=Dummy Site Tests-1] INFO  com.UI.listeners.AllureListener - Test skipped: testLoginWithExcelData
2025-05-07 15:03:15.014 [TestNG-test=Dummy Site Tests-1] INFO  com.UI.listeners.TestListener - Test skipped: testLoginWithExcelData
2025-05-07 15:03:15.019 [TestNG-test=Dummy Site Tests-2] WARN  com.UI.tests.LoginTest - Unexpected test status for test: testSuccessfulLogin
2025-05-07 15:03:15.021 [TestNG-test=Dummy Site Tests-1] WARN  com.UI.tests.ExcelDrivenLoginTest - Unexpected test status for test: testLoginWithExcelData
2025-05-07 15:03:15.023 [TestNG-test=Dummy Site Tests-2] INFO  com.UI.tests.LoginTest - Starting test: testSuccessfulLogin2
2025-05-07 15:03:15.023 [TestNG-test=Dummy Site Tests-1] INFO  com.UI.tests.ExcelDrivenLoginTest - Starting test: testLoginWithExcelData
2025-05-07 15:03:15.023 [TestNG-test=Dummy Site Tests-2] INFO  com.UI.drivers.DriverManager - Initializing WebDriver: Browser=chrome, Mode=remote, Headless=false
2025-05-07 15:03:15.024 [TestNG-test=Dummy Site Tests-1] INFO  com.UI.tests.ExcelDrivenLoginTest - Test Parameters: {password=12234.0, expectedError=, shouldSucceed=false, username=admin}
2025-05-07 15:03:15.024 [TestNG-test=Dummy Site Tests-1] INFO  com.UI.drivers.DriverManager - Initializing WebDriver: Browser=chrome, Mode=remote, Headless=false
2025-05-07 15:03:15.033 [TestNG-test=Dummy Site Tests-2] ERROR com.UI.drivers.DriverManager - Failed to initialize WebDriver
org.openqa.selenium.SessionNotCreatedException: Could not start a new session. Unable to parse remote response: Unable to find resource, invalid path in url. 
Host info: host: 'OTX-G2FKLX3', ip: '10.96.177.236'
	at org.openqa.selenium.remote.ProtocolHandshake.createSession(ProtocolHandshake.java:126) ~[selenium-remote-driver-4.11.0.jar:?]
	at org.openqa.selenium.remote.ProtocolHandshake.createSession(ProtocolHandshake.java:96) ~[selenium-remote-driver-4.11.0.jar:?]
	at org.openqa.selenium.remote.ProtocolHandshake.createSession(ProtocolHandshake.java:68) ~[selenium-remote-driver-4.11.0.jar:?]
	at org.openqa.selenium.remote.HttpCommandExecutor.execute(HttpCommandExecutor.java:163) ~[selenium-remote-driver-4.11.0.jar:?]
	at org.openqa.selenium.remote.TracedCommandExecutor.execute(TracedCommandExecutor.java:51) ~[selenium-remote-driver-4.11.0.jar:?]
	at org.openqa.selenium.remote.RemoteWebDriver.execute(RemoteWebDriver.java:518) ~[selenium-remote-driver-4.11.0.jar:?]
	at org.openqa.selenium.remote.RemoteWebDriver.startSession(RemoteWebDriver.java:232) ~[selenium-remote-driver-4.11.0.jar:?]
	at org.openqa.selenium.remote.RemoteWebDriver.<init>(RemoteWebDriver.java:159) ~[selenium-remote-driver-4.11.0.jar:?]
	at org.openqa.selenium.remote.RemoteWebDriver.<init>(RemoteWebDriver.java:139) ~[selenium-remote-driver-4.11.0.jar:?]
	at com.UI.drivers.DriverManager.initializeRemoteDriver(DriverManager.java:132) ~[classes/:?]
	at com.UI.drivers.DriverManager.initializeDriver(DriverManager.java:53) [classes/:?]
	at com.UI.base.BaseTest.setup(BaseTest.java:56) [test-classes/:?]
	at jdk.internal.reflect.NativeMethodAccessorImpl.invoke0(Native Method) ~[?:?]
	at jdk.internal.reflect.NativeMethodAccessorImpl.invoke(NativeMethodAccessorImpl.java:62) ~[?:?]
	at jdk.internal.reflect.DelegatingMethodAccessorImpl.invoke(DelegatingMethodAccessorImpl.java:43) ~[?:?]
	at java.lang.reflect.Method.invoke(Method.java:566) ~[?:?]
	at org.testng.internal.invokers.MethodInvocationHelper.invokeMethod(MethodInvocationHelper.java:139) [testng-7.8.0.jar:7.8.0]
	at org.testng.internal.invokers.MethodInvocationHelper.invokeMethodConsideringTimeout(MethodInvocationHelper.java:69) [testng-7.8.0.jar:7.8.0]
	at org.testng.internal.invokers.ConfigInvoker.invokeConfigurationMethod(ConfigInvoker.java:390) [testng-7.8.0.jar:7.8.0]
	at org.testng.internal.invokers.ConfigInvoker.invokeConfigurations(ConfigInvoker.java:325) [testng-7.8.0.jar:7.8.0]
	at org.testng.internal.invokers.TestInvoker.runConfigMethods(TestInvoker.java:810) [testng-7.8.0.jar:7.8.0]
	at org.testng.internal.invokers.TestInvoker.invokeMethod(TestInvoker.java:577) [testng-7.8.0.jar:7.8.0]
	at org.testng.internal.invokers.TestInvoker.invokeTestMethod(TestInvoker.java:227) [testng-7.8.0.jar:7.8.0]
	at org.testng.internal.invokers.MethodRunner.runInSequence(MethodRunner.java:50) [testng-7.8.0.jar:7.8.0]
	at org.testng.internal.invokers.TestInvoker$MethodInvocationAgent.invoke(TestInvoker.java:957) [testng-7.8.0.jar:7.8.0]
	at org.testng.internal.invokers.TestInvoker.invokeTestMethods(TestInvoker.java:200) [testng-7.8.0.jar:7.8.0]
	at org.testng.internal.invokers.TestMethodWorker.invokeTestMethods(TestMethodWorker.java:148) [testng-7.8.0.jar:7.8.0]
	at org.testng.internal.invokers.TestMethodWorker.run(TestMethodWorker.java:128) [testng-7.8.0.jar:7.8.0]
	at java.util.concurrent.ThreadPoolExecutor.runWorker(ThreadPoolExecutor.java:1128) [?:?]
	at java.util.concurrent.ThreadPoolExecutor$Worker.run(ThreadPoolExecutor.java:628) [?:?]
	at java.lang.Thread.run(Thread.java:834) [?:?]
Caused by: org.openqa.selenium.json.JsonException: Unable to parse: Unable to find resource, invalid path in url.
	at org.openqa.selenium.json.Json.toType(Json.java:62) ~[selenium-json-4.11.0.jar:?]
	at org.openqa.selenium.json.Json.toType(Json.java:55) ~[selenium-json-4.11.0.jar:?]
	at org.openqa.selenium.remote.ProtocolHandshake.createSession(ProtocolHandshake.java:122) ~[selenium-remote-driver-4.11.0.jar:?]
	... 30 more
Caused by: org.openqa.selenium.json.JsonException: Unable to determine type from: U. Last 1 characters read: U
Build info: version: '4.11.0', revision: '040bc5406b'
System info: os.name: 'Windows 11', os.arch: 'amd64', os.version: '10.0', java.version: '11.0.22'
Driver info: driver.version: RemoteWebDriver
	at org.openqa.selenium.json.JsonInput.peek(JsonInput.java:133) ~[selenium-json-4.11.0.jar:?]
	at org.openqa.selenium.json.JsonTypeCoercer.lambda$buildCoercer$6(JsonTypeCoercer.java:159) ~[selenium-json-4.11.0.jar:?]
	at org.openqa.selenium.json.JsonTypeCoercer.coerce(JsonTypeCoercer.java:145) ~[selenium-json-4.11.0.jar:?]
	at org.openqa.selenium.json.Json.toType(Json.java:76) ~[selenium-json-4.11.0.jar:?]
	at org.openqa.selenium.json.Json.toType(Json.java:60) ~[selenium-json-4.11.0.jar:?]
	at org.openqa.selenium.json.Json.toType(Json.java:55) ~[selenium-json-4.11.0.jar:?]
	at org.openqa.selenium.remote.ProtocolHandshake.createSession(ProtocolHandshake.java:122) ~[selenium-remote-driver-4.11.0.jar:?]
	... 30 more
2025-05-07 15:03:15.033 [TestNG-test=Dummy Site Tests-1] ERROR com.UI.drivers.DriverManager - Failed to initialize WebDriver
org.openqa.selenium.SessionNotCreatedException: Could not start a new session. Unable to parse remote response: Unable to find resource, invalid path in url. 
Host info: host: 'OTX-G2FKLX3', ip: '10.96.177.236'
	at org.openqa.selenium.remote.ProtocolHandshake.createSession(ProtocolHandshake.java:126) ~[selenium-remote-driver-4.11.0.jar:?]
	at org.openqa.selenium.remote.ProtocolHandshake.createSession(ProtocolHandshake.java:96) ~[selenium-remote-driver-4.11.0.jar:?]
	at org.openqa.selenium.remote.ProtocolHandshake.createSession(ProtocolHandshake.java:68) ~[selenium-remote-driver-4.11.0.jar:?]
	at org.openqa.selenium.remote.HttpCommandExecutor.execute(HttpCommandExecutor.java:163) ~[selenium-remote-driver-4.11.0.jar:?]
	at org.openqa.selenium.remote.TracedCommandExecutor.execute(TracedCommandExecutor.java:51) ~[selenium-remote-driver-4.11.0.jar:?]
	at org.openqa.selenium.remote.RemoteWebDriver.execute(RemoteWebDriver.java:518) ~[selenium-remote-driver-4.11.0.jar:?]
	at org.openqa.selenium.remote.RemoteWebDriver.startSession(RemoteWebDriver.java:232) ~[selenium-remote-driver-4.11.0.jar:?]
	at org.openqa.selenium.remote.RemoteWebDriver.<init>(RemoteWebDriver.java:159) ~[selenium-remote-driver-4.11.0.jar:?]
	at org.openqa.selenium.remote.RemoteWebDriver.<init>(RemoteWebDriver.java:139) ~[selenium-remote-driver-4.11.0.jar:?]
	at com.UI.drivers.DriverManager.initializeRemoteDriver(DriverManager.java:132) ~[classes/:?]
	at com.UI.drivers.DriverManager.initializeDriver(DriverManager.java:53) [classes/:?]
	at com.UI.base.BaseTest.setup(BaseTest.java:56) [test-classes/:?]
	at jdk.internal.reflect.NativeMethodAccessorImpl.invoke0(Native Method) ~[?:?]
	at jdk.internal.reflect.NativeMethodAccessorImpl.invoke(NativeMethodAccessorImpl.java:62) ~[?:?]
	at jdk.internal.reflect.DelegatingMethodAccessorImpl.invoke(DelegatingMethodAccessorImpl.java:43) ~[?:?]
	at java.lang.reflect.Method.invoke(Method.java:566) ~[?:?]
	at org.testng.internal.invokers.MethodInvocationHelper.invokeMethod(MethodInvocationHelper.java:139) [testng-7.8.0.jar:7.8.0]
	at org.testng.internal.invokers.MethodInvocationHelper.invokeMethodConsideringTimeout(MethodInvocationHelper.java:69) [testng-7.8.0.jar:7.8.0]
	at org.testng.internal.invokers.ConfigInvoker.invokeConfigurationMethod(ConfigInvoker.java:390) [testng-7.8.0.jar:7.8.0]
	at org.testng.internal.invokers.ConfigInvoker.invokeConfigurations(ConfigInvoker.java:325) [testng-7.8.0.jar:7.8.0]
	at org.testng.internal.invokers.TestInvoker.runConfigMethods(TestInvoker.java:810) [testng-7.8.0.jar:7.8.0]
	at org.testng.internal.invokers.TestInvoker.invokeMethod(TestInvoker.java:577) [testng-7.8.0.jar:7.8.0]
	at org.testng.internal.invokers.TestInvoker.invokeTestMethod(TestInvoker.java:227) [testng-7.8.0.jar:7.8.0]
	at org.testng.internal.invokers.MethodRunner.runInSequence(MethodRunner.java:50) [testng-7.8.0.jar:7.8.0]
	at org.testng.internal.invokers.TestInvoker$MethodInvocationAgent.invoke(TestInvoker.java:957) [testng-7.8.0.jar:7.8.0]
	at org.testng.internal.invokers.TestInvoker.invokeTestMethods(TestInvoker.java:200) [testng-7.8.0.jar:7.8.0]
	at org.testng.internal.invokers.TestMethodWorker.invokeTestMethods(TestMethodWorker.java:148) [testng-7.8.0.jar:7.8.0]
	at org.testng.internal.invokers.TestMethodWorker.run(TestMethodWorker.java:128) [testng-7.8.0.jar:7.8.0]
	at java.util.concurrent.ThreadPoolExecutor.runWorker(ThreadPoolExecutor.java:1128) [?:?]
	at java.util.concurrent.ThreadPoolExecutor$Worker.run(ThreadPoolExecutor.java:628) [?:?]
	at java.lang.Thread.run(Thread.java:834) [?:?]
Caused by: org.openqa.selenium.json.JsonException: Unable to parse: Unable to find resource, invalid path in url.
	at org.openqa.selenium.json.Json.toType(Json.java:62) ~[selenium-json-4.11.0.jar:?]
	at org.openqa.selenium.json.Json.toType(Json.java:55) ~[selenium-json-4.11.0.jar:?]
	at org.openqa.selenium.remote.ProtocolHandshake.createSession(ProtocolHandshake.java:122) ~[selenium-remote-driver-4.11.0.jar:?]
	... 30 more
Caused by: org.openqa.selenium.json.JsonException: Unable to determine type from: U. Last 1 characters read: U
Build info: version: '4.11.0', revision: '040bc5406b'
System info: os.name: 'Windows 11', os.arch: 'amd64', os.version: '10.0', java.version: '11.0.22'
Driver info: driver.version: RemoteWebDriver
	at org.openqa.selenium.json.JsonInput.peek(JsonInput.java:133) ~[selenium-json-4.11.0.jar:?]
	at org.openqa.selenium.json.JsonTypeCoercer.lambda$buildCoercer$6(JsonTypeCoercer.java:159) ~[selenium-json-4.11.0.jar:?]
	at org.openqa.selenium.json.JsonTypeCoercer.coerce(JsonTypeCoercer.java:145) ~[selenium-json-4.11.0.jar:?]
	at org.openqa.selenium.json.Json.toType(Json.java:76) ~[selenium-json-4.11.0.jar:?]
	at org.openqa.selenium.json.Json.toType(Json.java:60) ~[selenium-json-4.11.0.jar:?]
	at org.openqa.selenium.json.Json.toType(Json.java:55) ~[selenium-json-4.11.0.jar:?]
	at org.openqa.selenium.remote.ProtocolHandshake.createSession(ProtocolHandshake.java:122) ~[selenium-remote-driver-4.11.0.jar:?]
	... 30 more
2025-05-07 15:03:15.040 [TestNG-test=Dummy Site Tests-1] INFO  com.UI.listeners.TestListener - Test started: testLoginWithExcelData
2025-05-07 15:03:15.041 [TestNG-test=Dummy Site Tests-1] INFO  com.UI.listeners.TestListener - Test parameters: {password=12234.0, expectedError=, shouldSucceed=false, username=admin}
2025-05-07 15:03:15.041 [TestNG-test=Dummy Site Tests-1] INFO  com.UI.listeners.AllureListener - Starting test: testLoginWithExcelData
2025-05-07 15:03:15.041 [TestNG-test=Dummy Site Tests-1] INFO  com.UI.listeners.AllureListener - Test skipped: testLoginWithExcelData
2025-05-07 15:03:15.041 [TestNG-test=Dummy Site Tests-1] INFO  com.UI.listeners.TestListener - Test skipped: testLoginWithExcelData
2025-05-07 15:03:15.042 [TestNG-test=Dummy Site Tests-2] INFO  com.UI.listeners.TestListener - Test started: testSuccessfulLogin2
2025-05-07 15:03:15.042 [TestNG-test=Dummy Site Tests-2] INFO  com.UI.listeners.AllureListener - Starting test: testSuccessfulLogin2
2025-05-07 15:03:15.042 [TestNG-test=Dummy Site Tests-2] INFO  com.UI.listeners.AllureListener - Test skipped: testSuccessfulLogin2
2025-05-07 15:03:15.042 [TestNG-test=Dummy Site Tests-2] INFO  com.UI.listeners.TestListener - Test skipped: testSuccessfulLogin2
2025-05-07 15:03:15.044 [TestNG-test=Dummy Site Tests-1] WARN  com.UI.tests.ExcelDrivenLoginTest - Unexpected test status for test: testLoginWithExcelData
2025-05-07 15:03:15.045 [TestNG-test=Dummy Site Tests-2] WARN  com.UI.tests.LoginTest - Unexpected test status for test: testSuccessfulLogin2
2025-05-07 15:03:15.046 [main] INFO  com.UI.listeners.AllureListener - Test Suite finished: Dummy Site Tests
2025-05-07 15:03:15.046 [main] INFO  com.UI.listeners.TestListener - Test Suite finished: Dummy Site Tests
2025-05-07 15:03:15.046 [main] INFO  com.UI.listeners.TestListener - Test Results Summary - Passed: 0, Failed: 0, Skipped: 4
2025-05-07 15:03:15.226 [main] INFO  com.UI.reports.ExtentReportManager - ExtentReports flushed to disk
2025-05-07 15:03:15.226 [main] INFO  com.UI.tests.ExcelDrivenLoginTest - Test Suite completed
2025-05-07 15:04:12.109 [main] INFO  com.UI.config.ConfigManager - Configuration properties loaded successfully
2025-05-07 15:04:12.285 [main] INFO  com.UI.reports.ExtentReportManager - ExtentReports initialized. Report will be saved to: test-output/reports\TestReport_20250507_150412.html
2025-05-07 15:04:12.285 [main] INFO  com.UI.tests.ExcelDrivenLoginTest - Test Suite setup completed
2025-05-07 15:04:12.293 [main] INFO  com.UI.listeners.TestListener - Test Suite started: Dummy Site Tests
2025-05-07 15:04:12.294 [main] INFO  com.UI.listeners.AllureListener - Test Suite started: Dummy Site Tests
2025-05-07 15:04:12.331 [TestNG-test=Dummy Site Tests-2] INFO  com.UI.tests.LoginTest - Starting test: testSuccessfulLogin
2025-05-07 15:04:12.332 [TestNG-test=Dummy Site Tests-2] INFO  com.UI.drivers.DriverManager - Initializing WebDriver: Browser=chrome, Mode=grid, Headless=false
2025-05-07 15:04:12.708 [TestNG-test=Dummy Site Tests-1] INFO  com.UI.utils.ExcelUtil - Successfully read 2 rows from Excel file: src/test/resources/testdata/login_test_data.xlsx
2025-05-07 15:04:12.711 [TestNG-test=Dummy Site Tests-1] INFO  com.UI.tests.ExcelDrivenLoginTest - Starting test: testLoginWithExcelData
2025-05-07 15:04:12.711 [TestNG-test=Dummy Site Tests-1] INFO  com.UI.tests.ExcelDrivenLoginTest - Test Parameters: {password=admin, expectedError=, shouldSucceed=true, username=admin}
2025-05-07 15:04:12.711 [TestNG-test=Dummy Site Tests-1] INFO  com.UI.drivers.DriverManager - Initializing WebDriver: Browser=chrome, Mode=grid, Headless=false
2025-05-07 15:04:13.080 [TestNG-test=Dummy Site Tests-1] ERROR com.UI.drivers.DriverManager - Failed to initialize WebDriver
org.openqa.selenium.SessionNotCreatedException: Could not start a new session. Unable to parse remote response: Unable to find resource, invalid path in url. 
Host info: host: 'OTX-G2FKLX3', ip: '10.96.177.236'
	at org.openqa.selenium.remote.ProtocolHandshake.createSession(ProtocolHandshake.java:126) ~[selenium-remote-driver-4.11.0.jar:?]
	at org.openqa.selenium.remote.ProtocolHandshake.createSession(ProtocolHandshake.java:96) ~[selenium-remote-driver-4.11.0.jar:?]
	at org.openqa.selenium.remote.ProtocolHandshake.createSession(ProtocolHandshake.java:68) ~[selenium-remote-driver-4.11.0.jar:?]
	at org.openqa.selenium.remote.HttpCommandExecutor.execute(HttpCommandExecutor.java:163) ~[selenium-remote-driver-4.11.0.jar:?]
	at org.openqa.selenium.remote.TracedCommandExecutor.execute(TracedCommandExecutor.java:51) ~[selenium-remote-driver-4.11.0.jar:?]
	at org.openqa.selenium.remote.RemoteWebDriver.execute(RemoteWebDriver.java:518) ~[selenium-remote-driver-4.11.0.jar:?]
	at org.openqa.selenium.remote.RemoteWebDriver.startSession(RemoteWebDriver.java:232) ~[selenium-remote-driver-4.11.0.jar:?]
	at org.openqa.selenium.remote.RemoteWebDriver.<init>(RemoteWebDriver.java:159) ~[selenium-remote-driver-4.11.0.jar:?]
	at org.openqa.selenium.remote.RemoteWebDriver.<init>(RemoteWebDriver.java:139) ~[selenium-remote-driver-4.11.0.jar:?]
	at com.UI.drivers.DriverManager.initializeRemoteDriver(DriverManager.java:132) ~[classes/:?]
	at com.UI.drivers.DriverManager.initializeDriver(DriverManager.java:53) [classes/:?]
	at com.UI.base.BaseTest.setup(BaseTest.java:56) [test-classes/:?]
	at jdk.internal.reflect.NativeMethodAccessorImpl.invoke0(Native Method) ~[?:?]
	at jdk.internal.reflect.NativeMethodAccessorImpl.invoke(NativeMethodAccessorImpl.java:62) ~[?:?]
	at jdk.internal.reflect.DelegatingMethodAccessorImpl.invoke(DelegatingMethodAccessorImpl.java:43) ~[?:?]
	at java.lang.reflect.Method.invoke(Method.java:566) ~[?:?]
	at org.testng.internal.invokers.MethodInvocationHelper.invokeMethod(MethodInvocationHelper.java:139) [testng-7.8.0.jar:7.8.0]
	at org.testng.internal.invokers.MethodInvocationHelper.invokeMethodConsideringTimeout(MethodInvocationHelper.java:69) [testng-7.8.0.jar:7.8.0]
	at org.testng.internal.invokers.ConfigInvoker.invokeConfigurationMethod(ConfigInvoker.java:390) [testng-7.8.0.jar:7.8.0]
	at org.testng.internal.invokers.ConfigInvoker.invokeConfigurations(ConfigInvoker.java:325) [testng-7.8.0.jar:7.8.0]
	at org.testng.internal.invokers.TestInvoker.runConfigMethods(TestInvoker.java:810) [testng-7.8.0.jar:7.8.0]
	at org.testng.internal.invokers.TestInvoker.invokeMethod(TestInvoker.java:577) [testng-7.8.0.jar:7.8.0]
	at org.testng.internal.invokers.TestInvoker.invokeTestMethod(TestInvoker.java:227) [testng-7.8.0.jar:7.8.0]
	at org.testng.internal.invokers.MethodRunner.runInSequence(MethodRunner.java:50) [testng-7.8.0.jar:7.8.0]
	at org.testng.internal.invokers.TestInvoker$MethodInvocationAgent.invoke(TestInvoker.java:957) [testng-7.8.0.jar:7.8.0]
	at org.testng.internal.invokers.TestInvoker.invokeTestMethods(TestInvoker.java:200) [testng-7.8.0.jar:7.8.0]
	at org.testng.internal.invokers.TestMethodWorker.invokeTestMethods(TestMethodWorker.java:148) [testng-7.8.0.jar:7.8.0]
	at org.testng.internal.invokers.TestMethodWorker.run(TestMethodWorker.java:128) [testng-7.8.0.jar:7.8.0]
	at java.util.concurrent.ThreadPoolExecutor.runWorker(ThreadPoolExecutor.java:1128) [?:?]
	at java.util.concurrent.ThreadPoolExecutor$Worker.run(ThreadPoolExecutor.java:628) [?:?]
	at java.lang.Thread.run(Thread.java:834) [?:?]
Caused by: org.openqa.selenium.json.JsonException: Unable to parse: Unable to find resource, invalid path in url.
	at org.openqa.selenium.json.Json.toType(Json.java:62) ~[selenium-json-4.11.0.jar:?]
	at org.openqa.selenium.json.Json.toType(Json.java:55) ~[selenium-json-4.11.0.jar:?]
	at org.openqa.selenium.remote.ProtocolHandshake.createSession(ProtocolHandshake.java:122) ~[selenium-remote-driver-4.11.0.jar:?]
	... 30 more
Caused by: org.openqa.selenium.json.JsonException: Unable to determine type from: U. Last 1 characters read: U
Build info: version: '4.11.0', revision: '040bc5406b'
System info: os.name: 'Windows 11', os.arch: 'amd64', os.version: '10.0', java.version: '11.0.22'
Driver info: driver.version: RemoteWebDriver
	at org.openqa.selenium.json.JsonInput.peek(JsonInput.java:133) ~[selenium-json-4.11.0.jar:?]
	at org.openqa.selenium.json.JsonTypeCoercer.lambda$buildCoercer$6(JsonTypeCoercer.java:159) ~[selenium-json-4.11.0.jar:?]
	at org.openqa.selenium.json.JsonTypeCoercer.coerce(JsonTypeCoercer.java:145) ~[selenium-json-4.11.0.jar:?]
	at org.openqa.selenium.json.Json.toType(Json.java:76) ~[selenium-json-4.11.0.jar:?]
	at org.openqa.selenium.json.Json.toType(Json.java:60) ~[selenium-json-4.11.0.jar:?]
	at org.openqa.selenium.json.Json.toType(Json.java:55) ~[selenium-json-4.11.0.jar:?]
	at org.openqa.selenium.remote.ProtocolHandshake.createSession(ProtocolHandshake.java:122) ~[selenium-remote-driver-4.11.0.jar:?]
	... 30 more
2025-05-07 15:04:13.080 [TestNG-test=Dummy Site Tests-2] ERROR com.UI.drivers.DriverManager - Failed to initialize WebDriver
org.openqa.selenium.SessionNotCreatedException: Could not start a new session. Unable to parse remote response: Unable to find resource, invalid path in url. 
Host info: host: 'OTX-G2FKLX3', ip: '10.96.177.236'
	at org.openqa.selenium.remote.ProtocolHandshake.createSession(ProtocolHandshake.java:126) ~[selenium-remote-driver-4.11.0.jar:?]
	at org.openqa.selenium.remote.ProtocolHandshake.createSession(ProtocolHandshake.java:96) ~[selenium-remote-driver-4.11.0.jar:?]
	at org.openqa.selenium.remote.ProtocolHandshake.createSession(ProtocolHandshake.java:68) ~[selenium-remote-driver-4.11.0.jar:?]
	at org.openqa.selenium.remote.HttpCommandExecutor.execute(HttpCommandExecutor.java:163) ~[selenium-remote-driver-4.11.0.jar:?]
	at org.openqa.selenium.remote.TracedCommandExecutor.execute(TracedCommandExecutor.java:51) ~[selenium-remote-driver-4.11.0.jar:?]
	at org.openqa.selenium.remote.RemoteWebDriver.execute(RemoteWebDriver.java:518) ~[selenium-remote-driver-4.11.0.jar:?]
	at org.openqa.selenium.remote.RemoteWebDriver.startSession(RemoteWebDriver.java:232) ~[selenium-remote-driver-4.11.0.jar:?]
	at org.openqa.selenium.remote.RemoteWebDriver.<init>(RemoteWebDriver.java:159) ~[selenium-remote-driver-4.11.0.jar:?]
	at org.openqa.selenium.remote.RemoteWebDriver.<init>(RemoteWebDriver.java:139) ~[selenium-remote-driver-4.11.0.jar:?]
	at com.UI.drivers.DriverManager.initializeRemoteDriver(DriverManager.java:132) ~[classes/:?]
	at com.UI.drivers.DriverManager.initializeDriver(DriverManager.java:53) [classes/:?]
	at com.UI.base.BaseTest.setup(BaseTest.java:56) [test-classes/:?]
	at jdk.internal.reflect.NativeMethodAccessorImpl.invoke0(Native Method) ~[?:?]
	at jdk.internal.reflect.NativeMethodAccessorImpl.invoke(NativeMethodAccessorImpl.java:62) ~[?:?]
	at jdk.internal.reflect.DelegatingMethodAccessorImpl.invoke(DelegatingMethodAccessorImpl.java:43) ~[?:?]
	at java.lang.reflect.Method.invoke(Method.java:566) ~[?:?]
	at org.testng.internal.invokers.MethodInvocationHelper.invokeMethod(MethodInvocationHelper.java:139) [testng-7.8.0.jar:7.8.0]
	at org.testng.internal.invokers.MethodInvocationHelper.invokeMethodConsideringTimeout(MethodInvocationHelper.java:69) [testng-7.8.0.jar:7.8.0]
	at org.testng.internal.invokers.ConfigInvoker.invokeConfigurationMethod(ConfigInvoker.java:390) [testng-7.8.0.jar:7.8.0]
	at org.testng.internal.invokers.ConfigInvoker.invokeConfigurations(ConfigInvoker.java:325) [testng-7.8.0.jar:7.8.0]
	at org.testng.internal.invokers.TestInvoker.runConfigMethods(TestInvoker.java:810) [testng-7.8.0.jar:7.8.0]
	at org.testng.internal.invokers.TestInvoker.invokeMethod(TestInvoker.java:577) [testng-7.8.0.jar:7.8.0]
	at org.testng.internal.invokers.TestInvoker.invokeTestMethod(TestInvoker.java:227) [testng-7.8.0.jar:7.8.0]
	at org.testng.internal.invokers.MethodRunner.runInSequence(MethodRunner.java:50) [testng-7.8.0.jar:7.8.0]
	at org.testng.internal.invokers.TestInvoker$MethodInvocationAgent.invoke(TestInvoker.java:957) [testng-7.8.0.jar:7.8.0]
	at org.testng.internal.invokers.TestInvoker.invokeTestMethods(TestInvoker.java:200) [testng-7.8.0.jar:7.8.0]
	at org.testng.internal.invokers.TestMethodWorker.invokeTestMethods(TestMethodWorker.java:148) [testng-7.8.0.jar:7.8.0]
	at org.testng.internal.invokers.TestMethodWorker.run(TestMethodWorker.java:128) [testng-7.8.0.jar:7.8.0]
	at java.util.concurrent.ThreadPoolExecutor.runWorker(ThreadPoolExecutor.java:1128) [?:?]
	at java.util.concurrent.ThreadPoolExecutor$Worker.run(ThreadPoolExecutor.java:628) [?:?]
	at java.lang.Thread.run(Thread.java:834) [?:?]
Caused by: org.openqa.selenium.json.JsonException: Unable to parse: Unable to find resource, invalid path in url.
	at org.openqa.selenium.json.Json.toType(Json.java:62) ~[selenium-json-4.11.0.jar:?]
	at org.openqa.selenium.json.Json.toType(Json.java:55) ~[selenium-json-4.11.0.jar:?]
	at org.openqa.selenium.remote.ProtocolHandshake.createSession(ProtocolHandshake.java:122) ~[selenium-remote-driver-4.11.0.jar:?]
	... 30 more
Caused by: org.openqa.selenium.json.JsonException: Unable to determine type from: U. Last 1 characters read: U
Build info: version: '4.11.0', revision: '040bc5406b'
System info: os.name: 'Windows 11', os.arch: 'amd64', os.version: '10.0', java.version: '11.0.22'
Driver info: driver.version: RemoteWebDriver
	at org.openqa.selenium.json.JsonInput.peek(JsonInput.java:133) ~[selenium-json-4.11.0.jar:?]
	at org.openqa.selenium.json.JsonTypeCoercer.lambda$buildCoercer$6(JsonTypeCoercer.java:159) ~[selenium-json-4.11.0.jar:?]
	at org.openqa.selenium.json.JsonTypeCoercer.coerce(JsonTypeCoercer.java:145) ~[selenium-json-4.11.0.jar:?]
	at org.openqa.selenium.json.Json.toType(Json.java:76) ~[selenium-json-4.11.0.jar:?]
	at org.openqa.selenium.json.Json.toType(Json.java:60) ~[selenium-json-4.11.0.jar:?]
	at org.openqa.selenium.json.Json.toType(Json.java:55) ~[selenium-json-4.11.0.jar:?]
	at org.openqa.selenium.remote.ProtocolHandshake.createSession(ProtocolHandshake.java:122) ~[selenium-remote-driver-4.11.0.jar:?]
	... 30 more
2025-05-07 15:04:13.156 [TestNG-test=Dummy Site Tests-2] INFO  com.UI.listeners.TestListener - Test started: testSuccessfulLogin
2025-05-07 15:04:13.156 [TestNG-test=Dummy Site Tests-1] INFO  com.UI.listeners.TestListener - Test started: testLoginWithExcelData
2025-05-07 15:04:13.156 [TestNG-test=Dummy Site Tests-2] INFO  com.UI.listeners.AllureListener - Starting test: testSuccessfulLogin
2025-05-07 15:04:13.156 [TestNG-test=Dummy Site Tests-1] INFO  com.UI.listeners.TestListener - Test parameters: {password=admin, expectedError=, shouldSucceed=true, username=admin}
2025-05-07 15:04:13.156 [TestNG-test=Dummy Site Tests-1] INFO  com.UI.listeners.AllureListener - Starting test: testLoginWithExcelData
2025-05-07 15:04:13.157 [TestNG-test=Dummy Site Tests-1] INFO  com.UI.listeners.AllureListener - Test skipped: testLoginWithExcelData
2025-05-07 15:04:13.157 [TestNG-test=Dummy Site Tests-2] INFO  com.UI.listeners.AllureListener - Test skipped: testSuccessfulLogin
2025-05-07 15:04:13.157 [TestNG-test=Dummy Site Tests-1] INFO  com.UI.listeners.TestListener - Test skipped: testLoginWithExcelData
2025-05-07 15:04:13.157 [TestNG-test=Dummy Site Tests-2] INFO  com.UI.listeners.TestListener - Test skipped: testSuccessfulLogin
2025-05-07 15:04:13.162 [TestNG-test=Dummy Site Tests-2] WARN  com.UI.tests.LoginTest - Unexpected test status for test: testSuccessfulLogin
2025-05-07 15:04:13.162 [TestNG-test=Dummy Site Tests-1] WARN  com.UI.tests.ExcelDrivenLoginTest - Unexpected test status for test: testLoginWithExcelData
2025-05-07 15:04:13.164 [TestNG-test=Dummy Site Tests-1] INFO  com.UI.tests.ExcelDrivenLoginTest - Starting test: testLoginWithExcelData
2025-05-07 15:04:13.164 [TestNG-test=Dummy Site Tests-1] INFO  com.UI.tests.ExcelDrivenLoginTest - Test Parameters: {password=12234.0, expectedError=, shouldSucceed=false, username=admin}
2025-05-07 15:04:13.164 [TestNG-test=Dummy Site Tests-2] INFO  com.UI.tests.LoginTest - Starting test: testSuccessfulLogin2
2025-05-07 15:04:13.164 [TestNG-test=Dummy Site Tests-1] INFO  com.UI.drivers.DriverManager - Initializing WebDriver: Browser=chrome, Mode=grid, Headless=false
2025-05-07 15:04:13.164 [TestNG-test=Dummy Site Tests-2] INFO  com.UI.drivers.DriverManager - Initializing WebDriver: Browser=chrome, Mode=grid, Headless=false
2025-05-07 15:04:13.173 [TestNG-test=Dummy Site Tests-2] ERROR com.UI.drivers.DriverManager - Failed to initialize WebDriver
org.openqa.selenium.SessionNotCreatedException: Could not start a new session. Unable to parse remote response: Unable to find resource, invalid path in url. 
Host info: host: 'OTX-G2FKLX3', ip: '10.96.177.236'
	at org.openqa.selenium.remote.ProtocolHandshake.createSession(ProtocolHandshake.java:126) ~[selenium-remote-driver-4.11.0.jar:?]
	at org.openqa.selenium.remote.ProtocolHandshake.createSession(ProtocolHandshake.java:96) ~[selenium-remote-driver-4.11.0.jar:?]
	at org.openqa.selenium.remote.ProtocolHandshake.createSession(ProtocolHandshake.java:68) ~[selenium-remote-driver-4.11.0.jar:?]
	at org.openqa.selenium.remote.HttpCommandExecutor.execute(HttpCommandExecutor.java:163) ~[selenium-remote-driver-4.11.0.jar:?]
	at org.openqa.selenium.remote.TracedCommandExecutor.execute(TracedCommandExecutor.java:51) ~[selenium-remote-driver-4.11.0.jar:?]
	at org.openqa.selenium.remote.RemoteWebDriver.execute(RemoteWebDriver.java:518) ~[selenium-remote-driver-4.11.0.jar:?]
	at org.openqa.selenium.remote.RemoteWebDriver.startSession(RemoteWebDriver.java:232) ~[selenium-remote-driver-4.11.0.jar:?]
	at org.openqa.selenium.remote.RemoteWebDriver.<init>(RemoteWebDriver.java:159) ~[selenium-remote-driver-4.11.0.jar:?]
	at org.openqa.selenium.remote.RemoteWebDriver.<init>(RemoteWebDriver.java:139) ~[selenium-remote-driver-4.11.0.jar:?]
	at com.UI.drivers.DriverManager.initializeRemoteDriver(DriverManager.java:132) ~[classes/:?]
	at com.UI.drivers.DriverManager.initializeDriver(DriverManager.java:53) [classes/:?]
	at com.UI.base.BaseTest.setup(BaseTest.java:56) [test-classes/:?]
	at jdk.internal.reflect.NativeMethodAccessorImpl.invoke0(Native Method) ~[?:?]
	at jdk.internal.reflect.NativeMethodAccessorImpl.invoke(NativeMethodAccessorImpl.java:62) ~[?:?]
	at jdk.internal.reflect.DelegatingMethodAccessorImpl.invoke(DelegatingMethodAccessorImpl.java:43) ~[?:?]
	at java.lang.reflect.Method.invoke(Method.java:566) ~[?:?]
	at org.testng.internal.invokers.MethodInvocationHelper.invokeMethod(MethodInvocationHelper.java:139) [testng-7.8.0.jar:7.8.0]
	at org.testng.internal.invokers.MethodInvocationHelper.invokeMethodConsideringTimeout(MethodInvocationHelper.java:69) [testng-7.8.0.jar:7.8.0]
	at org.testng.internal.invokers.ConfigInvoker.invokeConfigurationMethod(ConfigInvoker.java:390) [testng-7.8.0.jar:7.8.0]
	at org.testng.internal.invokers.ConfigInvoker.invokeConfigurations(ConfigInvoker.java:325) [testng-7.8.0.jar:7.8.0]
	at org.testng.internal.invokers.TestInvoker.runConfigMethods(TestInvoker.java:810) [testng-7.8.0.jar:7.8.0]
	at org.testng.internal.invokers.TestInvoker.invokeMethod(TestInvoker.java:577) [testng-7.8.0.jar:7.8.0]
	at org.testng.internal.invokers.TestInvoker.invokeTestMethod(TestInvoker.java:227) [testng-7.8.0.jar:7.8.0]
	at org.testng.internal.invokers.MethodRunner.runInSequence(MethodRunner.java:50) [testng-7.8.0.jar:7.8.0]
	at org.testng.internal.invokers.TestInvoker$MethodInvocationAgent.invoke(TestInvoker.java:957) [testng-7.8.0.jar:7.8.0]
	at org.testng.internal.invokers.TestInvoker.invokeTestMethods(TestInvoker.java:200) [testng-7.8.0.jar:7.8.0]
	at org.testng.internal.invokers.TestMethodWorker.invokeTestMethods(TestMethodWorker.java:148) [testng-7.8.0.jar:7.8.0]
	at org.testng.internal.invokers.TestMethodWorker.run(TestMethodWorker.java:128) [testng-7.8.0.jar:7.8.0]
	at java.util.concurrent.ThreadPoolExecutor.runWorker(ThreadPoolExecutor.java:1128) [?:?]
	at java.util.concurrent.ThreadPoolExecutor$Worker.run(ThreadPoolExecutor.java:628) [?:?]
	at java.lang.Thread.run(Thread.java:834) [?:?]
Caused by: org.openqa.selenium.json.JsonException: Unable to parse: Unable to find resource, invalid path in url.
	at org.openqa.selenium.json.Json.toType(Json.java:62) ~[selenium-json-4.11.0.jar:?]
	at org.openqa.selenium.json.Json.toType(Json.java:55) ~[selenium-json-4.11.0.jar:?]
	at org.openqa.selenium.remote.ProtocolHandshake.createSession(ProtocolHandshake.java:122) ~[selenium-remote-driver-4.11.0.jar:?]
	... 30 more
Caused by: org.openqa.selenium.json.JsonException: Unable to determine type from: U. Last 1 characters read: U
Build info: version: '4.11.0', revision: '040bc5406b'
System info: os.name: 'Windows 11', os.arch: 'amd64', os.version: '10.0', java.version: '11.0.22'
Driver info: driver.version: RemoteWebDriver
	at org.openqa.selenium.json.JsonInput.peek(JsonInput.java:133) ~[selenium-json-4.11.0.jar:?]
	at org.openqa.selenium.json.JsonTypeCoercer.lambda$buildCoercer$6(JsonTypeCoercer.java:159) ~[selenium-json-4.11.0.jar:?]
	at org.openqa.selenium.json.JsonTypeCoercer.coerce(JsonTypeCoercer.java:145) ~[selenium-json-4.11.0.jar:?]
	at org.openqa.selenium.json.Json.toType(Json.java:76) ~[selenium-json-4.11.0.jar:?]
	at org.openqa.selenium.json.Json.toType(Json.java:60) ~[selenium-json-4.11.0.jar:?]
	at org.openqa.selenium.json.Json.toType(Json.java:55) ~[selenium-json-4.11.0.jar:?]
	at org.openqa.selenium.remote.ProtocolHandshake.createSession(ProtocolHandshake.java:122) ~[selenium-remote-driver-4.11.0.jar:?]
	... 30 more
2025-05-07 15:04:13.173 [TestNG-test=Dummy Site Tests-1] ERROR com.UI.drivers.DriverManager - Failed to initialize WebDriver
org.openqa.selenium.SessionNotCreatedException: Could not start a new session. Unable to parse remote response: Unable to find resource, invalid path in url. 
Host info: host: 'OTX-G2FKLX3', ip: '10.96.177.236'
	at org.openqa.selenium.remote.ProtocolHandshake.createSession(ProtocolHandshake.java:126) ~[selenium-remote-driver-4.11.0.jar:?]
	at org.openqa.selenium.remote.ProtocolHandshake.createSession(ProtocolHandshake.java:96) ~[selenium-remote-driver-4.11.0.jar:?]
	at org.openqa.selenium.remote.ProtocolHandshake.createSession(ProtocolHandshake.java:68) ~[selenium-remote-driver-4.11.0.jar:?]
	at org.openqa.selenium.remote.HttpCommandExecutor.execute(HttpCommandExecutor.java:163) ~[selenium-remote-driver-4.11.0.jar:?]
	at org.openqa.selenium.remote.TracedCommandExecutor.execute(TracedCommandExecutor.java:51) ~[selenium-remote-driver-4.11.0.jar:?]
	at org.openqa.selenium.remote.RemoteWebDriver.execute(RemoteWebDriver.java:518) ~[selenium-remote-driver-4.11.0.jar:?]
	at org.openqa.selenium.remote.RemoteWebDriver.startSession(RemoteWebDriver.java:232) ~[selenium-remote-driver-4.11.0.jar:?]
	at org.openqa.selenium.remote.RemoteWebDriver.<init>(RemoteWebDriver.java:159) ~[selenium-remote-driver-4.11.0.jar:?]
	at org.openqa.selenium.remote.RemoteWebDriver.<init>(RemoteWebDriver.java:139) ~[selenium-remote-driver-4.11.0.jar:?]
	at com.UI.drivers.DriverManager.initializeRemoteDriver(DriverManager.java:132) ~[classes/:?]
	at com.UI.drivers.DriverManager.initializeDriver(DriverManager.java:53) [classes/:?]
	at com.UI.base.BaseTest.setup(BaseTest.java:56) [test-classes/:?]
	at jdk.internal.reflect.NativeMethodAccessorImpl.invoke0(Native Method) ~[?:?]
	at jdk.internal.reflect.NativeMethodAccessorImpl.invoke(NativeMethodAccessorImpl.java:62) ~[?:?]
	at jdk.internal.reflect.DelegatingMethodAccessorImpl.invoke(DelegatingMethodAccessorImpl.java:43) ~[?:?]
	at java.lang.reflect.Method.invoke(Method.java:566) ~[?:?]
	at org.testng.internal.invokers.MethodInvocationHelper.invokeMethod(MethodInvocationHelper.java:139) [testng-7.8.0.jar:7.8.0]
	at org.testng.internal.invokers.MethodInvocationHelper.invokeMethodConsideringTimeout(MethodInvocationHelper.java:69) [testng-7.8.0.jar:7.8.0]
	at org.testng.internal.invokers.ConfigInvoker.invokeConfigurationMethod(ConfigInvoker.java:390) [testng-7.8.0.jar:7.8.0]
	at org.testng.internal.invokers.ConfigInvoker.invokeConfigurations(ConfigInvoker.java:325) [testng-7.8.0.jar:7.8.0]
	at org.testng.internal.invokers.TestInvoker.runConfigMethods(TestInvoker.java:810) [testng-7.8.0.jar:7.8.0]
	at org.testng.internal.invokers.TestInvoker.invokeMethod(TestInvoker.java:577) [testng-7.8.0.jar:7.8.0]
	at org.testng.internal.invokers.TestInvoker.invokeTestMethod(TestInvoker.java:227) [testng-7.8.0.jar:7.8.0]
	at org.testng.internal.invokers.MethodRunner.runInSequence(MethodRunner.java:50) [testng-7.8.0.jar:7.8.0]
	at org.testng.internal.invokers.TestInvoker$MethodInvocationAgent.invoke(TestInvoker.java:957) [testng-7.8.0.jar:7.8.0]
	at org.testng.internal.invokers.TestInvoker.invokeTestMethods(TestInvoker.java:200) [testng-7.8.0.jar:7.8.0]
	at org.testng.internal.invokers.TestMethodWorker.invokeTestMethods(TestMethodWorker.java:148) [testng-7.8.0.jar:7.8.0]
	at org.testng.internal.invokers.TestMethodWorker.run(TestMethodWorker.java:128) [testng-7.8.0.jar:7.8.0]
	at java.util.concurrent.ThreadPoolExecutor.runWorker(ThreadPoolExecutor.java:1128) [?:?]
	at java.util.concurrent.ThreadPoolExecutor$Worker.run(ThreadPoolExecutor.java:628) [?:?]
	at java.lang.Thread.run(Thread.java:834) [?:?]
Caused by: org.openqa.selenium.json.JsonException: Unable to parse: Unable to find resource, invalid path in url.
	at org.openqa.selenium.json.Json.toType(Json.java:62) ~[selenium-json-4.11.0.jar:?]
	at org.openqa.selenium.json.Json.toType(Json.java:55) ~[selenium-json-4.11.0.jar:?]
	at org.openqa.selenium.remote.ProtocolHandshake.createSession(ProtocolHandshake.java:122) ~[selenium-remote-driver-4.11.0.jar:?]
	... 30 more
Caused by: org.openqa.selenium.json.JsonException: Unable to determine type from: U. Last 1 characters read: U
Build info: version: '4.11.0', revision: '040bc5406b'
System info: os.name: 'Windows 11', os.arch: 'amd64', os.version: '10.0', java.version: '11.0.22'
Driver info: driver.version: RemoteWebDriver
	at org.openqa.selenium.json.JsonInput.peek(JsonInput.java:133) ~[selenium-json-4.11.0.jar:?]
	at org.openqa.selenium.json.JsonTypeCoercer.lambda$buildCoercer$6(JsonTypeCoercer.java:159) ~[selenium-json-4.11.0.jar:?]
	at org.openqa.selenium.json.JsonTypeCoercer.coerce(JsonTypeCoercer.java:145) ~[selenium-json-4.11.0.jar:?]
	at org.openqa.selenium.json.Json.toType(Json.java:76) ~[selenium-json-4.11.0.jar:?]
	at org.openqa.selenium.json.Json.toType(Json.java:60) ~[selenium-json-4.11.0.jar:?]
	at org.openqa.selenium.json.Json.toType(Json.java:55) ~[selenium-json-4.11.0.jar:?]
	at org.openqa.selenium.remote.ProtocolHandshake.createSession(ProtocolHandshake.java:122) ~[selenium-remote-driver-4.11.0.jar:?]
	... 30 more
2025-05-07 15:04:13.181 [TestNG-test=Dummy Site Tests-1] INFO  com.UI.listeners.TestListener - Test started: testLoginWithExcelData
2025-05-07 15:04:13.182 [TestNG-test=Dummy Site Tests-1] INFO  com.UI.listeners.TestListener - Test parameters: {password=12234.0, expectedError=, shouldSucceed=false, username=admin}
2025-05-07 15:04:13.182 [TestNG-test=Dummy Site Tests-1] INFO  com.UI.listeners.AllureListener - Starting test: testLoginWithExcelData
2025-05-07 15:04:13.182 [TestNG-test=Dummy Site Tests-1] INFO  com.UI.listeners.AllureListener - Test skipped: testLoginWithExcelData
2025-05-07 15:04:13.182 [TestNG-test=Dummy Site Tests-2] INFO  com.UI.listeners.TestListener - Test started: testSuccessfulLogin2
2025-05-07 15:04:13.182 [TestNG-test=Dummy Site Tests-2] INFO  com.UI.listeners.AllureListener - Starting test: testSuccessfulLogin2
2025-05-07 15:04:13.182 [TestNG-test=Dummy Site Tests-1] INFO  com.UI.listeners.TestListener - Test skipped: testLoginWithExcelData
2025-05-07 15:04:13.182 [TestNG-test=Dummy Site Tests-2] INFO  com.UI.listeners.AllureListener - Test skipped: testSuccessfulLogin2
2025-05-07 15:04:13.182 [TestNG-test=Dummy Site Tests-2] INFO  com.UI.listeners.TestListener - Test skipped: testSuccessfulLogin2
2025-05-07 15:04:13.185 [TestNG-test=Dummy Site Tests-1] WARN  com.UI.tests.ExcelDrivenLoginTest - Unexpected test status for test: testLoginWithExcelData
2025-05-07 15:04:13.185 [TestNG-test=Dummy Site Tests-2] WARN  com.UI.tests.LoginTest - Unexpected test status for test: testSuccessfulLogin2
2025-05-07 15:04:13.187 [main] INFO  com.UI.listeners.AllureListener - Test Suite finished: Dummy Site Tests
2025-05-07 15:04:13.187 [main] INFO  com.UI.listeners.TestListener - Test Suite finished: Dummy Site Tests
2025-05-07 15:04:13.188 [main] INFO  com.UI.listeners.TestListener - Test Results Summary - Passed: 0, Failed: 0, Skipped: 4
2025-05-07 15:04:13.373 [main] INFO  com.UI.reports.ExtentReportManager - ExtentReports flushed to disk
2025-05-07 15:04:13.373 [main] INFO  com.UI.tests.ExcelDrivenLoginTest - Test Suite completed
2025-05-07 15:05:25.829 [main] INFO  com.UI.config.ConfigManager - Configuration properties loaded successfully
2025-05-07 15:05:26.006 [main] INFO  com.UI.reports.ExtentReportManager - ExtentReports initialized. Report will be saved to: test-output/reports\TestReport_20250507_150525.html
2025-05-07 15:05:26.006 [main] INFO  com.UI.tests.ExcelDrivenLoginTest - Test Suite setup completed
2025-05-07 15:05:26.013 [main] INFO  com.UI.listeners.TestListener - Test Suite started: Dummy Site Tests
2025-05-07 15:05:26.014 [main] INFO  com.UI.listeners.AllureListener - Test Suite started: Dummy Site Tests
2025-05-07 15:05:26.047 [TestNG-test=Dummy Site Tests-2] INFO  com.UI.tests.LoginTest - Starting test: testSuccessfulLogin
2025-05-07 15:05:26.049 [TestNG-test=Dummy Site Tests-2] INFO  com.UI.drivers.DriverManager - Initializing WebDriver: Browser=chrome, Mode=grid, Headless=false
2025-05-07 15:05:26.412 [TestNG-test=Dummy Site Tests-1] INFO  com.UI.utils.ExcelUtil - Successfully read 2 rows from Excel file: src/test/resources/testdata/login_test_data.xlsx
2025-05-07 15:05:26.415 [TestNG-test=Dummy Site Tests-1] INFO  com.UI.tests.ExcelDrivenLoginTest - Starting test: testLoginWithExcelData
2025-05-07 15:05:26.415 [TestNG-test=Dummy Site Tests-1] INFO  com.UI.tests.ExcelDrivenLoginTest - Test Parameters: {password=admin, expectedError=, shouldSucceed=true, username=admin}
2025-05-07 15:05:26.415 [TestNG-test=Dummy Site Tests-1] INFO  com.UI.drivers.DriverManager - Initializing WebDriver: Browser=chrome, Mode=grid, Headless=false
2025-05-07 15:05:26.783 [TestNG-test=Dummy Site Tests-2] ERROR com.UI.drivers.DriverManager - Failed to initialize WebDriver
org.openqa.selenium.SessionNotCreatedException: Could not start a new session. Unable to parse remote response: <!DOCTYPE html>
<html lang="en">

<head>
  <meta charset="utf-8"/>
  <link href="favicon.svg" rel="icon" type="image/svg">
  <meta content="width=device-width, initial-scale=1" name="viewport"/>
  <link href="logo192.png" rel="apple-touch-icon"/>
  <link href="manifest.json" rel="manifest"/>
  <title>Selenium Grid</title>
</head>

<body>
  <noscript>You need to enable JavaScript to run this app.</noscript>
  <div id="root"></div>
  <script src="index.js"></script>
</body>

</html>
 
Host info: host: 'OTX-G2FKLX3', ip: '10.96.177.236'
	at org.openqa.selenium.remote.ProtocolHandshake.createSession(ProtocolHandshake.java:126) ~[selenium-remote-driver-4.11.0.jar:?]
	at org.openqa.selenium.remote.ProtocolHandshake.createSession(ProtocolHandshake.java:96) ~[selenium-remote-driver-4.11.0.jar:?]
	at org.openqa.selenium.remote.ProtocolHandshake.createSession(ProtocolHandshake.java:68) ~[selenium-remote-driver-4.11.0.jar:?]
	at org.openqa.selenium.remote.HttpCommandExecutor.execute(HttpCommandExecutor.java:163) ~[selenium-remote-driver-4.11.0.jar:?]
	at org.openqa.selenium.remote.TracedCommandExecutor.execute(TracedCommandExecutor.java:51) ~[selenium-remote-driver-4.11.0.jar:?]
	at org.openqa.selenium.remote.RemoteWebDriver.execute(RemoteWebDriver.java:518) ~[selenium-remote-driver-4.11.0.jar:?]
	at org.openqa.selenium.remote.RemoteWebDriver.startSession(RemoteWebDriver.java:232) ~[selenium-remote-driver-4.11.0.jar:?]
	at org.openqa.selenium.remote.RemoteWebDriver.<init>(RemoteWebDriver.java:159) ~[selenium-remote-driver-4.11.0.jar:?]
	at org.openqa.selenium.remote.RemoteWebDriver.<init>(RemoteWebDriver.java:139) ~[selenium-remote-driver-4.11.0.jar:?]
	at com.UI.drivers.DriverManager.initializeRemoteDriver(DriverManager.java:132) ~[classes/:?]
	at com.UI.drivers.DriverManager.initializeDriver(DriverManager.java:53) [classes/:?]
	at com.UI.base.BaseTest.setup(BaseTest.java:56) [test-classes/:?]
	at jdk.internal.reflect.NativeMethodAccessorImpl.invoke0(Native Method) ~[?:?]
	at jdk.internal.reflect.NativeMethodAccessorImpl.invoke(NativeMethodAccessorImpl.java:62) ~[?:?]
	at jdk.internal.reflect.DelegatingMethodAccessorImpl.invoke(DelegatingMethodAccessorImpl.java:43) ~[?:?]
	at java.lang.reflect.Method.invoke(Method.java:566) ~[?:?]
	at org.testng.internal.invokers.MethodInvocationHelper.invokeMethod(MethodInvocationHelper.java:139) [testng-7.8.0.jar:7.8.0]
	at org.testng.internal.invokers.MethodInvocationHelper.invokeMethodConsideringTimeout(MethodInvocationHelper.java:69) [testng-7.8.0.jar:7.8.0]
	at org.testng.internal.invokers.ConfigInvoker.invokeConfigurationMethod(ConfigInvoker.java:390) [testng-7.8.0.jar:7.8.0]
	at org.testng.internal.invokers.ConfigInvoker.invokeConfigurations(ConfigInvoker.java:325) [testng-7.8.0.jar:7.8.0]
	at org.testng.internal.invokers.TestInvoker.runConfigMethods(TestInvoker.java:810) [testng-7.8.0.jar:7.8.0]
	at org.testng.internal.invokers.TestInvoker.invokeMethod(TestInvoker.java:577) [testng-7.8.0.jar:7.8.0]
	at org.testng.internal.invokers.TestInvoker.invokeTestMethod(TestInvoker.java:227) [testng-7.8.0.jar:7.8.0]
	at org.testng.internal.invokers.MethodRunner.runInSequence(MethodRunner.java:50) [testng-7.8.0.jar:7.8.0]
	at org.testng.internal.invokers.TestInvoker$MethodInvocationAgent.invoke(TestInvoker.java:957) [testng-7.8.0.jar:7.8.0]
	at org.testng.internal.invokers.TestInvoker.invokeTestMethods(TestInvoker.java:200) [testng-7.8.0.jar:7.8.0]
	at org.testng.internal.invokers.TestMethodWorker.invokeTestMethods(TestMethodWorker.java:148) [testng-7.8.0.jar:7.8.0]
	at org.testng.internal.invokers.TestMethodWorker.run(TestMethodWorker.java:128) [testng-7.8.0.jar:7.8.0]
	at java.util.concurrent.ThreadPoolExecutor.runWorker(ThreadPoolExecutor.java:1128) [?:?]
	at java.util.concurrent.ThreadPoolExecutor$Worker.run(ThreadPoolExecutor.java:628) [?:?]
	at java.lang.Thread.run(Thread.java:834) [?:?]
Caused by: org.openqa.selenium.json.JsonException: Unable to parse: <!DOCTYPE html>
<html lang="en">

<head>
  <meta charset="utf-8"/>
  <link href="favicon.svg" rel="icon" type="image/svg">
  <meta content="width=device-width, initial-scale=1" name="viewport"/>
  <link href="logo192.png" rel="apple-touch-icon"/>
  <link href="manifest.json" rel="manifest"/>
  <title>Selenium Grid</title>
</head>

<body>
  <noscript>You need to enable JavaScript to run this app.</noscript>
  <div id="root"></div>
  <script src="index.js"></script>
</body>

</html>

	at org.openqa.selenium.json.Json.toType(Json.java:62) ~[selenium-json-4.11.0.jar:?]
	at org.openqa.selenium.json.Json.toType(Json.java:55) ~[selenium-json-4.11.0.jar:?]
	at org.openqa.selenium.remote.ProtocolHandshake.createSession(ProtocolHandshake.java:122) ~[selenium-remote-driver-4.11.0.jar:?]
	... 30 more
Caused by: org.openqa.selenium.json.JsonException: Unable to determine type from: <. Last 1 characters read: <
Build info: version: '4.11.0', revision: '040bc5406b'
System info: os.name: 'Windows 11', os.arch: 'amd64', os.version: '10.0', java.version: '11.0.22'
Driver info: driver.version: RemoteWebDriver
	at org.openqa.selenium.json.JsonInput.peek(JsonInput.java:133) ~[selenium-json-4.11.0.jar:?]
	at org.openqa.selenium.json.JsonTypeCoercer.lambda$buildCoercer$6(JsonTypeCoercer.java:159) ~[selenium-json-4.11.0.jar:?]
	at org.openqa.selenium.json.JsonTypeCoercer.coerce(JsonTypeCoercer.java:145) ~[selenium-json-4.11.0.jar:?]
	at org.openqa.selenium.json.Json.toType(Json.java:76) ~[selenium-json-4.11.0.jar:?]
	at org.openqa.selenium.json.Json.toType(Json.java:60) ~[selenium-json-4.11.0.jar:?]
	at org.openqa.selenium.json.Json.toType(Json.java:55) ~[selenium-json-4.11.0.jar:?]
	at org.openqa.selenium.remote.ProtocolHandshake.createSession(ProtocolHandshake.java:122) ~[selenium-remote-driver-4.11.0.jar:?]
	... 30 more
2025-05-07 15:05:26.783 [TestNG-test=Dummy Site Tests-1] ERROR com.UI.drivers.DriverManager - Failed to initialize WebDriver
org.openqa.selenium.SessionNotCreatedException: Could not start a new session. Unable to parse remote response: <!DOCTYPE html>
<html lang="en">

<head>
  <meta charset="utf-8"/>
  <link href="favicon.svg" rel="icon" type="image/svg">
  <meta content="width=device-width, initial-scale=1" name="viewport"/>
  <link href="logo192.png" rel="apple-touch-icon"/>
  <link href="manifest.json" rel="manifest"/>
  <title>Selenium Grid</title>
</head>

<body>
  <noscript>You need to enable JavaScript to run this app.</noscript>
  <div id="root"></div>
  <script src="index.js"></script>
</body>

</html>
 
Host info: host: 'OTX-G2FKLX3', ip: '10.96.177.236'
	at org.openqa.selenium.remote.ProtocolHandshake.createSession(ProtocolHandshake.java:126) ~[selenium-remote-driver-4.11.0.jar:?]
	at org.openqa.selenium.remote.ProtocolHandshake.createSession(ProtocolHandshake.java:96) ~[selenium-remote-driver-4.11.0.jar:?]
	at org.openqa.selenium.remote.ProtocolHandshake.createSession(ProtocolHandshake.java:68) ~[selenium-remote-driver-4.11.0.jar:?]
	at org.openqa.selenium.remote.HttpCommandExecutor.execute(HttpCommandExecutor.java:163) ~[selenium-remote-driver-4.11.0.jar:?]
	at org.openqa.selenium.remote.TracedCommandExecutor.execute(TracedCommandExecutor.java:51) ~[selenium-remote-driver-4.11.0.jar:?]
	at org.openqa.selenium.remote.RemoteWebDriver.execute(RemoteWebDriver.java:518) ~[selenium-remote-driver-4.11.0.jar:?]
	at org.openqa.selenium.remote.RemoteWebDriver.startSession(RemoteWebDriver.java:232) ~[selenium-remote-driver-4.11.0.jar:?]
	at org.openqa.selenium.remote.RemoteWebDriver.<init>(RemoteWebDriver.java:159) ~[selenium-remote-driver-4.11.0.jar:?]
	at org.openqa.selenium.remote.RemoteWebDriver.<init>(RemoteWebDriver.java:139) ~[selenium-remote-driver-4.11.0.jar:?]
	at com.UI.drivers.DriverManager.initializeRemoteDriver(DriverManager.java:132) ~[classes/:?]
	at com.UI.drivers.DriverManager.initializeDriver(DriverManager.java:53) [classes/:?]
	at com.UI.base.BaseTest.setup(BaseTest.java:56) [test-classes/:?]
	at jdk.internal.reflect.NativeMethodAccessorImpl.invoke0(Native Method) ~[?:?]
	at jdk.internal.reflect.NativeMethodAccessorImpl.invoke(NativeMethodAccessorImpl.java:62) ~[?:?]
	at jdk.internal.reflect.DelegatingMethodAccessorImpl.invoke(DelegatingMethodAccessorImpl.java:43) ~[?:?]
	at java.lang.reflect.Method.invoke(Method.java:566) ~[?:?]
	at org.testng.internal.invokers.MethodInvocationHelper.invokeMethod(MethodInvocationHelper.java:139) [testng-7.8.0.jar:7.8.0]
	at org.testng.internal.invokers.MethodInvocationHelper.invokeMethodConsideringTimeout(MethodInvocationHelper.java:69) [testng-7.8.0.jar:7.8.0]
	at org.testng.internal.invokers.ConfigInvoker.invokeConfigurationMethod(ConfigInvoker.java:390) [testng-7.8.0.jar:7.8.0]
	at org.testng.internal.invokers.ConfigInvoker.invokeConfigurations(ConfigInvoker.java:325) [testng-7.8.0.jar:7.8.0]
	at org.testng.internal.invokers.TestInvoker.runConfigMethods(TestInvoker.java:810) [testng-7.8.0.jar:7.8.0]
	at org.testng.internal.invokers.TestInvoker.invokeMethod(TestInvoker.java:577) [testng-7.8.0.jar:7.8.0]
	at org.testng.internal.invokers.TestInvoker.invokeTestMethod(TestInvoker.java:227) [testng-7.8.0.jar:7.8.0]
	at org.testng.internal.invokers.MethodRunner.runInSequence(MethodRunner.java:50) [testng-7.8.0.jar:7.8.0]
	at org.testng.internal.invokers.TestInvoker$MethodInvocationAgent.invoke(TestInvoker.java:957) [testng-7.8.0.jar:7.8.0]
	at org.testng.internal.invokers.TestInvoker.invokeTestMethods(TestInvoker.java:200) [testng-7.8.0.jar:7.8.0]
	at org.testng.internal.invokers.TestMethodWorker.invokeTestMethods(TestMethodWorker.java:148) [testng-7.8.0.jar:7.8.0]
	at org.testng.internal.invokers.TestMethodWorker.run(TestMethodWorker.java:128) [testng-7.8.0.jar:7.8.0]
	at java.util.concurrent.ThreadPoolExecutor.runWorker(ThreadPoolExecutor.java:1128) [?:?]
	at java.util.concurrent.ThreadPoolExecutor$Worker.run(ThreadPoolExecutor.java:628) [?:?]
	at java.lang.Thread.run(Thread.java:834) [?:?]
Caused by: org.openqa.selenium.json.JsonException: Unable to parse: <!DOCTYPE html>
<html lang="en">

<head>
  <meta charset="utf-8"/>
  <link href="favicon.svg" rel="icon" type="image/svg">
  <meta content="width=device-width, initial-scale=1" name="viewport"/>
  <link href="logo192.png" rel="apple-touch-icon"/>
  <link href="manifest.json" rel="manifest"/>
  <title>Selenium Grid</title>
</head>

<body>
  <noscript>You need to enable JavaScript to run this app.</noscript>
  <div id="root"></div>
  <script src="index.js"></script>
</body>

</html>

	at org.openqa.selenium.json.Json.toType(Json.java:62) ~[selenium-json-4.11.0.jar:?]
	at org.openqa.selenium.json.Json.toType(Json.java:55) ~[selenium-json-4.11.0.jar:?]
	at org.openqa.selenium.remote.ProtocolHandshake.createSession(ProtocolHandshake.java:122) ~[selenium-remote-driver-4.11.0.jar:?]
	... 30 more
Caused by: org.openqa.selenium.json.JsonException: Unable to determine type from: <. Last 1 characters read: <
Build info: version: '4.11.0', revision: '040bc5406b'
System info: os.name: 'Windows 11', os.arch: 'amd64', os.version: '10.0', java.version: '11.0.22'
Driver info: driver.version: RemoteWebDriver
	at org.openqa.selenium.json.JsonInput.peek(JsonInput.java:133) ~[selenium-json-4.11.0.jar:?]
	at org.openqa.selenium.json.JsonTypeCoercer.lambda$buildCoercer$6(JsonTypeCoercer.java:159) ~[selenium-json-4.11.0.jar:?]
	at org.openqa.selenium.json.JsonTypeCoercer.coerce(JsonTypeCoercer.java:145) ~[selenium-json-4.11.0.jar:?]
	at org.openqa.selenium.json.Json.toType(Json.java:76) ~[selenium-json-4.11.0.jar:?]
	at org.openqa.selenium.json.Json.toType(Json.java:60) ~[selenium-json-4.11.0.jar:?]
	at org.openqa.selenium.json.Json.toType(Json.java:55) ~[selenium-json-4.11.0.jar:?]
	at org.openqa.selenium.remote.ProtocolHandshake.createSession(ProtocolHandshake.java:122) ~[selenium-remote-driver-4.11.0.jar:?]
	... 30 more
2025-05-07 15:05:26.858 [TestNG-test=Dummy Site Tests-2] INFO  com.UI.listeners.TestListener - Test started: testSuccessfulLogin
2025-05-07 15:05:26.858 [TestNG-test=Dummy Site Tests-1] INFO  com.UI.listeners.TestListener - Test started: testLoginWithExcelData
2025-05-07 15:05:26.858 [TestNG-test=Dummy Site Tests-2] INFO  com.UI.listeners.AllureListener - Starting test: testSuccessfulLogin
2025-05-07 15:05:26.858 [TestNG-test=Dummy Site Tests-1] INFO  com.UI.listeners.TestListener - Test parameters: {password=admin, expectedError=, shouldSucceed=true, username=admin}
2025-05-07 15:05:26.858 [TestNG-test=Dummy Site Tests-1] INFO  com.UI.listeners.AllureListener - Starting test: testLoginWithExcelData
2025-05-07 15:05:26.858 [TestNG-test=Dummy Site Tests-1] INFO  com.UI.listeners.AllureListener - Test skipped: testLoginWithExcelData
2025-05-07 15:05:26.858 [TestNG-test=Dummy Site Tests-1] INFO  com.UI.listeners.TestListener - Test skipped: testLoginWithExcelData
2025-05-07 15:05:26.858 [TestNG-test=Dummy Site Tests-2] INFO  com.UI.listeners.AllureListener - Test skipped: testSuccessfulLogin
2025-05-07 15:05:26.858 [TestNG-test=Dummy Site Tests-2] INFO  com.UI.listeners.TestListener - Test skipped: testSuccessfulLogin
2025-05-07 15:05:26.864 [TestNG-test=Dummy Site Tests-2] WARN  com.UI.tests.LoginTest - Unexpected test status for test: testSuccessfulLogin
2025-05-07 15:05:26.865 [TestNG-test=Dummy Site Tests-1] WARN  com.UI.tests.ExcelDrivenLoginTest - Unexpected test status for test: testLoginWithExcelData
2025-05-07 15:05:26.867 [TestNG-test=Dummy Site Tests-2] INFO  com.UI.tests.LoginTest - Starting test: testSuccessfulLogin2
2025-05-07 15:05:26.867 [TestNG-test=Dummy Site Tests-1] INFO  com.UI.tests.ExcelDrivenLoginTest - Starting test: testLoginWithExcelData
2025-05-07 15:05:26.867 [TestNG-test=Dummy Site Tests-2] INFO  com.UI.drivers.DriverManager - Initializing WebDriver: Browser=chrome, Mode=grid, Headless=false
2025-05-07 15:05:26.867 [TestNG-test=Dummy Site Tests-1] INFO  com.UI.tests.ExcelDrivenLoginTest - Test Parameters: {password=12234.0, expectedError=, shouldSucceed=false, username=admin}
2025-05-07 15:05:26.867 [TestNG-test=Dummy Site Tests-1] INFO  com.UI.drivers.DriverManager - Initializing WebDriver: Browser=chrome, Mode=grid, Headless=false
2025-05-07 15:05:26.876 [TestNG-test=Dummy Site Tests-1] ERROR com.UI.drivers.DriverManager - Failed to initialize WebDriver
org.openqa.selenium.SessionNotCreatedException: Could not start a new session. Unable to parse remote response: <!DOCTYPE html>
<html lang="en">

<head>
  <meta charset="utf-8"/>
  <link href="favicon.svg" rel="icon" type="image/svg">
  <meta content="width=device-width, initial-scale=1" name="viewport"/>
  <link href="logo192.png" rel="apple-touch-icon"/>
  <link href="manifest.json" rel="manifest"/>
  <title>Selenium Grid</title>
</head>

<body>
  <noscript>You need to enable JavaScript to run this app.</noscript>
  <div id="root"></div>
  <script src="index.js"></script>
</body>

</html>
 
Host info: host: 'OTX-G2FKLX3', ip: '10.96.177.236'
	at org.openqa.selenium.remote.ProtocolHandshake.createSession(ProtocolHandshake.java:126) ~[selenium-remote-driver-4.11.0.jar:?]
	at org.openqa.selenium.remote.ProtocolHandshake.createSession(ProtocolHandshake.java:96) ~[selenium-remote-driver-4.11.0.jar:?]
	at org.openqa.selenium.remote.ProtocolHandshake.createSession(ProtocolHandshake.java:68) ~[selenium-remote-driver-4.11.0.jar:?]
	at org.openqa.selenium.remote.HttpCommandExecutor.execute(HttpCommandExecutor.java:163) ~[selenium-remote-driver-4.11.0.jar:?]
	at org.openqa.selenium.remote.TracedCommandExecutor.execute(TracedCommandExecutor.java:51) ~[selenium-remote-driver-4.11.0.jar:?]
	at org.openqa.selenium.remote.RemoteWebDriver.execute(RemoteWebDriver.java:518) ~[selenium-remote-driver-4.11.0.jar:?]
	at org.openqa.selenium.remote.RemoteWebDriver.startSession(RemoteWebDriver.java:232) ~[selenium-remote-driver-4.11.0.jar:?]
	at org.openqa.selenium.remote.RemoteWebDriver.<init>(RemoteWebDriver.java:159) ~[selenium-remote-driver-4.11.0.jar:?]
	at org.openqa.selenium.remote.RemoteWebDriver.<init>(RemoteWebDriver.java:139) ~[selenium-remote-driver-4.11.0.jar:?]
	at com.UI.drivers.DriverManager.initializeRemoteDriver(DriverManager.java:132) ~[classes/:?]
	at com.UI.drivers.DriverManager.initializeDriver(DriverManager.java:53) [classes/:?]
	at com.UI.base.BaseTest.setup(BaseTest.java:56) [test-classes/:?]
	at jdk.internal.reflect.NativeMethodAccessorImpl.invoke0(Native Method) ~[?:?]
	at jdk.internal.reflect.NativeMethodAccessorImpl.invoke(NativeMethodAccessorImpl.java:62) ~[?:?]
	at jdk.internal.reflect.DelegatingMethodAccessorImpl.invoke(DelegatingMethodAccessorImpl.java:43) ~[?:?]
	at java.lang.reflect.Method.invoke(Method.java:566) ~[?:?]
	at org.testng.internal.invokers.MethodInvocationHelper.invokeMethod(MethodInvocationHelper.java:139) [testng-7.8.0.jar:7.8.0]
	at org.testng.internal.invokers.MethodInvocationHelper.invokeMethodConsideringTimeout(MethodInvocationHelper.java:69) [testng-7.8.0.jar:7.8.0]
	at org.testng.internal.invokers.ConfigInvoker.invokeConfigurationMethod(ConfigInvoker.java:390) [testng-7.8.0.jar:7.8.0]
	at org.testng.internal.invokers.ConfigInvoker.invokeConfigurations(ConfigInvoker.java:325) [testng-7.8.0.jar:7.8.0]
	at org.testng.internal.invokers.TestInvoker.runConfigMethods(TestInvoker.java:810) [testng-7.8.0.jar:7.8.0]
	at org.testng.internal.invokers.TestInvoker.invokeMethod(TestInvoker.java:577) [testng-7.8.0.jar:7.8.0]
	at org.testng.internal.invokers.TestInvoker.invokeTestMethod(TestInvoker.java:227) [testng-7.8.0.jar:7.8.0]
	at org.testng.internal.invokers.MethodRunner.runInSequence(MethodRunner.java:50) [testng-7.8.0.jar:7.8.0]
	at org.testng.internal.invokers.TestInvoker$MethodInvocationAgent.invoke(TestInvoker.java:957) [testng-7.8.0.jar:7.8.0]
	at org.testng.internal.invokers.TestInvoker.invokeTestMethods(TestInvoker.java:200) [testng-7.8.0.jar:7.8.0]
	at org.testng.internal.invokers.TestMethodWorker.invokeTestMethods(TestMethodWorker.java:148) [testng-7.8.0.jar:7.8.0]
	at org.testng.internal.invokers.TestMethodWorker.run(TestMethodWorker.java:128) [testng-7.8.0.jar:7.8.0]
	at java.util.concurrent.ThreadPoolExecutor.runWorker(ThreadPoolExecutor.java:1128) [?:?]
	at java.util.concurrent.ThreadPoolExecutor$Worker.run(ThreadPoolExecutor.java:628) [?:?]
	at java.lang.Thread.run(Thread.java:834) [?:?]
Caused by: org.openqa.selenium.json.JsonException: Unable to parse: <!DOCTYPE html>
<html lang="en">

<head>
  <meta charset="utf-8"/>
  <link href="favicon.svg" rel="icon" type="image/svg">
  <meta content="width=device-width, initial-scale=1" name="viewport"/>
  <link href="logo192.png" rel="apple-touch-icon"/>
  <link href="manifest.json" rel="manifest"/>
  <title>Selenium Grid</title>
</head>

<body>
  <noscript>You need to enable JavaScript to run this app.</noscript>
  <div id="root"></div>
  <script src="index.js"></script>
</body>

</html>

	at org.openqa.selenium.json.Json.toType(Json.java:62) ~[selenium-json-4.11.0.jar:?]
	at org.openqa.selenium.json.Json.toType(Json.java:55) ~[selenium-json-4.11.0.jar:?]
	at org.openqa.selenium.remote.ProtocolHandshake.createSession(ProtocolHandshake.java:122) ~[selenium-remote-driver-4.11.0.jar:?]
	... 30 more
Caused by: org.openqa.selenium.json.JsonException: Unable to determine type from: <. Last 1 characters read: <
Build info: version: '4.11.0', revision: '040bc5406b'
System info: os.name: 'Windows 11', os.arch: 'amd64', os.version: '10.0', java.version: '11.0.22'
Driver info: driver.version: RemoteWebDriver
	at org.openqa.selenium.json.JsonInput.peek(JsonInput.java:133) ~[selenium-json-4.11.0.jar:?]
	at org.openqa.selenium.json.JsonTypeCoercer.lambda$buildCoercer$6(JsonTypeCoercer.java:159) ~[selenium-json-4.11.0.jar:?]
	at org.openqa.selenium.json.JsonTypeCoercer.coerce(JsonTypeCoercer.java:145) ~[selenium-json-4.11.0.jar:?]
	at org.openqa.selenium.json.Json.toType(Json.java:76) ~[selenium-json-4.11.0.jar:?]
	at org.openqa.selenium.json.Json.toType(Json.java:60) ~[selenium-json-4.11.0.jar:?]
	at org.openqa.selenium.json.Json.toType(Json.java:55) ~[selenium-json-4.11.0.jar:?]
	at org.openqa.selenium.remote.ProtocolHandshake.createSession(ProtocolHandshake.java:122) ~[selenium-remote-driver-4.11.0.jar:?]
	... 30 more
2025-05-07 15:05:26.876 [TestNG-test=Dummy Site Tests-2] ERROR com.UI.drivers.DriverManager - Failed to initialize WebDriver
org.openqa.selenium.SessionNotCreatedException: Could not start a new session. Unable to parse remote response: <!DOCTYPE html>
<html lang="en">

<head>
  <meta charset="utf-8"/>
  <link href="favicon.svg" rel="icon" type="image/svg">
  <meta content="width=device-width, initial-scale=1" name="viewport"/>
  <link href="logo192.png" rel="apple-touch-icon"/>
  <link href="manifest.json" rel="manifest"/>
  <title>Selenium Grid</title>
</head>

<body>
  <noscript>You need to enable JavaScript to run this app.</noscript>
  <div id="root"></div>
  <script src="index.js"></script>
</body>

</html>
 
Host info: host: 'OTX-G2FKLX3', ip: '10.96.177.236'
	at org.openqa.selenium.remote.ProtocolHandshake.createSession(ProtocolHandshake.java:126) ~[selenium-remote-driver-4.11.0.jar:?]
	at org.openqa.selenium.remote.ProtocolHandshake.createSession(ProtocolHandshake.java:96) ~[selenium-remote-driver-4.11.0.jar:?]
	at org.openqa.selenium.remote.ProtocolHandshake.createSession(ProtocolHandshake.java:68) ~[selenium-remote-driver-4.11.0.jar:?]
	at org.openqa.selenium.remote.HttpCommandExecutor.execute(HttpCommandExecutor.java:163) ~[selenium-remote-driver-4.11.0.jar:?]
	at org.openqa.selenium.remote.TracedCommandExecutor.execute(TracedCommandExecutor.java:51) ~[selenium-remote-driver-4.11.0.jar:?]
	at org.openqa.selenium.remote.RemoteWebDriver.execute(RemoteWebDriver.java:518) ~[selenium-remote-driver-4.11.0.jar:?]
	at org.openqa.selenium.remote.RemoteWebDriver.startSession(RemoteWebDriver.java:232) ~[selenium-remote-driver-4.11.0.jar:?]
	at org.openqa.selenium.remote.RemoteWebDriver.<init>(RemoteWebDriver.java:159) ~[selenium-remote-driver-4.11.0.jar:?]
	at org.openqa.selenium.remote.RemoteWebDriver.<init>(RemoteWebDriver.java:139) ~[selenium-remote-driver-4.11.0.jar:?]
	at com.UI.drivers.DriverManager.initializeRemoteDriver(DriverManager.java:132) ~[classes/:?]
	at com.UI.drivers.DriverManager.initializeDriver(DriverManager.java:53) [classes/:?]
	at com.UI.base.BaseTest.setup(BaseTest.java:56) [test-classes/:?]
	at jdk.internal.reflect.NativeMethodAccessorImpl.invoke0(Native Method) ~[?:?]
	at jdk.internal.reflect.NativeMethodAccessorImpl.invoke(NativeMethodAccessorImpl.java:62) ~[?:?]
	at jdk.internal.reflect.DelegatingMethodAccessorImpl.invoke(DelegatingMethodAccessorImpl.java:43) ~[?:?]
	at java.lang.reflect.Method.invoke(Method.java:566) ~[?:?]
	at org.testng.internal.invokers.MethodInvocationHelper.invokeMethod(MethodInvocationHelper.java:139) [testng-7.8.0.jar:7.8.0]
	at org.testng.internal.invokers.MethodInvocationHelper.invokeMethodConsideringTimeout(MethodInvocationHelper.java:69) [testng-7.8.0.jar:7.8.0]
	at org.testng.internal.invokers.ConfigInvoker.invokeConfigurationMethod(ConfigInvoker.java:390) [testng-7.8.0.jar:7.8.0]
	at org.testng.internal.invokers.ConfigInvoker.invokeConfigurations(ConfigInvoker.java:325) [testng-7.8.0.jar:7.8.0]
	at org.testng.internal.invokers.TestInvoker.runConfigMethods(TestInvoker.java:810) [testng-7.8.0.jar:7.8.0]
	at org.testng.internal.invokers.TestInvoker.invokeMethod(TestInvoker.java:577) [testng-7.8.0.jar:7.8.0]
	at org.testng.internal.invokers.TestInvoker.invokeTestMethod(TestInvoker.java:227) [testng-7.8.0.jar:7.8.0]
	at org.testng.internal.invokers.MethodRunner.runInSequence(MethodRunner.java:50) [testng-7.8.0.jar:7.8.0]
	at org.testng.internal.invokers.TestInvoker$MethodInvocationAgent.invoke(TestInvoker.java:957) [testng-7.8.0.jar:7.8.0]
	at org.testng.internal.invokers.TestInvoker.invokeTestMethods(TestInvoker.java:200) [testng-7.8.0.jar:7.8.0]
	at org.testng.internal.invokers.TestMethodWorker.invokeTestMethods(TestMethodWorker.java:148) [testng-7.8.0.jar:7.8.0]
	at org.testng.internal.invokers.TestMethodWorker.run(TestMethodWorker.java:128) [testng-7.8.0.jar:7.8.0]
	at java.util.concurrent.ThreadPoolExecutor.runWorker(ThreadPoolExecutor.java:1128) [?:?]
	at java.util.concurrent.ThreadPoolExecutor$Worker.run(ThreadPoolExecutor.java:628) [?:?]
	at java.lang.Thread.run(Thread.java:834) [?:?]
Caused by: org.openqa.selenium.json.JsonException: Unable to parse: <!DOCTYPE html>
<html lang="en">

<head>
  <meta charset="utf-8"/>
  <link href="favicon.svg" rel="icon" type="image/svg">
  <meta content="width=device-width, initial-scale=1" name="viewport"/>
  <link href="logo192.png" rel="apple-touch-icon"/>
  <link href="manifest.json" rel="manifest"/>
  <title>Selenium Grid</title>
</head>

<body>
  <noscript>You need to enable JavaScript to run this app.</noscript>
  <div id="root"></div>
  <script src="index.js"></script>
</body>

</html>

	at org.openqa.selenium.json.Json.toType(Json.java:62) ~[selenium-json-4.11.0.jar:?]
	at org.openqa.selenium.json.Json.toType(Json.java:55) ~[selenium-json-4.11.0.jar:?]
	at org.openqa.selenium.remote.ProtocolHandshake.createSession(ProtocolHandshake.java:122) ~[selenium-remote-driver-4.11.0.jar:?]
	... 30 more
Caused by: org.openqa.selenium.json.JsonException: Unable to determine type from: <. Last 1 characters read: <
Build info: version: '4.11.0', revision: '040bc5406b'
System info: os.name: 'Windows 11', os.arch: 'amd64', os.version: '10.0', java.version: '11.0.22'
Driver info: driver.version: RemoteWebDriver
	at org.openqa.selenium.json.JsonInput.peek(JsonInput.java:133) ~[selenium-json-4.11.0.jar:?]
	at org.openqa.selenium.json.JsonTypeCoercer.lambda$buildCoercer$6(JsonTypeCoercer.java:159) ~[selenium-json-4.11.0.jar:?]
	at org.openqa.selenium.json.JsonTypeCoercer.coerce(JsonTypeCoercer.java:145) ~[selenium-json-4.11.0.jar:?]
	at org.openqa.selenium.json.Json.toType(Json.java:76) ~[selenium-json-4.11.0.jar:?]
	at org.openqa.selenium.json.Json.toType(Json.java:60) ~[selenium-json-4.11.0.jar:?]
	at org.openqa.selenium.json.Json.toType(Json.java:55) ~[selenium-json-4.11.0.jar:?]
	at org.openqa.selenium.remote.ProtocolHandshake.createSession(ProtocolHandshake.java:122) ~[selenium-remote-driver-4.11.0.jar:?]
	... 30 more
2025-05-07 15:05:26.884 [TestNG-test=Dummy Site Tests-2] INFO  com.UI.listeners.TestListener - Test started: testSuccessfulLogin2
2025-05-07 15:05:26.884 [TestNG-test=Dummy Site Tests-2] INFO  com.UI.listeners.AllureListener - Starting test: testSuccessfulLogin2
2025-05-07 15:05:26.884 [TestNG-test=Dummy Site Tests-2] INFO  com.UI.listeners.AllureListener - Test skipped: testSuccessfulLogin2
2025-05-07 15:05:26.884 [TestNG-test=Dummy Site Tests-2] INFO  com.UI.listeners.TestListener - Test skipped: testSuccessfulLogin2
2025-05-07 15:05:26.884 [TestNG-test=Dummy Site Tests-1] INFO  com.UI.listeners.TestListener - Test started: testLoginWithExcelData
2025-05-07 15:05:26.884 [TestNG-test=Dummy Site Tests-1] INFO  com.UI.listeners.TestListener - Test parameters: {password=12234.0, expectedError=, shouldSucceed=false, username=admin}
2025-05-07 15:05:26.884 [TestNG-test=Dummy Site Tests-1] INFO  com.UI.listeners.AllureListener - Starting test: testLoginWithExcelData
2025-05-07 15:05:26.885 [TestNG-test=Dummy Site Tests-1] INFO  com.UI.listeners.AllureListener - Test skipped: testLoginWithExcelData
2025-05-07 15:05:26.885 [TestNG-test=Dummy Site Tests-1] INFO  com.UI.listeners.TestListener - Test skipped: testLoginWithExcelData
2025-05-07 15:05:26.886 [TestNG-test=Dummy Site Tests-2] WARN  com.UI.tests.LoginTest - Unexpected test status for test: testSuccessfulLogin2
2025-05-07 15:05:26.887 [TestNG-test=Dummy Site Tests-1] WARN  com.UI.tests.ExcelDrivenLoginTest - Unexpected test status for test: testLoginWithExcelData
2025-05-07 15:05:26.897 [main] INFO  com.UI.listeners.AllureListener - Test Suite finished: Dummy Site Tests
2025-05-07 15:05:26.897 [main] INFO  com.UI.listeners.TestListener - Test Suite finished: Dummy Site Tests
2025-05-07 15:05:26.897 [main] INFO  com.UI.listeners.TestListener - Test Results Summary - Passed: 0, Failed: 0, Skipped: 4
2025-05-07 15:05:27.075 [main] INFO  com.UI.reports.ExtentReportManager - ExtentReports flushed to disk
2025-05-07 15:05:27.075 [main] INFO  com.UI.tests.ExcelDrivenLoginTest - Test Suite completed
2025-05-07 15:06:14.426 [main] INFO  com.UI.config.ConfigManager - Configuration properties loaded successfully
2025-05-07 15:06:14.585 [main] INFO  com.UI.reports.ExtentReportManager - ExtentReports initialized. Report will be saved to: test-output/reports\TestReport_20250507_150614.html
2025-05-07 15:06:14.586 [main] INFO  com.UI.tests.ExcelDrivenLoginTest - Test Suite setup completed
2025-05-07 15:06:14.593 [main] INFO  com.UI.listeners.TestListener - Test Suite started: Dummy Site Tests
2025-05-07 15:06:14.593 [main] INFO  com.UI.listeners.AllureListener - Test Suite started: Dummy Site Tests
2025-05-07 15:06:14.620 [TestNG-test=Dummy Site Tests-2] INFO  com.UI.tests.LoginTest - Starting test: testSuccessfulLogin
2025-05-07 15:06:14.622 [TestNG-test=Dummy Site Tests-2] INFO  com.UI.drivers.DriverManager - Initializing WebDriver: Browser=chrome, Mode=remote, Headless=false
2025-05-07 15:06:14.988 [TestNG-test=Dummy Site Tests-1] INFO  com.UI.utils.ExcelUtil - Successfully read 2 rows from Excel file: src/test/resources/testdata/login_test_data.xlsx
2025-05-07 15:06:14.992 [TestNG-test=Dummy Site Tests-1] INFO  com.UI.tests.ExcelDrivenLoginTest - Starting test: testLoginWithExcelData
2025-05-07 15:06:14.992 [TestNG-test=Dummy Site Tests-1] INFO  com.UI.tests.ExcelDrivenLoginTest - Test Parameters: {password=admin, expectedError=, shouldSucceed=true, username=admin}
2025-05-07 15:06:14.992 [TestNG-test=Dummy Site Tests-1] INFO  com.UI.drivers.DriverManager - Initializing WebDriver: Browser=chrome, Mode=remote, Headless=false
2025-05-07 15:06:18.367 [TestNG-test=Dummy Site Tests-2] ERROR com.UI.drivers.DriverManager - Failed to initialize WebDriver
org.openqa.selenium.SessionNotCreatedException: Could not start a new session. Possible causes are invalid address of the remote server or browser start-up failure. 
Host info: host: 'OTX-G2FKLX3', ip: '10.96.177.236'
Build info: version: '4.11.0', revision: '040bc5406b'
System info: os.name: 'Windows 11', os.arch: 'amd64', os.version: '10.0', java.version: '11.0.22'
Driver info: org.openqa.selenium.remote.RemoteWebDriver
Command: [null, newSession {capabilities=[Capabilities {browserName: chrome, goog:chromeOptions: {args: [--remote-allow-origins=*, --no-sandbox, --disable-dev-shm-usage], extensions: []}}]}]
Capabilities {browserName: chrome, goog:chromeOptions: {args: [--remote-allow-origins=*, --no-sandbox, --disable-dev-shm-usage], extensions: []}}
	at org.openqa.selenium.remote.RemoteWebDriver.execute(RemoteWebDriver.java:536) ~[selenium-remote-driver-4.11.0.jar:?]
	at org.openqa.selenium.remote.RemoteWebDriver.startSession(RemoteWebDriver.java:232) ~[selenium-remote-driver-4.11.0.jar:?]
	at org.openqa.selenium.remote.RemoteWebDriver.<init>(RemoteWebDriver.java:159) ~[selenium-remote-driver-4.11.0.jar:?]
	at org.openqa.selenium.remote.RemoteWebDriver.<init>(RemoteWebDriver.java:139) ~[selenium-remote-driver-4.11.0.jar:?]
	at com.UI.drivers.DriverManager.initializeRemoteDriver(DriverManager.java:132) ~[classes/:?]
	at com.UI.drivers.DriverManager.initializeDriver(DriverManager.java:53) [classes/:?]
	at com.UI.base.BaseTest.setup(BaseTest.java:56) [test-classes/:?]
	at jdk.internal.reflect.NativeMethodAccessorImpl.invoke0(Native Method) ~[?:?]
	at jdk.internal.reflect.NativeMethodAccessorImpl.invoke(NativeMethodAccessorImpl.java:62) ~[?:?]
	at jdk.internal.reflect.DelegatingMethodAccessorImpl.invoke(DelegatingMethodAccessorImpl.java:43) ~[?:?]
	at java.lang.reflect.Method.invoke(Method.java:566) ~[?:?]
	at org.testng.internal.invokers.MethodInvocationHelper.invokeMethod(MethodInvocationHelper.java:139) [testng-7.8.0.jar:7.8.0]
	at org.testng.internal.invokers.MethodInvocationHelper.invokeMethodConsideringTimeout(MethodInvocationHelper.java:69) [testng-7.8.0.jar:7.8.0]
	at org.testng.internal.invokers.ConfigInvoker.invokeConfigurationMethod(ConfigInvoker.java:390) [testng-7.8.0.jar:7.8.0]
	at org.testng.internal.invokers.ConfigInvoker.invokeConfigurations(ConfigInvoker.java:325) [testng-7.8.0.jar:7.8.0]
	at org.testng.internal.invokers.TestInvoker.runConfigMethods(TestInvoker.java:810) [testng-7.8.0.jar:7.8.0]
	at org.testng.internal.invokers.TestInvoker.invokeMethod(TestInvoker.java:577) [testng-7.8.0.jar:7.8.0]
	at org.testng.internal.invokers.TestInvoker.invokeTestMethod(TestInvoker.java:227) [testng-7.8.0.jar:7.8.0]
	at org.testng.internal.invokers.MethodRunner.runInSequence(MethodRunner.java:50) [testng-7.8.0.jar:7.8.0]
	at org.testng.internal.invokers.TestInvoker$MethodInvocationAgent.invoke(TestInvoker.java:957) [testng-7.8.0.jar:7.8.0]
	at org.testng.internal.invokers.TestInvoker.invokeTestMethods(TestInvoker.java:200) [testng-7.8.0.jar:7.8.0]
	at org.testng.internal.invokers.TestMethodWorker.invokeTestMethods(TestMethodWorker.java:148) [testng-7.8.0.jar:7.8.0]
	at org.testng.internal.invokers.TestMethodWorker.run(TestMethodWorker.java:128) [testng-7.8.0.jar:7.8.0]
	at java.util.concurrent.ThreadPoolExecutor.runWorker(ThreadPoolExecutor.java:1128) [?:?]
	at java.util.concurrent.ThreadPoolExecutor$Worker.run(ThreadPoolExecutor.java:628) [?:?]
	at java.lang.Thread.run(Thread.java:834) [?:?]
Caused by: java.io.UncheckedIOException: java.net.UnknownHostException: No such host is known (selenium-hub)
	at org.openqa.selenium.remote.http.netty.NettyHttpHandler.makeCall(NettyHttpHandler.java:73) ~[selenium-remote-driver-4.11.0.jar:?]
	at org.openqa.selenium.remote.http.AddSeleniumUserAgent.lambda$apply$0(AddSeleniumUserAgent.java:42) ~[selenium-http-4.11.0.jar:?]
	at org.openqa.selenium.remote.http.Filter.lambda$andFinally$1(Filter.java:55) ~[selenium-http-4.11.0.jar:?]
	at org.openqa.selenium.remote.http.netty.NettyHttpHandler.execute(NettyHttpHandler.java:48) ~[selenium-remote-driver-4.11.0.jar:?]
	at org.openqa.selenium.remote.http.netty.NettyClient.execute(NettyClient.java:96) ~[selenium-remote-driver-4.11.0.jar:?]
	at org.openqa.selenium.remote.tracing.TracedHttpClient.execute(TracedHttpClient.java:54) ~[selenium-remote-driver-4.11.0.jar:?]
	at org.openqa.selenium.remote.ProtocolHandshake.createSession(ProtocolHandshake.java:115) ~[selenium-remote-driver-4.11.0.jar:?]
	at org.openqa.selenium.remote.ProtocolHandshake.createSession(ProtocolHandshake.java:96) ~[selenium-remote-driver-4.11.0.jar:?]
	at org.openqa.selenium.remote.ProtocolHandshake.createSession(ProtocolHandshake.java:68) ~[selenium-remote-driver-4.11.0.jar:?]
	at org.openqa.selenium.remote.HttpCommandExecutor.execute(HttpCommandExecutor.java:163) ~[selenium-remote-driver-4.11.0.jar:?]
	at org.openqa.selenium.remote.TracedCommandExecutor.execute(TracedCommandExecutor.java:51) ~[selenium-remote-driver-4.11.0.jar:?]
	at org.openqa.selenium.remote.RemoteWebDriver.execute(RemoteWebDriver.java:518) ~[selenium-remote-driver-4.11.0.jar:?]
	... 25 more
Caused by: java.net.UnknownHostException: No such host is known (selenium-hub)
	at java.net.Inet6AddressImpl.lookupAllHostAddr(Native Method) ~[?:?]
	at java.net.InetAddress$PlatformNameService.lookupAllHostAddr(InetAddress.java:929) ~[?:?]
	at java.net.InetAddress.getAddressesFromNameService(InetAddress.java:1538) ~[?:?]
	at java.net.InetAddress$NameServiceAddresses.get(InetAddress.java:848) ~[?:?]
	at java.net.InetAddress.getAllByName0(InetAddress.java:1527) ~[?:?]
	at java.net.InetAddress.getAllByName(InetAddress.java:1380) ~[?:?]
	at java.net.InetAddress.getAllByName(InetAddress.java:1302) ~[?:?]
	at io.netty.util.internal.SocketUtils$9.run(SocketUtils.java:169) ~[netty-common-4.1.92.Final.jar:4.1.92.Final]
	at io.netty.util.internal.SocketUtils$9.run(SocketUtils.java:166) ~[netty-common-4.1.92.Final.jar:4.1.92.Final]
	at java.security.AccessController.doPrivileged(Native Method) ~[?:?]
	at io.netty.util.internal.SocketUtils.allAddressesByName(SocketUtils.java:166) ~[netty-common-4.1.92.Final.jar:4.1.92.Final]
	at io.netty.resolver.DefaultNameResolver.doResolveAll(DefaultNameResolver.java:50) ~[netty-resolver-4.1.92.Final.jar:4.1.92.Final]
	at io.netty.resolver.SimpleNameResolver.resolveAll(SimpleNameResolver.java:79) ~[netty-resolver-4.1.92.Final.jar:4.1.92.Final]
	at io.netty.resolver.SimpleNameResolver.resolveAll(SimpleNameResolver.java:71) ~[netty-resolver-4.1.92.Final.jar:4.1.92.Final]
	at org.asynchttpclient.resolver.RequestHostnameResolver.resolve(RequestHostnameResolver.java:50) ~[async-http-client-2.12.3.jar:?]
	at org.asynchttpclient.netty.request.NettyRequestSender.resolveAddresses(NettyRequestSender.java:364) ~[async-http-client-2.12.3.jar:?]
	at org.asynchttpclient.netty.request.NettyRequestSender.sendRequestWithNewChannel(NettyRequestSender.java:307) ~[async-http-client-2.12.3.jar:?]
	at org.asynchttpclient.netty.request.NettyRequestSender.sendRequestWithCertainForceConnect(NettyRequestSender.java:143) ~[async-http-client-2.12.3.jar:?]
	at org.asynchttpclient.netty.request.NettyRequestSender.sendRequest(NettyRequestSender.java:114) ~[async-http-client-2.12.3.jar:?]
	at org.asynchttpclient.DefaultAsyncHttpClient.execute(DefaultAsyncHttpClient.java:259) ~[async-http-client-2.12.3.jar:?]
	at org.asynchttpclient.DefaultAsyncHttpClient.executeRequest(DefaultAsyncHttpClient.java:228) ~[async-http-client-2.12.3.jar:?]
	at org.asynchttpclient.DefaultAsyncHttpClient.executeRequest(DefaultAsyncHttpClient.java:249) ~[async-http-client-2.12.3.jar:?]
	at org.openqa.selenium.remote.http.netty.NettyHttpHandler.makeCall(NettyHttpHandler.java:55) ~[selenium-remote-driver-4.11.0.jar:?]
	at org.openqa.selenium.remote.http.AddSeleniumUserAgent.lambda$apply$0(AddSeleniumUserAgent.java:42) ~[selenium-http-4.11.0.jar:?]
	at org.openqa.selenium.remote.http.Filter.lambda$andFinally$1(Filter.java:55) ~[selenium-http-4.11.0.jar:?]
	at org.openqa.selenium.remote.http.netty.NettyHttpHandler.execute(NettyHttpHandler.java:48) ~[selenium-remote-driver-4.11.0.jar:?]
	at org.openqa.selenium.remote.http.netty.NettyClient.execute(NettyClient.java:96) ~[selenium-remote-driver-4.11.0.jar:?]
	at org.openqa.selenium.remote.tracing.TracedHttpClient.execute(TracedHttpClient.java:54) ~[selenium-remote-driver-4.11.0.jar:?]
	at org.openqa.selenium.remote.ProtocolHandshake.createSession(ProtocolHandshake.java:115) ~[selenium-remote-driver-4.11.0.jar:?]
	at org.openqa.selenium.remote.ProtocolHandshake.createSession(ProtocolHandshake.java:96) ~[selenium-remote-driver-4.11.0.jar:?]
	at org.openqa.selenium.remote.ProtocolHandshake.createSession(ProtocolHandshake.java:68) ~[selenium-remote-driver-4.11.0.jar:?]
	at org.openqa.selenium.remote.HttpCommandExecutor.execute(HttpCommandExecutor.java:163) ~[selenium-remote-driver-4.11.0.jar:?]
	at org.openqa.selenium.remote.TracedCommandExecutor.execute(TracedCommandExecutor.java:51) ~[selenium-remote-driver-4.11.0.jar:?]
	at org.openqa.selenium.remote.RemoteWebDriver.execute(RemoteWebDriver.java:518) ~[selenium-remote-driver-4.11.0.jar:?]
	... 25 more
2025-05-07 15:06:18.367 [TestNG-test=Dummy Site Tests-1] ERROR com.UI.drivers.DriverManager - Failed to initialize WebDriver
org.openqa.selenium.SessionNotCreatedException: Could not start a new session. Possible causes are invalid address of the remote server or browser start-up failure. 
Host info: host: 'OTX-G2FKLX3', ip: '10.96.177.236'
Build info: version: '4.11.0', revision: '040bc5406b'
System info: os.name: 'Windows 11', os.arch: 'amd64', os.version: '10.0', java.version: '11.0.22'
Driver info: org.openqa.selenium.remote.RemoteWebDriver
Command: [null, newSession {capabilities=[Capabilities {browserName: chrome, goog:chromeOptions: {args: [--remote-allow-origins=*, --no-sandbox, --disable-dev-shm-usage], extensions: []}}]}]
Capabilities {browserName: chrome, goog:chromeOptions: {args: [--remote-allow-origins=*, --no-sandbox, --disable-dev-shm-usage], extensions: []}}
	at org.openqa.selenium.remote.RemoteWebDriver.execute(RemoteWebDriver.java:536) ~[selenium-remote-driver-4.11.0.jar:?]
	at org.openqa.selenium.remote.RemoteWebDriver.startSession(RemoteWebDriver.java:232) ~[selenium-remote-driver-4.11.0.jar:?]
	at org.openqa.selenium.remote.RemoteWebDriver.<init>(RemoteWebDriver.java:159) ~[selenium-remote-driver-4.11.0.jar:?]
	at org.openqa.selenium.remote.RemoteWebDriver.<init>(RemoteWebDriver.java:139) ~[selenium-remote-driver-4.11.0.jar:?]
	at com.UI.drivers.DriverManager.initializeRemoteDriver(DriverManager.java:132) ~[classes/:?]
	at com.UI.drivers.DriverManager.initializeDriver(DriverManager.java:53) [classes/:?]
	at com.UI.base.BaseTest.setup(BaseTest.java:56) [test-classes/:?]
	at jdk.internal.reflect.NativeMethodAccessorImpl.invoke0(Native Method) ~[?:?]
	at jdk.internal.reflect.NativeMethodAccessorImpl.invoke(NativeMethodAccessorImpl.java:62) ~[?:?]
	at jdk.internal.reflect.DelegatingMethodAccessorImpl.invoke(DelegatingMethodAccessorImpl.java:43) ~[?:?]
	at java.lang.reflect.Method.invoke(Method.java:566) ~[?:?]
	at org.testng.internal.invokers.MethodInvocationHelper.invokeMethod(MethodInvocationHelper.java:139) [testng-7.8.0.jar:7.8.0]
	at org.testng.internal.invokers.MethodInvocationHelper.invokeMethodConsideringTimeout(MethodInvocationHelper.java:69) [testng-7.8.0.jar:7.8.0]
	at org.testng.internal.invokers.ConfigInvoker.invokeConfigurationMethod(ConfigInvoker.java:390) [testng-7.8.0.jar:7.8.0]
	at org.testng.internal.invokers.ConfigInvoker.invokeConfigurations(ConfigInvoker.java:325) [testng-7.8.0.jar:7.8.0]
	at org.testng.internal.invokers.TestInvoker.runConfigMethods(TestInvoker.java:810) [testng-7.8.0.jar:7.8.0]
	at org.testng.internal.invokers.TestInvoker.invokeMethod(TestInvoker.java:577) [testng-7.8.0.jar:7.8.0]
	at org.testng.internal.invokers.TestInvoker.invokeTestMethod(TestInvoker.java:227) [testng-7.8.0.jar:7.8.0]
	at org.testng.internal.invokers.MethodRunner.runInSequence(MethodRunner.java:50) [testng-7.8.0.jar:7.8.0]
	at org.testng.internal.invokers.TestInvoker$MethodInvocationAgent.invoke(TestInvoker.java:957) [testng-7.8.0.jar:7.8.0]
	at org.testng.internal.invokers.TestInvoker.invokeTestMethods(TestInvoker.java:200) [testng-7.8.0.jar:7.8.0]
	at org.testng.internal.invokers.TestMethodWorker.invokeTestMethods(TestMethodWorker.java:148) [testng-7.8.0.jar:7.8.0]
	at org.testng.internal.invokers.TestMethodWorker.run(TestMethodWorker.java:128) [testng-7.8.0.jar:7.8.0]
	at java.util.concurrent.ThreadPoolExecutor.runWorker(ThreadPoolExecutor.java:1128) [?:?]
	at java.util.concurrent.ThreadPoolExecutor$Worker.run(ThreadPoolExecutor.java:628) [?:?]
	at java.lang.Thread.run(Thread.java:834) [?:?]
Caused by: java.io.UncheckedIOException: java.net.UnknownHostException: selenium-hub
	at org.openqa.selenium.remote.http.netty.NettyHttpHandler.makeCall(NettyHttpHandler.java:73) ~[selenium-remote-driver-4.11.0.jar:?]
	at org.openqa.selenium.remote.http.AddSeleniumUserAgent.lambda$apply$0(AddSeleniumUserAgent.java:42) ~[selenium-http-4.11.0.jar:?]
	at org.openqa.selenium.remote.http.Filter.lambda$andFinally$1(Filter.java:55) ~[selenium-http-4.11.0.jar:?]
	at org.openqa.selenium.remote.http.netty.NettyHttpHandler.execute(NettyHttpHandler.java:48) ~[selenium-remote-driver-4.11.0.jar:?]
	at org.openqa.selenium.remote.http.netty.NettyClient.execute(NettyClient.java:96) ~[selenium-remote-driver-4.11.0.jar:?]
	at org.openqa.selenium.remote.tracing.TracedHttpClient.execute(TracedHttpClient.java:54) ~[selenium-remote-driver-4.11.0.jar:?]
	at org.openqa.selenium.remote.ProtocolHandshake.createSession(ProtocolHandshake.java:115) ~[selenium-remote-driver-4.11.0.jar:?]
	at org.openqa.selenium.remote.ProtocolHandshake.createSession(ProtocolHandshake.java:96) ~[selenium-remote-driver-4.11.0.jar:?]
	at org.openqa.selenium.remote.ProtocolHandshake.createSession(ProtocolHandshake.java:68) ~[selenium-remote-driver-4.11.0.jar:?]
	at org.openqa.selenium.remote.HttpCommandExecutor.execute(HttpCommandExecutor.java:163) ~[selenium-remote-driver-4.11.0.jar:?]
	at org.openqa.selenium.remote.TracedCommandExecutor.execute(TracedCommandExecutor.java:51) ~[selenium-remote-driver-4.11.0.jar:?]
	at org.openqa.selenium.remote.RemoteWebDriver.execute(RemoteWebDriver.java:518) ~[selenium-remote-driver-4.11.0.jar:?]
	... 25 more
Caused by: java.net.UnknownHostException: selenium-hub
	at java.net.InetAddress$CachedAddresses.get(InetAddress.java:797) ~[?:?]
	at java.net.InetAddress$NameServiceAddresses.get(InetAddress.java:883) ~[?:?]
	at java.net.InetAddress.getAllByName0(InetAddress.java:1527) ~[?:?]
	at java.net.InetAddress.getAllByName(InetAddress.java:1380) ~[?:?]
	at java.net.InetAddress.getAllByName(InetAddress.java:1302) ~[?:?]
	at io.netty.util.internal.SocketUtils$9.run(SocketUtils.java:169) ~[netty-common-4.1.92.Final.jar:4.1.92.Final]
	at io.netty.util.internal.SocketUtils$9.run(SocketUtils.java:166) ~[netty-common-4.1.92.Final.jar:4.1.92.Final]
	at java.security.AccessController.doPrivileged(Native Method) ~[?:?]
	at io.netty.util.internal.SocketUtils.allAddressesByName(SocketUtils.java:166) ~[netty-common-4.1.92.Final.jar:4.1.92.Final]
	at io.netty.resolver.DefaultNameResolver.doResolveAll(DefaultNameResolver.java:50) ~[netty-resolver-4.1.92.Final.jar:4.1.92.Final]
	at io.netty.resolver.SimpleNameResolver.resolveAll(SimpleNameResolver.java:79) ~[netty-resolver-4.1.92.Final.jar:4.1.92.Final]
	at io.netty.resolver.SimpleNameResolver.resolveAll(SimpleNameResolver.java:71) ~[netty-resolver-4.1.92.Final.jar:4.1.92.Final]
	at org.asynchttpclient.resolver.RequestHostnameResolver.resolve(RequestHostnameResolver.java:50) ~[async-http-client-2.12.3.jar:?]
	at org.asynchttpclient.netty.request.NettyRequestSender.resolveAddresses(NettyRequestSender.java:364) ~[async-http-client-2.12.3.jar:?]
	at org.asynchttpclient.netty.request.NettyRequestSender.sendRequestWithNewChannel(NettyRequestSender.java:307) ~[async-http-client-2.12.3.jar:?]
	at org.asynchttpclient.netty.request.NettyRequestSender.sendRequestWithCertainForceConnect(NettyRequestSender.java:143) ~[async-http-client-2.12.3.jar:?]
	at org.asynchttpclient.netty.request.NettyRequestSender.sendRequest(NettyRequestSender.java:114) ~[async-http-client-2.12.3.jar:?]
	at org.asynchttpclient.DefaultAsyncHttpClient.execute(DefaultAsyncHttpClient.java:259) ~[async-http-client-2.12.3.jar:?]
	at org.asynchttpclient.DefaultAsyncHttpClient.executeRequest(DefaultAsyncHttpClient.java:228) ~[async-http-client-2.12.3.jar:?]
	at org.asynchttpclient.DefaultAsyncHttpClient.executeRequest(DefaultAsyncHttpClient.java:249) ~[async-http-client-2.12.3.jar:?]
	at org.openqa.selenium.remote.http.netty.NettyHttpHandler.makeCall(NettyHttpHandler.java:55) ~[selenium-remote-driver-4.11.0.jar:?]
	at org.openqa.selenium.remote.http.AddSeleniumUserAgent.lambda$apply$0(AddSeleniumUserAgent.java:42) ~[selenium-http-4.11.0.jar:?]
	at org.openqa.selenium.remote.http.Filter.lambda$andFinally$1(Filter.java:55) ~[selenium-http-4.11.0.jar:?]
	at org.openqa.selenium.remote.http.netty.NettyHttpHandler.execute(NettyHttpHandler.java:48) ~[selenium-remote-driver-4.11.0.jar:?]
	at org.openqa.selenium.remote.http.netty.NettyClient.execute(NettyClient.java:96) ~[selenium-remote-driver-4.11.0.jar:?]
	at org.openqa.selenium.remote.tracing.TracedHttpClient.execute(TracedHttpClient.java:54) ~[selenium-remote-driver-4.11.0.jar:?]
	at org.openqa.selenium.remote.ProtocolHandshake.createSession(ProtocolHandshake.java:115) ~[selenium-remote-driver-4.11.0.jar:?]
	at org.openqa.selenium.remote.ProtocolHandshake.createSession(ProtocolHandshake.java:96) ~[selenium-remote-driver-4.11.0.jar:?]
	at org.openqa.selenium.remote.ProtocolHandshake.createSession(ProtocolHandshake.java:68) ~[selenium-remote-driver-4.11.0.jar:?]
	at org.openqa.selenium.remote.HttpCommandExecutor.execute(HttpCommandExecutor.java:163) ~[selenium-remote-driver-4.11.0.jar:?]
	at org.openqa.selenium.remote.TracedCommandExecutor.execute(TracedCommandExecutor.java:51) ~[selenium-remote-driver-4.11.0.jar:?]
	at org.openqa.selenium.remote.RemoteWebDriver.execute(RemoteWebDriver.java:518) ~[selenium-remote-driver-4.11.0.jar:?]
	... 25 more
2025-05-07 15:06:18.456 [TestNG-test=Dummy Site Tests-2] INFO  com.UI.listeners.TestListener - Test started: testSuccessfulLogin
2025-05-07 15:06:18.456 [TestNG-test=Dummy Site Tests-1] INFO  com.UI.listeners.TestListener - Test started: testLoginWithExcelData
2025-05-07 15:06:18.456 [TestNG-test=Dummy Site Tests-2] INFO  com.UI.listeners.AllureListener - Starting test: testSuccessfulLogin
2025-05-07 15:06:18.456 [TestNG-test=Dummy Site Tests-1] INFO  com.UI.listeners.TestListener - Test parameters: {password=admin, expectedError=, shouldSucceed=true, username=admin}
2025-05-07 15:06:18.456 [TestNG-test=Dummy Site Tests-1] INFO  com.UI.listeners.AllureListener - Starting test: testLoginWithExcelData
2025-05-07 15:06:18.456 [TestNG-test=Dummy Site Tests-2] INFO  com.UI.listeners.AllureListener - Test skipped: testSuccessfulLogin
2025-05-07 15:06:18.457 [TestNG-test=Dummy Site Tests-2] INFO  com.UI.listeners.TestListener - Test skipped: testSuccessfulLogin
2025-05-07 15:06:18.456 [TestNG-test=Dummy Site Tests-1] INFO  com.UI.listeners.AllureListener - Test skipped: testLoginWithExcelData
2025-05-07 15:06:18.457 [TestNG-test=Dummy Site Tests-1] INFO  com.UI.listeners.TestListener - Test skipped: testLoginWithExcelData
2025-05-07 15:06:18.463 [TestNG-test=Dummy Site Tests-2] WARN  com.UI.tests.LoginTest - Unexpected test status for test: testSuccessfulLogin
2025-05-07 15:06:18.464 [TestNG-test=Dummy Site Tests-1] WARN  com.UI.tests.ExcelDrivenLoginTest - Unexpected test status for test: testLoginWithExcelData
2025-05-07 15:06:18.466 [TestNG-test=Dummy Site Tests-1] INFO  com.UI.tests.ExcelDrivenLoginTest - Starting test: testLoginWithExcelData
2025-05-07 15:06:18.466 [TestNG-test=Dummy Site Tests-1] INFO  com.UI.tests.ExcelDrivenLoginTest - Test Parameters: {password=12234.0, expectedError=, shouldSucceed=false, username=admin}
2025-05-07 15:06:18.466 [TestNG-test=Dummy Site Tests-1] INFO  com.UI.drivers.DriverManager - Initializing WebDriver: Browser=chrome, Mode=remote, Headless=false
2025-05-07 15:06:18.466 [TestNG-test=Dummy Site Tests-2] INFO  com.UI.tests.LoginTest - Starting test: testSuccessfulLogin2
2025-05-07 15:06:18.466 [TestNG-test=Dummy Site Tests-2] INFO  com.UI.drivers.DriverManager - Initializing WebDriver: Browser=chrome, Mode=remote, Headless=false
2025-05-07 15:06:18.469 [TestNG-test=Dummy Site Tests-2] ERROR com.UI.drivers.DriverManager - Failed to initialize WebDriver
org.openqa.selenium.SessionNotCreatedException: Could not start a new session. Possible causes are invalid address of the remote server or browser start-up failure. 
Host info: host: 'OTX-G2FKLX3', ip: '10.96.177.236'
Build info: version: '4.11.0', revision: '040bc5406b'
System info: os.name: 'Windows 11', os.arch: 'amd64', os.version: '10.0', java.version: '11.0.22'
Driver info: org.openqa.selenium.remote.RemoteWebDriver
Command: [null, newSession {capabilities=[Capabilities {browserName: chrome, goog:chromeOptions: {args: [--remote-allow-origins=*, --no-sandbox, --disable-dev-shm-usage], extensions: []}}]}]
Capabilities {browserName: chrome, goog:chromeOptions: {args: [--remote-allow-origins=*, --no-sandbox, --disable-dev-shm-usage], extensions: []}}
	at org.openqa.selenium.remote.RemoteWebDriver.execute(RemoteWebDriver.java:536) ~[selenium-remote-driver-4.11.0.jar:?]
	at org.openqa.selenium.remote.RemoteWebDriver.startSession(RemoteWebDriver.java:232) ~[selenium-remote-driver-4.11.0.jar:?]
	at org.openqa.selenium.remote.RemoteWebDriver.<init>(RemoteWebDriver.java:159) ~[selenium-remote-driver-4.11.0.jar:?]
	at org.openqa.selenium.remote.RemoteWebDriver.<init>(RemoteWebDriver.java:139) ~[selenium-remote-driver-4.11.0.jar:?]
	at com.UI.drivers.DriverManager.initializeRemoteDriver(DriverManager.java:132) ~[classes/:?]
	at com.UI.drivers.DriverManager.initializeDriver(DriverManager.java:53) [classes/:?]
	at com.UI.base.BaseTest.setup(BaseTest.java:56) [test-classes/:?]
	at jdk.internal.reflect.NativeMethodAccessorImpl.invoke0(Native Method) ~[?:?]
	at jdk.internal.reflect.NativeMethodAccessorImpl.invoke(NativeMethodAccessorImpl.java:62) ~[?:?]
	at jdk.internal.reflect.DelegatingMethodAccessorImpl.invoke(DelegatingMethodAccessorImpl.java:43) ~[?:?]
	at java.lang.reflect.Method.invoke(Method.java:566) ~[?:?]
	at org.testng.internal.invokers.MethodInvocationHelper.invokeMethod(MethodInvocationHelper.java:139) [testng-7.8.0.jar:7.8.0]
	at org.testng.internal.invokers.MethodInvocationHelper.invokeMethodConsideringTimeout(MethodInvocationHelper.java:69) [testng-7.8.0.jar:7.8.0]
	at org.testng.internal.invokers.ConfigInvoker.invokeConfigurationMethod(ConfigInvoker.java:390) [testng-7.8.0.jar:7.8.0]
	at org.testng.internal.invokers.ConfigInvoker.invokeConfigurations(ConfigInvoker.java:325) [testng-7.8.0.jar:7.8.0]
	at org.testng.internal.invokers.TestInvoker.runConfigMethods(TestInvoker.java:810) [testng-7.8.0.jar:7.8.0]
	at org.testng.internal.invokers.TestInvoker.invokeMethod(TestInvoker.java:577) [testng-7.8.0.jar:7.8.0]
	at org.testng.internal.invokers.TestInvoker.invokeTestMethod(TestInvoker.java:227) [testng-7.8.0.jar:7.8.0]
	at org.testng.internal.invokers.MethodRunner.runInSequence(MethodRunner.java:50) [testng-7.8.0.jar:7.8.0]
	at org.testng.internal.invokers.TestInvoker$MethodInvocationAgent.invoke(TestInvoker.java:957) [testng-7.8.0.jar:7.8.0]
	at org.testng.internal.invokers.TestInvoker.invokeTestMethods(TestInvoker.java:200) [testng-7.8.0.jar:7.8.0]
	at org.testng.internal.invokers.TestMethodWorker.invokeTestMethods(TestMethodWorker.java:148) [testng-7.8.0.jar:7.8.0]
	at org.testng.internal.invokers.TestMethodWorker.run(TestMethodWorker.java:128) [testng-7.8.0.jar:7.8.0]
	at java.util.concurrent.ThreadPoolExecutor.runWorker(ThreadPoolExecutor.java:1128) [?:?]
	at java.util.concurrent.ThreadPoolExecutor$Worker.run(ThreadPoolExecutor.java:628) [?:?]
	at java.lang.Thread.run(Thread.java:834) [?:?]
Caused by: java.io.UncheckedIOException: java.net.UnknownHostException: selenium-hub
	at org.openqa.selenium.remote.http.netty.NettyHttpHandler.makeCall(NettyHttpHandler.java:73) ~[selenium-remote-driver-4.11.0.jar:?]
	at org.openqa.selenium.remote.http.AddSeleniumUserAgent.lambda$apply$0(AddSeleniumUserAgent.java:42) ~[selenium-http-4.11.0.jar:?]
	at org.openqa.selenium.remote.http.Filter.lambda$andFinally$1(Filter.java:55) ~[selenium-http-4.11.0.jar:?]
	at org.openqa.selenium.remote.http.netty.NettyHttpHandler.execute(NettyHttpHandler.java:48) ~[selenium-remote-driver-4.11.0.jar:?]
	at org.openqa.selenium.remote.http.netty.NettyClient.execute(NettyClient.java:96) ~[selenium-remote-driver-4.11.0.jar:?]
	at org.openqa.selenium.remote.tracing.TracedHttpClient.execute(TracedHttpClient.java:54) ~[selenium-remote-driver-4.11.0.jar:?]
	at org.openqa.selenium.remote.ProtocolHandshake.createSession(ProtocolHandshake.java:115) ~[selenium-remote-driver-4.11.0.jar:?]
	at org.openqa.selenium.remote.ProtocolHandshake.createSession(ProtocolHandshake.java:96) ~[selenium-remote-driver-4.11.0.jar:?]
	at org.openqa.selenium.remote.ProtocolHandshake.createSession(ProtocolHandshake.java:68) ~[selenium-remote-driver-4.11.0.jar:?]
	at org.openqa.selenium.remote.HttpCommandExecutor.execute(HttpCommandExecutor.java:163) ~[selenium-remote-driver-4.11.0.jar:?]
	at org.openqa.selenium.remote.TracedCommandExecutor.execute(TracedCommandExecutor.java:51) ~[selenium-remote-driver-4.11.0.jar:?]
	at org.openqa.selenium.remote.RemoteWebDriver.execute(RemoteWebDriver.java:518) ~[selenium-remote-driver-4.11.0.jar:?]
	... 25 more
Caused by: java.net.UnknownHostException: selenium-hub
	at java.net.InetAddress$CachedAddresses.get(InetAddress.java:797) ~[?:?]
	at java.net.InetAddress.getAllByName0(InetAddress.java:1527) ~[?:?]
	at java.net.InetAddress.getAllByName(InetAddress.java:1380) ~[?:?]
	at java.net.InetAddress.getAllByName(InetAddress.java:1302) ~[?:?]
	at io.netty.util.internal.SocketUtils$9.run(SocketUtils.java:169) ~[netty-common-4.1.92.Final.jar:4.1.92.Final]
	at io.netty.util.internal.SocketUtils$9.run(SocketUtils.java:166) ~[netty-common-4.1.92.Final.jar:4.1.92.Final]
	at java.security.AccessController.doPrivileged(Native Method) ~[?:?]
	at io.netty.util.internal.SocketUtils.allAddressesByName(SocketUtils.java:166) ~[netty-common-4.1.92.Final.jar:4.1.92.Final]
	at io.netty.resolver.DefaultNameResolver.doResolveAll(DefaultNameResolver.java:50) ~[netty-resolver-4.1.92.Final.jar:4.1.92.Final]
	at io.netty.resolver.SimpleNameResolver.resolveAll(SimpleNameResolver.java:79) ~[netty-resolver-4.1.92.Final.jar:4.1.92.Final]
	at io.netty.resolver.SimpleNameResolver.resolveAll(SimpleNameResolver.java:71) ~[netty-resolver-4.1.92.Final.jar:4.1.92.Final]
	at org.asynchttpclient.resolver.RequestHostnameResolver.resolve(RequestHostnameResolver.java:50) ~[async-http-client-2.12.3.jar:?]
	at org.asynchttpclient.netty.request.NettyRequestSender.resolveAddresses(NettyRequestSender.java:364) ~[async-http-client-2.12.3.jar:?]
	at org.asynchttpclient.netty.request.NettyRequestSender.sendRequestWithNewChannel(NettyRequestSender.java:307) ~[async-http-client-2.12.3.jar:?]
	at org.asynchttpclient.netty.request.NettyRequestSender.sendRequestWithCertainForceConnect(NettyRequestSender.java:143) ~[async-http-client-2.12.3.jar:?]
	at org.asynchttpclient.netty.request.NettyRequestSender.sendRequest(NettyRequestSender.java:114) ~[async-http-client-2.12.3.jar:?]
	at org.asynchttpclient.DefaultAsyncHttpClient.execute(DefaultAsyncHttpClient.java:259) ~[async-http-client-2.12.3.jar:?]
	at org.asynchttpclient.DefaultAsyncHttpClient.executeRequest(DefaultAsyncHttpClient.java:228) ~[async-http-client-2.12.3.jar:?]
	at org.asynchttpclient.DefaultAsyncHttpClient.executeRequest(DefaultAsyncHttpClient.java:249) ~[async-http-client-2.12.3.jar:?]
	at org.openqa.selenium.remote.http.netty.NettyHttpHandler.makeCall(NettyHttpHandler.java:55) ~[selenium-remote-driver-4.11.0.jar:?]
	at org.openqa.selenium.remote.http.AddSeleniumUserAgent.lambda$apply$0(AddSeleniumUserAgent.java:42) ~[selenium-http-4.11.0.jar:?]
	at org.openqa.selenium.remote.http.Filter.lambda$andFinally$1(Filter.java:55) ~[selenium-http-4.11.0.jar:?]
	at org.openqa.selenium.remote.http.netty.NettyHttpHandler.execute(NettyHttpHandler.java:48) ~[selenium-remote-driver-4.11.0.jar:?]
	at org.openqa.selenium.remote.http.netty.NettyClient.execute(NettyClient.java:96) ~[selenium-remote-driver-4.11.0.jar:?]
	at org.openqa.selenium.remote.tracing.TracedHttpClient.execute(TracedHttpClient.java:54) ~[selenium-remote-driver-4.11.0.jar:?]
	at org.openqa.selenium.remote.ProtocolHandshake.createSession(ProtocolHandshake.java:115) ~[selenium-remote-driver-4.11.0.jar:?]
	at org.openqa.selenium.remote.ProtocolHandshake.createSession(ProtocolHandshake.java:96) ~[selenium-remote-driver-4.11.0.jar:?]
	at org.openqa.selenium.remote.ProtocolHandshake.createSession(ProtocolHandshake.java:68) ~[selenium-remote-driver-4.11.0.jar:?]
	at org.openqa.selenium.remote.HttpCommandExecutor.execute(HttpCommandExecutor.java:163) ~[selenium-remote-driver-4.11.0.jar:?]
	at org.openqa.selenium.remote.TracedCommandExecutor.execute(TracedCommandExecutor.java:51) ~[selenium-remote-driver-4.11.0.jar:?]
	at org.openqa.selenium.remote.RemoteWebDriver.execute(RemoteWebDriver.java:518) ~[selenium-remote-driver-4.11.0.jar:?]
	... 25 more
2025-05-07 15:06:18.469 [TestNG-test=Dummy Site Tests-1] ERROR com.UI.drivers.DriverManager - Failed to initialize WebDriver
org.openqa.selenium.SessionNotCreatedException: Could not start a new session. Possible causes are invalid address of the remote server or browser start-up failure. 
Host info: host: 'OTX-G2FKLX3', ip: '10.96.177.236'
Build info: version: '4.11.0', revision: '040bc5406b'
System info: os.name: 'Windows 11', os.arch: 'amd64', os.version: '10.0', java.version: '11.0.22'
Driver info: org.openqa.selenium.remote.RemoteWebDriver
Command: [null, newSession {capabilities=[Capabilities {browserName: chrome, goog:chromeOptions: {args: [--remote-allow-origins=*, --no-sandbox, --disable-dev-shm-usage], extensions: []}}]}]
Capabilities {browserName: chrome, goog:chromeOptions: {args: [--remote-allow-origins=*, --no-sandbox, --disable-dev-shm-usage], extensions: []}}
	at org.openqa.selenium.remote.RemoteWebDriver.execute(RemoteWebDriver.java:536) ~[selenium-remote-driver-4.11.0.jar:?]
	at org.openqa.selenium.remote.RemoteWebDriver.startSession(RemoteWebDriver.java:232) ~[selenium-remote-driver-4.11.0.jar:?]
	at org.openqa.selenium.remote.RemoteWebDriver.<init>(RemoteWebDriver.java:159) ~[selenium-remote-driver-4.11.0.jar:?]
	at org.openqa.selenium.remote.RemoteWebDriver.<init>(RemoteWebDriver.java:139) ~[selenium-remote-driver-4.11.0.jar:?]
	at com.UI.drivers.DriverManager.initializeRemoteDriver(DriverManager.java:132) ~[classes/:?]
	at com.UI.drivers.DriverManager.initializeDriver(DriverManager.java:53) [classes/:?]
	at com.UI.base.BaseTest.setup(BaseTest.java:56) [test-classes/:?]
	at jdk.internal.reflect.NativeMethodAccessorImpl.invoke0(Native Method) ~[?:?]
	at jdk.internal.reflect.NativeMethodAccessorImpl.invoke(NativeMethodAccessorImpl.java:62) ~[?:?]
	at jdk.internal.reflect.DelegatingMethodAccessorImpl.invoke(DelegatingMethodAccessorImpl.java:43) ~[?:?]
	at java.lang.reflect.Method.invoke(Method.java:566) ~[?:?]
	at org.testng.internal.invokers.MethodInvocationHelper.invokeMethod(MethodInvocationHelper.java:139) [testng-7.8.0.jar:7.8.0]
	at org.testng.internal.invokers.MethodInvocationHelper.invokeMethodConsideringTimeout(MethodInvocationHelper.java:69) [testng-7.8.0.jar:7.8.0]
	at org.testng.internal.invokers.ConfigInvoker.invokeConfigurationMethod(ConfigInvoker.java:390) [testng-7.8.0.jar:7.8.0]
	at org.testng.internal.invokers.ConfigInvoker.invokeConfigurations(ConfigInvoker.java:325) [testng-7.8.0.jar:7.8.0]
	at org.testng.internal.invokers.TestInvoker.runConfigMethods(TestInvoker.java:810) [testng-7.8.0.jar:7.8.0]
	at org.testng.internal.invokers.TestInvoker.invokeMethod(TestInvoker.java:577) [testng-7.8.0.jar:7.8.0]
	at org.testng.internal.invokers.TestInvoker.invokeTestMethod(TestInvoker.java:227) [testng-7.8.0.jar:7.8.0]
	at org.testng.internal.invokers.MethodRunner.runInSequence(MethodRunner.java:50) [testng-7.8.0.jar:7.8.0]
	at org.testng.internal.invokers.TestInvoker$MethodInvocationAgent.invoke(TestInvoker.java:957) [testng-7.8.0.jar:7.8.0]
	at org.testng.internal.invokers.TestInvoker.invokeTestMethods(TestInvoker.java:200) [testng-7.8.0.jar:7.8.0]
	at org.testng.internal.invokers.TestMethodWorker.invokeTestMethods(TestMethodWorker.java:148) [testng-7.8.0.jar:7.8.0]
	at org.testng.internal.invokers.TestMethodWorker.run(TestMethodWorker.java:128) [testng-7.8.0.jar:7.8.0]
	at java.util.concurrent.ThreadPoolExecutor.runWorker(ThreadPoolExecutor.java:1128) [?:?]
	at java.util.concurrent.ThreadPoolExecutor$Worker.run(ThreadPoolExecutor.java:628) [?:?]
	at java.lang.Thread.run(Thread.java:834) [?:?]
Caused by: java.io.UncheckedIOException: java.net.UnknownHostException: selenium-hub
	at org.openqa.selenium.remote.http.netty.NettyHttpHandler.makeCall(NettyHttpHandler.java:73) ~[selenium-remote-driver-4.11.0.jar:?]
	at org.openqa.selenium.remote.http.AddSeleniumUserAgent.lambda$apply$0(AddSeleniumUserAgent.java:42) ~[selenium-http-4.11.0.jar:?]
	at org.openqa.selenium.remote.http.Filter.lambda$andFinally$1(Filter.java:55) ~[selenium-http-4.11.0.jar:?]
	at org.openqa.selenium.remote.http.netty.NettyHttpHandler.execute(NettyHttpHandler.java:48) ~[selenium-remote-driver-4.11.0.jar:?]
	at org.openqa.selenium.remote.http.netty.NettyClient.execute(NettyClient.java:96) ~[selenium-remote-driver-4.11.0.jar:?]
	at org.openqa.selenium.remote.tracing.TracedHttpClient.execute(TracedHttpClient.java:54) ~[selenium-remote-driver-4.11.0.jar:?]
	at org.openqa.selenium.remote.ProtocolHandshake.createSession(ProtocolHandshake.java:115) ~[selenium-remote-driver-4.11.0.jar:?]
	at org.openqa.selenium.remote.ProtocolHandshake.createSession(ProtocolHandshake.java:96) ~[selenium-remote-driver-4.11.0.jar:?]
	at org.openqa.selenium.remote.ProtocolHandshake.createSession(ProtocolHandshake.java:68) ~[selenium-remote-driver-4.11.0.jar:?]
	at org.openqa.selenium.remote.HttpCommandExecutor.execute(HttpCommandExecutor.java:163) ~[selenium-remote-driver-4.11.0.jar:?]
	at org.openqa.selenium.remote.TracedCommandExecutor.execute(TracedCommandExecutor.java:51) ~[selenium-remote-driver-4.11.0.jar:?]
	at org.openqa.selenium.remote.RemoteWebDriver.execute(RemoteWebDriver.java:518) ~[selenium-remote-driver-4.11.0.jar:?]
	... 25 more
Caused by: java.net.UnknownHostException: selenium-hub
	at java.net.InetAddress$CachedAddresses.get(InetAddress.java:797) ~[?:?]
	at java.net.InetAddress.getAllByName0(InetAddress.java:1527) ~[?:?]
	at java.net.InetAddress.getAllByName(InetAddress.java:1380) ~[?:?]
	at java.net.InetAddress.getAllByName(InetAddress.java:1302) ~[?:?]
	at io.netty.util.internal.SocketUtils$9.run(SocketUtils.java:169) ~[netty-common-4.1.92.Final.jar:4.1.92.Final]
	at io.netty.util.internal.SocketUtils$9.run(SocketUtils.java:166) ~[netty-common-4.1.92.Final.jar:4.1.92.Final]
	at java.security.AccessController.doPrivileged(Native Method) ~[?:?]
	at io.netty.util.internal.SocketUtils.allAddressesByName(SocketUtils.java:166) ~[netty-common-4.1.92.Final.jar:4.1.92.Final]
	at io.netty.resolver.DefaultNameResolver.doResolveAll(DefaultNameResolver.java:50) ~[netty-resolver-4.1.92.Final.jar:4.1.92.Final]
	at io.netty.resolver.SimpleNameResolver.resolveAll(SimpleNameResolver.java:79) ~[netty-resolver-4.1.92.Final.jar:4.1.92.Final]
	at io.netty.resolver.SimpleNameResolver.resolveAll(SimpleNameResolver.java:71) ~[netty-resolver-4.1.92.Final.jar:4.1.92.Final]
	at org.asynchttpclient.resolver.RequestHostnameResolver.resolve(RequestHostnameResolver.java:50) ~[async-http-client-2.12.3.jar:?]
	at org.asynchttpclient.netty.request.NettyRequestSender.resolveAddresses(NettyRequestSender.java:364) ~[async-http-client-2.12.3.jar:?]
	at org.asynchttpclient.netty.request.NettyRequestSender.sendRequestWithNewChannel(NettyRequestSender.java:307) ~[async-http-client-2.12.3.jar:?]
	at org.asynchttpclient.netty.request.NettyRequestSender.sendRequestWithCertainForceConnect(NettyRequestSender.java:143) ~[async-http-client-2.12.3.jar:?]
	at org.asynchttpclient.netty.request.NettyRequestSender.sendRequest(NettyRequestSender.java:114) ~[async-http-client-2.12.3.jar:?]
	at org.asynchttpclient.DefaultAsyncHttpClient.execute(DefaultAsyncHttpClient.java:259) ~[async-http-client-2.12.3.jar:?]
	at org.asynchttpclient.DefaultAsyncHttpClient.executeRequest(DefaultAsyncHttpClient.java:228) ~[async-http-client-2.12.3.jar:?]
	at org.asynchttpclient.DefaultAsyncHttpClient.executeRequest(DefaultAsyncHttpClient.java:249) ~[async-http-client-2.12.3.jar:?]
	at org.openqa.selenium.remote.http.netty.NettyHttpHandler.makeCall(NettyHttpHandler.java:55) ~[selenium-remote-driver-4.11.0.jar:?]
	at org.openqa.selenium.remote.http.AddSeleniumUserAgent.lambda$apply$0(AddSeleniumUserAgent.java:42) ~[selenium-http-4.11.0.jar:?]
	at org.openqa.selenium.remote.http.Filter.lambda$andFinally$1(Filter.java:55) ~[selenium-http-4.11.0.jar:?]
	at org.openqa.selenium.remote.http.netty.NettyHttpHandler.execute(NettyHttpHandler.java:48) ~[selenium-remote-driver-4.11.0.jar:?]
	at org.openqa.selenium.remote.http.netty.NettyClient.execute(NettyClient.java:96) ~[selenium-remote-driver-4.11.0.jar:?]
	at org.openqa.selenium.remote.tracing.TracedHttpClient.execute(TracedHttpClient.java:54) ~[selenium-remote-driver-4.11.0.jar:?]
	at org.openqa.selenium.remote.ProtocolHandshake.createSession(ProtocolHandshake.java:115) ~[selenium-remote-driver-4.11.0.jar:?]
	at org.openqa.selenium.remote.ProtocolHandshake.createSession(ProtocolHandshake.java:96) ~[selenium-remote-driver-4.11.0.jar:?]
	at org.openqa.selenium.remote.ProtocolHandshake.createSession(ProtocolHandshake.java:68) ~[selenium-remote-driver-4.11.0.jar:?]
	at org.openqa.selenium.remote.HttpCommandExecutor.execute(HttpCommandExecutor.java:163) ~[selenium-remote-driver-4.11.0.jar:?]
	at org.openqa.selenium.remote.TracedCommandExecutor.execute(TracedCommandExecutor.java:51) ~[selenium-remote-driver-4.11.0.jar:?]
	at org.openqa.selenium.remote.RemoteWebDriver.execute(RemoteWebDriver.java:518) ~[selenium-remote-driver-4.11.0.jar:?]
	... 25 more
2025-05-07 15:06:18.475 [TestNG-test=Dummy Site Tests-2] INFO  com.UI.listeners.TestListener - Test started: testSuccessfulLogin2
2025-05-07 15:06:18.476 [TestNG-test=Dummy Site Tests-2] INFO  com.UI.listeners.AllureListener - Starting test: testSuccessfulLogin2
2025-05-07 15:06:18.476 [TestNG-test=Dummy Site Tests-2] INFO  com.UI.listeners.AllureListener - Test skipped: testSuccessfulLogin2
2025-05-07 15:06:18.476 [TestNG-test=Dummy Site Tests-2] INFO  com.UI.listeners.TestListener - Test skipped: testSuccessfulLogin2
2025-05-07 15:06:18.478 [TestNG-test=Dummy Site Tests-1] INFO  com.UI.listeners.TestListener - Test started: testLoginWithExcelData
2025-05-07 15:06:18.478 [TestNG-test=Dummy Site Tests-1] INFO  com.UI.listeners.TestListener - Test parameters: {password=12234.0, expectedError=, shouldSucceed=false, username=admin}
2025-05-07 15:06:18.478 [TestNG-test=Dummy Site Tests-1] INFO  com.UI.listeners.AllureListener - Starting test: testLoginWithExcelData
2025-05-07 15:06:18.478 [TestNG-test=Dummy Site Tests-2] WARN  com.UI.tests.LoginTest - Unexpected test status for test: testSuccessfulLogin2
2025-05-07 15:06:18.479 [TestNG-test=Dummy Site Tests-1] INFO  com.UI.listeners.AllureListener - Test skipped: testLoginWithExcelData
2025-05-07 15:06:18.479 [TestNG-test=Dummy Site Tests-1] INFO  com.UI.listeners.TestListener - Test skipped: testLoginWithExcelData
2025-05-07 15:06:18.482 [TestNG-test=Dummy Site Tests-1] WARN  com.UI.tests.ExcelDrivenLoginTest - Unexpected test status for test: testLoginWithExcelData
2025-05-07 15:06:18.483 [main] INFO  com.UI.listeners.AllureListener - Test Suite finished: Dummy Site Tests
2025-05-07 15:06:18.483 [main] INFO  com.UI.listeners.TestListener - Test Suite finished: Dummy Site Tests
2025-05-07 15:06:18.483 [main] INFO  com.UI.listeners.TestListener - Test Results Summary - Passed: 0, Failed: 0, Skipped: 4
2025-05-07 15:06:18.663 [main] INFO  com.UI.reports.ExtentReportManager - ExtentReports flushed to disk
2025-05-07 15:06:18.663 [main] INFO  com.UI.tests.ExcelDrivenLoginTest - Test Suite completed
2025-05-07 15:39:52.451 [main] INFO  com.UI.config.ConfigManager - Configuration properties loaded successfully
2025-05-07 15:39:52.651 [main] INFO  com.UI.reports.ExtentReportManager - ExtentReports initialized. Report will be saved to: test-output/reports\TestReport_20250507_153952.html
2025-05-07 15:39:52.651 [main] INFO  com.UI.tests.ExcelDrivenLoginTest - Test Suite setup completed
2025-05-07 15:39:52.658 [main] INFO  com.UI.listeners.TestListener - Test Suite started: Dummy Site Tests
2025-05-07 15:39:52.658 [main] INFO  com.UI.listeners.AllureListener - Test Suite started: Dummy Site Tests
2025-05-07 15:39:52.691 [TestNG-test=Dummy Site Tests-2] INFO  com.UI.tests.LoginTest - Starting test: testSuccessfulLogin
2025-05-07 15:39:52.693 [TestNG-test=Dummy Site Tests-2] INFO  com.UI.drivers.DriverManager - Initializing WebDriver: Browser=chrome, Mode=grid, Headless=false
2025-05-07 15:39:53.112 [TestNG-test=Dummy Site Tests-1] INFO  com.UI.utils.ExcelUtil - Successfully read 2 rows from Excel file: src/test/resources/testdata/login_test_data.xlsx
2025-05-07 15:39:53.115 [TestNG-test=Dummy Site Tests-1] INFO  com.UI.tests.ExcelDrivenLoginTest - Starting test: testLoginWithExcelData
2025-05-07 15:39:53.115 [TestNG-test=Dummy Site Tests-1] INFO  com.UI.tests.ExcelDrivenLoginTest - Test Parameters: {password=admin, expectedError=, shouldSucceed=true, username=admin}
2025-05-07 15:39:53.115 [TestNG-test=Dummy Site Tests-1] INFO  com.UI.drivers.DriverManager - Initializing WebDriver: Browser=chrome, Mode=grid, Headless=false
2025-05-07 15:39:53.512 [TestNG-test=Dummy Site Tests-1] ERROR com.UI.drivers.DriverManager - Failed to initialize WebDriver
org.openqa.selenium.SessionNotCreatedException: Could not start a new session. Unable to parse remote response: <!DOCTYPE html>
<html lang="en">

<head>
  <meta charset="utf-8"/>
  <link href="favicon.svg" rel="icon" type="image/svg">
  <meta content="width=device-width, initial-scale=1" name="viewport"/>
  <link href="logo192.png" rel="apple-touch-icon"/>
  <link href="manifest.json" rel="manifest"/>
  <title>Selenium Grid</title>
</head>

<body>
  <noscript>You need to enable JavaScript to run this app.</noscript>
  <div id="root"></div>
  <script src="index.js"></script>
</body>

</html>
 
Host info: host: 'OTX-G2FKLX3', ip: '10.96.177.236'
	at org.openqa.selenium.remote.ProtocolHandshake.createSession(ProtocolHandshake.java:126) ~[selenium-remote-driver-4.11.0.jar:?]
	at org.openqa.selenium.remote.ProtocolHandshake.createSession(ProtocolHandshake.java:96) ~[selenium-remote-driver-4.11.0.jar:?]
	at org.openqa.selenium.remote.ProtocolHandshake.createSession(ProtocolHandshake.java:68) ~[selenium-remote-driver-4.11.0.jar:?]
	at org.openqa.selenium.remote.HttpCommandExecutor.execute(HttpCommandExecutor.java:163) ~[selenium-remote-driver-4.11.0.jar:?]
	at org.openqa.selenium.remote.TracedCommandExecutor.execute(TracedCommandExecutor.java:51) ~[selenium-remote-driver-4.11.0.jar:?]
	at org.openqa.selenium.remote.RemoteWebDriver.execute(RemoteWebDriver.java:518) ~[selenium-remote-driver-4.11.0.jar:?]
	at org.openqa.selenium.remote.RemoteWebDriver.startSession(RemoteWebDriver.java:232) ~[selenium-remote-driver-4.11.0.jar:?]
	at org.openqa.selenium.remote.RemoteWebDriver.<init>(RemoteWebDriver.java:159) ~[selenium-remote-driver-4.11.0.jar:?]
	at org.openqa.selenium.remote.RemoteWebDriver.<init>(RemoteWebDriver.java:139) ~[selenium-remote-driver-4.11.0.jar:?]
	at com.UI.drivers.DriverManager.initializeRemoteDriver(DriverManager.java:132) ~[classes/:?]
	at com.UI.drivers.DriverManager.initializeDriver(DriverManager.java:53) [classes/:?]
	at com.UI.base.BaseTest.setup(BaseTest.java:56) [test-classes/:?]
	at jdk.internal.reflect.NativeMethodAccessorImpl.invoke0(Native Method) ~[?:?]
	at jdk.internal.reflect.NativeMethodAccessorImpl.invoke(NativeMethodAccessorImpl.java:62) ~[?:?]
	at jdk.internal.reflect.DelegatingMethodAccessorImpl.invoke(DelegatingMethodAccessorImpl.java:43) ~[?:?]
	at java.lang.reflect.Method.invoke(Method.java:566) ~[?:?]
	at org.testng.internal.invokers.MethodInvocationHelper.invokeMethod(MethodInvocationHelper.java:139) [testng-7.8.0.jar:7.8.0]
	at org.testng.internal.invokers.MethodInvocationHelper.invokeMethodConsideringTimeout(MethodInvocationHelper.java:69) [testng-7.8.0.jar:7.8.0]
	at org.testng.internal.invokers.ConfigInvoker.invokeConfigurationMethod(ConfigInvoker.java:390) [testng-7.8.0.jar:7.8.0]
	at org.testng.internal.invokers.ConfigInvoker.invokeConfigurations(ConfigInvoker.java:325) [testng-7.8.0.jar:7.8.0]
	at org.testng.internal.invokers.TestInvoker.runConfigMethods(TestInvoker.java:810) [testng-7.8.0.jar:7.8.0]
	at org.testng.internal.invokers.TestInvoker.invokeMethod(TestInvoker.java:577) [testng-7.8.0.jar:7.8.0]
	at org.testng.internal.invokers.TestInvoker.invokeTestMethod(TestInvoker.java:227) [testng-7.8.0.jar:7.8.0]
	at org.testng.internal.invokers.MethodRunner.runInSequence(MethodRunner.java:50) [testng-7.8.0.jar:7.8.0]
	at org.testng.internal.invokers.TestInvoker$MethodInvocationAgent.invoke(TestInvoker.java:957) [testng-7.8.0.jar:7.8.0]
	at org.testng.internal.invokers.TestInvoker.invokeTestMethods(TestInvoker.java:200) [testng-7.8.0.jar:7.8.0]
	at org.testng.internal.invokers.TestMethodWorker.invokeTestMethods(TestMethodWorker.java:148) [testng-7.8.0.jar:7.8.0]
	at org.testng.internal.invokers.TestMethodWorker.run(TestMethodWorker.java:128) [testng-7.8.0.jar:7.8.0]
	at java.util.concurrent.ThreadPoolExecutor.runWorker(ThreadPoolExecutor.java:1128) [?:?]
	at java.util.concurrent.ThreadPoolExecutor$Worker.run(ThreadPoolExecutor.java:628) [?:?]
	at java.lang.Thread.run(Thread.java:834) [?:?]
Caused by: org.openqa.selenium.json.JsonException: Unable to parse: <!DOCTYPE html>
<html lang="en">

<head>
  <meta charset="utf-8"/>
  <link href="favicon.svg" rel="icon" type="image/svg">
  <meta content="width=device-width, initial-scale=1" name="viewport"/>
  <link href="logo192.png" rel="apple-touch-icon"/>
  <link href="manifest.json" rel="manifest"/>
  <title>Selenium Grid</title>
</head>

<body>
  <noscript>You need to enable JavaScript to run this app.</noscript>
  <div id="root"></div>
  <script src="index.js"></script>
</body>

</html>

	at org.openqa.selenium.json.Json.toType(Json.java:62) ~[selenium-json-4.11.0.jar:?]
	at org.openqa.selenium.json.Json.toType(Json.java:55) ~[selenium-json-4.11.0.jar:?]
	at org.openqa.selenium.remote.ProtocolHandshake.createSession(ProtocolHandshake.java:122) ~[selenium-remote-driver-4.11.0.jar:?]
	... 30 more
Caused by: org.openqa.selenium.json.JsonException: Unable to determine type from: <. Last 1 characters read: <
Build info: version: '4.11.0', revision: '040bc5406b'
System info: os.name: 'Windows 11', os.arch: 'amd64', os.version: '10.0', java.version: '11.0.22'
Driver info: driver.version: RemoteWebDriver
	at org.openqa.selenium.json.JsonInput.peek(JsonInput.java:133) ~[selenium-json-4.11.0.jar:?]
	at org.openqa.selenium.json.JsonTypeCoercer.lambda$buildCoercer$6(JsonTypeCoercer.java:159) ~[selenium-json-4.11.0.jar:?]
	at org.openqa.selenium.json.JsonTypeCoercer.coerce(JsonTypeCoercer.java:145) ~[selenium-json-4.11.0.jar:?]
	at org.openqa.selenium.json.Json.toType(Json.java:76) ~[selenium-json-4.11.0.jar:?]
	at org.openqa.selenium.json.Json.toType(Json.java:60) ~[selenium-json-4.11.0.jar:?]
	at org.openqa.selenium.json.Json.toType(Json.java:55) ~[selenium-json-4.11.0.jar:?]
	at org.openqa.selenium.remote.ProtocolHandshake.createSession(ProtocolHandshake.java:122) ~[selenium-remote-driver-4.11.0.jar:?]
	... 30 more
2025-05-07 15:39:53.512 [TestNG-test=Dummy Site Tests-2] ERROR com.UI.drivers.DriverManager - Failed to initialize WebDriver
org.openqa.selenium.SessionNotCreatedException: Could not start a new session. Unable to parse remote response: <!DOCTYPE html>
<html lang="en">

<head>
  <meta charset="utf-8"/>
  <link href="favicon.svg" rel="icon" type="image/svg">
  <meta content="width=device-width, initial-scale=1" name="viewport"/>
  <link href="logo192.png" rel="apple-touch-icon"/>
  <link href="manifest.json" rel="manifest"/>
  <title>Selenium Grid</title>
</head>

<body>
  <noscript>You need to enable JavaScript to run this app.</noscript>
  <div id="root"></div>
  <script src="index.js"></script>
</body>

</html>
 
Host info: host: 'OTX-G2FKLX3', ip: '10.96.177.236'
	at org.openqa.selenium.remote.ProtocolHandshake.createSession(ProtocolHandshake.java:126) ~[selenium-remote-driver-4.11.0.jar:?]
	at org.openqa.selenium.remote.ProtocolHandshake.createSession(ProtocolHandshake.java:96) ~[selenium-remote-driver-4.11.0.jar:?]
	at org.openqa.selenium.remote.ProtocolHandshake.createSession(ProtocolHandshake.java:68) ~[selenium-remote-driver-4.11.0.jar:?]
	at org.openqa.selenium.remote.HttpCommandExecutor.execute(HttpCommandExecutor.java:163) ~[selenium-remote-driver-4.11.0.jar:?]
	at org.openqa.selenium.remote.TracedCommandExecutor.execute(TracedCommandExecutor.java:51) ~[selenium-remote-driver-4.11.0.jar:?]
	at org.openqa.selenium.remote.RemoteWebDriver.execute(RemoteWebDriver.java:518) ~[selenium-remote-driver-4.11.0.jar:?]
	at org.openqa.selenium.remote.RemoteWebDriver.startSession(RemoteWebDriver.java:232) ~[selenium-remote-driver-4.11.0.jar:?]
	at org.openqa.selenium.remote.RemoteWebDriver.<init>(RemoteWebDriver.java:159) ~[selenium-remote-driver-4.11.0.jar:?]
	at org.openqa.selenium.remote.RemoteWebDriver.<init>(RemoteWebDriver.java:139) ~[selenium-remote-driver-4.11.0.jar:?]
	at com.UI.drivers.DriverManager.initializeRemoteDriver(DriverManager.java:132) ~[classes/:?]
	at com.UI.drivers.DriverManager.initializeDriver(DriverManager.java:53) [classes/:?]
	at com.UI.base.BaseTest.setup(BaseTest.java:56) [test-classes/:?]
	at jdk.internal.reflect.NativeMethodAccessorImpl.invoke0(Native Method) ~[?:?]
	at jdk.internal.reflect.NativeMethodAccessorImpl.invoke(NativeMethodAccessorImpl.java:62) ~[?:?]
	at jdk.internal.reflect.DelegatingMethodAccessorImpl.invoke(DelegatingMethodAccessorImpl.java:43) ~[?:?]
	at java.lang.reflect.Method.invoke(Method.java:566) ~[?:?]
	at org.testng.internal.invokers.MethodInvocationHelper.invokeMethod(MethodInvocationHelper.java:139) [testng-7.8.0.jar:7.8.0]
	at org.testng.internal.invokers.MethodInvocationHelper.invokeMethodConsideringTimeout(MethodInvocationHelper.java:69) [testng-7.8.0.jar:7.8.0]
	at org.testng.internal.invokers.ConfigInvoker.invokeConfigurationMethod(ConfigInvoker.java:390) [testng-7.8.0.jar:7.8.0]
	at org.testng.internal.invokers.ConfigInvoker.invokeConfigurations(ConfigInvoker.java:325) [testng-7.8.0.jar:7.8.0]
	at org.testng.internal.invokers.TestInvoker.runConfigMethods(TestInvoker.java:810) [testng-7.8.0.jar:7.8.0]
	at org.testng.internal.invokers.TestInvoker.invokeMethod(TestInvoker.java:577) [testng-7.8.0.jar:7.8.0]
	at org.testng.internal.invokers.TestInvoker.invokeTestMethod(TestInvoker.java:227) [testng-7.8.0.jar:7.8.0]
	at org.testng.internal.invokers.MethodRunner.runInSequence(MethodRunner.java:50) [testng-7.8.0.jar:7.8.0]
	at org.testng.internal.invokers.TestInvoker$MethodInvocationAgent.invoke(TestInvoker.java:957) [testng-7.8.0.jar:7.8.0]
	at org.testng.internal.invokers.TestInvoker.invokeTestMethods(TestInvoker.java:200) [testng-7.8.0.jar:7.8.0]
	at org.testng.internal.invokers.TestMethodWorker.invokeTestMethods(TestMethodWorker.java:148) [testng-7.8.0.jar:7.8.0]
	at org.testng.internal.invokers.TestMethodWorker.run(TestMethodWorker.java:128) [testng-7.8.0.jar:7.8.0]
	at java.util.concurrent.ThreadPoolExecutor.runWorker(ThreadPoolExecutor.java:1128) [?:?]
	at java.util.concurrent.ThreadPoolExecutor$Worker.run(ThreadPoolExecutor.java:628) [?:?]
	at java.lang.Thread.run(Thread.java:834) [?:?]
Caused by: org.openqa.selenium.json.JsonException: Unable to parse: <!DOCTYPE html>
<html lang="en">

<head>
  <meta charset="utf-8"/>
  <link href="favicon.svg" rel="icon" type="image/svg">
  <meta content="width=device-width, initial-scale=1" name="viewport"/>
  <link href="logo192.png" rel="apple-touch-icon"/>
  <link href="manifest.json" rel="manifest"/>
  <title>Selenium Grid</title>
</head>

<body>
  <noscript>You need to enable JavaScript to run this app.</noscript>
  <div id="root"></div>
  <script src="index.js"></script>
</body>

</html>

	at org.openqa.selenium.json.Json.toType(Json.java:62) ~[selenium-json-4.11.0.jar:?]
	at org.openqa.selenium.json.Json.toType(Json.java:55) ~[selenium-json-4.11.0.jar:?]
	at org.openqa.selenium.remote.ProtocolHandshake.createSession(ProtocolHandshake.java:122) ~[selenium-remote-driver-4.11.0.jar:?]
	... 30 more
Caused by: org.openqa.selenium.json.JsonException: Unable to determine type from: <. Last 1 characters read: <
Build info: version: '4.11.0', revision: '040bc5406b'
System info: os.name: 'Windows 11', os.arch: 'amd64', os.version: '10.0', java.version: '11.0.22'
Driver info: driver.version: RemoteWebDriver
	at org.openqa.selenium.json.JsonInput.peek(JsonInput.java:133) ~[selenium-json-4.11.0.jar:?]
	at org.openqa.selenium.json.JsonTypeCoercer.lambda$buildCoercer$6(JsonTypeCoercer.java:159) ~[selenium-json-4.11.0.jar:?]
	at org.openqa.selenium.json.JsonTypeCoercer.coerce(JsonTypeCoercer.java:145) ~[selenium-json-4.11.0.jar:?]
	at org.openqa.selenium.json.Json.toType(Json.java:76) ~[selenium-json-4.11.0.jar:?]
	at org.openqa.selenium.json.Json.toType(Json.java:60) ~[selenium-json-4.11.0.jar:?]
	at org.openqa.selenium.json.Json.toType(Json.java:55) ~[selenium-json-4.11.0.jar:?]
	at org.openqa.selenium.remote.ProtocolHandshake.createSession(ProtocolHandshake.java:122) ~[selenium-remote-driver-4.11.0.jar:?]
	... 30 more
2025-05-07 15:39:53.592 [TestNG-test=Dummy Site Tests-2] INFO  com.UI.listeners.TestListener - Test started: testSuccessfulLogin
2025-05-07 15:39:53.592 [TestNG-test=Dummy Site Tests-1] INFO  com.UI.listeners.TestListener - Test started: testLoginWithExcelData
2025-05-07 15:39:53.593 [TestNG-test=Dummy Site Tests-2] INFO  com.UI.listeners.AllureListener - Starting test: testSuccessfulLogin
2025-05-07 15:39:53.593 [TestNG-test=Dummy Site Tests-1] INFO  com.UI.listeners.TestListener - Test parameters: {password=admin, expectedError=, shouldSucceed=true, username=admin}
2025-05-07 15:39:53.593 [TestNG-test=Dummy Site Tests-1] INFO  com.UI.listeners.AllureListener - Starting test: testLoginWithExcelData
2025-05-07 15:39:53.593 [TestNG-test=Dummy Site Tests-2] INFO  com.UI.listeners.AllureListener - Test skipped: testSuccessfulLogin
2025-05-07 15:39:53.593 [TestNG-test=Dummy Site Tests-1] INFO  com.UI.listeners.AllureListener - Test skipped: testLoginWithExcelData
2025-05-07 15:39:53.593 [TestNG-test=Dummy Site Tests-2] INFO  com.UI.listeners.TestListener - Test skipped: testSuccessfulLogin
2025-05-07 15:39:53.593 [TestNG-test=Dummy Site Tests-1] INFO  com.UI.listeners.TestListener - Test skipped: testLoginWithExcelData
2025-05-07 15:39:53.598 [TestNG-test=Dummy Site Tests-2] WARN  com.UI.tests.LoginTest - Unexpected test status for test: testSuccessfulLogin
2025-05-07 15:39:53.599 [TestNG-test=Dummy Site Tests-1] WARN  com.UI.tests.ExcelDrivenLoginTest - Unexpected test status for test: testLoginWithExcelData
2025-05-07 15:39:53.600 [TestNG-test=Dummy Site Tests-2] INFO  com.UI.tests.LoginTest - Starting test: testSuccessfulLogin2
2025-05-07 15:39:53.600 [TestNG-test=Dummy Site Tests-2] INFO  com.UI.drivers.DriverManager - Initializing WebDriver: Browser=chrome, Mode=grid, Headless=false
2025-05-07 15:39:53.600 [TestNG-test=Dummy Site Tests-1] INFO  com.UI.tests.ExcelDrivenLoginTest - Starting test: testLoginWithExcelData
2025-05-07 15:39:53.600 [TestNG-test=Dummy Site Tests-1] INFO  com.UI.tests.ExcelDrivenLoginTest - Test Parameters: {password=12234.0, expectedError=, shouldSucceed=false, username=admin}
2025-05-07 15:39:53.600 [TestNG-test=Dummy Site Tests-1] INFO  com.UI.drivers.DriverManager - Initializing WebDriver: Browser=chrome, Mode=grid, Headless=false
2025-05-07 15:39:53.610 [TestNG-test=Dummy Site Tests-1] ERROR com.UI.drivers.DriverManager - Failed to initialize WebDriver
org.openqa.selenium.SessionNotCreatedException: Could not start a new session. Unable to parse remote response: <!DOCTYPE html>
<html lang="en">

<head>
  <meta charset="utf-8"/>
  <link href="favicon.svg" rel="icon" type="image/svg">
  <meta content="width=device-width, initial-scale=1" name="viewport"/>
  <link href="logo192.png" rel="apple-touch-icon"/>
  <link href="manifest.json" rel="manifest"/>
  <title>Selenium Grid</title>
</head>

<body>
  <noscript>You need to enable JavaScript to run this app.</noscript>
  <div id="root"></div>
  <script src="index.js"></script>
</body>

</html>
 
Host info: host: 'OTX-G2FKLX3', ip: '10.96.177.236'
	at org.openqa.selenium.remote.ProtocolHandshake.createSession(ProtocolHandshake.java:126) ~[selenium-remote-driver-4.11.0.jar:?]
	at org.openqa.selenium.remote.ProtocolHandshake.createSession(ProtocolHandshake.java:96) ~[selenium-remote-driver-4.11.0.jar:?]
	at org.openqa.selenium.remote.ProtocolHandshake.createSession(ProtocolHandshake.java:68) ~[selenium-remote-driver-4.11.0.jar:?]
	at org.openqa.selenium.remote.HttpCommandExecutor.execute(HttpCommandExecutor.java:163) ~[selenium-remote-driver-4.11.0.jar:?]
	at org.openqa.selenium.remote.TracedCommandExecutor.execute(TracedCommandExecutor.java:51) ~[selenium-remote-driver-4.11.0.jar:?]
	at org.openqa.selenium.remote.RemoteWebDriver.execute(RemoteWebDriver.java:518) ~[selenium-remote-driver-4.11.0.jar:?]
	at org.openqa.selenium.remote.RemoteWebDriver.startSession(RemoteWebDriver.java:232) ~[selenium-remote-driver-4.11.0.jar:?]
	at org.openqa.selenium.remote.RemoteWebDriver.<init>(RemoteWebDriver.java:159) ~[selenium-remote-driver-4.11.0.jar:?]
	at org.openqa.selenium.remote.RemoteWebDriver.<init>(RemoteWebDriver.java:139) ~[selenium-remote-driver-4.11.0.jar:?]
	at com.UI.drivers.DriverManager.initializeRemoteDriver(DriverManager.java:132) ~[classes/:?]
	at com.UI.drivers.DriverManager.initializeDriver(DriverManager.java:53) [classes/:?]
	at com.UI.base.BaseTest.setup(BaseTest.java:56) [test-classes/:?]
	at jdk.internal.reflect.NativeMethodAccessorImpl.invoke0(Native Method) ~[?:?]
	at jdk.internal.reflect.NativeMethodAccessorImpl.invoke(NativeMethodAccessorImpl.java:62) ~[?:?]
	at jdk.internal.reflect.DelegatingMethodAccessorImpl.invoke(DelegatingMethodAccessorImpl.java:43) ~[?:?]
	at java.lang.reflect.Method.invoke(Method.java:566) ~[?:?]
	at org.testng.internal.invokers.MethodInvocationHelper.invokeMethod(MethodInvocationHelper.java:139) [testng-7.8.0.jar:7.8.0]
	at org.testng.internal.invokers.MethodInvocationHelper.invokeMethodConsideringTimeout(MethodInvocationHelper.java:69) [testng-7.8.0.jar:7.8.0]
	at org.testng.internal.invokers.ConfigInvoker.invokeConfigurationMethod(ConfigInvoker.java:390) [testng-7.8.0.jar:7.8.0]
	at org.testng.internal.invokers.ConfigInvoker.invokeConfigurations(ConfigInvoker.java:325) [testng-7.8.0.jar:7.8.0]
	at org.testng.internal.invokers.TestInvoker.runConfigMethods(TestInvoker.java:810) [testng-7.8.0.jar:7.8.0]
	at org.testng.internal.invokers.TestInvoker.invokeMethod(TestInvoker.java:577) [testng-7.8.0.jar:7.8.0]
	at org.testng.internal.invokers.TestInvoker.invokeTestMethod(TestInvoker.java:227) [testng-7.8.0.jar:7.8.0]
	at org.testng.internal.invokers.MethodRunner.runInSequence(MethodRunner.java:50) [testng-7.8.0.jar:7.8.0]
	at org.testng.internal.invokers.TestInvoker$MethodInvocationAgent.invoke(TestInvoker.java:957) [testng-7.8.0.jar:7.8.0]
	at org.testng.internal.invokers.TestInvoker.invokeTestMethods(TestInvoker.java:200) [testng-7.8.0.jar:7.8.0]
	at org.testng.internal.invokers.TestMethodWorker.invokeTestMethods(TestMethodWorker.java:148) [testng-7.8.0.jar:7.8.0]
	at org.testng.internal.invokers.TestMethodWorker.run(TestMethodWorker.java:128) [testng-7.8.0.jar:7.8.0]
	at java.util.concurrent.ThreadPoolExecutor.runWorker(ThreadPoolExecutor.java:1128) [?:?]
	at java.util.concurrent.ThreadPoolExecutor$Worker.run(ThreadPoolExecutor.java:628) [?:?]
	at java.lang.Thread.run(Thread.java:834) [?:?]
Caused by: org.openqa.selenium.json.JsonException: Unable to parse: <!DOCTYPE html>
<html lang="en">

<head>
  <meta charset="utf-8"/>
  <link href="favicon.svg" rel="icon" type="image/svg">
  <meta content="width=device-width, initial-scale=1" name="viewport"/>
  <link href="logo192.png" rel="apple-touch-icon"/>
  <link href="manifest.json" rel="manifest"/>
  <title>Selenium Grid</title>
</head>

<body>
  <noscript>You need to enable JavaScript to run this app.</noscript>
  <div id="root"></div>
  <script src="index.js"></script>
</body>

</html>

	at org.openqa.selenium.json.Json.toType(Json.java:62) ~[selenium-json-4.11.0.jar:?]
	at org.openqa.selenium.json.Json.toType(Json.java:55) ~[selenium-json-4.11.0.jar:?]
	at org.openqa.selenium.remote.ProtocolHandshake.createSession(ProtocolHandshake.java:122) ~[selenium-remote-driver-4.11.0.jar:?]
	... 30 more
Caused by: org.openqa.selenium.json.JsonException: Unable to determine type from: <. Last 1 characters read: <
Build info: version: '4.11.0', revision: '040bc5406b'
System info: os.name: 'Windows 11', os.arch: 'amd64', os.version: '10.0', java.version: '11.0.22'
Driver info: driver.version: RemoteWebDriver
	at org.openqa.selenium.json.JsonInput.peek(JsonInput.java:133) ~[selenium-json-4.11.0.jar:?]
	at org.openqa.selenium.json.JsonTypeCoercer.lambda$buildCoercer$6(JsonTypeCoercer.java:159) ~[selenium-json-4.11.0.jar:?]
	at org.openqa.selenium.json.JsonTypeCoercer.coerce(JsonTypeCoercer.java:145) ~[selenium-json-4.11.0.jar:?]
	at org.openqa.selenium.json.Json.toType(Json.java:76) ~[selenium-json-4.11.0.jar:?]
	at org.openqa.selenium.json.Json.toType(Json.java:60) ~[selenium-json-4.11.0.jar:?]
	at org.openqa.selenium.json.Json.toType(Json.java:55) ~[selenium-json-4.11.0.jar:?]
	at org.openqa.selenium.remote.ProtocolHandshake.createSession(ProtocolHandshake.java:122) ~[selenium-remote-driver-4.11.0.jar:?]
	... 30 more
2025-05-07 15:39:53.610 [TestNG-test=Dummy Site Tests-2] ERROR com.UI.drivers.DriverManager - Failed to initialize WebDriver
org.openqa.selenium.SessionNotCreatedException: Could not start a new session. Unable to parse remote response: <!DOCTYPE html>
<html lang="en">

<head>
  <meta charset="utf-8"/>
  <link href="favicon.svg" rel="icon" type="image/svg">
  <meta content="width=device-width, initial-scale=1" name="viewport"/>
  <link href="logo192.png" rel="apple-touch-icon"/>
  <link href="manifest.json" rel="manifest"/>
  <title>Selenium Grid</title>
</head>

<body>
  <noscript>You need to enable JavaScript to run this app.</noscript>
  <div id="root"></div>
  <script src="index.js"></script>
</body>

</html>
 
Host info: host: 'OTX-G2FKLX3', ip: '10.96.177.236'
	at org.openqa.selenium.remote.ProtocolHandshake.createSession(ProtocolHandshake.java:126) ~[selenium-remote-driver-4.11.0.jar:?]
	at org.openqa.selenium.remote.ProtocolHandshake.createSession(ProtocolHandshake.java:96) ~[selenium-remote-driver-4.11.0.jar:?]
	at org.openqa.selenium.remote.ProtocolHandshake.createSession(ProtocolHandshake.java:68) ~[selenium-remote-driver-4.11.0.jar:?]
	at org.openqa.selenium.remote.HttpCommandExecutor.execute(HttpCommandExecutor.java:163) ~[selenium-remote-driver-4.11.0.jar:?]
	at org.openqa.selenium.remote.TracedCommandExecutor.execute(TracedCommandExecutor.java:51) ~[selenium-remote-driver-4.11.0.jar:?]
	at org.openqa.selenium.remote.RemoteWebDriver.execute(RemoteWebDriver.java:518) ~[selenium-remote-driver-4.11.0.jar:?]
	at org.openqa.selenium.remote.RemoteWebDriver.startSession(RemoteWebDriver.java:232) ~[selenium-remote-driver-4.11.0.jar:?]
	at org.openqa.selenium.remote.RemoteWebDriver.<init>(RemoteWebDriver.java:159) ~[selenium-remote-driver-4.11.0.jar:?]
	at org.openqa.selenium.remote.RemoteWebDriver.<init>(RemoteWebDriver.java:139) ~[selenium-remote-driver-4.11.0.jar:?]
	at com.UI.drivers.DriverManager.initializeRemoteDriver(DriverManager.java:132) ~[classes/:?]
	at com.UI.drivers.DriverManager.initializeDriver(DriverManager.java:53) [classes/:?]
	at com.UI.base.BaseTest.setup(BaseTest.java:56) [test-classes/:?]
	at jdk.internal.reflect.NativeMethodAccessorImpl.invoke0(Native Method) ~[?:?]
	at jdk.internal.reflect.NativeMethodAccessorImpl.invoke(NativeMethodAccessorImpl.java:62) ~[?:?]
	at jdk.internal.reflect.DelegatingMethodAccessorImpl.invoke(DelegatingMethodAccessorImpl.java:43) ~[?:?]
	at java.lang.reflect.Method.invoke(Method.java:566) ~[?:?]
	at org.testng.internal.invokers.MethodInvocationHelper.invokeMethod(MethodInvocationHelper.java:139) [testng-7.8.0.jar:7.8.0]
	at org.testng.internal.invokers.MethodInvocationHelper.invokeMethodConsideringTimeout(MethodInvocationHelper.java:69) [testng-7.8.0.jar:7.8.0]
	at org.testng.internal.invokers.ConfigInvoker.invokeConfigurationMethod(ConfigInvoker.java:390) [testng-7.8.0.jar:7.8.0]
	at org.testng.internal.invokers.ConfigInvoker.invokeConfigurations(ConfigInvoker.java:325) [testng-7.8.0.jar:7.8.0]
	at org.testng.internal.invokers.TestInvoker.runConfigMethods(TestInvoker.java:810) [testng-7.8.0.jar:7.8.0]
	at org.testng.internal.invokers.TestInvoker.invokeMethod(TestInvoker.java:577) [testng-7.8.0.jar:7.8.0]
	at org.testng.internal.invokers.TestInvoker.invokeTestMethod(TestInvoker.java:227) [testng-7.8.0.jar:7.8.0]
	at org.testng.internal.invokers.MethodRunner.runInSequence(MethodRunner.java:50) [testng-7.8.0.jar:7.8.0]
	at org.testng.internal.invokers.TestInvoker$MethodInvocationAgent.invoke(TestInvoker.java:957) [testng-7.8.0.jar:7.8.0]
	at org.testng.internal.invokers.TestInvoker.invokeTestMethods(TestInvoker.java:200) [testng-7.8.0.jar:7.8.0]
	at org.testng.internal.invokers.TestMethodWorker.invokeTestMethods(TestMethodWorker.java:148) [testng-7.8.0.jar:7.8.0]
	at org.testng.internal.invokers.TestMethodWorker.run(TestMethodWorker.java:128) [testng-7.8.0.jar:7.8.0]
	at java.util.concurrent.ThreadPoolExecutor.runWorker(ThreadPoolExecutor.java:1128) [?:?]
	at java.util.concurrent.ThreadPoolExecutor$Worker.run(ThreadPoolExecutor.java:628) [?:?]
	at java.lang.Thread.run(Thread.java:834) [?:?]
Caused by: org.openqa.selenium.json.JsonException: Unable to parse: <!DOCTYPE html>
<html lang="en">

<head>
  <meta charset="utf-8"/>
  <link href="favicon.svg" rel="icon" type="image/svg">
  <meta content="width=device-width, initial-scale=1" name="viewport"/>
  <link href="logo192.png" rel="apple-touch-icon"/>
  <link href="manifest.json" rel="manifest"/>
  <title>Selenium Grid</title>
</head>

<body>
  <noscript>You need to enable JavaScript to run this app.</noscript>
  <div id="root"></div>
  <script src="index.js"></script>
</body>

</html>

	at org.openqa.selenium.json.Json.toType(Json.java:62) ~[selenium-json-4.11.0.jar:?]
	at org.openqa.selenium.json.Json.toType(Json.java:55) ~[selenium-json-4.11.0.jar:?]
	at org.openqa.selenium.remote.ProtocolHandshake.createSession(ProtocolHandshake.java:122) ~[selenium-remote-driver-4.11.0.jar:?]
	... 30 more
Caused by: org.openqa.selenium.json.JsonException: Unable to determine type from: <. Last 1 characters read: <
Build info: version: '4.11.0', revision: '040bc5406b'
System info: os.name: 'Windows 11', os.arch: 'amd64', os.version: '10.0', java.version: '11.0.22'
Driver info: driver.version: RemoteWebDriver
	at org.openqa.selenium.json.JsonInput.peek(JsonInput.java:133) ~[selenium-json-4.11.0.jar:?]
	at org.openqa.selenium.json.JsonTypeCoercer.lambda$buildCoercer$6(JsonTypeCoercer.java:159) ~[selenium-json-4.11.0.jar:?]
	at org.openqa.selenium.json.JsonTypeCoercer.coerce(JsonTypeCoercer.java:145) ~[selenium-json-4.11.0.jar:?]
	at org.openqa.selenium.json.Json.toType(Json.java:76) ~[selenium-json-4.11.0.jar:?]
	at org.openqa.selenium.json.Json.toType(Json.java:60) ~[selenium-json-4.11.0.jar:?]
	at org.openqa.selenium.json.Json.toType(Json.java:55) ~[selenium-json-4.11.0.jar:?]
	at org.openqa.selenium.remote.ProtocolHandshake.createSession(ProtocolHandshake.java:122) ~[selenium-remote-driver-4.11.0.jar:?]
	... 30 more
2025-05-07 15:39:53.616 [TestNG-test=Dummy Site Tests-2] INFO  com.UI.listeners.TestListener - Test started: testSuccessfulLogin2
2025-05-07 15:39:53.617 [TestNG-test=Dummy Site Tests-2] INFO  com.UI.listeners.AllureListener - Starting test: testSuccessfulLogin2
2025-05-07 15:39:53.617 [TestNG-test=Dummy Site Tests-2] INFO  com.UI.listeners.AllureListener - Test skipped: testSuccessfulLogin2
2025-05-07 15:39:53.617 [TestNG-test=Dummy Site Tests-2] INFO  com.UI.listeners.TestListener - Test skipped: testSuccessfulLogin2
2025-05-07 15:39:53.617 [TestNG-test=Dummy Site Tests-1] INFO  com.UI.listeners.TestListener - Test started: testLoginWithExcelData
2025-05-07 15:39:53.617 [TestNG-test=Dummy Site Tests-1] INFO  com.UI.listeners.TestListener - Test parameters: {password=12234.0, expectedError=, shouldSucceed=false, username=admin}
2025-05-07 15:39:53.617 [TestNG-test=Dummy Site Tests-1] INFO  com.UI.listeners.AllureListener - Starting test: testLoginWithExcelData
2025-05-07 15:39:53.618 [TestNG-test=Dummy Site Tests-1] INFO  com.UI.listeners.AllureListener - Test skipped: testLoginWithExcelData
2025-05-07 15:39:53.618 [TestNG-test=Dummy Site Tests-1] INFO  com.UI.listeners.TestListener - Test skipped: testLoginWithExcelData
2025-05-07 15:39:53.618 [TestNG-test=Dummy Site Tests-2] WARN  com.UI.tests.LoginTest - Unexpected test status for test: testSuccessfulLogin2
2025-05-07 15:39:53.621 [TestNG-test=Dummy Site Tests-1] WARN  com.UI.tests.ExcelDrivenLoginTest - Unexpected test status for test: testLoginWithExcelData
2025-05-07 15:39:53.622 [main] INFO  com.UI.listeners.AllureListener - Test Suite finished: Dummy Site Tests
2025-05-07 15:39:53.622 [main] INFO  com.UI.listeners.TestListener - Test Suite finished: Dummy Site Tests
2025-05-07 15:39:53.622 [main] INFO  com.UI.listeners.TestListener - Test Results Summary - Passed: 0, Failed: 0, Skipped: 4
2025-05-07 15:39:53.808 [main] INFO  com.UI.reports.ExtentReportManager - ExtentReports flushed to disk
2025-05-07 15:39:53.808 [main] INFO  com.UI.tests.ExcelDrivenLoginTest - Test Suite completed
