2025-04-29 14:55:24.391 [main] INFO  com.UI.config.ConfigManager - Configuration properties loaded successfully
2025-04-29 14:55:24.538 [main] INFO  com.UI.reports.ExtentReportManager - ExtentReports initialized. Report will be saved to: test-output/reports\TestReport_20250429_145524.html
2025-04-29 14:55:24.538 [main] INFO  com.UI.tests.LoginTest - Test Suite setup completed
2025-04-29 14:55:24.554 [main] INFO  com.UI.tests.LoginTest - Starting test: testSuccessfulLogin
2025-04-29 14:55:24.558 [main] INFO  com.UI.drivers.DriverManager - Initializing WebDriver: Browser=chrome, Mode=local, Headless=false
2025-04-29 14:55:26.097 [main] INFO  com.UI.drivers.DriverManager - WebDriver initialized successfully
2025-04-29 14:55:30.126 [main] INFO  pages.LoginPage - Navigated to URL: http://10.119.32.127:8084/da/
2025-04-29 14:55:30.126 [main] INFO  pages.LoginPage - Navigated to Login page
2025-04-29 14:55:50.749 [main] ERROR com.UI.utils.WaitUtil - Element not present after waiting: By.id: email
org.openqa.selenium.TimeoutException: Expected condition failed: waiting for presence of element located by: By.id: email (tried for 15 second(s) with 500 milliseconds interval)
	at org.openqa.selenium.support.ui.WebDriverWait.timeoutException(WebDriverWait.java:84) ~[selenium-support-4.23.1.jar:?]
	at org.openqa.selenium.support.ui.FluentWait.until(FluentWait.java:228) ~[selenium-support-4.23.1.jar:?]
	at com.UI.utils.WaitUtil.waitForElementPresent(WaitUtil.java:121) ~[classes/:?]
	at pages.BasePage.findElement(BasePage.java:74) ~[classes/:?]
	at pages.BasePage.sendKeys(BasePage.java:118) ~[classes/:?]
	at pages.LoginPage.fillUserName(LoginPage.java:33) ~[classes/:?]
	at com.UI.tests.LoginTest.testSuccessfulLogin(LoginTest.java:23) ~[test-classes/:?]
	at jdk.internal.reflect.NativeMethodAccessorImpl.invoke0(Native Method) ~[?:?]
	at jdk.internal.reflect.NativeMethodAccessorImpl.invoke(NativeMethodAccessorImpl.java:62) ~[?:?]
	at jdk.internal.reflect.DelegatingMethodAccessorImpl.invoke(DelegatingMethodAccessorImpl.java:43) ~[?:?]
	at java.lang.reflect.Method.invoke(Method.java:566) ~[?:?]
	at org.testng.internal.invokers.MethodInvocationHelper.invokeMethod(MethodInvocationHelper.java:139) ~[testng-7.8.0.jar:7.8.0]
	at org.testng.internal.invokers.TestInvoker.invokeMethod(TestInvoker.java:664) ~[testng-7.8.0.jar:7.8.0]
	at org.testng.internal.invokers.TestInvoker.invokeTestMethod(TestInvoker.java:227) ~[testng-7.8.0.jar:7.8.0]
	at org.testng.internal.invokers.MethodRunner.runInSequence(MethodRunner.java:50) ~[testng-7.8.0.jar:7.8.0]
	at org.testng.internal.invokers.TestInvoker$MethodInvocationAgent.invoke(TestInvoker.java:957) ~[testng-7.8.0.jar:7.8.0]
	at org.testng.internal.invokers.TestInvoker.invokeTestMethods(TestInvoker.java:200) ~[testng-7.8.0.jar:7.8.0]
	at org.testng.internal.invokers.TestMethodWorker.invokeTestMethods(TestMethodWorker.java:148) ~[testng-7.8.0.jar:7.8.0]
	at org.testng.internal.invokers.TestMethodWorker.run(TestMethodWorker.java:128) ~[testng-7.8.0.jar:7.8.0]
	at java.util.ArrayList.forEach(ArrayList.java:1541) [?:?]
	at org.testng.TestRunner.privateRun(TestRunner.java:848) [testng-7.8.0.jar:7.8.0]
	at org.testng.TestRunner.run(TestRunner.java:621) [testng-7.8.0.jar:7.8.0]
	at org.testng.SuiteRunner.runTest(SuiteRunner.java:443) [testng-7.8.0.jar:7.8.0]
	at org.testng.SuiteRunner.runSequentially(SuiteRunner.java:437) [testng-7.8.0.jar:7.8.0]
	at org.testng.SuiteRunner.privateRun(SuiteRunner.java:397) [testng-7.8.0.jar:7.8.0]
	at org.testng.SuiteRunner.run(SuiteRunner.java:336) [testng-7.8.0.jar:7.8.0]
	at org.testng.SuiteRunnerWorker.runSuite(SuiteRunnerWorker.java:52) [testng-7.8.0.jar:7.8.0]
	at org.testng.SuiteRunnerWorker.run(SuiteRunnerWorker.java:95) [testng-7.8.0.jar:7.8.0]
	at org.testng.TestNG.runSuitesSequentially(TestNG.java:1280) [testng-7.8.0.jar:7.8.0]
	at org.testng.TestNG.runSuitesLocally(TestNG.java:1200) [testng-7.8.0.jar:7.8.0]
	at org.testng.TestNG.runSuites(TestNG.java:1114) [testng-7.8.0.jar:7.8.0]
	at org.testng.TestNG.run(TestNG.java:1082) [testng-7.8.0.jar:7.8.0]
	at com.intellij.rt.testng.IDEARemoteTestNG.run(IDEARemoteTestNG.java:65) [testng-rt.jar:?]
	at com.intellij.rt.testng.RemoteTestNGStarter.main(RemoteTestNGStarter.java:105) [testng-rt.jar:?]
Caused by: org.openqa.selenium.NoSuchElementException: no such element: Unable to locate element: {"method":"css selector","selector":"#email"}
  (Session info: chrome=135.0.7049.115)
For documentation on this error, please visit: https://www.selenium.dev/documentation/webdriver/troubleshooting/errors#no-such-element-exception
Build info: version: '4.23.1', revision: '656257d8e9'
System info: os.name: 'Windows 11', os.arch: 'amd64', os.version: '10.0', java.version: '11.0.22'
Driver info: org.openqa.selenium.chrome.ChromeDriver
Command: [32c30bde5f6e55c4c6d3fb76d12d3e3d, findElement {using=id, value=email}]
Capabilities {acceptInsecureCerts: false, browserName: chrome, browserVersion: 135.0.7049.115, chrome: {chromedriverVersion: 135.0.7049.114 (63fd8a7d9d0..., userDataDir: C:\Users\rbarik\AppData\Loc...}, fedcm:accounts: true, goog:chromeOptions: {debuggerAddress: localhost:55408}, networkConnectionEnabled: false, pageLoadStrategy: normal, platformName: windows, proxy: Proxy(), se:cdp: ws://localhost:55408/devtoo..., se:cdpVersion: 135.0.7049.115, setWindowRect: true, strictFileInteractability: false, timeouts: {implicit: 0, pageLoad: 300000, script: 30000}, unhandledPromptBehavior: dismiss and notify, webauthn:extension:credBlob: true, webauthn:extension:largeBlob: true, webauthn:extension:minPinLength: true, webauthn:extension:prf: true, webauthn:virtualAuthenticators: true}
Session ID: 32c30bde5f6e55c4c6d3fb76d12d3e3d
	at jdk.internal.reflect.NativeConstructorAccessorImpl.newInstance0(Native Method) ~[?:?]
	at jdk.internal.reflect.NativeConstructorAccessorImpl.newInstance(NativeConstructorAccessorImpl.java:62) ~[?:?]
	at jdk.internal.reflect.DelegatingConstructorAccessorImpl.newInstance(DelegatingConstructorAccessorImpl.java:45) ~[?:?]
	at java.lang.reflect.Constructor.newInstance(Constructor.java:490) ~[?:?]
	at org.openqa.selenium.remote.ErrorCodec.decode(ErrorCodec.java:167) ~[selenium-remote-driver-4.23.1.jar:?]
	at org.openqa.selenium.remote.codec.w3c.W3CHttpResponseCodec.decode(W3CHttpResponseCodec.java:138) ~[selenium-remote-driver-4.23.1.jar:?]
	at org.openqa.selenium.remote.codec.w3c.W3CHttpResponseCodec.decode(W3CHttpResponseCodec.java:50) ~[selenium-remote-driver-4.23.1.jar:?]
	at org.openqa.selenium.remote.HttpCommandExecutor.execute(HttpCommandExecutor.java:190) ~[selenium-remote-driver-4.23.1.jar:?]
	at org.openqa.selenium.remote.service.DriverCommandExecutor.invokeExecute(DriverCommandExecutor.java:216) ~[selenium-remote-driver-4.23.1.jar:?]
	at org.openqa.selenium.remote.service.DriverCommandExecutor.execute(DriverCommandExecutor.java:174) ~[selenium-remote-driver-4.23.1.jar:?]
	at org.openqa.selenium.remote.RemoteWebDriver.execute(RemoteWebDriver.java:545) ~[selenium-remote-driver-4.23.1.jar:?]
	at org.openqa.selenium.remote.ElementLocation$ElementFinder$2.findElement(ElementLocation.java:165) ~[selenium-remote-driver-4.23.1.jar:?]
	at org.openqa.selenium.remote.ElementLocation.findElement(ElementLocation.java:59) ~[selenium-remote-driver-4.23.1.jar:?]
	at org.openqa.selenium.remote.RemoteWebDriver.findElement(RemoteWebDriver.java:368) ~[selenium-remote-driver-4.23.1.jar:?]
	at org.openqa.selenium.remote.RemoteWebDriver.findElement(RemoteWebDriver.java:362) ~[selenium-remote-driver-4.23.1.jar:?]
	at org.openqa.selenium.support.ui.ExpectedConditions$6.apply(ExpectedConditions.java:171) ~[selenium-support-4.23.1.jar:?]
	at org.openqa.selenium.support.ui.ExpectedConditions$6.apply(ExpectedConditions.java:168) ~[selenium-support-4.23.1.jar:?]
	at org.openqa.selenium.support.ui.FluentWait.until(FluentWait.java:203) ~[selenium-support-4.23.1.jar:?]
	... 32 more
2025-04-29 14:55:50.759 [main] ERROR com.UI.tests.LoginTest - Test failed: testSuccessfulLogin
2025-04-29 14:55:50.759 [main] ERROR com.UI.tests.LoginTest - Failure reason: Expected condition failed: waiting for presence of element located by: By.id: email (tried for 15 second(s) with 500 milliseconds interval)
2025-04-29 14:55:50.983 [main] INFO  com.UI.drivers.DriverManager - WebDriver closed and removed from ThreadLocal
2025-04-29 14:55:51.154 [main] INFO  com.UI.reports.ExtentReportManager - ExtentReports flushed to disk
2025-04-29 14:55:51.154 [main] INFO  com.UI.tests.LoginTest - Test Suite completed
2025-04-29 14:57:33.246 [main] INFO  com.UI.config.ConfigManager - Configuration properties loaded successfully
2025-04-29 14:57:33.434 [main] INFO  com.UI.reports.ExtentReportManager - ExtentReports initialized. Report will be saved to: test-output/reports\TestReport_20250429_145733.html
2025-04-29 14:57:33.434 [main] INFO  com.UI.tests.LoginTest - Test Suite setup completed
2025-04-29 14:57:33.462 [main] INFO  com.UI.tests.LoginTest - Starting test: testSuccessfulLogin
2025-04-29 14:57:33.467 [main] INFO  com.UI.drivers.DriverManager - Initializing WebDriver: Browser=chrome, Mode=local, Headless=false
2025-04-29 14:57:34.505 [main] INFO  com.UI.drivers.DriverManager - WebDriver initialized successfully
2025-04-29 14:57:38.472 [main] INFO  pages.LoginPage - Navigated to URL: http://10.119.32.127:8084/da/
2025-04-29 14:57:38.472 [main] INFO  pages.LoginPage - Navigated to Login page
2025-04-29 14:57:39.280 [main] INFO  pages.LoginPage - Sent Value to User name field
2025-04-29 14:57:39.332 [main] INFO  pages.LoginPage - Sent Value to Password field
2025-04-29 14:57:55.952 [main] INFO  pages.LoginPage - Clicked user profile link
2025-04-29 14:57:55.957 [main] INFO  com.UI.tests.LoginTest - Test passed: testSuccessfulLogin
2025-04-29 14:57:56.189 [main] INFO  com.UI.drivers.DriverManager - WebDriver closed and removed from ThreadLocal
2025-04-29 14:57:56.639 [main] INFO  com.UI.reports.ExtentReportManager - ExtentReports flushed to disk
2025-04-29 14:57:56.639 [main] INFO  com.UI.tests.LoginTest - Test Suite completed
2025-04-29 15:04:56.701 [main] INFO  com.UI.config.ConfigManager - Configuration properties loaded successfully
2025-04-29 15:04:56.859 [main] INFO  com.UI.reports.ExtentReportManager - ExtentReports initialized. Report will be saved to: test-output/reports\TestReport_20250429_150456.html
2025-04-29 15:04:56.859 [main] INFO  com.UI.tests.LoginTest - Test Suite setup completed
2025-04-29 15:04:56.876 [main] INFO  com.UI.tests.LoginTest - Starting test: testSuccessfulLogin
2025-04-29 15:04:56.880 [main] INFO  com.UI.drivers.DriverManager - Initializing WebDriver: Browser=chrome, Mode=local, Headless=false
2025-04-29 15:04:57.834 [main] INFO  com.UI.drivers.DriverManager - WebDriver initialized successfully
2025-04-29 15:05:01.725 [main] INFO  com.UI.pages.LoginPage - Navigated to URL: http://10.119.32.127:8084/da/
2025-04-29 15:05:01.725 [main] INFO  com.UI.pages.LoginPage - Navigated to Login page
2025-04-29 15:05:02.444 [main] INFO  com.UI.pages.LoginPage - Sent Value to User name field
2025-04-29 15:05:02.492 [main] INFO  com.UI.pages.LoginPage - Sent Value to Password field
2025-04-29 15:05:02.541 [main] INFO  com.UI.pages.LoginPage - Clicked user profile link
2025-04-29 15:05:02.542 [main] INFO  com.UI.tests.LoginTest - Test passed: testSuccessfulLogin
2025-04-29 15:05:02.692 [main] INFO  com.UI.drivers.DriverManager - WebDriver closed and removed from ThreadLocal
2025-04-29 15:05:02.841 [main] INFO  com.UI.reports.ExtentReportManager - ExtentReports flushed to disk
2025-04-29 15:05:02.841 [main] INFO  com.UI.tests.LoginTest - Test Suite completed
2025-04-29 15:06:43.531 [main] INFO  com.UI.config.ConfigManager - Configuration properties loaded successfully
2025-04-29 15:06:43.683 [main] INFO  com.UI.reports.ExtentReportManager - ExtentReports initialized. Report will be saved to: test-output/reports\TestReport_20250429_150643.html
2025-04-29 15:06:43.683 [main] INFO  com.UI.tests.LoginTest - Test Suite setup completed
2025-04-29 15:06:43.699 [main] INFO  com.UI.tests.LoginTest - Starting test: testSuccessfulLogin
2025-04-29 15:06:43.703 [main] INFO  com.UI.drivers.DriverManager - Initializing WebDriver: Browser=chrome, Mode=local, Headless=false
2025-04-29 15:06:44.612 [main] INFO  com.UI.drivers.DriverManager - WebDriver initialized successfully
2025-04-29 15:06:48.823 [main] INFO  com.UI.pages.LoginPage - Navigated to URL: http://10.119.32.127:8084/da/
2025-04-29 15:06:48.823 [main] INFO  com.UI.pages.LoginPage - Navigated to Login page
2025-04-29 15:06:49.549 [main] INFO  com.UI.pages.LoginPage - Sent Value to User name field
2025-04-29 15:06:49.599 [main] INFO  com.UI.pages.LoginPage - Sent Value to Password field
2025-04-29 15:06:49.643 [main] INFO  com.UI.pages.LoginPage - Clicked user profile link
2025-04-29 15:06:49.649 [main] ERROR com.UI.tests.LoginTest - Test failed: testSuccessfulLogin
2025-04-29 15:06:49.649 [main] ERROR com.UI.tests.LoginTest - Failure reason: expected [2] but found [1]
2025-04-29 15:06:49.781 [main] INFO  com.UI.drivers.DriverManager - WebDriver closed and removed from ThreadLocal
2025-04-29 15:06:49.918 [main] INFO  com.UI.reports.ExtentReportManager - ExtentReports flushed to disk
2025-04-29 15:06:49.918 [main] INFO  com.UI.tests.LoginTest - Test Suite completed
2025-04-29 15:09:33.529 [main] INFO  com.UI.config.ConfigManager - Configuration properties loaded successfully
2025-04-29 15:09:33.695 [main] INFO  com.UI.reports.ExtentReportManager - ExtentReports initialized. Report will be saved to: test-output/reports\TestReport_20250429_150933.html
2025-04-29 15:09:33.695 [main] INFO  com.UI.tests.LoginTest - Test Suite setup completed
2025-04-29 15:09:33.713 [main] INFO  com.UI.tests.LoginTest - Starting test: testSuccessfulLogin
2025-04-29 15:09:33.717 [main] INFO  com.UI.drivers.DriverManager - Initializing WebDriver: Browser=chrome, Mode=local, Headless=false
2025-04-29 15:09:34.698 [main] INFO  com.UI.drivers.DriverManager - WebDriver initialized successfully
2025-04-29 15:09:39.584 [main] INFO  com.UI.pages.LoginPage - Navigated to URL: http://10.119.32.127:8084/da/
2025-04-29 15:09:39.584 [main] INFO  com.UI.pages.LoginPage - Navigated to Login page
2025-04-29 15:09:40.129 [main] INFO  com.UI.pages.LoginPage - Sent Value to User name field
2025-04-29 15:09:40.182 [main] INFO  com.UI.pages.LoginPage - Sent Value to Password field
2025-04-29 15:09:40.230 [main] INFO  com.UI.pages.LoginPage - Clicked user profile link
2025-04-29 15:09:40.240 [main] ERROR com.UI.tests.LoginTest - Test failed: testSuccessfulLogin
2025-04-29 15:09:40.240 [main] ERROR com.UI.tests.LoginTest - Failure reason: expected [2] but found [1]
2025-04-29 15:09:40.394 [main] INFO  com.UI.drivers.DriverManager - WebDriver closed and removed from ThreadLocal
2025-04-29 15:09:40.565 [main] INFO  com.UI.reports.ExtentReportManager - ExtentReports flushed to disk
2025-04-29 15:09:40.565 [main] INFO  com.UI.tests.LoginTest - Test Suite completed
2025-04-29 15:10:39.951 [main] INFO  com.UI.config.ConfigManager - Configuration properties loaded successfully
2025-04-29 15:10:40.103 [main] INFO  com.UI.reports.ExtentReportManager - ExtentReports initialized. Report will be saved to: test-output/reports\TestReport_20250429_151040.html
2025-04-29 15:10:40.103 [main] INFO  com.UI.tests.LoginTest - Test Suite setup completed
2025-04-29 15:10:40.119 [main] INFO  com.UI.tests.LoginTest - Starting test: testSuccessfulLogin
2025-04-29 15:10:40.122 [main] INFO  com.UI.drivers.DriverManager - Initializing WebDriver: Browser=chrome, Mode=local, Headless=false
2025-04-29 15:10:41.039 [main] INFO  com.UI.drivers.DriverManager - WebDriver initialized successfully
2025-04-29 15:10:45.460 [main] INFO  com.UI.pages.LoginPage - Navigated to URL: http://10.119.32.127:8084/da/
2025-04-29 15:10:45.461 [main] INFO  com.UI.pages.LoginPage - Navigated to Login page
2025-04-29 15:10:46.529 [main] INFO  com.UI.pages.LoginPage - Sent Value to User name field
2025-04-29 15:10:46.592 [main] INFO  com.UI.pages.LoginPage - Sent Value to Password field
2025-04-29 15:10:46.629 [main] INFO  com.UI.pages.LoginPage - Clicked user profile link
2025-04-29 15:10:46.647 [main] ERROR com.UI.tests.LoginTest - Test failed: testSuccessfulLogin
2025-04-29 15:10:46.647 [main] ERROR com.UI.tests.LoginTest - Failure reason: expected [2] but found [1]
2025-04-29 15:10:46.791 [main] INFO  com.UI.drivers.DriverManager - WebDriver closed and removed from ThreadLocal
2025-04-29 15:10:46.952 [main] INFO  com.UI.reports.ExtentReportManager - ExtentReports flushed to disk
2025-04-29 15:10:46.954 [main] INFO  com.UI.tests.LoginTest - Test Suite completed
